10:02:17 [WARN] Collecting statistics
10:02:17 [WARN]  ex is: Z
10:02:17 [WARN]  ex is: (S Z)
10:02:17 [WARN]  ex is: (S (S Z))
10:02:17 [WARN]  ex is: nil
10:02:17 [WARN]  ex is: (cons autovar_Nat_0 nil)
10:02:17 [WARN]  ex is: (cons autovar_Nat_1 (cons autovar_Nat_0 nil))
10:02:17 [WARN] Proof mode: false
10:02:17 [WARN]  ex is: Z
10:02:17 [WARN]  ex is: (S Z)
10:02:17 [WARN]  ex is: (S (S Z))
10:02:17 [WARN]  ex is: nil
10:02:17 [WARN]  ex is: (cons autovar_Nat_0 nil)
10:02:17 [WARN]  ex is: (cons autovar_Nat_1 (cons autovar_Nat_0 nil))
10:02:17 [WARN] Proof mode: false
10:02:17 [WARN] proved: (++ ?ts_ph_list_0 nil) => ?ts_ph_list_0
10:02:17 [WARN] proved: (== ?ts_ph_Nat_0 Z) => (== Z ?ts_ph_Nat_0)
10:02:17 [WARN] proved: (== Z ?ts_ph_Nat_0) => (== ?ts_ph_Nat_0 Z)
10:02:17 [WARN] proved: (== ?ts_ph_Nat_0 ?ts_ph_Nat_0) => true
10:02:17 [WARN] proved: (== (S Z) ?ts_ph_Nat_0) => (== ?ts_ph_Nat_0 (S Z))
10:02:17 [WARN] proved: (== ?ts_ph_Nat_0 (S Z)) => (== (S Z) ?ts_ph_Nat_0)
10:02:17 [WARN] proved: (== ?ts_ph_Nat_0 (S ?ts_ph_Nat_0)) => false
10:02:17 [WARN] proved: (== (S ?ts_ph_Nat_0) ?ts_ph_Nat_0) => false
10:02:17 [WARN] proved: (++ ?ts_ph_list_0 (++ ?ts_ph_list_1 ?ts_ph_list_2)) => (++ (++ ?ts_ph_list_0 ?ts_ph_list_1) ?ts_ph_list_2)
10:02:17 [WARN] proved: (++ (++ ?ts_ph_list_0 ?ts_ph_list_1) ?ts_ph_list_2) => (++ ?ts_ph_list_0 (++ ?ts_ph_list_1 ?ts_ph_list_2))
