10:02:38 [WARN] Collecting statistics
10:02:38 [WARN]  ex is: nil
10:02:38 [WARN]  ex is: (cons autovar_sk_0 nil)
10:02:38 [WARN]  ex is: (cons autovar_sk_1 (cons autovar_sk_0 nil))
10:02:38 [WARN]  ex is: Z
10:02:38 [WARN]  ex is: (S Z)
10:02:38 [WARN]  ex is: (S (S Z))
10:02:38 [WARN] Proof mode: false
10:02:38 [WARN]  ex is: nil
10:02:38 [WARN]  ex is: (cons autovar_sk_0 nil)
10:02:38 [WARN]  ex is: (cons autovar_sk_1 (cons autovar_sk_0 nil))
10:02:38 [WARN]  ex is: Z
10:02:38 [WARN]  ex is: (S Z)
10:02:38 [WARN]  ex is: (S (S Z))
10:02:38 [WARN] Proof mode: false
10:02:38 [WARN] proved: (take ?ts_ph_Nat_0 nil) => nil
10:02:38 [WARN] proved: (-2 ?ts_ph_Nat_0 ?ts_ph_Nat_0) => Z
10:02:39 [WARN] proved: (-2 ?ts_ph_Nat_0 Z) => ?ts_ph_Nat_0
10:02:39 [WARN] proved: (++ ?ts_ph_list_0 nil) => ?ts_ph_list_0
10:02:40 [WARN] proved: (-2 ?ts_ph_Nat_0 (S ?ts_ph_Nat_0)) => Z
10:02:41 [WARN] proved: (-2 (S ?ts_ph_Nat_0) ?ts_ph_Nat_0) => (S Z)
10:02:45 [WARN] proved: (take (len ?ts_ph_list_0) ?ts_ph_list_0) => ?ts_ph_list_0
10:02:47 [WARN] proved: (++ (++ ?ts_ph_list_0 ?ts_ph_list_1) ?ts_ph_list_2) => (++ ?ts_ph_list_0 (++ ?ts_ph_list_1 ?ts_ph_list_2))
10:02:47 [WARN] proved: (++ ?ts_ph_list_0 (++ ?ts_ph_list_1 ?ts_ph_list_2)) => (++ (++ ?ts_ph_list_0 ?ts_ph_list_1) ?ts_ph_list_2)
10:02:52 [WARN] proved: (take (len ?ts_ph_list_0) (++ ?ts_ph_list_0 ?ts_ph_list_1)) => ?ts_ph_list_0
10:03:01 [WARN] proved: (take (S Z) (++ ?ts_ph_list_0 ?ts_ph_list_0)) => (take (S Z) ?ts_ph_list_0)
10:03:01 [WARN] proved: (take (S Z) ?ts_ph_list_0) => (take (S Z) (++ ?ts_ph_list_0 ?ts_ph_list_0))
