Collecting statistics
(== Z Z) => true
(== Z (S ?z)) => false
(== (S ?x2) Z) => false
(== (S ?x2) (S ?y2)) => (== ?x2 ?y2)
(== ?x2 ?y2) => (== (S ?x2) (S ?y2))
(count ?x nil) => Z
(count ?x (cons ?z ?ys)) => (count ?x ?ys)
(count ?x (cons ?z ?ys)) => (S (count ?x ?ys))
(+2 Z ?y) => ?y
(+2 (S ?z) ?y) => (S (+2 ?z ?y))
(S (+2 ?z ?y)) => (+2 (S ?z) ?y)
(== ?autovar7 Z) => (potential_split ?autovar7 Z (S (param_Nat_0 ?autovar7))) if Cond(var: ?autovar7, pat: Z) Cond(var: ?autovar7, pat: (S ?param_0))
(== ?autovar7 (S ?autovar1)) => (potential_split ?autovar7 Z (S (param_Nat_0 ?autovar7))) if Cond(var: ?autovar7, pat: Z) Cond(var: ?autovar7, pat: (S ?param_0))
(== ?autovar7 Z) => (potential_split ?autovar7 Z (S (param_Nat_0 ?autovar7))) if Cond(var: ?autovar7, pat: Z) Cond(var: ?autovar7, pat: (S ?param_0))
(== ?autovar7 (S ?autovar4)) => (potential_split ?autovar7 Z (S (param_Nat_0 ?autovar7))) if Cond(var: ?autovar7, pat: Z) Cond(var: ?autovar7, pat: (S ?param_0))
(== Z ?autovar8) => (potential_split ?autovar8 Z (S (param_Nat_0 ?autovar8))) if Cond(var: ?autovar8, pat: Z) Cond(var: ?autovar8, pat: (S ?param_0))
(== Z ?autovar8) => (potential_split ?autovar8 Z (S (param_Nat_0 ?autovar8))) if Cond(var: ?autovar8, pat: Z) Cond(var: ?autovar8, pat: (S ?param_0))
(== (S ?autovar5) ?autovar8) => (potential_split ?autovar8 Z (S (param_Nat_0 ?autovar8))) if Cond(var: ?autovar8, pat: Z) Cond(var: ?autovar8, pat: (S ?param_0))
(== (S ?autovar6) ?autovar8) => (potential_split ?autovar8 Z (S (param_Nat_0 ?autovar8))) if Cond(var: ?autovar8, pat: Z) Cond(var: ?autovar8, pat: (S ?param_0))
 ex is: Z
 ex is: (S Z)
 ex is: (S (S Z))
 ex is: nil
 ex is: (cons autovar_Nat_0 nil)
 ex is: (cons autovar_Nat_1 (cons autovar_Nat_0 nil))
 ex is: Z
 ex is: (S Z)
 ex is: (S (S Z))
 ex is: nil
 ex is: (cons autovar_Nat_0 nil)
 ex is: (cons autovar_Nat_1 (cons autovar_Nat_0 nil))
Running TheSy on datatypes: list Nat dict: == count +2 Z S nil cons
Starting depth 1
14:49:26 [0m[33m[WARN] [0m# of splitters: 2
14:49:26 [0m[33m[WARN] [0m# of splitters: 1
14:49:26 [0m[33m[WARN] [0m# of splitters: 1
14:49:26 [0m[33m[WARN] [0m# of splitters: 1
14:49:26 [0m[33m[WARN] [0mproved: (== Z ?ts_ph_Nat_0) => (== ?ts_ph_Nat_0 Z)
14:49:26 [0m[33m[WARN] [0mproved: (== ?ts_ph_Nat_0 Z) => (== Z ?ts_ph_Nat_0)
14:49:26 [0m[33m[WARN] [0mproved: (+2 ?ts_ph_Nat_0 Z) => ?ts_ph_Nat_0

14:49:26 [0m[33m[WARN] [0mproved: (== ?ts_ph_Nat_0 ?ts_ph_Nat_0) => true

Starting depth 2
14:49:27 [0m[33m[WARN] [0m# of splitters: 24
14:49:27 [0m[33m[WARN] [0m# of splitters: 16
14:49:27 [0m[33m[WARN] [0m# of splitters: 24
14:49:28 [0m[33m[WARN] [0m# of splitters: 15
14:49:28 [0m[33m[WARN] [0m# of splitters: 23
14:49:28 [0m[33m[WARN] [0m# of splitters: 21
14:49:28 [0m[33m[WARN] [0m# of splitters: 22
14:49:29 [0m[33m[WARN] [0m# of splitters: 20
14:49:29 [0m[33m[WARN] [0m# of splitters: 21
14:49:30 [0m[33m[WARN] [0m# of splitters: 19
14:49:30 [0m[33m[WARN] [0m# of splitters: 20
14:49:30 [0m[33m[WARN] [0m# of splitters: 18
14:49:31 [0m[33m[WARN] [0m# of splitters: 19
14:49:31 [0m[33m[WARN] [0m# of splitters: 17
14:49:31 [0m[33m[WARN] [0m# of splitters: 18
14:49:31 [0m[33m[WARN] [0m# of splitters: 16
14:49:32 [0m[33m[WARN] [0m# of splitters: 17
14:49:32 [0m[33m[WARN] [0m# of splitters: 15
14:49:32 [0m[33m[WARN] [0m# of splitters: 16
14:49:33 [0m[33m[WARN] [0m# of splitters: 14
14:49:33 [0m[33m[WARN] [0m# of splitters: 15
14:49:33 [0m[33m[WARN] [0m# of splitters: 13
14:49:34 [0m[33m[WARN] [0m# of splitters: 14
14:49:34 [0m[33m[WARN] [0m# of splitters: 12
14:49:34 [0m[33m[WARN] [0m# of splitters: 13
14:49:34 [0m[33m[WARN] [0m# of splitters: 11
14:49:35 [0m[33m[WARN] [0m# of splitters: 12
14:49:35 [0m[33m[WARN] [0m# of splitters: 10
14:49:35 [0m[33m[WARN] [0m# of splitters: 11
14:49:35 [0m[33m[WARN] [0m# of splitters: 9
14:49:35 [0m[33m[WARN] [0m# of splitters: 10
14:49:36 [0m[33m[WARN] [0m# of splitters: 8
14:49:36 [0m[33m[WARN] [0m# of splitters: 9
14:49:36 [0m[33m[WARN] [0m# of splitters: 7
14:49:36 [0m[33m[WARN] [0m# of splitters: 8
14:49:36 [0m[33m[WARN] [0mproved: (S (+2 ?ts_ph_Nat_0 ?ts_ph_Nat_1)) => (+2 ?ts_ph_Nat_0 (S ?ts_ph_Nat_1))
14:49:36 [0m[33m[WARN] [0mproved: (+2 ?ts_ph_Nat_0 (S ?ts_ph_Nat_1)) => (S (+2 ?ts_ph_Nat_0 ?ts_ph_Nat_1))
14:49:36 [0m[33m[WARN] [0m# of splitters: 1
14:49:36 [0m[33m[WARN] [0m# of splitters: 1
14:49:36 [0m[33m[WARN] [0mproved: (== ?ts_ph_Nat_0 (S ?ts_ph_Nat_0)) => false
14:49:36 [0m[33m[WARN] [0m# of splitters: 1
14:49:36 [0m[33m[WARN] [0m# of splitters: 1
14:49:36 [0m[33m[WARN] [0mproved: (== (S ?ts_ph_Nat_0) ?ts_ph_Nat_0) => false
14:49:36 [0m[33m[WARN] [0m# of splitters: 1
14:49:36 [0m[33m[WARN] [0mproved: (== (S Z) ?ts_ph_Nat_0) => (== ?ts_ph_Nat_0 (S Z))
14:49:36 [0m[33m[WARN] [0mproved: (== ?ts_ph_Nat_0 (S Z)) => (== (S Z) ?ts_ph_Nat_0)
14:49:36 [0m[33m[WARN] [0m# of splitters: 1
14:49:36 [0m[33m[WARN] [0m# of splitters: 1
14:49:36 [0m[33m[WARN] [0m# of splitters: 1
14:49:36 [0m[33m[WARN] [0mproved: (== (+2 ?ts_ph_Nat_0 ?ts_ph_Nat_1) ?ts_ph_Nat_0) => (== Z ?ts_ph_Nat_1)
14:49:36 [0m[33m[WARN] [0m# of splitters: 1
14:49:36 [0m[33m[WARN] [0m# of splitters: 1
14:49:36 [0m[33m[WARN] [0m# of splitters: 1
14:49:36 [0m[33m[WARN] [0mproved: (== ?ts_ph_Nat_0 (+2 ?ts_ph_Nat_0 ?ts_ph_Nat_1)) => (== Z ?ts_ph_Nat_1)
14:49:36 [0m[33m[WARN] [0mproved: (+2 (+2 ?ts_ph_Nat_0 ?ts_ph_Nat_0) ?ts_ph_Nat_1) => (+2 ?ts_ph_Nat_0 (+2 ?ts_ph_Nat_0 ?ts_ph_Nat_1))
14:49:36 [0m[33m[WARN] [0mproved: (+2 ?ts_ph_Nat_0 (+2 ?ts_ph_Nat_0 ?ts_ph_Nat_1)) => (+2 (+2 ?ts_ph_Nat_0 ?ts_ph_Nat_0) ?ts_ph_Nat_1)
14:49:36 [0m[33m[WARN] [0m# of splitters: 1
14:49:36 [0m[33m[WARN] [0m# of splitters: 1
14:49:36 [0m[33m[WARN] [0mproved: (== Z (+2 ?ts_ph_Nat_0 ?ts_ph_Nat_0)) => (== ?ts_ph_Nat_0 (+2 ?ts_ph_Nat_0 ?ts_ph_Nat_0))
14:49:36 [0m[33m[WARN] [0mproved: (== ?ts_ph_Nat_0 (+2 ?ts_ph_Nat_0 ?ts_ph_Nat_0)) => (== Z (+2 ?ts_ph_Nat_0 ?ts_ph_Nat_0))
14:49:36 [0m[33m[WARN] [0m# of splitters: 1
14:49:36 [0m[33m[WARN] [0m# of splitters: 1
14:49:36 [0m[33m[WARN] [0m# of splitters: 2
14:49:36 [0m[33m[WARN] [0m# of splitters: 1
14:49:36 [0m[33m[WARN] [0m# of splitters: 2
14:49:36 [0m[33m[WARN] [0m# of splitters: 1
14:49:36 [0m[33m[WARN] [0mproved: (== (S ?ts_ph_Nat_0) (+2 ?ts_ph_Nat_0 ?ts_ph_Nat_1)) => (== (S Z) ?ts_ph_Nat_1)
14:49:36 [0m[33m[WARN] [0mproved: (== (S Z) (+2 ?ts_ph_Nat_0 ?ts_ph_Nat_0)) => false
14:49:37 [0m[33m[WARN] [0m# of splitters: 1
14:49:37 [0m[33m[WARN] [0m# of splitters: 1
14:49:37 [0m[33m[WARN] [0mproved: (== (S Z) ?ts_ph_Nat_0) => (== (+2 ?ts_ph_Nat_0 ?ts_ph_Nat_0) (S ?ts_ph_Nat_0))
14:49:37 [0m[33m[WARN] [0mproved: (== (+2 ?ts_ph_Nat_0 ?ts_ph_Nat_0) (S ?ts_ph_Nat_0)) => (== (S Z) ?ts_ph_Nat_0)
14:49:37 [0m[33m[WARN] [0m# of splitters: 1
14:49:37 [0m[33m[WARN] [0m# of splitters: 1
14:49:37 [0m[33m[WARN] [0m# of splitters: 2
14:49:37 [0m[33m[WARN] [0m# of splitters: 1
14:49:37 [0m[33m[WARN] [0m# of splitters: 1
14:49:37 [0m[33m[WARN] [0mproved: (== ?ts_ph_Nat_0 ?ts_ph_Nat_1) => (== (+2 ?ts_ph_Nat_0 ?ts_ph_Nat_0) (+2 ?ts_ph_Nat_0 ?ts_ph_Nat_1))
14:49:37 [0m[33m[WARN] [0mproved: (== (+2 ?ts_ph_Nat_0 ?ts_ph_Nat_0) (+2 ?ts_ph_Nat_0 ?ts_ph_Nat_1)) => (== ?ts_ph_Nat_0 ?ts_ph_Nat_1)
14:49:37 [0m[33m[WARN] [0m# of splitters: 42
14:49:37 [0m[33m[WARN] [0m# of splitters: 29
14:49:52 [0m[33m[WARN] [0m# of splitters: 37
14:50:08 [0m[33m[WARN] [0m# of splitters: 30
14:50:10 [0m[33m[WARN] [0m# of splitters: 368
14:50:16 [0m[33m[WARN] [0m# of splitters: 30
14:50:17 [0m[33m[WARN] [0m# of splitters: 357
14:50:26 [0m[33m[WARN] [0m# of splitters: 34
14:50:31 [0m[33m[WARN] [0m# of splitters: 350
14:50:31 [0m[33m[WARN] [0m# of splitters: 31
14:50:33 [0m[33m[WARN] [0m# of splitters: 348
14:50:38 [0m[33m[WARN] [0m# of splitters: 30
14:50:47 [0m[33m[WARN] [0m# of splitters: 344
14:50:52 [0m[33m[WARN] [0m# of splitters: 32
14:50:57 [0m[33m[WARN] [0m# of splitters: 347
14:50:57 [0m[33m[WARN] [0m# of splitters: 28
14:51:01 [0m[33m[WARN] [0m# of splitters: 365
14:51:11 [0m[33m[WARN] [0m# of splitters: 28
14:51:22 [0m[33m[WARN] [0m# of splitters: 345
14:51:22 [0m[33m[WARN] [0m# of splitters: 27
14:51:26 [0m[33m[WARN] [0m# of splitters: 342
14:51:26 [0m[33m[WARN] [0mproved: (== ?ts_ph_Nat_1 ?ts_ph_Nat_0) => (== ?ts_ph_Nat_0 ?ts_ph_Nat_1)
14:51:26 [0m[33m[WARN] [0mproved: (== ?ts_ph_Nat_0 ?ts_ph_Nat_1) => (== ?ts_ph_Nat_1 ?ts_ph_Nat_0)

14:51:26 [0m[33m[WARN] [0mproved: (+2 ?ts_ph_Nat_1 ?ts_ph_Nat_0) => (+2 ?ts_ph_Nat_0 ?ts_ph_Nat_1)
14:51:26 [0m[33m[WARN] [0mproved: (+2 ?ts_ph_Nat_0 ?ts_ph_Nat_1) => (+2 ?ts_ph_Nat_1 ?ts_ph_Nat_0)

generalizing (+2 (+2 ts_ph_Nat_0 ts_ph_Nat_1) (+2 ts_ph_Nat_0 ts_ph_Nat_1)) = (+2 (+2 ts_ph_Nat_0 ts_ph_Nat_0) (+2 ts_ph_Nat_1 ts_ph_Nat_1))
generalized as case_split
14:51:28 [0m[33m[WARN] [0mproved: (+2 (+2 ?ts_ph_Nat_0 ?ts_ph_Nat_1) (+2 ?ts_ph_Nat_0 ?ts_ph_Nat_2)) => (+2 (+2 ?ts_ph_Nat_0 ?ts_ph_Nat_0) (+2 ?ts_ph_Nat_1 ?ts_ph_Nat_2))
14:51:28 [0m[33m[WARN] [0mproved: (+2 (+2 ?ts_ph_Nat_0 ?ts_ph_Nat_0) (+2 ?ts_ph_Nat_1 ?ts_ph_Nat_2)) => (+2 (+2 ?ts_ph_Nat_0 ?ts_ph_Nat_1) (+2 ?ts_ph_Nat_0 ?ts_ph_Nat_2))

done in 136857
