16:57:44 [0m[33m[WARN] [0mCollecting statistics
16:57:44 [0m[33m[WARN] [0mproof mode false
(== Z Z) => true
(== Z (S ?z)) => false
(== (S ?x2) Z) => false
(== (S ?x2) (S ?y2)) => (== ?x2 ?y2)
(== ?x2 ?y2) => (== (S ?x2) (S ?y2))
(elem ?x nil) => false
(elem ?x (cons ?z ?xs)) => (elem ?x ?xs)
(elem ?x (cons ?z ?xs)) => true
(++ nil ?y) => ?y
(++ (cons ?z ?xs) ?y) => (cons ?z (++ ?xs ?y))
(cons ?z (++ ?xs ?y)) => (++ (cons ?z ?xs) ?y)
Searcher: (== ?autovar7 Z)
Searcher: (== ?autovar7 (S ?autovar1))
Searcher: (== ?autovar7 Z)
Searcher: (== ?autovar7 (S ?autovar4))
Searcher: (== Z ?autovar8)
Searcher: (== Z ?autovar8)
Searcher: (== (S ?autovar5) ?autovar8)
Searcher: (== (S ?autovar6) ?autovar8)
16:57:44 [0m[33m[WARN] [0m ex is: Z
16:57:44 [0m[33m[WARN] [0m ex is: (S Z)
16:57:44 [0m[33m[WARN] [0m ex is: (S (S Z))
16:57:44 [0m[33m[WARN] [0m ex is: nil
16:57:44 [0m[33m[WARN] [0m ex is: (cons autovar_Nat_0 nil)
16:57:44 [0m[33m[WARN] [0m ex is: (cons autovar_Nat_1 (cons autovar_Nat_0 nil))
16:57:44 [0m[33m[WARN] [0mProof mode: false
16:57:44 [0m[33m[WARN] [0m ex is: Z
16:57:44 [0m[33m[WARN] [0m ex is: (S Z)
16:57:44 [0m[33m[WARN] [0m ex is: (S (S Z))
16:57:44 [0m[33m[WARN] [0m ex is: nil
16:57:44 [0m[33m[WARN] [0m ex is: (cons autovar_Nat_0 nil)
16:57:44 [0m[33m[WARN] [0m ex is: (cons autovar_Nat_1 (cons autovar_Nat_0 nil))
16:57:44 [0m[33m[WARN] [0mProof mode: false
16:57:44 [0m[33m[WARN] [0mproved: (== ?ts_ph_Nat_0 ?ts_ph_Nat_0) => true
16:57:44 [0m[33m[WARN] [0mproved: (== ?ts_ph_Nat_0 Z) => (== Z ?ts_ph_Nat_0)
16:57:44 [0m[33m[WARN] [0mproved: (== Z ?ts_ph_Nat_0) => (== ?ts_ph_Nat_0 Z)
16:57:44 [0m[33m[WARN] [0mproved: (++ ?ts_ph_list_0 nil) => ?ts_ph_list_0
16:57:45 [0m[33m[WARN] [0mproved: (== (S Z) ?ts_ph_Nat_0) => (== ?ts_ph_Nat_0 (S Z))
16:57:45 [0m[33m[WARN] [0mproved: (== ?ts_ph_Nat_0 (S Z)) => (== (S Z) ?ts_ph_Nat_0)
16:57:45 [0m[33m[WARN] [0mproved: (== ?ts_ph_Nat_0 (S ?ts_ph_Nat_0)) => false
16:57:45 [0m[33m[WARN] [0mproved: (== (S ?ts_ph_Nat_0) ?ts_ph_Nat_0) => false
16:57:45 [0m[33m[WARN] [0mproved: (++ (++ ?ts_ph_list_0 ?ts_ph_list_1) ?ts_ph_list_2) => (++ ?ts_ph_list_0 (++ ?ts_ph_list_1 ?ts_ph_list_2))
16:57:45 [0m[33m[WARN] [0mproved: (++ ?ts_ph_list_0 (++ ?ts_ph_list_1 ?ts_ph_list_2)) => (++ (++ ?ts_ph_list_0 ?ts_ph_list_1) ?ts_ph_list_2)
done in 247
