11:01:59 [WARN] Collecting statistics
11:01:59 [WARN]  ex is: Z
11:01:59 [WARN]  ex is: (S Z)
11:01:59 [WARN]  ex is: (S (S Z))
11:01:59 [WARN] Proof mode: false
11:01:59 [WARN]  ex is: Z
11:01:59 [WARN]  ex is: (S Z)
11:01:59 [WARN]  ex is: (S (S Z))
11:01:59 [WARN] Proof mode: false
11:01:59 [WARN] proved: (<=2 ?ts_ph_Nat_0 ?ts_ph_Nat_0) => true
11:01:59 [WARN] proved: (== Z ?ts_ph_Nat_0) => (== ?ts_ph_Nat_0 Z)
11:01:59 [WARN] proved: (== ?ts_ph_Nat_0 Z) => (== Z ?ts_ph_Nat_0)
11:01:59 [WARN] proved: (max ?ts_ph_Nat_0 Z) => ?ts_ph_Nat_0
11:01:59 [WARN] proved: (== ?ts_ph_Nat_0 ?ts_ph_Nat_0) => true
11:01:59 [WARN] proved: (== Z ?ts_ph_Nat_0) => (<=2 ?ts_ph_Nat_0 Z)
11:01:59 [WARN] proved: (<=2 ?ts_ph_Nat_0 Z) => (== Z ?ts_ph_Nat_0)
11:01:59 [WARN] proved: (max ?ts_ph_Nat_0 ?ts_ph_Nat_0) => ?ts_ph_Nat_0
11:01:59 [WARN] proved: (== (S Z) ?ts_ph_Nat_0) => (== ?ts_ph_Nat_0 (S Z))
11:01:59 [WARN] proved: (== ?ts_ph_Nat_0 (S Z)) => (== (S Z) ?ts_ph_Nat_0)
11:01:59 [WARN] proved: (<=2 ?ts_ph_Nat_0 (S ?ts_ph_Nat_0)) => true
11:01:59 [WARN] proved: (max (S Z) ?ts_ph_Nat_0) => (max ?ts_ph_Nat_0 (S Z))
11:01:59 [WARN] proved: (max ?ts_ph_Nat_0 (S Z)) => (max (S Z) ?ts_ph_Nat_0)
11:01:59 [WARN] proved: (== (S ?ts_ph_Nat_0) ?ts_ph_Nat_0) => false
11:01:59 [WARN] proved: (<=2 (S ?ts_ph_Nat_0) ?ts_ph_Nat_0) => false
11:01:59 [WARN] proved: (== ?ts_ph_Nat_0 (S ?ts_ph_Nat_0)) => false
11:01:59 [WARN] proved: (max ?ts_ph_Nat_0 (S ?ts_ph_Nat_0)) => (S ?ts_ph_Nat_0)
11:01:59 [WARN] proved: (S ?ts_ph_Nat_0) => (max ?ts_ph_Nat_0 (S ?ts_ph_Nat_0))
11:01:59 [WARN] proved: (max (S ?ts_ph_Nat_0) ?ts_ph_Nat_0) => (S ?ts_ph_Nat_0)
11:01:59 [WARN] proved: (S ?ts_ph_Nat_0) => (max (S ?ts_ph_Nat_0) ?ts_ph_Nat_0)
