Collecting statistics
(+2 Z ?y) => ?y
(+2 (S ?z) ?y) => (S (+2 ?z ?y))
(S (+2 ?z ?y)) => (+2 (S ?z) ?y)
(take Z ?y0) => nil
(take (S ?z) nil) => nil
(take (S ?z) (cons ?x2 ?x3)) => (cons ?x2 (take ?z ?x3))
(cons ?x2 (take ?z ?x3)) => (take (S ?z) (cons ?x2 ?x3))
(drop Z ?y1) => ?y1
(drop (S ?z) nil) => nil
(drop (S ?z) (cons ?x2 ?x3)) => (drop ?z ?x3)
(take ?autovar7 nil) => (potential_split ?autovar7 Z (S (param_Nat_0 ?autovar7))) if Cond(var: ?autovar7, pat: Z) Cond(var: ?autovar7, pat: (S ?param_0))
(take ?autovar7 (cons ?autovar3 ?autovar4)) => (potential_split ?autovar7 Z (S (param_Nat_0 ?autovar7))) if Cond(var: ?autovar7, pat: Z) Cond(var: ?autovar7, pat: (S ?param_0))
(take (S ?autovar5) ?autovar8) => (potential_split ?autovar8 nil (cons (param_list_0 ?autovar8) (param_list_1 ?autovar8))) if Cond(var: ?autovar8, pat: nil) Cond(var: ?autovar8, pat: (cons ?param_0 ?param_1))
(take (S ?autovar6) ?autovar8) => (potential_split ?autovar8 nil (cons (param_list_0 ?autovar8) (param_list_1 ?autovar8))) if Cond(var: ?autovar8, pat: nil) Cond(var: ?autovar8, pat: (cons ?param_0 ?param_1))
(drop ?autovar7 nil) => (potential_split ?autovar7 Z (S (param_Nat_0 ?autovar7))) if Cond(var: ?autovar7, pat: Z) Cond(var: ?autovar7, pat: (S ?param_0))
(drop ?autovar7 (cons ?autovar3 ?autovar4)) => (potential_split ?autovar7 Z (S (param_Nat_0 ?autovar7))) if Cond(var: ?autovar7, pat: Z) Cond(var: ?autovar7, pat: (S ?param_0))
(drop (S ?autovar5) ?autovar8) => (potential_split ?autovar8 nil (cons (param_list_0 ?autovar8) (param_list_1 ?autovar8))) if Cond(var: ?autovar8, pat: nil) Cond(var: ?autovar8, pat: (cons ?param_0 ?param_1))
(drop (S ?autovar6) ?autovar8) => (potential_split ?autovar8 nil (cons (param_list_0 ?autovar8) (param_list_1 ?autovar8))) if Cond(var: ?autovar8, pat: nil) Cond(var: ?autovar8, pat: (cons ?param_0 ?param_1))
 ex is: nil
 ex is: (cons autovar_sk_0 nil)
 ex is: (cons autovar_sk_1 (cons autovar_sk_0 nil))
 ex is: Z
 ex is: (S Z)
 ex is: (S (S Z))
 ex is: nil
 ex is: (cons autovar_sk_0 nil)
 ex is: (cons autovar_sk_1 (cons autovar_sk_0 nil))
 ex is: Z
 ex is: (S Z)
 ex is: (S (S Z))
Running TheSy on datatypes: list Nat dict: take drop +2 nil cons Z S
14:49:26 [0m[33m[WARN] [0m# of splitters: 2
14:49:26 [0m[33m[WARN] [0m# of splitters: 1
14:49:26 [0m[33m[WARN] [0m# of splitters: 1
14:49:26 [0m[33m[WARN] [0m# of splitters: 1
14:49:26 [0m[33m[WARN] [0m# of splitters: 1
14:49:26 [0m[33m[WARN] [0m# of splitters: 1
14:49:26 [0m[33m[WARN] [0m# of splitters: 1
14:49:26 [0m[33m[WARN] [0m# of splitters: 1
14:49:26 [0m[33m[WARN] [0m# of splitters: 1
14:49:26 [0m[33m[WARN] [0m# of splitters: 2
14:49:26 [0m[33m[WARN] [0m# of splitters: 1
14:49:26 [0m[33m[WARN] [0m# of splitters: 1
14:49:26 [0m[33m[WARN] [0m# of splitters: 1
14:49:26 [0m[33m[WARN] [0m# of splitters: 1
14:49:26 [0m[33m[WARN] [0m# of splitters: 1
14:49:26 [0m[33m[WARN] [0m# of splitters: 1
Starting depth 1
14:49:26 [0m[33m[WARN] [0m# of splitters: 4
14:49:26 [0m[33m[WARN] [0m# of splitters: 3
14:49:26 [0m[33m[WARN] [0m# of splitters: 4
14:49:27 [0m[33m[WARN] [0m# of splitters: 2
14:49:27 [0m[33m[WARN] [0m# of splitters: 3
14:49:27 [0m[33m[WARN] [0m# of splitters: 1
14:49:27 [0m[33m[WARN] [0m# of splitters: 2
14:49:27 [0m[33m[WARN] [0m# of splitters: 1
14:49:27 [0m[33m[WARN] [0mproved: (+2 ?ts_ph_Nat_0 Z) => ?ts_ph_Nat_0
14:49:27 [0m[33m[WARN] [0m# of splitters: 2
14:49:27 [0m[33m[WARN] [0m# of splitters: 3
14:49:27 [0m[33m[WARN] [0m# of splitters: 2
14:49:27 [0m[33m[WARN] [0m# of splitters: 2
14:49:27 [0m[33m[WARN] [0m# of splitters: 1
14:49:27 [0m[33m[WARN] [0m# of splitters: 1
14:49:27 [0m[33m[WARN] [0m# of splitters: 2
14:49:27 [0m[33m[WARN] [0m# of splitters: 1
14:49:27 [0m[33m[WARN] [0m# of splitters: 1
14:49:27 [0m[33m[WARN] [0m# of splitters: 2
14:49:27 [0m[33m[WARN] [0m# of splitters: 1
14:49:27 [0m[33m[WARN] [0m# of splitters: 1
14:49:27 [0m[33m[WARN] [0m# of splitters: 1
14:49:27 [0m[33m[WARN] [0m# of splitters: 1
14:49:27 [0m[33m[WARN] [0m# of splitters: 1
14:49:27 [0m[33m[WARN] [0m# of splitters: 2
14:49:27 [0m[33m[WARN] [0m# of splitters: 1
14:49:27 [0m[33m[WARN] [0m# of splitters: 1
14:49:27 [0m[33m[WARN] [0m# of splitters: 1
14:49:27 [0m[33m[WARN] [0mproved: (take ?ts_ph_Nat_0 nil) => nil
14:49:27 [0m[33m[WARN] [0m# of splitters: 2
14:49:27 [0m[33m[WARN] [0m# of splitters: 2
14:49:27 [0m[33m[WARN] [0m# of splitters: 1
14:49:27 [0m[33m[WARN] [0m# of splitters: 1
14:49:27 [0m[33m[WARN] [0m# of splitters: 2
14:49:27 [0m[33m[WARN] [0m# of splitters: 1
14:49:27 [0m[33m[WARN] [0m# of splitters: 1
14:49:27 [0m[33m[WARN] [0m# of splitters: 2
14:49:27 [0m[33m[WARN] [0m# of splitters: 1
14:49:27 [0m[33m[WARN] [0m# of splitters: 1
14:49:27 [0m[33m[WARN] [0m# of splitters: 1
14:49:27 [0m[33m[WARN] [0m# of splitters: 1
14:49:27 [0m[33m[WARN] [0m# of splitters: 1
14:49:27 [0m[33m[WARN] [0m# of splitters: 2
14:49:27 [0m[33m[WARN] [0m# of splitters: 1
14:49:27 [0m[33m[WARN] [0m# of splitters: 1
14:49:27 [0m[33m[WARN] [0m# of splitters: 1
14:49:27 [0m[33m[WARN] [0mproved: (drop ?ts_ph_Nat_0 nil) => nil
14:49:27 [0m[33m[WARN] [0m# of splitters: 2
14:49:27 [0m[33m[WARN] [0m# of splitters: 2
14:49:27 [0m[33m[WARN] [0m# of splitters: 1
14:49:27 [0m[33m[WARN] [0m# of splitters: 1
14:49:27 [0m[33m[WARN] [0m# of splitters: 2
14:49:27 [0m[33m[WARN] [0m# of splitters: 1
14:49:27 [0m[33m[WARN] [0m# of splitters: 1
14:49:27 [0m[33m[WARN] [0m# of splitters: 3
14:49:27 [0m[33m[WARN] [0m# of splitters: 2
14:49:27 [0m[33m[WARN] [0m# of splitters: 1
14:49:27 [0m[33m[WARN] [0m# of splitters: 2
14:49:27 [0m[33m[WARN] [0m# of splitters: 1
14:49:27 [0m[33m[WARN] [0m# of splitters: 1
14:49:27 [0m[33m[WARN] [0m# of splitters: 2
14:49:27 [0m[33m[WARN] [0m# of splitters: 1
14:49:27 [0m[33m[WARN] [0m# of splitters: 1
14:49:27 [0m[33m[WARN] [0m# of splitters: 1
Starting depth 2
14:49:27 [0m[33m[WARN] [0m# of splitters: 34
14:49:27 [0m[33m[WARN] [0m# of splitters: 25
14:49:30 [0m[33m[WARN] [0m# of splitters: 37
14:49:36 [0m[33m[WARN] [0m# of splitters: 24
14:49:38 [0m[33m[WARN] [0m# of splitters: 38
14:49:43 [0m[33m[WARN] [0m# of splitters: 23
14:49:46 [0m[33m[WARN] [0m# of splitters: 32
14:49:49 [0m[33m[WARN] [0m# of splitters: 22
14:49:49 [0m[33m[WARN] [0m# of splitters: 31
14:49:49 [0m[33m[WARN] [0m# of splitters: 27
14:49:50 [0m[33m[WARN] [0m# of splitters: 30
14:49:52 [0m[33m[WARN] [0m# of splitters: 27
14:49:54 [0m[33m[WARN] [0m# of splitters: 29
14:49:57 [0m[33m[WARN] [0m# of splitters: 25
14:50:00 [0m[33m[WARN] [0m# of splitters: 28
14:50:01 [0m[33m[WARN] [0m# of splitters: 26
14:50:03 [0m[33m[WARN] [0m# of splitters: 27
14:50:07 [0m[33m[WARN] [0m# of splitters: 25
14:50:08 [0m[33m[WARN] [0m# of splitters: 26
14:50:10 [0m[33m[WARN] [0m# of splitters: 24
14:50:14 [0m[33m[WARN] [0m# of splitters: 25
14:50:15 [0m[33m[WARN] [0m# of splitters: 23
14:50:16 [0m[33m[WARN] [0m# of splitters: 24
14:50:17 [0m[33m[WARN] [0m# of splitters: 22
14:50:18 [0m[33m[WARN] [0m# of splitters: 22
14:50:20 [0m[33m[WARN] [0m# of splitters: 20
14:50:21 [0m[33m[WARN] [0m# of splitters: 21
14:50:21 [0m[33m[WARN] [0m# of splitters: 20
14:50:23 [0m[33m[WARN] [0m# of splitters: 21
14:50:24 [0m[33m[WARN] [0m# of splitters: 19
14:50:26 [0m[33m[WARN] [0m# of splitters: 19
14:50:27 [0m[33m[WARN] [0m# of splitters: 18
14:50:28 [0m[33m[WARN] [0m# of splitters: 18
14:50:29 [0m[33m[WARN] [0m# of splitters: 17
14:50:30 [0m[33m[WARN] [0m# of splitters: 18
14:50:31 [0m[33m[WARN] [0m# of splitters: 16
14:50:32 [0m[33m[WARN] [0m# of splitters: 16
14:50:33 [0m[33m[WARN] [0m# of splitters: 14
14:50:35 [0m[33m[WARN] [0m# of splitters: 15
14:50:37 [0m[33m[WARN] [0m# of splitters: 14
14:50:38 [0m[33m[WARN] [0m# of splitters: 15
14:50:39 [0m[33m[WARN] [0m# of splitters: 13
14:50:40 [0m[33m[WARN] [0m# of splitters: 14
14:50:41 [0m[33m[WARN] [0m# of splitters: 12
14:50:42 [0m[33m[WARN] [0m# of splitters: 12
14:50:43 [0m[33m[WARN] [0m# of splitters: 11
14:50:43 [0m[33m[WARN] [0m# of splitters: 11
14:50:44 [0m[33m[WARN] [0m# of splitters: 9
14:50:45 [0m[33m[WARN] [0m# of splitters: 11
14:50:46 [0m[33m[WARN] [0m# of splitters: 2
14:50:46 [0m[33m[WARN] [0m# of splitters: 1
14:50:46 [0m[33m[WARN] [0m# of splitters: 1
14:50:46 [0m[33m[WARN] [0mproved: (drop ?ts_ph_Nat_0 (cons ?ts_ph_sk_1 nil)) => (drop (+2 ?ts_ph_Nat_0 ?ts_ph_Nat_0) (cons ?ts_ph_sk_1 nil))
14:50:46 [0m[33m[WARN] [0mproved: (drop (+2 ?ts_ph_Nat_0 ?ts_ph_Nat_0) (cons ?ts_ph_sk_1 nil)) => (drop ?ts_ph_Nat_0 (cons ?ts_ph_sk_1 nil))
14:50:46 [0m[33m[WARN] [0m# of splitters: 2
14:50:46 [0m[33m[WARN] [0m# of splitters: 2
14:50:46 [0m[33m[WARN] [0m# of splitters: 1
14:50:46 [0m[33m[WARN] [0m# of splitters: 1
14:50:46 [0m[33m[WARN] [0m# of splitters: 2
14:50:46 [0m[33m[WARN] [0m# of splitters: 1
14:50:46 [0m[33m[WARN] [0m# of splitters: 1
14:50:46 [0m[33m[WARN] [0m# of splitters: 3
14:50:46 [0m[33m[WARN] [0m# of splitters: 2
14:50:46 [0m[33m[WARN] [0m# of splitters: 1
14:50:46 [0m[33m[WARN] [0m# of splitters: 2
14:50:46 [0m[33m[WARN] [0m# of splitters: 1
14:50:46 [0m[33m[WARN] [0m# of splitters: 1
14:50:46 [0m[33m[WARN] [0m# of splitters: 2
14:50:46 [0m[33m[WARN] [0m# of splitters: 1
14:50:46 [0m[33m[WARN] [0m# of splitters: 1
14:50:46 [0m[33m[WARN] [0m# of splitters: 1
14:50:46 [0m[33m[WARN] [0m# of splitters: 2
14:50:46 [0m[33m[WARN] [0m# of splitters: 1
14:50:46 [0m[33m[WARN] [0m# of splitters: 1
14:50:46 [0m[33m[WARN] [0mproved: (take ?ts_ph_Nat_0 (cons ?ts_ph_sk_1 nil)) => (take (+2 ?ts_ph_Nat_0 ?ts_ph_Nat_0) (cons ?ts_ph_sk_1 nil))
14:50:46 [0m[33m[WARN] [0mproved: (take (+2 ?ts_ph_Nat_0 ?ts_ph_Nat_0) (cons ?ts_ph_sk_1 nil)) => (take ?ts_ph_Nat_0 (cons ?ts_ph_sk_1 nil))
14:50:46 [0m[33m[WARN] [0m# of splitters: 2
14:50:46 [0m[33m[WARN] [0m# of splitters: 2
14:50:46 [0m[33m[WARN] [0m# of splitters: 1
14:50:46 [0m[33m[WARN] [0m# of splitters: 1
14:50:46 [0m[33m[WARN] [0m# of splitters: 2
14:50:46 [0m[33m[WARN] [0m# of splitters: 1
14:50:46 [0m[33m[WARN] [0m# of splitters: 1
14:50:46 [0m[33m[WARN] [0m# of splitters: 3
14:50:46 [0m[33m[WARN] [0m# of splitters: 2
14:50:46 [0m[33m[WARN] [0m# of splitters: 1
14:50:46 [0m[33m[WARN] [0m# of splitters: 2
14:50:46 [0m[33m[WARN] [0m# of splitters: 1
14:50:46 [0m[33m[WARN] [0m# of splitters: 1
14:50:46 [0m[33m[WARN] [0m# of splitters: 2
14:50:46 [0m[33m[WARN] [0m# of splitters: 1
14:50:46 [0m[33m[WARN] [0m# of splitters: 1
14:50:46 [0m[33m[WARN] [0m# of splitters: 1
14:50:46 [0m[33m[WARN] [0mproved: (+2 ?ts_ph_Nat_0 (S ?ts_ph_Nat_1)) => (S (+2 ?ts_ph_Nat_0 ?ts_ph_Nat_1))
14:50:46 [0m[33m[WARN] [0mproved: (S (+2 ?ts_ph_Nat_0 ?ts_ph_Nat_1)) => (+2 ?ts_ph_Nat_0 (S ?ts_ph_Nat_1))
14:50:46 [0m[33m[WARN] [0m# of splitters: 2
14:50:46 [0m[33m[WARN] [0m# of splitters: 1
14:50:46 [0m[33m[WARN] [0m# of splitters: 1
proved: (take ?ts_ph_Nat_2 (drop ?ts_ph_Nat_0 ?ts_ph_list_1)) => (drop ?ts_ph_Nat_0 (take (+2 ?ts_ph_Nat_2 ?ts_ph_Nat_0) ?ts_ph_list_1))
proved: (drop ?ts_ph_Nat_0 (take (+2 ?ts_ph_Nat_2 ?ts_ph_Nat_0) ?ts_ph_list_1)) => (take ?ts_ph_Nat_2 (drop ?ts_ph_Nat_0 ?ts_ph_list_1))
14:50:46 [0m[33m[WARN] [0mFound all lemmas
done in 79822
