11:01:54 [WARN] Collecting statistics
11:01:54 [WARN]  ex is: Z
11:01:54 [WARN]  ex is: (S Z)
11:01:54 [WARN]  ex is: (S (S Z))
11:01:54 [WARN] Proof mode: false
11:01:54 [WARN]  ex is: Z
11:01:54 [WARN]  ex is: (S Z)
11:01:54 [WARN]  ex is: (S (S Z))
11:01:54 [WARN] Proof mode: false
11:01:54 [WARN] proved: (min ?ts_ph_Nat_0 ?ts_ph_Nat_0) => ?ts_ph_Nat_0
11:01:54 [WARN] proved: (== ?ts_ph_Nat_0 ?ts_ph_Nat_0) => true
11:01:54 [WARN] proved: (min ?ts_ph_Nat_0 Z) => Z
11:01:54 [WARN] proved: (<=2 ?ts_ph_Nat_0 ?ts_ph_Nat_0) => true
11:01:54 [WARN] proved: (== ?ts_ph_Nat_0 Z) => (== Z ?ts_ph_Nat_0)
11:01:54 [WARN] proved: (== Z ?ts_ph_Nat_0) => (== ?ts_ph_Nat_0 Z)
11:01:54 [WARN] proved: (<=2 ?ts_ph_Nat_0 Z) => (== Z ?ts_ph_Nat_0)
11:01:54 [WARN] proved: (== Z ?ts_ph_Nat_0) => (<=2 ?ts_ph_Nat_0 Z)
11:01:54 [WARN] proved: (<=2 ?ts_ph_Nat_0 (S ?ts_ph_Nat_0)) => true
11:01:54 [WARN] proved: (== ?ts_ph_Nat_0 (S Z)) => (== (S Z) ?ts_ph_Nat_0)
11:01:54 [WARN] proved: (== (S Z) ?ts_ph_Nat_0) => (== ?ts_ph_Nat_0 (S Z))
11:01:54 [WARN] proved: (min ?ts_ph_Nat_0 (S Z)) => (min (S Z) ?ts_ph_Nat_0)
11:01:54 [WARN] proved: (min (S Z) ?ts_ph_Nat_0) => (min ?ts_ph_Nat_0 (S Z))
11:01:54 [WARN] proved: (min (S ?ts_ph_Nat_0) ?ts_ph_Nat_0) => ?ts_ph_Nat_0
11:01:54 [WARN] proved: (min ?ts_ph_Nat_0 (S ?ts_ph_Nat_0)) => ?ts_ph_Nat_0
11:01:54 [WARN] proved: (<=2 (S ?ts_ph_Nat_0) ?ts_ph_Nat_0) => false
11:01:54 [WARN] proved: (== ?ts_ph_Nat_0 (S ?ts_ph_Nat_0)) => false
11:01:54 [WARN] proved: (== (S ?ts_ph_Nat_0) ?ts_ph_Nat_0) => false
