11:01:58 [WARN] Collecting statistics
11:01:58 [WARN]  ex is: nil
11:01:58 [WARN]  ex is: (cons autovar_sk_0 nil)
11:01:58 [WARN]  ex is: (cons autovar_sk_1 (cons autovar_sk_0 nil))
11:01:58 [WARN]  ex is: Z
11:01:58 [WARN]  ex is: (S Z)
11:01:58 [WARN]  ex is: (S (S Z))
11:01:58 [WARN] Proof mode: false
11:01:58 [WARN]  ex is: nil
11:01:58 [WARN]  ex is: (cons autovar_sk_0 nil)
11:01:58 [WARN]  ex is: (cons autovar_sk_1 (cons autovar_sk_0 nil))
11:01:58 [WARN]  ex is: Z
11:01:58 [WARN]  ex is: (S Z)
11:01:58 [WARN]  ex is: (S (S Z))
11:01:58 [WARN] Proof mode: false
11:01:58 [WARN] proved: (-2 ?ts_ph_Nat_0 ?ts_ph_Nat_0) => Z
11:01:58 [WARN] proved: (++ ?ts_ph_list_0 nil) => ?ts_ph_list_0
11:01:58 [WARN] proved: (-2 ?ts_ph_Nat_0 Z) => ?ts_ph_Nat_0
11:01:58 [WARN] proved: (drop ?ts_ph_Nat_0 nil) => nil
11:01:58 [WARN] proved: (-2 ?ts_ph_Nat_0 (S ?ts_ph_Nat_0)) => Z
11:01:58 [WARN] proved: (-2 (S ?ts_ph_Nat_0) ?ts_ph_Nat_0) => (S Z)
11:01:58 [WARN] proved: (drop (len ?ts_ph_list_0) ?ts_ph_list_0) => nil
11:01:58 [WARN] proved: (++ (++ ?ts_ph_list_0 ?ts_ph_list_1) ?ts_ph_list_2) => (++ ?ts_ph_list_0 (++ ?ts_ph_list_1 ?ts_ph_list_2))
11:01:58 [WARN] proved: (++ ?ts_ph_list_0 (++ ?ts_ph_list_1 ?ts_ph_list_2)) => (++ (++ ?ts_ph_list_0 ?ts_ph_list_1) ?ts_ph_list_2)
11:01:58 [WARN] proved: (drop (len ?ts_ph_list_0) (++ ?ts_ph_list_0 ?ts_ph_list_1)) => ?ts_ph_list_1
