11:01:54 [WARN] Collecting statistics
11:01:54 [WARN]  ex is: (pair2 autovar_sk_0 autovar_sk_1)
11:01:54 [WARN]  ex is: nil2
11:01:54 [WARN]  ex is: (cons2 autovar_sk_0 nil2)
11:01:54 [WARN]  ex is: (cons2 autovar_sk_1 (cons2 autovar_sk_0 nil2))
11:01:54 [WARN]  ex is: nil
11:01:54 [WARN]  ex is: (cons autovar_pair_0 nil)
11:01:54 [WARN]  ex is: (cons autovar_pair_1 (cons autovar_pair_0 nil))
11:01:54 [WARN]  ex is: Z
11:01:54 [WARN]  ex is: (S Z)
11:01:54 [WARN]  ex is: (S (S Z))
11:01:54 [WARN] Proof mode: false
11:01:54 [WARN]  ex is: (pair2 autovar_sk_0 autovar_sk_1)
11:01:54 [WARN]  ex is: nil2
11:01:54 [WARN]  ex is: (cons2 autovar_sk_0 nil2)
11:01:54 [WARN]  ex is: (cons2 autovar_sk_1 (cons2 autovar_sk_0 nil2))
11:01:54 [WARN]  ex is: nil
11:01:54 [WARN]  ex is: (cons autovar_pair_0 nil)
11:01:54 [WARN]  ex is: (cons autovar_pair_1 (cons autovar_pair_0 nil))
11:01:54 [WARN]  ex is: Z
11:01:54 [WARN]  ex is: (S Z)
11:01:54 [WARN]  ex is: (S (S Z))
11:01:54 [WARN] Proof mode: false
11:01:54 [WARN] proved: (drop ?ts_ph_Nat_0 nil2) => nil2
11:01:54 [WARN] proved: (++2 ?ts_ph_list2_0 nil2) => ?ts_ph_list2_0
11:01:54 [WARN] proved: (zip ?ts_ph_list2_0 nil2) => nil
11:01:54 [WARN] proved: (take ?ts_ph_Nat_0 nil2) => nil2
11:01:54 [WARN] proved: (++ ?ts_ph_list_0 nil) => ?ts_ph_list_0
11:02:00 [WARN] proved: (take (len ?ts_ph_list2_0) ?ts_ph_list2_0) => ?ts_ph_list2_0
11:02:05 [WARN] proved: (drop (len ?ts_ph_list2_0) ?ts_ph_list2_0) => nil2
11:02:08 [WARN] proved: (++ (++ ?ts_ph_list_0 ?ts_ph_list_1) ?ts_ph_list_2) => (++ ?ts_ph_list_0 (++ ?ts_ph_list_1 ?ts_ph_list_2))
11:02:08 [WARN] proved: (++ ?ts_ph_list_0 (++ ?ts_ph_list_1 ?ts_ph_list_2)) => (++ (++ ?ts_ph_list_0 ?ts_ph_list_1) ?ts_ph_list_2)
11:02:13 [WARN] proved: (++2 (++2 ?ts_ph_list2_0 ?ts_ph_list2_1) ?ts_ph_list2_2) => (++2 ?ts_ph_list2_0 (++2 ?ts_ph_list2_1 ?ts_ph_list2_2))
11:02:13 [WARN] proved: (++2 ?ts_ph_list2_0 (++2 ?ts_ph_list2_1 ?ts_ph_list2_2)) => (++2 (++2 ?ts_ph_list2_0 ?ts_ph_list2_1) ?ts_ph_list2_2)
11:02:22 [WARN] proved: (zip ?ts_ph_list2_0 (++2 ?ts_ph_list2_0 ?ts_ph_list2_1)) => (zip ?ts_ph_list2_0 ?ts_ph_list2_0)
11:02:37 [WARN] proved: (zip (++2 ?ts_ph_list2_0 ?ts_ph_list2_1) ?ts_ph_list2_0) => (zip ?ts_ph_list2_0 ?ts_ph_list2_0)
11:03:04 [WARN] proved: (drop (len ?ts_ph_list2_0) (++2 ?ts_ph_list2_0 ?ts_ph_list2_1)) => ?ts_ph_list2_1
11:03:56 [WARN] proved: (take (len ?ts_ph_list2_0) (++2 ?ts_ph_list2_0 ?ts_ph_list2_1)) => ?ts_ph_list2_0
11:05:48 [WARN] proved: (take (S Z) (++2 ?ts_ph_list2_0 ?ts_ph_list2_0)) => (take (S Z) ?ts_ph_list2_0)
11:05:48 [WARN] proved: (take (S Z) ?ts_ph_list2_0) => (take (S Z) (++2 ?ts_ph_list2_0 ?ts_ph_list2_0))
11:19:57 [WARN] proved: (zip (++2 ?ts_ph_list2_0 ?ts_ph_list2_1) (++2 ?ts_ph_list2_0 ?ts_ph_list2_2)) => (++ (zip ?ts_ph_list2_0 ?ts_ph_list2_0) (zip ?ts_ph_list2_1 ?ts_ph_list2_2))
11:19:57 [WARN] proved: (++ (zip ?ts_ph_list2_0 ?ts_ph_list2_0) (zip ?ts_ph_list2_1 ?ts_ph_list2_2)) => (zip (++2 ?ts_ph_list2_0 ?ts_ph_list2_1) (++2 ?ts_ph_list2_0 ?ts_ph_list2_2))
