20:13:15 [WARN] Collecting statistics
20:13:15 [WARN]  ex is: (pair2 autovar_sk_0 autovar_sk_1)
20:13:15 [WARN]  ex is: nil2
20:13:15 [WARN]  ex is: (cons2 autovar_sk_0 nil2)
20:13:15 [WARN]  ex is: (cons2 autovar_sk_1 (cons2 autovar_sk_0 nil2))
20:13:15 [WARN]  ex is: nil
20:13:15 [WARN]  ex is: (cons autovar_pair_0 nil)
20:13:15 [WARN]  ex is: (cons autovar_pair_1 (cons autovar_pair_0 nil))
20:13:15 [WARN]  ex is: Z
20:13:15 [WARN]  ex is: (S Z)
20:13:15 [WARN]  ex is: (S (S Z))
20:13:15 [WARN] Proof mode: false
20:13:15 [WARN]  ex is: (pair2 autovar_sk_0 autovar_sk_1)
20:13:15 [WARN]  ex is: nil2
20:13:15 [WARN]  ex is: (cons2 autovar_sk_0 nil2)
20:13:15 [WARN]  ex is: (cons2 autovar_sk_1 (cons2 autovar_sk_0 nil2))
20:13:15 [WARN]  ex is: nil
20:13:15 [WARN]  ex is: (cons autovar_pair_0 nil)
20:13:15 [WARN]  ex is: (cons autovar_pair_1 (cons autovar_pair_0 nil))
20:13:15 [WARN]  ex is: Z
20:13:15 [WARN]  ex is: (S Z)
20:13:15 [WARN]  ex is: (S (S Z))
20:13:15 [WARN] Proof mode: false
20:13:15 [WARN] proved: (zip ?ts_ph_list2_0 nil2) => nil
20:13:15 [WARN] proved: (take ?ts_ph_Nat_0 nil) => nil
20:13:15 [WARN] proved: (take2 ?ts_ph_Nat_0 nil2) => nil2
