11:01:54 [WARN] Collecting statistics
11:01:54 [WARN]  ex is: nil
11:01:54 [WARN]  ex is: (cons autovar_sk_0 nil)
11:01:54 [WARN]  ex is: (cons autovar_sk_1 (cons autovar_sk_0 nil))
11:01:54 [WARN] Proof mode: false
11:01:54 [WARN]  ex is: nil
11:01:54 [WARN]  ex is: (cons autovar_sk_0 nil)
11:01:54 [WARN]  ex is: (cons autovar_sk_1 (cons autovar_sk_0 nil))
11:01:54 [WARN] Proof mode: false
11:01:54 [WARN] proved: (++ ?ts_ph_list_0 nil) => ?ts_ph_list_0
11:01:54 [WARN] proved: (butlast ?ts_ph_list_0) => (butlastConcat nil ?ts_ph_list_0)
11:01:54 [WARN] proved: (butlastConcat nil ?ts_ph_list_0) => (butlast ?ts_ph_list_0)
11:01:55 [WARN] proved: (butlastConcat ?ts_ph_list_0 ?ts_ph_list_0) => (++ ?ts_ph_list_0 (butlast ?ts_ph_list_0))
11:01:55 [WARN] proved: (++ ?ts_ph_list_0 (butlast ?ts_ph_list_0)) => (butlastConcat ?ts_ph_list_0 ?ts_ph_list_0)
11:01:55 [WARN] proved: (++ (++ ?ts_ph_list_0 ?ts_ph_list_1) ?ts_ph_list_2) => (++ ?ts_ph_list_0 (++ ?ts_ph_list_1 ?ts_ph_list_2))
11:01:55 [WARN] proved: (++ ?ts_ph_list_0 (++ ?ts_ph_list_1 ?ts_ph_list_2)) => (++ (++ ?ts_ph_list_0 ?ts_ph_list_1) ?ts_ph_list_2)
11:01:55 [WARN] proved: (butlastConcat (++ ?ts_ph_list_0 ?ts_ph_list_1) ?ts_ph_list_0) => (++ ?ts_ph_list_0 (butlastConcat ?ts_ph_list_1 ?ts_ph_list_0))
11:01:55 [WARN] proved: (++ ?ts_ph_list_0 (butlastConcat ?ts_ph_list_1 ?ts_ph_list_0)) => (butlastConcat (++ ?ts_ph_list_0 ?ts_ph_list_1) ?ts_ph_list_0)
11:02:00 [WARN] proved: (butlastConcat (cons ?ts_ph_sk_1 nil) ?ts_ph_list_0) => (butlast (cons ?ts_ph_sk_1 ?ts_ph_list_0))
11:02:00 [WARN] proved: (butlast (cons ?ts_ph_sk_1 ?ts_ph_list_0)) => (butlastConcat (cons ?ts_ph_sk_1 nil) ?ts_ph_list_0)
11:02:06 [WARN] proved: (butlastConcat (butlast ?ts_ph_list_0) ?ts_ph_list_0) => (++ (butlast ?ts_ph_list_0) (butlast ?ts_ph_list_0))
11:02:06 [WARN] proved: (++ (butlast ?ts_ph_list_0) (butlast ?ts_ph_list_0)) => (butlastConcat (butlast ?ts_ph_list_0) ?ts_ph_list_0)
