Collecting statistics
(sort nil) => nil
nil => (sort nil)
(sorted nil) => true
(<=2 Z ?y) => true
(<=2 (S ?z) Z) => false
(<=2 (S ?z) (S ?x2)) => (<=2 ?z ?x2)
(<=2 ?z ?x2) => (<=2 (S ?z) (S ?x2))
(insort ?x nil) => (cons ?x nil)
(cons ?x nil) => (insort ?x nil)
(insort ?x (cons ?z ?xs)) => (cons ?z (insort ?x ?xs))
(insort ?x (cons ?z ?xs)) => (cons ?z (insort ?x ?xs))
(insort ?x (cons ?z ?xs)) => (cons ?x (cons ?z ?xs))
(insort ?x (cons ?z ?xs)) => (cons ?x (cons ?z ?xs))
(sort (cons ?y ?xs)) => (insort ?y (sort ?xs))
(insort ?y (sort ?xs)) => (sort (cons ?y ?xs))
(&& false ?y0) => false
(&& true ?y1) => ?y1
(sorted (cons ?y nil)) => true
(sorted (cons ?y (cons ?y2 ?ys))) => (&& (<=2 ?y ?y2) (sorted (cons ?y2 ?ys)))
(&& (<=2 ?y ?y2) (sorted (cons ?y2 ?ys))) => (sorted (cons ?y (cons ?y2 ?ys)))
(<=2 ?autovar6 Z) => (potential_split ?autovar6 Z (S (param_Nat_0 ?autovar6))) if Cond(var: ?autovar6, pat: Z) Cond(var: ?autovar6, pat: (S ?param_0))
(<=2 ?autovar6 (S ?autovar3)) => (potential_split ?autovar6 Z (S (param_Nat_0 ?autovar6))) if Cond(var: ?autovar6, pat: Z) Cond(var: ?autovar6, pat: (S ?param_0))
(<=2 (S ?autovar4) ?autovar7) => (potential_split ?autovar7 Z (S (param_Nat_0 ?autovar7))) if Cond(var: ?autovar7, pat: Z) Cond(var: ?autovar7, pat: (S ?param_0))
(<=2 (S ?autovar5) ?autovar7) => (potential_split ?autovar7 Z (S (param_Nat_0 ?autovar7))) if Cond(var: ?autovar7, pat: Z) Cond(var: ?autovar7, pat: (S ?param_0))
 ex is: Z
 ex is: (S Z)
 ex is: (S (S Z))
 ex is: nil
 ex is: (cons autovar_Nat_0 nil)
 ex is: (cons autovar_Nat_1 (cons autovar_Nat_0 nil))
 ex is: Z
 ex is: (S Z)
 ex is: (S (S Z))
 ex is: nil
 ex is: (cons autovar_Nat_0 nil)
 ex is: (cons autovar_Nat_1 (cons autovar_Nat_0 nil))
Running TheSy on datatypes: Nat list dict: <=2 insort sort && sorted Z S nil cons
Starting depth 1
14:49:26 [0m[33m[WARN] [0m# of splitters: 2
14:49:26 [0m[33m[WARN] [0m# of splitters: 1
14:49:26 [0m[33m[WARN] [0m# of splitters: 2
14:49:26 [0m[33m[WARN] [0mproved: (<=2 ?ts_ph_Nat_0 ?ts_ph_Nat_0) => true
Starting depth 2
14:49:26 [0m[33m[WARN] [0m# of splitters: 2
14:49:26 [0m[33m[WARN] [0m# of splitters: 1
14:49:33 [0m[33m[WARN] [0m# of splitters: 4
14:51:42 [0m[33m[WARN] [0m# of splitters: 3
14:53:34 [0m[33m[WARN] [0mproved: (&& (<=2 ?ts_ph_Nat_0 Z) false) => false
14:53:34 [0m[33m[WARN] [0mproved: (&& (<=2 ?ts_ph_Nat_0 Z) true) => (<=2 ?ts_ph_Nat_0 Z)
14:53:34 [0m[33m[WARN] [0mproved: (<=2 ?ts_ph_Nat_0 Z) => (&& (<=2 ?ts_ph_Nat_0 Z) true)
14:53:34 [0m[33m[WARN] [0m# of splitters: 1
14:53:34 [0m[33m[WARN] [0m# of splitters: 1
14:53:34 [0m[33m[WARN] [0mproved: (<=2 (S ?ts_ph_Nat_0) ?ts_ph_Nat_0) => (&& (<=2 ?ts_ph_Nat_0 Z) false)
14:53:34 [0m[33m[WARN] [0mproved: (&& (<=2 ?ts_ph_Nat_0 Z) false) => (<=2 (S ?ts_ph_Nat_0) ?ts_ph_Nat_0)
14:53:34 [0m[33m[WARN] [0m# of splitters: 1
14:53:34 [0m[33m[WARN] [0m# of splitters: 1
14:53:34 [0m[33m[WARN] [0mproved: (&& (<=2 ?ts_ph_Nat_0 Z) (<=2 ?ts_ph_Nat_0 ?ts_ph_Nat_1)) => (<=2 ?ts_ph_Nat_0 Z)
14:53:34 [0m[33m[WARN] [0m# of splitters: 1
14:53:34 [0m[33m[WARN] [0m# of splitters: 1
14:53:34 [0m[33m[WARN] [0m# of splitters: 2
14:53:34 [0m[33m[WARN] [0mproved: (&& (<=2 ?ts_ph_Nat_0 Z) (<=2 ?ts_ph_Nat_1 Z)) => (&& (<=2 ?ts_ph_Nat_0 Z) (<=2 ?ts_ph_Nat_1 ?ts_ph_Nat_0))
14:53:34 [0m[33m[WARN] [0mproved: (&& (<=2 ?ts_ph_Nat_0 Z) (<=2 ?ts_ph_Nat_1 ?ts_ph_Nat_0)) => (&& (<=2 ?ts_ph_Nat_0 Z) (<=2 ?ts_ph_Nat_1 Z))
14:53:35 [0m[33m[WARN] [0m# of splitters: 1
14:53:35 [0m[33m[WARN] [0m# of splitters: 1
14:53:35 [0m[33m[WARN] [0mproved: (<=2 ?ts_ph_Nat_0 (S ?ts_ph_Nat_0)) => true

14:54:48 [0m[33m[WARN] [0mproved: (sorted ?ts_ph_list_0) => (sorted (cons Z ?ts_ph_list_0))
14:54:48 [0m[33m[WARN] [0mproved: (sorted (cons Z ?ts_ph_list_0)) => (sorted ?ts_ph_list_0)

done in 425539
