16:57:43 [0m[33m[WARN] [0mCollecting statistics
16:57:43 [0m[33m[WARN] [0mproof mode false
(== Z Z) => true
(sort nil) => nil
nil => (sort nil)
(== Z (S ?z)) => false
(== (S ?x2) Z) => false
(== (S ?x2) (S ?y2)) => (== ?x2 ?y2)
(== ?x2 ?y2) => (== (S ?x2) (S ?y2))
(count ?x nil) => Z
(count ?x (cons ?z ?ys)) => (count ?x ?ys)
(count ?x (cons ?z ?ys)) => (S (count ?x ?ys))
(<=2 Z ?y) => true
(<=2 (S ?z) Z) => false
(<=2 (S ?z) (S ?x2)) => (<=2 ?z ?x2)
(<=2 ?z ?x2) => (<=2 (S ?z) (S ?x2))
(insort ?x nil) => (cons ?x nil)
(cons ?x nil) => (insort ?x nil)
(insort ?x (cons ?z ?xs)) => (cons ?z (insort ?x ?xs))
(insort ?x (cons ?z ?xs)) => (cons ?z (insort ?x ?xs))
(insort ?x (cons ?z ?xs)) => (cons ?x (cons ?z ?xs))
(insort ?x (cons ?z ?xs)) => (cons ?x (cons ?z ?xs))
(sort (cons ?y ?xs)) => (insort ?y (sort ?xs))
(insort ?y (sort ?xs)) => (sort (cons ?y ?xs))
Searcher: (== ?autovar7 Z)
Searcher: (== ?autovar7 (S ?autovar1))
Searcher: (== ?autovar7 Z)
Searcher: (== ?autovar7 (S ?autovar4))
Searcher: (== Z ?autovar8)
Searcher: (== Z ?autovar8)
Searcher: (== (S ?autovar5) ?autovar8)
Searcher: (== (S ?autovar6) ?autovar8)
Searcher: (<=2 ?autovar6 Z)
Searcher: (<=2 ?autovar6 (S ?autovar3))
Searcher: (<=2 (S ?autovar4) ?autovar7)
Searcher: (<=2 (S ?autovar5) ?autovar7)
16:57:43 [0m[33m[WARN] [0m ex is: Z
16:57:43 [0m[33m[WARN] [0m ex is: (S Z)
16:57:43 [0m[33m[WARN] [0m ex is: (S (S Z))
16:57:43 [0m[33m[WARN] [0m ex is: nil
16:57:43 [0m[33m[WARN] [0m ex is: (cons autovar_Nat_0 nil)
16:57:43 [0m[33m[WARN] [0m ex is: (cons autovar_Nat_1 (cons autovar_Nat_0 nil))
16:57:43 [0m[33m[WARN] [0mProof mode: false
16:57:43 [0m[33m[WARN] [0m ex is: Z
16:57:43 [0m[33m[WARN] [0m ex is: (S Z)
16:57:43 [0m[33m[WARN] [0m ex is: (S (S Z))
16:57:43 [0m[33m[WARN] [0m ex is: nil
16:57:43 [0m[33m[WARN] [0m ex is: (cons autovar_Nat_0 nil)
16:57:43 [0m[33m[WARN] [0m ex is: (cons autovar_Nat_1 (cons autovar_Nat_0 nil))
16:57:43 [0m[33m[WARN] [0mProof mode: false
16:57:43 [0m[33m[WARN] [0mproved: (<=2 ?ts_ph_Nat_0 Z) => (== ?ts_ph_Nat_0 Z)
16:57:43 [0m[33m[WARN] [0mproved: (== ?ts_ph_Nat_0 Z) => (<=2 ?ts_ph_Nat_0 Z)
16:57:43 [0m[33m[WARN] [0mproved: (== Z ?ts_ph_Nat_0) => (== ?ts_ph_Nat_0 Z)
16:57:43 [0m[33m[WARN] [0mproved: (== ?ts_ph_Nat_0 Z) => (== Z ?ts_ph_Nat_0)
16:57:43 [0m[33m[WARN] [0mproved: (<=2 ?ts_ph_Nat_0 ?ts_ph_Nat_0) => true
16:57:43 [0m[33m[WARN] [0mproved: (== ?ts_ph_Nat_0 ?ts_ph_Nat_0) => true
16:57:44 [0m[33m[WARN] [0mproved: (== (S Z) ?ts_ph_Nat_0) => (== ?ts_ph_Nat_0 (S Z))
16:57:44 [0m[33m[WARN] [0mproved: (== ?ts_ph_Nat_0 (S Z)) => (== (S Z) ?ts_ph_Nat_0)
16:57:44 [0m[33m[WARN] [0mproved: (<=2 ?ts_ph_Nat_0 (S ?ts_ph_Nat_0)) => true
16:57:44 [0m[33m[WARN] [0mproved: (== ?ts_ph_Nat_0 (S ?ts_ph_Nat_0)) => false
16:57:44 [0m[33m[WARN] [0mproved: (<=2 (S ?ts_ph_Nat_0) ?ts_ph_Nat_0) => false
16:57:44 [0m[33m[WARN] [0mproved: (== (S ?ts_ph_Nat_0) ?ts_ph_Nat_0) => false
done in 645
