Collecting statistics
(+2 Z ?y) => ?y
(+2 (S ?z) ?y) => (S (+2 ?z ?y))
(S (+2 ?z ?y)) => (+2 (S ?z) ?y)
(drop Z ?y0) => ?y0
(drop (S ?z) nil) => nil
(drop (S ?z) (cons ?x2 ?x3)) => (drop ?z ?x3)
(drop ?autovar7 nil) => (potential_split ?autovar7 Z (S (param_Nat_0 ?autovar7))) if Cond(var: ?autovar7, pat: Z) Cond(var: ?autovar7, pat: (S ?param_0))
(drop ?autovar7 (cons ?autovar3 ?autovar4)) => (potential_split ?autovar7 Z (S (param_Nat_0 ?autovar7))) if Cond(var: ?autovar7, pat: Z) Cond(var: ?autovar7, pat: (S ?param_0))
(drop (S ?autovar5) ?autovar8) => (potential_split ?autovar8 nil (cons (param_list_0 ?autovar8) (param_list_1 ?autovar8))) if Cond(var: ?autovar8, pat: nil) Cond(var: ?autovar8, pat: (cons ?param_0 ?param_1))
(drop (S ?autovar6) ?autovar8) => (potential_split ?autovar8 nil (cons (param_list_0 ?autovar8) (param_list_1 ?autovar8))) if Cond(var: ?autovar8, pat: nil) Cond(var: ?autovar8, pat: (cons ?param_0 ?param_1))
 ex is: nil
 ex is: (cons autovar_sk_0 nil)
 ex is: (cons autovar_sk_1 (cons autovar_sk_0 nil))
 ex is: Z
 ex is: (S Z)
 ex is: (S (S Z))
 ex is: nil
 ex is: (cons autovar_sk_0 nil)
 ex is: (cons autovar_sk_1 (cons autovar_sk_0 nil))
 ex is: Z
 ex is: (S Z)
 ex is: (S (S Z))
Running TheSy on datatypes: Nat list dict: drop +2 nil cons Z S
14:49:26 [0m[33m[WARN] [0m# of splitters: 2
14:49:26 [0m[33m[WARN] [0m# of splitters: 1
14:49:26 [0m[33m[WARN] [0m# of splitters: 1
14:49:26 [0m[33m[WARN] [0m# of splitters: 1
14:49:26 [0m[33m[WARN] [0m# of splitters: 1
14:49:26 [0m[33m[WARN] [0m# of splitters: 1
14:49:26 [0m[33m[WARN] [0m# of splitters: 1
14:49:26 [0m[33m[WARN] [0m# of splitters: 1
14:49:26 [0m[33m[WARN] [0m# of splitters: 1
14:49:26 [0m[33m[WARN] [0m# of splitters: 1
14:49:26 [0m[33m[WARN] [0m# of splitters: 2
14:49:26 [0m[33m[WARN] [0m# of splitters: 2
14:49:26 [0m[33m[WARN] [0m# of splitters: 1
14:49:26 [0m[33m[WARN] [0m# of splitters: 1
14:49:26 [0m[33m[WARN] [0m# of splitters: 2
14:49:26 [0m[33m[WARN] [0m# of splitters: 1
14:49:26 [0m[33m[WARN] [0m# of splitters: 1
14:49:26 [0m[33m[WARN] [0m# of splitters: 1
14:49:26 [0m[33m[WARN] [0m# of splitters: 1
14:49:26 [0m[33m[WARN] [0m# of splitters: 2
14:49:26 [0m[33m[WARN] [0m# of splitters: 2
14:49:26 [0m[33m[WARN] [0m# of splitters: 1
14:49:26 [0m[33m[WARN] [0m# of splitters: 1
14:49:26 [0m[33m[WARN] [0m# of splitters: 1
Starting depth 1
14:49:26 [0m[33m[WARN] [0m# of splitters: 4
14:49:26 [0m[33m[WARN] [0m# of splitters: 3
14:49:26 [0m[33m[WARN] [0m# of splitters: 4
14:49:26 [0m[33m[WARN] [0m# of splitters: 2
14:49:26 [0m[33m[WARN] [0m# of splitters: 3
14:49:26 [0m[33m[WARN] [0m# of splitters: 1
14:49:26 [0m[33m[WARN] [0m# of splitters: 2
14:49:26 [0m[33m[WARN] [0m# of splitters: 1
14:49:26 [0m[33m[WARN] [0mproved: (+2 ?ts_ph_Nat_0 Z) => ?ts_ph_Nat_0
14:49:26 [0m[33m[WARN] [0m# of splitters: 1
14:49:26 [0m[33m[WARN] [0m# of splitters: 2
14:49:26 [0m[33m[WARN] [0m# of splitters: 1
14:49:26 [0m[33m[WARN] [0m# of splitters: 1
14:49:26 [0m[33m[WARN] [0m# of splitters: 1
14:49:26 [0m[33m[WARN] [0m# of splitters: 2
14:49:26 [0m[33m[WARN] [0m# of splitters: 1
14:49:26 [0m[33m[WARN] [0m# of splitters: 1
14:49:26 [0m[33m[WARN] [0m# of splitters: 1
14:49:26 [0m[33m[WARN] [0m# of splitters: 1
14:49:26 [0m[33m[WARN] [0m# of splitters: 1
14:49:26 [0m[33m[WARN] [0m# of splitters: 1
14:49:26 [0m[33m[WARN] [0m# of splitters: 1
14:49:26 [0m[33m[WARN] [0m# of splitters: 1
14:49:26 [0m[33m[WARN] [0m# of splitters: 1
14:49:26 [0m[33m[WARN] [0m# of splitters: 2
14:49:26 [0m[33m[WARN] [0m# of splitters: 1
14:49:26 [0m[33m[WARN] [0m# of splitters: 2
14:49:26 [0m[33m[WARN] [0m# of splitters: 1
14:49:26 [0m[33m[WARN] [0m# of splitters: 1
14:49:26 [0m[33m[WARN] [0m# of splitters: 1
14:49:26 [0m[33m[WARN] [0m# of splitters: 1
14:49:26 [0m[33m[WARN] [0m# of splitters: 2
14:49:26 [0m[33m[WARN] [0m# of splitters: 1
14:49:26 [0m[33m[WARN] [0m# of splitters: 1
14:49:26 [0m[33m[WARN] [0mproved: (drop ?ts_ph_Nat_0 nil) => nil
14:49:26 [0m[33m[WARN] [0m# of splitters: 1
14:49:26 [0m[33m[WARN] [0m# of splitters: 2
14:49:26 [0m[33m[WARN] [0m# of splitters: 1
14:49:26 [0m[33m[WARN] [0m# of splitters: 1
14:49:26 [0m[33m[WARN] [0m# of splitters: 1
14:49:26 [0m[33m[WARN] [0m# of splitters: 2
14:49:26 [0m[33m[WARN] [0m# of splitters: 1
14:49:26 [0m[33m[WARN] [0m# of splitters: 1
14:49:26 [0m[33m[WARN] [0m# of splitters: 1
14:49:26 [0m[33m[WARN] [0m# of splitters: 1
14:49:26 [0m[33m[WARN] [0m# of splitters: 1
14:49:26 [0m[33m[WARN] [0m# of splitters: 1
14:49:26 [0m[33m[WARN] [0m# of splitters: 1
14:49:26 [0m[33m[WARN] [0m# of splitters: 1
14:49:26 [0m[33m[WARN] [0m# of splitters: 1
14:49:26 [0m[33m[WARN] [0m# of splitters: 3
14:49:26 [0m[33m[WARN] [0m# of splitters: 1
14:49:26 [0m[33m[WARN] [0m# of splitters: 2
14:49:26 [0m[33m[WARN] [0m# of splitters: 1
14:49:26 [0m[33m[WARN] [0m# of splitters: 1
14:49:26 [0m[33m[WARN] [0m# of splitters: 1
14:49:26 [0m[33m[WARN] [0m# of splitters: 1
14:49:26 [0m[33m[WARN] [0m# of splitters: 2
14:49:26 [0m[33m[WARN] [0m# of splitters: 1
14:49:26 [0m[33m[WARN] [0m# of splitters: 1
Starting depth 2
14:49:26 [0m[33m[WARN] [0m# of splitters: 22
14:49:26 [0m[33m[WARN] [0m# of splitters: 16
14:49:26 [0m[33m[WARN] [0m# of splitters: 26
14:49:26 [0m[33m[WARN] [0m# of splitters: 15
14:49:26 [0m[33m[WARN] [0m# of splitters: 23
14:49:26 [0m[33m[WARN] [0m# of splitters: 15
14:49:26 [0m[33m[WARN] [0m# of splitters: 19
14:49:26 [0m[33m[WARN] [0m# of splitters: 14
14:49:26 [0m[33m[WARN] [0m# of splitters: 18
14:49:26 [0m[33m[WARN] [0m# of splitters: 16
14:49:26 [0m[33m[WARN] [0m# of splitters: 18
14:49:26 [0m[33m[WARN] [0m# of splitters: 16
14:49:26 [0m[33m[WARN] [0m# of splitters: 17
14:49:26 [0m[33m[WARN] [0m# of splitters: 14
14:49:26 [0m[33m[WARN] [0m# of splitters: 16
14:49:26 [0m[33m[WARN] [0m# of splitters: 14
14:49:27 [0m[33m[WARN] [0m# of splitters: 15
14:49:27 [0m[33m[WARN] [0m# of splitters: 13
14:49:27 [0m[33m[WARN] [0m# of splitters: 14
14:49:27 [0m[33m[WARN] [0m# of splitters: 12
14:49:27 [0m[33m[WARN] [0m# of splitters: 13
14:49:27 [0m[33m[WARN] [0m# of splitters: 11
14:49:27 [0m[33m[WARN] [0m# of splitters: 12
14:49:27 [0m[33m[WARN] [0m# of splitters: 10
14:49:27 [0m[33m[WARN] [0m# of splitters: 11
14:49:27 [0m[33m[WARN] [0m# of splitters: 8
14:49:27 [0m[33m[WARN] [0m# of splitters: 9
14:49:27 [0m[33m[WARN] [0m# of splitters: 8
14:49:27 [0m[33m[WARN] [0m# of splitters: 9
14:49:27 [0m[33m[WARN] [0m# of splitters: 6
14:49:27 [0m[33m[WARN] [0m# of splitters: 7
14:49:27 [0m[33m[WARN] [0m# of splitters: 6
14:49:27 [0m[33m[WARN] [0m# of splitters: 7
14:49:27 [0m[33m[WARN] [0m# of splitters: 5
14:49:27 [0m[33m[WARN] [0m# of splitters: 5
14:49:27 [0m[33m[WARN] [0m# of splitters: 4
14:49:27 [0m[33m[WARN] [0m# of splitters: 4
generalizing (+2 (+2 ts_ph_Nat_0 ts_ph_Nat_1) ts_ph_Nat_1) = (+2 ts_ph_Nat_0 (+2 ts_ph_Nat_1 ts_ph_Nat_1))
generalized as case_split
14:49:27 [0m[33m[WARN] [0mproved: (+2 (+2 ?ts_ph_Nat_0 ?ts_ph_Nat_1) ?ts_ph_Nat_2) => (+2 ?ts_ph_Nat_0 (+2 ?ts_ph_Nat_1 ?ts_ph_Nat_2))
14:49:27 [0m[33m[WARN] [0mproved: (+2 ?ts_ph_Nat_0 (+2 ?ts_ph_Nat_1 ?ts_ph_Nat_2)) => (+2 (+2 ?ts_ph_Nat_0 ?ts_ph_Nat_1) ?ts_ph_Nat_2)
14:49:27 [0m[33m[WARN] [0m# of splitters: 1
14:49:27 [0m[33m[WARN] [0m# of splitters: 2
14:49:27 [0m[33m[WARN] [0m# of splitters: 1
14:49:27 [0m[33m[WARN] [0m# of splitters: 1
14:49:27 [0m[33m[WARN] [0m# of splitters: 1
14:49:27 [0m[33m[WARN] [0m# of splitters: 2
14:49:27 [0m[33m[WARN] [0m# of splitters: 1
14:49:27 [0m[33m[WARN] [0m# of splitters: 1
14:49:27 [0m[33m[WARN] [0m# of splitters: 1
14:49:27 [0m[33m[WARN] [0m# of splitters: 1
14:49:27 [0m[33m[WARN] [0m# of splitters: 1
14:49:27 [0m[33m[WARN] [0m# of splitters: 1
14:49:27 [0m[33m[WARN] [0m# of splitters: 1
14:49:27 [0m[33m[WARN] [0m# of splitters: 1
14:49:27 [0m[33m[WARN] [0m# of splitters: 1
14:49:27 [0m[33m[WARN] [0m# of splitters: 3
14:49:27 [0m[33m[WARN] [0m# of splitters: 1
14:49:27 [0m[33m[WARN] [0m# of splitters: 2
14:49:27 [0m[33m[WARN] [0m# of splitters: 1
14:49:27 [0m[33m[WARN] [0m# of splitters: 1
14:49:27 [0m[33m[WARN] [0m# of splitters: 1
14:49:27 [0m[33m[WARN] [0m# of splitters: 1
14:49:27 [0m[33m[WARN] [0m# of splitters: 2
14:49:27 [0m[33m[WARN] [0m# of splitters: 1
14:49:27 [0m[33m[WARN] [0m# of splitters: 1
14:49:27 [0m[33m[WARN] [0mproved: (S (S ?ts_ph_Nat_0)) => (S (+2 ?ts_ph_Nat_0 (S Z)))
14:49:27 [0m[33m[WARN] [0mproved: (S (+2 ?ts_ph_Nat_0 (S Z))) => (S (S ?ts_ph_Nat_0))
14:49:27 [0m[33m[WARN] [0m# of splitters: 1
14:49:27 [0m[33m[WARN] [0m# of splitters: 2
14:49:27 [0m[33m[WARN] [0m# of splitters: 1
14:49:27 [0m[33m[WARN] [0m# of splitters: 1
14:49:27 [0m[33m[WARN] [0m# of splitters: 1
14:49:27 [0m[33m[WARN] [0m# of splitters: 2
14:49:27 [0m[33m[WARN] [0m# of splitters: 1
14:49:27 [0m[33m[WARN] [0m# of splitters: 1
14:49:27 [0m[33m[WARN] [0m# of splitters: 1
14:49:27 [0m[33m[WARN] [0m# of splitters: 1
14:49:27 [0m[33m[WARN] [0m# of splitters: 1
14:49:27 [0m[33m[WARN] [0m# of splitters: 1
14:49:27 [0m[33m[WARN] [0m# of splitters: 1
14:49:27 [0m[33m[WARN] [0m# of splitters: 1
14:49:27 [0m[33m[WARN] [0m# of splitters: 1
14:49:27 [0m[33m[WARN] [0m# of splitters: 3
14:49:27 [0m[33m[WARN] [0m# of splitters: 1
14:49:27 [0m[33m[WARN] [0m# of splitters: 2
14:49:27 [0m[33m[WARN] [0m# of splitters: 1
14:49:27 [0m[33m[WARN] [0m# of splitters: 1
14:49:27 [0m[33m[WARN] [0m# of splitters: 1
14:49:27 [0m[33m[WARN] [0m# of splitters: 1
14:49:27 [0m[33m[WARN] [0m# of splitters: 2
14:49:27 [0m[33m[WARN] [0m# of splitters: 1
14:49:27 [0m[33m[WARN] [0m# of splitters: 1
14:49:27 [0m[33m[WARN] [0mproved: (+2 (+2 ?ts_ph_Nat_0 ?ts_ph_Nat_0) (S ?ts_ph_Nat_1)) => (S (+2 ?ts_ph_Nat_0 (+2 ?ts_ph_Nat_0 ?ts_ph_Nat_1)))
14:49:27 [0m[33m[WARN] [0mproved: (S (+2 ?ts_ph_Nat_0 (+2 ?ts_ph_Nat_0 ?ts_ph_Nat_1))) => (+2 (+2 ?ts_ph_Nat_0 ?ts_ph_Nat_0) (S ?ts_ph_Nat_1))
14:49:27 [0m[33m[WARN] [0m# of splitters: 1
14:49:27 [0m[33m[WARN] [0m# of splitters: 2
14:49:27 [0m[33m[WARN] [0m# of splitters: 1
14:49:27 [0m[33m[WARN] [0m# of splitters: 1
14:49:27 [0m[33m[WARN] [0m# of splitters: 1
14:49:27 [0m[33m[WARN] [0m# of splitters: 2
14:49:27 [0m[33m[WARN] [0m# of splitters: 1
14:49:27 [0m[33m[WARN] [0m# of splitters: 1
14:49:27 [0m[33m[WARN] [0m# of splitters: 1
14:49:27 [0m[33m[WARN] [0m# of splitters: 1
14:49:27 [0m[33m[WARN] [0m# of splitters: 1
14:49:27 [0m[33m[WARN] [0m# of splitters: 1
14:49:27 [0m[33m[WARN] [0m# of splitters: 1
14:49:27 [0m[33m[WARN] [0m# of splitters: 1
14:49:27 [0m[33m[WARN] [0m# of splitters: 1
14:49:27 [0m[33m[WARN] [0m# of splitters: 3
14:49:27 [0m[33m[WARN] [0m# of splitters: 1
14:49:27 [0m[33m[WARN] [0m# of splitters: 2
14:49:27 [0m[33m[WARN] [0m# of splitters: 1
14:49:27 [0m[33m[WARN] [0m# of splitters: 1
14:49:27 [0m[33m[WARN] [0m# of splitters: 1
14:49:27 [0m[33m[WARN] [0m# of splitters: 1
14:49:27 [0m[33m[WARN] [0m# of splitters: 2
14:49:27 [0m[33m[WARN] [0m# of splitters: 1
14:49:27 [0m[33m[WARN] [0m# of splitters: 1
14:49:27 [0m[33m[WARN] [0mproved: (+2 ?ts_ph_Nat_0 (S ?ts_ph_Nat_0)) => (+2 (+2 ?ts_ph_Nat_0 ?ts_ph_Nat_0) (S Z))
14:49:27 [0m[33m[WARN] [0mproved: (+2 (+2 ?ts_ph_Nat_0 ?ts_ph_Nat_0) (S Z)) => (+2 ?ts_ph_Nat_0 (S ?ts_ph_Nat_0))
14:49:27 [0m[33m[WARN] [0m# of splitters: 1
14:49:27 [0m[33m[WARN] [0m# of splitters: 2
14:49:27 [0m[33m[WARN] [0m# of splitters: 1
14:49:27 [0m[33m[WARN] [0m# of splitters: 1
14:49:27 [0m[33m[WARN] [0m# of splitters: 1
14:49:27 [0m[33m[WARN] [0m# of splitters: 2
14:49:27 [0m[33m[WARN] [0m# of splitters: 1
14:49:27 [0m[33m[WARN] [0m# of splitters: 1
14:49:27 [0m[33m[WARN] [0m# of splitters: 1
14:49:27 [0m[33m[WARN] [0m# of splitters: 1
14:49:27 [0m[33m[WARN] [0m# of splitters: 1
14:49:27 [0m[33m[WARN] [0m# of splitters: 1
14:49:27 [0m[33m[WARN] [0m# of splitters: 1
14:49:27 [0m[33m[WARN] [0m# of splitters: 1
14:49:27 [0m[33m[WARN] [0m# of splitters: 1
14:49:27 [0m[33m[WARN] [0m# of splitters: 3
14:49:27 [0m[33m[WARN] [0m# of splitters: 1
14:49:27 [0m[33m[WARN] [0m# of splitters: 2
14:49:27 [0m[33m[WARN] [0m# of splitters: 1
14:49:27 [0m[33m[WARN] [0m# of splitters: 1
14:49:27 [0m[33m[WARN] [0m# of splitters: 1
14:49:27 [0m[33m[WARN] [0m# of splitters: 1
14:49:27 [0m[33m[WARN] [0m# of splitters: 2
14:49:27 [0m[33m[WARN] [0m# of splitters: 1
14:49:27 [0m[33m[WARN] [0m# of splitters: 1
14:49:27 [0m[33m[WARN] [0m# of splitters: 2
14:49:27 [0m[33m[WARN] [0m# of splitters: 1
14:49:27 [0m[33m[WARN] [0m# of splitters: 2
14:49:27 [0m[33m[WARN] [0m# of splitters: 1
14:49:27 [0m[33m[WARN] [0mproved: (drop ?ts_ph_Nat_0 (cons ?ts_ph_sk_1 nil)) => (drop (+2 ?ts_ph_Nat_0 ?ts_ph_Nat_0) (cons ?ts_ph_sk_1 nil))
14:49:27 [0m[33m[WARN] [0mproved: (drop (+2 ?ts_ph_Nat_0 ?ts_ph_Nat_0) (cons ?ts_ph_sk_1 nil)) => (drop ?ts_ph_Nat_0 (cons ?ts_ph_sk_1 nil))
14:49:27 [0m[33m[WARN] [0m# of splitters: 1
14:49:27 [0m[33m[WARN] [0m# of splitters: 2
14:49:27 [0m[33m[WARN] [0m# of splitters: 1
14:49:27 [0m[33m[WARN] [0m# of splitters: 1
14:49:27 [0m[33m[WARN] [0m# of splitters: 1
14:49:27 [0m[33m[WARN] [0m# of splitters: 2
14:49:27 [0m[33m[WARN] [0m# of splitters: 1
14:49:27 [0m[33m[WARN] [0m# of splitters: 1
14:49:27 [0m[33m[WARN] [0m# of splitters: 1
14:49:27 [0m[33m[WARN] [0m# of splitters: 1
14:49:27 [0m[33m[WARN] [0m# of splitters: 1
14:49:27 [0m[33m[WARN] [0m# of splitters: 1
14:49:27 [0m[33m[WARN] [0m# of splitters: 1
14:49:27 [0m[33m[WARN] [0m# of splitters: 1
14:49:27 [0m[33m[WARN] [0m# of splitters: 1
14:49:27 [0m[33m[WARN] [0m# of splitters: 3
14:49:27 [0m[33m[WARN] [0m# of splitters: 1
14:49:27 [0m[33m[WARN] [0m# of splitters: 2
14:49:27 [0m[33m[WARN] [0m# of splitters: 1
14:49:27 [0m[33m[WARN] [0m# of splitters: 1
14:49:27 [0m[33m[WARN] [0m# of splitters: 1
14:49:27 [0m[33m[WARN] [0m# of splitters: 1
14:49:27 [0m[33m[WARN] [0m# of splitters: 2
14:49:27 [0m[33m[WARN] [0m# of splitters: 1
14:49:27 [0m[33m[WARN] [0m# of splitters: 1
14:49:27 [0m[33m[WARN] [0mproved: (+2 ?ts_ph_Nat_0 (S ?ts_ph_Nat_1)) => (S (+2 ?ts_ph_Nat_0 ?ts_ph_Nat_1))
14:49:27 [0m[33m[WARN] [0mproved: (S (+2 ?ts_ph_Nat_0 ?ts_ph_Nat_1)) => (+2 ?ts_ph_Nat_0 (S ?ts_ph_Nat_1))
14:49:27 [0m[33m[WARN] [0m# of splitters: 2
14:49:27 [0m[33m[WARN] [0m# of splitters: 6
14:49:27 [0m[33m[WARN] [0m# of splitters: 1
14:49:27 [0m[33m[WARN] [0m# of splitters: 8
14:49:27 [0m[33m[WARN] [0m# of splitters: 6
14:49:27 [0m[33m[WARN] [0m# of splitters: 12
14:49:27 [0m[33m[WARN] [0m# of splitters: 6
14:49:27 [0m[33m[WARN] [0m# of splitters: 11
14:49:27 [0m[33m[WARN] [0m# of splitters: 10
14:49:27 [0m[33m[WARN] [0m# of splitters: 5
14:49:27 [0m[33m[WARN] [0m# of splitters: 5
14:49:27 [0m[33m[WARN] [0m# of splitters: 4
14:49:27 [0m[33m[WARN] [0m# of splitters: 2
14:49:27 [0m[33m[WARN] [0m# of splitters: 1
14:49:27 [0m[33m[WARN] [0m# of splitters: 1
14:49:27 [0m[33m[WARN] [0m# of splitters: 3
proved: (drop ?ts_ph_Nat_1 (drop ?ts_ph_Nat_0 ?ts_ph_list_1)) => (drop (+2 ?ts_ph_Nat_1 ?ts_ph_Nat_0) ?ts_ph_list_1)
proved: (drop (+2 ?ts_ph_Nat_1 ?ts_ph_Nat_0) ?ts_ph_list_1) => (drop ?ts_ph_Nat_1 (drop ?ts_ph_Nat_0 ?ts_ph_list_1))
14:49:27 [0m[33m[WARN] [0mFound all lemmas
done in 1533
