20:13:21 [WARN] Collecting statistics
20:13:21 [WARN]  ex is: Z
20:13:21 [WARN]  ex is: (S Z)
20:13:21 [WARN]  ex is: (S (S Z))
20:13:21 [WARN]  ex is: nil
20:13:21 [WARN]  ex is: (cons autovar_Nat_0 nil)
20:13:21 [WARN]  ex is: (cons autovar_Nat_1 (cons autovar_Nat_0 nil))
20:13:21 [WARN] Proof mode: false
20:13:21 [WARN]  ex is: Z
20:13:21 [WARN]  ex is: (S Z)
20:13:21 [WARN]  ex is: (S (S Z))
20:13:21 [WARN]  ex is: nil
20:13:21 [WARN]  ex is: (cons autovar_Nat_0 nil)
20:13:21 [WARN]  ex is: (cons autovar_Nat_1 (cons autovar_Nat_0 nil))
20:13:21 [WARN] Proof mode: false
20:13:21 [WARN] proved: (== ?ts_ph_Nat_0 ?ts_ph_Nat_0) => true
20:13:21 [WARN] proved: (== Z ?ts_ph_Nat_0) => (== ?ts_ph_Nat_0 Z)
20:13:21 [WARN] proved: (== ?ts_ph_Nat_0 Z) => (== Z ?ts_ph_Nat_0)
20:13:21 [WARN] proved: (== ?ts_ph_Nat_0 (S ?ts_ph_Nat_0)) => false
20:13:21 [WARN] proved: (== (S ?ts_ph_Nat_0) ?ts_ph_Nat_0) => false
20:13:21 [WARN] proved: (== ?ts_ph_Nat_0 (S Z)) => (== (S Z) ?ts_ph_Nat_0)
20:13:21 [WARN] proved: (== (S Z) ?ts_ph_Nat_0) => (== ?ts_ph_Nat_0 (S Z))
