12:01:57 [WARN] Collecting statistics
12:01:57 [WARN]  ex is: nil
12:01:57 [WARN]  ex is: (cons autovar_sk_0 nil)
12:01:57 [WARN]  ex is: (cons autovar_sk_1 (cons autovar_sk_0 nil))
12:01:57 [WARN]  ex is: Z
12:01:57 [WARN]  ex is: (S Z)
12:01:57 [WARN]  ex is: (S (S Z))
12:01:57 [WARN] Proof mode: false
12:01:57 [WARN]  ex is: nil
12:01:57 [WARN]  ex is: (cons autovar_sk_0 nil)
12:01:57 [WARN]  ex is: (cons autovar_sk_1 (cons autovar_sk_0 nil))
12:01:57 [WARN]  ex is: Z
12:01:57 [WARN]  ex is: (S Z)
12:01:57 [WARN]  ex is: (S (S Z))
12:01:57 [WARN] Proof mode: false
12:01:57 [WARN] proved: (++ ?ts_ph_list_0 nil) => ?ts_ph_list_0
12:01:57 [WARN] proved: (-2 ?ts_ph_Nat_0 Z) => ?ts_ph_Nat_0
12:01:57 [WARN] proved: (take ?ts_ph_Nat_0 nil) => nil
12:01:57 [WARN] proved: (-2 ?ts_ph_Nat_0 ?ts_ph_Nat_0) => Z
12:01:58 [WARN] proved: (drop ?ts_ph_Nat_0 nil) => nil
12:02:04 [WARN] proved: (take (len ?ts_ph_list_0) ?ts_ph_list_0) => ?ts_ph_list_0
12:02:08 [WARN] proved: (drop (len ?ts_ph_list_0) ?ts_ph_list_0) => nil
12:02:11 [WARN] proved: (-2 ?ts_ph_Nat_0 (S ?ts_ph_Nat_0)) => Z
12:02:16 [WARN] proved: (-2 (S ?ts_ph_Nat_0) ?ts_ph_Nat_0) => (S Z)
12:02:25 [WARN] proved: (++ (++ ?ts_ph_list_0 ?ts_ph_list_1) ?ts_ph_list_2) => (++ ?ts_ph_list_0 (++ ?ts_ph_list_1 ?ts_ph_list_2))
12:02:25 [WARN] proved: (++ ?ts_ph_list_0 (++ ?ts_ph_list_1 ?ts_ph_list_2)) => (++ (++ ?ts_ph_list_0 ?ts_ph_list_1) ?ts_ph_list_2)
12:02:41 [WARN] proved: (drop (len ?ts_ph_list_0) (++ ?ts_ph_list_0 ?ts_ph_list_1)) => ?ts_ph_list_1
12:03:12 [WARN] proved: (take (len ?ts_ph_list_0) (++ ?ts_ph_list_0 ?ts_ph_list_1)) => ?ts_ph_list_0
12:04:19 [WARN] proved: (take (S Z) ?ts_ph_list_0) => (take (S Z) (++ ?ts_ph_list_0 ?ts_ph_list_0))
12:04:19 [WARN] proved: (take (S Z) (++ ?ts_ph_list_0 ?ts_ph_list_0)) => (take (S Z) ?ts_ph_list_0)
