17:00:46 [0m[33m[WARN] [0mCollecting statistics
(zip nil2 ?y) => nil
(zip (cons2 ?z ?x2) nil2) => nil
(zip (cons2 ?z ?x2) (cons2 ?x3 ?x4)) => (cons (pair2 ?z ?x3) (zip ?x2 ?x4))
(cons (pair2 ?z ?x3) (zip ?x2 ?x4)) => (zip (cons2 ?z ?x2) (cons2 ?x3 ?x4))
(zipConcat ?x ?y nil2) => nil
(zipConcat ?x ?y (cons2 ?y2 ?ys)) => (cons (pair2 ?x ?y2) (zip ?y ?ys))
(cons (pair2 ?x ?y2) (zip ?y ?ys)) => (zipConcat ?x ?y (cons2 ?y2 ?ys))
Searcher: (zip ?autovar11 nil2)
Searcher: (zip ?autovar11 (cons2 ?autovar5 ?autovar6))
Searcher: (zip (cons2 ?autovar7 ?autovar8) ?autovar12)
Searcher: (zip (cons2 ?autovar9 ?autovar10) ?autovar12)
17:00:46 [0m[33m[WARN] [0m ex is: nil2
17:00:46 [0m[33m[WARN] [0m ex is: (cons2 autovar_sk_0 nil2)
17:00:46 [0m[33m[WARN] [0m ex is: (cons2 autovar_sk_1 (cons2 autovar_sk_0 nil2))
17:00:46 [0m[33m[WARN] [0mProof mode: false
17:00:46 [0m[33m[WARN] [0m ex is: nil2
17:00:46 [0m[33m[WARN] [0m ex is: (cons2 autovar_sk_0 nil2)
17:00:46 [0m[33m[WARN] [0m ex is: (cons2 autovar_sk_1 (cons2 autovar_sk_0 nil2))
17:00:46 [0m[33m[WARN] [0mProof mode: false
17:00:46 [0m[33m[WARN] [0mproved: (zip ?ts_ph_list2_0 nil2) => nil
17:00:46 [0m[33m[WARN] [0mproved: (zipConcat ?ts_ph_sk_1 ?ts_ph_list2_1 ?ts_ph_list2_0) => (zip (cons2 ?ts_ph_sk_1 ?ts_ph_list2_1) ?ts_ph_list2_0)
17:00:46 [0m[33m[WARN] [0mproved: (zip (cons2 ?ts_ph_sk_1 ?ts_ph_list2_1) ?ts_ph_list2_0) => (zipConcat ?ts_ph_sk_1 ?ts_ph_list2_1 ?ts_ph_list2_0)
done in 72
