16:57:43 [0m[33m[WARN] [0mCollecting statistics
16:57:43 [0m[33m[WARN] [0mproof mode false
(== Z Z) => true
(== Z (S ?z)) => false
(== (S ?x2) Z) => false
(== (S ?x2) (S ?y2)) => (== ?x2 ?y2)
(== ?x2 ?y2) => (== (S ?x2) (S ?y2))
(count ?x nil) => Z
(count ?x (cons ?z ?ys)) => (count ?x ?ys)
(count ?x (cons ?z ?ys)) => (S (count ?x ?ys))
Searcher: (== ?autovar7 Z)
Searcher: (== ?autovar7 (S ?autovar1))
Searcher: (== ?autovar7 Z)
Searcher: (== ?autovar7 (S ?autovar4))
Searcher: (== Z ?autovar8)
Searcher: (== Z ?autovar8)
Searcher: (== (S ?autovar5) ?autovar8)
Searcher: (== (S ?autovar6) ?autovar8)
16:57:43 [0m[33m[WARN] [0m ex is: Z
16:57:43 [0m[33m[WARN] [0m ex is: (S Z)
16:57:43 [0m[33m[WARN] [0m ex is: (S (S Z))
16:57:43 [0m[33m[WARN] [0m ex is: nil
16:57:43 [0m[33m[WARN] [0m ex is: (cons autovar_Nat_0 nil)
16:57:43 [0m[33m[WARN] [0m ex is: (cons autovar_Nat_1 (cons autovar_Nat_0 nil))
16:57:43 [0m[33m[WARN] [0mProof mode: false
16:57:43 [0m[33m[WARN] [0m ex is: Z
16:57:43 [0m[33m[WARN] [0m ex is: (S Z)
16:57:43 [0m[33m[WARN] [0m ex is: (S (S Z))
16:57:43 [0m[33m[WARN] [0m ex is: nil
16:57:43 [0m[33m[WARN] [0m ex is: (cons autovar_Nat_0 nil)
16:57:43 [0m[33m[WARN] [0m ex is: (cons autovar_Nat_1 (cons autovar_Nat_0 nil))
16:57:43 [0m[33m[WARN] [0mProof mode: false
16:57:43 [0m[33m[WARN] [0mproved: (== ?ts_ph_Nat_0 Z) => (== Z ?ts_ph_Nat_0)
16:57:43 [0m[33m[WARN] [0mproved: (== Z ?ts_ph_Nat_0) => (== ?ts_ph_Nat_0 Z)
16:57:43 [0m[33m[WARN] [0mproved: (== ?ts_ph_Nat_0 ?ts_ph_Nat_0) => true
16:57:44 [0m[33m[WARN] [0mproved: (== (S ?ts_ph_Nat_0) ?ts_ph_Nat_0) => false
16:57:44 [0m[33m[WARN] [0mproved: (== ?ts_ph_Nat_0 (S ?ts_ph_Nat_0)) => false
16:57:44 [0m[33m[WARN] [0mproved: (== ?ts_ph_Nat_0 (S Z)) => (== (S Z) ?ts_ph_Nat_0)
16:57:44 [0m[33m[WARN] [0mproved: (== (S Z) ?ts_ph_Nat_0) => (== ?ts_ph_Nat_0 (S Z))
done in 165
