20:13:15 [0m[33m[WARN] [0mCollecting statistics
(filter ?x nil) => nil
(filter ?x (cons ?z ?xs)) => (cons ?z (filter ?x ?xs))
(filter ?x (cons ?z ?xs)) => (cons ?z (filter ?x ?xs))
(filter ?x (cons ?z ?xs)) => (filter ?x ?xs)
(++ nil ?y) => ?y
(++ (cons ?z ?xs) ?y) => (cons ?z (++ ?xs ?y))
(cons ?z (++ ?xs ?y)) => (++ (cons ?z ?xs) ?y)
20:13:15 [0m[33m[WARN] [0m ex is: nil
20:13:15 [0m[33m[WARN] [0m ex is: (cons autovar_sk_0 nil)
20:13:15 [0m[33m[WARN] [0m ex is: (cons autovar_sk_1 (cons autovar_sk_0 nil))
20:13:15 [0m[33m[WARN] [0mProof mode: false
20:13:15 [0m[33m[WARN] [0m ex is: nil
20:13:15 [0m[33m[WARN] [0m ex is: (cons autovar_sk_0 nil)
20:13:15 [0m[33m[WARN] [0m ex is: (cons autovar_sk_1 (cons autovar_sk_0 nil))
20:13:15 [0m[33m[WARN] [0mProof mode: false
20:13:15 [0m[33m[WARN] [0mproved: (++ ?ts_ph_list_0 nil) => ?ts_ph_list_0
20:13:15 [0m[33m[WARN] [0mproved: (++ ?ts_ph_list_0 (++ ?ts_ph_list_1 ?ts_ph_list_2)) => (++ (++ ?ts_ph_list_0 ?ts_ph_list_1) ?ts_ph_list_2)
20:13:15 [0m[33m[WARN] [0mproved: (++ (++ ?ts_ph_list_0 ?ts_ph_list_1) ?ts_ph_list_2) => (++ ?ts_ph_list_0 (++ ?ts_ph_list_1 ?ts_ph_list_2))
done in 64
