11:01:54 [WARN] Collecting statistics
11:01:54 [WARN]  ex is: Z
11:01:54 [WARN]  ex is: (S Z)
11:01:54 [WARN]  ex is: (S (S Z))
11:01:54 [WARN] Proof mode: false
11:01:54 [WARN]  ex is: Z
11:01:54 [WARN]  ex is: (S Z)
11:01:54 [WARN]  ex is: (S (S Z))
11:01:54 [WARN] Proof mode: false
11:01:54 [WARN] proved: (+2 ?ts_ph_Nat_0 Z) => ?ts_ph_Nat_0
11:01:54 [WARN] proved: (<=2 ?ts_ph_Nat_0 ?ts_ph_Nat_0) => true
11:01:54 [WARN] proved: (S (+2 ?ts_ph_Nat_0 ?ts_ph_Nat_1)) => (+2 ?ts_ph_Nat_0 (S ?ts_ph_Nat_1))
11:01:54 [WARN] proved: (+2 ?ts_ph_Nat_0 (S ?ts_ph_Nat_1)) => (S (+2 ?ts_ph_Nat_0 ?ts_ph_Nat_1))
11:01:54 [WARN] proved: (+2 ?ts_ph_Nat_1 ?ts_ph_Nat_0) => (+2 ?ts_ph_Nat_0 ?ts_ph_Nat_1)
11:01:54 [WARN] proved: (+2 ?ts_ph_Nat_0 ?ts_ph_Nat_1) => (+2 ?ts_ph_Nat_1 ?ts_ph_Nat_0)
11:01:54 [WARN] proved: (<=2 ?ts_ph_Nat_0 (S ?ts_ph_Nat_0)) => true
11:01:54 [WARN] proved: (<=2 (S ?ts_ph_Nat_0) ?ts_ph_Nat_0) => false
11:01:54 [WARN] proved: (+2 ?ts_ph_Nat_0 (+2 ?ts_ph_Nat_1 ?ts_ph_Nat_2)) => (+2 ?ts_ph_Nat_1 (+2 ?ts_ph_Nat_0 ?ts_ph_Nat_2))
11:01:54 [WARN] proved: (+2 ?ts_ph_Nat_1 (+2 ?ts_ph_Nat_0 ?ts_ph_Nat_2)) => (+2 ?ts_ph_Nat_0 (+2 ?ts_ph_Nat_1 ?ts_ph_Nat_2))
11:01:54 [WARN] proved: (<=2 ?ts_ph_Nat_0 (+2 ?ts_ph_Nat_0 ?ts_ph_Nat_1)) => true
11:01:54 [WARN] proved: (<=2 (+2 ?ts_ph_Nat_0 ?ts_ph_Nat_1) ?ts_ph_Nat_0) => (<=2 ?ts_ph_Nat_1 Z)
11:01:54 [WARN] proved: (<=2 ?ts_ph_Nat_0 Z) => (<=2 (+2 ?ts_ph_Nat_0 ?ts_ph_Nat_0) Z)
11:01:54 [WARN] proved: (<=2 (+2 ?ts_ph_Nat_0 ?ts_ph_Nat_0) Z) => (<=2 ?ts_ph_Nat_0 Z)
11:01:54 [WARN] proved: (<=2 (+2 ?ts_ph_Nat_0 ?ts_ph_Nat_1) (S ?ts_ph_Nat_1)) => (<=2 ?ts_ph_Nat_0 (S Z))
11:01:54 [WARN] proved: (<=2 (S ?ts_ph_Nat_1) (+2 ?ts_ph_Nat_0 ?ts_ph_Nat_1)) => (<=2 (S Z) ?ts_ph_Nat_0)
11:01:54 [WARN] proved: (<=2 (+2 ?ts_ph_Nat_0 ?ts_ph_Nat_0) (S Z)) => (<=2 ?ts_ph_Nat_0 Z)
11:01:54 [WARN] proved: (<=2 ?ts_ph_Nat_0 Z) => (<=2 (+2 ?ts_ph_Nat_0 ?ts_ph_Nat_0) (S Z))
11:01:55 [WARN] proved: (<=2 (S Z) ?ts_ph_Nat_0) => (<=2 (S Z) (+2 ?ts_ph_Nat_0 ?ts_ph_Nat_0))
11:01:55 [WARN] proved: (<=2 (S Z) (+2 ?ts_ph_Nat_0 ?ts_ph_Nat_0)) => (<=2 (S Z) ?ts_ph_Nat_0)
