Collecting statistics
(last nil) => Z
Z => (last nil)
(last (cons ?y nil)) => ?y
(last (cons ?y (cons ?x2 ?x3))) => (last (cons ?x2 ?x3))
(<2 ?x Z) => false
(<2 Z (S ?z)) => true
(<2 (S ?x2) (S ?z)) => (<2 ?x2 ?z)
(<2 ?x2 ?z) => (<2 (S ?x2) (S ?z))
(len nil) => Z
Z => (len nil)
(len (cons ?y ?xs)) => (S (len ?xs))
(drop Z ?y0) => ?y0
(drop (S ?z) nil) => nil
(drop (S ?z) (cons ?x2 ?x3)) => (drop ?z ?x3)
(drop ?autovar7 nil) => (potential_split ?autovar7 Z (S (param_Nat_0 ?autovar7))) if Cond(var: ?autovar7, pat: Z) Cond(var: ?autovar7, pat: (S ?param_0))
(drop ?autovar7 (cons ?autovar3 ?autovar4)) => (potential_split ?autovar7 Z (S (param_Nat_0 ?autovar7))) if Cond(var: ?autovar7, pat: Z) Cond(var: ?autovar7, pat: (S ?param_0))
(drop (S ?autovar5) ?autovar8) => (potential_split ?autovar8 nil (cons (param_list_0 ?autovar8) (param_list_1 ?autovar8))) if Cond(var: ?autovar8, pat: nil) Cond(var: ?autovar8, pat: (cons ?param_0 ?param_1))
(drop (S ?autovar6) ?autovar8) => (potential_split ?autovar8 nil (cons (param_list_0 ?autovar8) (param_list_1 ?autovar8))) if Cond(var: ?autovar8, pat: nil) Cond(var: ?autovar8, pat: (cons ?param_0 ?param_1))
(<2 ?autovar5 (S ?autovar1)) => (potential_split ?autovar5 Z (S (param_Nat_0 ?autovar5))) if Cond(var: ?autovar5, pat: Z) Cond(var: ?autovar5, pat: (S ?param_0))
(<2 ?autovar5 (S ?autovar3)) => (potential_split ?autovar5 Z (S (param_Nat_0 ?autovar5))) if Cond(var: ?autovar5, pat: Z) Cond(var: ?autovar5, pat: (S ?param_0))
(<2 Z ?autovar6) => (potential_split ?autovar6 Z (S (param_Nat_0 ?autovar6))) if Cond(var: ?autovar6, pat: Z) Cond(var: ?autovar6, pat: (S ?param_0))
(<2 (S ?autovar4) ?autovar6) => (potential_split ?autovar6 Z (S (param_Nat_0 ?autovar6))) if Cond(var: ?autovar6, pat: Z) Cond(var: ?autovar6, pat: (S ?param_0))
 ex is: Z
 ex is: (S Z)
 ex is: (S (S Z))
 ex is: nil
 ex is: (cons autovar_Nat_0 nil)
 ex is: (cons autovar_Nat_1 (cons autovar_Nat_0 nil))
 ex is: Z
 ex is: (S Z)
 ex is: (S (S Z))
 ex is: nil
 ex is: (cons autovar_Nat_0 nil)
 ex is: (cons autovar_Nat_1 (cons autovar_Nat_0 nil))
Running TheSy on datatypes: Nat list dict: len last drop <2 Z S nil cons
14:49:26 [0m[33m[WARN] [0m# of splitters: 1
14:49:26 [0m[33m[WARN] [0m# of splitters: 3
14:49:26 [0m[33m[WARN] [0m# of splitters: 2
14:49:26 [0m[33m[WARN] [0m# of splitters: 1
14:49:26 [0m[33m[WARN] [0m# of splitters: 1
14:49:26 [0m[33m[WARN] [0m# of splitters: 2
14:49:26 [0m[33m[WARN] [0m# of splitters: 2
14:49:26 [0m[33m[WARN] [0m# of splitters: 1
14:49:26 [0m[33m[WARN] [0m# of splitters: 1
14:49:26 [0m[33m[WARN] [0m# of splitters: 1
14:49:26 [0m[33m[WARN] [0m# of splitters: 73
14:49:26 [0m[33m[WARN] [0m# of splitters: 1
14:49:26 [0m[33m[WARN] [0m# of splitters: 71
14:49:26 [0m[33m[WARN] [0m# of splitters: 1
14:49:26 [0m[33m[WARN] [0m# of splitters: 1
14:49:26 [0m[33m[WARN] [0m# of splitters: 72
14:49:26 [0m[33m[WARN] [0m# of splitters: 55
14:49:26 [0m[33m[WARN] [0m# of splitters: 478
14:49:26 [0m[33m[WARN] [0m# of splitters: 460
14:49:26 [0m[33m[WARN] [0m# of splitters: 253
14:49:26 [0m[33m[WARN] [0m# of splitters: 459
14:49:26 [0m[33m[WARN] [0m# of splitters: 252
14:49:26 [0m[33m[WARN] [0m# of splitters: 458
14:49:27 [0m[33m[WARN] [0m# of splitters: 252
14:49:27 [0m[33m[WARN] [0m# of splitters: 443
14:49:27 [0m[33m[WARN] [0m# of splitters: 251
14:49:27 [0m[33m[WARN] [0m# of splitters: 442
14:49:27 [0m[33m[WARN] [0m# of splitters: 31
14:49:27 [0m[33m[WARN] [0m# of splitters: 217
14:49:27 [0m[33m[WARN] [0m# of splitters: 440
14:49:27 [0m[33m[WARN] [0m# of splitters: 440
14:49:27 [0m[33m[WARN] [0m# of splitters: 424
14:49:28 [0m[33m[WARN] [0m# of splitters: 439
14:49:28 [0m[33m[WARN] [0m# of splitters: 423
14:49:28 [0m[33m[WARN] [0m# of splitters: 438
14:49:28 [0m[33m[WARN] [0m# of splitters: 422
14:49:28 [0m[33m[WARN] [0m# of splitters: 437
14:49:28 [0m[33m[WARN] [0m# of splitters: 421
14:49:29 [0m[33m[WARN] [0m# of splitters: 436
14:49:29 [0m[33m[WARN] [0m# of splitters: 420
14:49:29 [0m[33m[WARN] [0m# of splitters: 435
14:49:29 [0m[33m[WARN] [0m# of splitters: 1
14:49:29 [0m[33m[WARN] [0m# of splitters: 1
Starting depth 1
14:49:29 [0m[33m[WARN] [0m# of splitters: 4
14:49:29 [0m[33m[WARN] [0m# of splitters: 3
14:49:29 [0m[33m[WARN] [0m# of splitters: 4
14:49:29 [0m[33m[WARN] [0m# of splitters: 2
14:49:29 [0m[33m[WARN] [0m# of splitters: 3
14:49:29 [0m[33m[WARN] [0m# of splitters: 1
14:49:29 [0m[33m[WARN] [0m# of splitters: 2
14:49:29 [0m[33m[WARN] [0m# of splitters: 1
14:49:29 [0m[33m[WARN] [0mproved: (drop ?ts_ph_Nat_0 nil) => nil
14:49:29 [0m[33m[WARN] [0m# of splitters: 1
14:49:29 [0m[33m[WARN] [0m# of splitters: 3
14:49:29 [0m[33m[WARN] [0m# of splitters: 2
14:49:29 [0m[33m[WARN] [0m# of splitters: 1
14:49:29 [0m[33m[WARN] [0m# of splitters: 1
14:49:29 [0m[33m[WARN] [0m# of splitters: 1
14:49:29 [0m[33m[WARN] [0m# of splitters: 2
14:49:29 [0m[33m[WARN] [0m# of splitters: 1
14:49:29 [0m[33m[WARN] [0m# of splitters: 1
14:49:29 [0m[33m[WARN] [0m# of splitters: 1
14:49:29 [0m[33m[WARN] [0m# of splitters: 72
14:49:29 [0m[33m[WARN] [0m# of splitters: 1
14:49:29 [0m[33m[WARN] [0m# of splitters: 70
14:49:29 [0m[33m[WARN] [0m# of splitters: 1
14:49:29 [0m[33m[WARN] [0m# of splitters: 1
14:49:29 [0m[33m[WARN] [0m# of splitters: 71
14:49:29 [0m[33m[WARN] [0m# of splitters: 54
14:49:29 [0m[33m[WARN] [0m# of splitters: 447
14:49:29 [0m[33m[WARN] [0m# of splitters: 445
14:49:30 [0m[33m[WARN] [0m# of splitters: 478
14:49:30 [0m[33m[WARN] [0m# of splitters: 444
14:49:30 [0m[33m[WARN] [0m# of splitters: 477
14:49:30 [0m[33m[WARN] [0m# of splitters: 443
14:49:30 [0m[33m[WARN] [0m# of splitters: 252
14:49:30 [0m[33m[WARN] [0m# of splitters: 442
14:49:30 [0m[33m[WARN] [0m# of splitters: 251
14:49:30 [0m[33m[WARN] [0m# of splitters: 441
14:49:30 [0m[33m[WARN] [0m# of splitters: 30
14:49:30 [0m[33m[WARN] [0m# of splitters: 216
14:49:30 [0m[33m[WARN] [0m# of splitters: 425
14:49:30 [0m[33m[WARN] [0m# of splitters: 439
14:49:30 [0m[33m[WARN] [0m# of splitters: 1
14:49:30 [0m[33m[WARN] [0m# of splitters: 1
14:49:30 [0m[33m[WARN] [0mproved: (<2 ?ts_ph_Nat_0 ?ts_ph_Nat_0) => false
14:49:30 [0m[33m[WARN] [0m# of splitters: 1
14:49:30 [0m[33m[WARN] [0m# of splitters: 3
14:49:30 [0m[33m[WARN] [0m# of splitters: 2
14:49:30 [0m[33m[WARN] [0m# of splitters: 1
14:49:30 [0m[33m[WARN] [0m# of splitters: 1
14:49:30 [0m[33m[WARN] [0m# of splitters: 1
14:49:30 [0m[33m[WARN] [0m# of splitters: 2
14:49:30 [0m[33m[WARN] [0m# of splitters: 1
14:49:30 [0m[33m[WARN] [0m# of splitters: 1
14:49:30 [0m[33m[WARN] [0m# of splitters: 1
14:49:30 [0m[33m[WARN] [0m# of splitters: 72
14:49:30 [0m[33m[WARN] [0m# of splitters: 1
14:49:30 [0m[33m[WARN] [0m# of splitters: 70
14:49:31 [0m[33m[WARN] [0m# of splitters: 1
14:49:31 [0m[33m[WARN] [0m# of splitters: 1
14:49:31 [0m[33m[WARN] [0m# of splitters: 71
14:49:31 [0m[33m[WARN] [0m# of splitters: 54
14:49:31 [0m[33m[WARN] [0m# of splitters: 447
14:49:31 [0m[33m[WARN] [0m# of splitters: 445
14:49:31 [0m[33m[WARN] [0m# of splitters: 478
14:49:31 [0m[33m[WARN] [0m# of splitters: 444
14:49:31 [0m[33m[WARN] [0m# of splitters: 477
14:49:31 [0m[33m[WARN] [0m# of splitters: 443
14:49:31 [0m[33m[WARN] [0m# of splitters: 252
14:49:31 [0m[33m[WARN] [0m# of splitters: 442
14:49:31 [0m[33m[WARN] [0m# of splitters: 267
14:49:31 [0m[33m[WARN] [0m# of splitters: 441
14:49:31 [0m[33m[WARN] [0m# of splitters: 282
14:49:31 [0m[33m[WARN] [0m# of splitters: 440
14:49:31 [0m[33m[WARN] [0m# of splitters: 297
14:49:32 [0m[33m[WARN] [0m# of splitters: 439
14:49:32 [0m[33m[WARN] [0m# of splitters: 28
14:49:32 [0m[33m[WARN] [0m# of splitters: 214
14:49:32 [0m[33m[WARN] [0m# of splitters: 423
14:49:32 [0m[33m[WARN] [0m# of splitters: 437
14:49:32 [0m[33m[WARN] [0m# of splitters: 422
14:49:32 [0m[33m[WARN] [0m# of splitters: 436
14:49:32 [0m[33m[WARN] [0m# of splitters: 421
14:49:32 [0m[33m[WARN] [0m# of splitters: 435
14:49:32 [0m[33m[WARN] [0m# of splitters: 420
14:49:33 [0m[33m[WARN] [0m# of splitters: 434
14:49:33 [0m[33m[WARN] [0m# of splitters: 1
14:49:33 [0m[33m[WARN] [0m# of splitters: 1
Starting depth 2
14:49:33 [0m[33m[WARN] [0m# of splitters: 21
14:49:33 [0m[33m[WARN] [0m# of splitters: 18
14:49:33 [0m[33m[WARN] [0m# of splitters: 21
14:49:34 [0m[33m[WARN] [0m# of splitters: 17
14:49:34 [0m[33m[WARN] [0m# of splitters: 20
14:49:35 [0m[33m[WARN] [0m# of splitters: 13
14:49:35 [0m[33m[WARN] [0m# of splitters: 19
14:49:35 [0m[33m[WARN] [0m# of splitters: 12
14:49:35 [0m[33m[WARN] [0m# of splitters: 18
14:49:36 [0m[33m[WARN] [0m# of splitters: 16
14:49:36 [0m[33m[WARN] [0m# of splitters: 17
14:49:36 [0m[33m[WARN] [0m# of splitters: 15
14:49:36 [0m[33m[WARN] [0m# of splitters: 16
14:49:36 [0m[33m[WARN] [0m# of splitters: 14
14:49:37 [0m[33m[WARN] [0m# of splitters: 15
14:49:37 [0m[33m[WARN] [0m# of splitters: 13
14:49:37 [0m[33m[WARN] [0m# of splitters: 14
14:49:37 [0m[33m[WARN] [0m# of splitters: 12
14:49:37 [0m[33m[WARN] [0m# of splitters: 13
14:49:37 [0m[33m[WARN] [0m# of splitters: 10
14:49:37 [0m[33m[WARN] [0m# of splitters: 11
14:49:38 [0m[33m[WARN] [0m# of splitters: 10
14:49:38 [0m[33m[WARN] [0m# of splitters: 11
14:49:38 [0m[33m[WARN] [0m# of splitters: 9
14:49:38 [0m[33m[WARN] [0m# of splitters: 10
14:49:38 [0m[33m[WARN] [0m# of splitters: 8
14:49:38 [0m[33m[WARN] [0m# of splitters: 8
14:49:38 [0m[33m[WARN] [0m# of splitters: 7
14:49:38 [0m[33m[WARN] [0m# of splitters: 8
14:49:38 [0m[33m[WARN] [0m# of splitters: 6
14:49:38 [0m[33m[WARN] [0m# of splitters: 6
14:49:38 [0m[33m[WARN] [0m# of splitters: 5
14:49:38 [0m[33m[WARN] [0m# of splitters: 6
14:49:38 [0m[33m[WARN] [0mproved: (last (cons Z ?ts_ph_list_0)) => (last ?ts_ph_list_0)
14:49:38 [0m[33m[WARN] [0mproved: (last ?ts_ph_list_0) => (last (cons Z ?ts_ph_list_0))
14:49:38 [0m[33m[WARN] [0m# of splitters: 1
14:49:38 [0m[33m[WARN] [0m# of splitters: 3
14:49:39 [0m[33m[WARN] [0m# of splitters: 2
14:49:39 [0m[33m[WARN] [0m# of splitters: 1
14:49:39 [0m[33m[WARN] [0m# of splitters: 1
14:49:39 [0m[33m[WARN] [0m# of splitters: 256
14:49:39 [0m[33m[WARN] [0m# of splitters: 2
14:49:39 [0m[33m[WARN] [0m# of splitters: 1
14:49:39 [0m[33m[WARN] [0m# of splitters: 1
14:49:40 [0m[33m[WARN] [0m# of splitters: 1
14:49:40 [0m[33m[WARN] [0m# of splitters: 802
14:49:44 [0m[33m[WARN] [0m# of splitters: 1
14:49:44 [0m[33m[WARN] [0m# of splitters: 800
14:49:45 [0m[33m[WARN] [0m# of splitters: 1
14:49:45 [0m[33m[WARN] [0m# of splitters: 1
14:49:45 [0m[33m[WARN] [0m# of splitters: 801
14:49:46 [0m[33m[WARN] [0m# of splitters: 400
14:49:47 [0m[33m[WARN] [0m# of splitters: 511
14:49:47 [0m[33m[WARN] [0m# of splitters: 799
14:49:50 [0m[33m[WARN] [0m# of splitters: 670
14:49:51 [0m[33m[WARN] [0m# of splitters: 798
14:49:52 [0m[33m[WARN] [0m# of splitters: 669
14:49:53 [0m[33m[WARN] [0m# of splitters: 797
14:49:55 [0m[33m[WARN] [0m# of splitters: 732
14:49:57 [0m[33m[WARN] [0m# of splitters: 796
14:49:59 [0m[33m[WARN] [0m# of splitters: 718
14:50:00 [0m[33m[WARN] [0m# of splitters: 782
14:50:02 [0m[33m[WARN] [0m# of splitters: 781
14:50:03 [0m[33m[WARN] [0m# of splitters: 781
14:50:04 [0m[33m[WARN] [0m# of splitters: 748
14:50:06 [0m[33m[WARN] [0m# of splitters: 780
14:50:06 [0m[33m[WARN] [0m# of splitters: 747
14:50:08 [0m[33m[WARN] [0m# of splitters: 779
14:50:10 [0m[33m[WARN] [0m# of splitters: 746
14:50:11 [0m[33m[WARN] [0m# of splitters: 778
14:50:13 [0m[33m[WARN] [0m# of splitters: 745
14:50:14 [0m[33m[WARN] [0m# of splitters: 777
14:50:15 [0m[33m[WARN] [0m# of splitters: 760
14:50:16 [0m[33m[WARN] [0m# of splitters: 776
14:50:17 [0m[33m[WARN] [0m# of splitters: 759
14:50:17 [0m[33m[WARN] [0m# of splitters: 775
14:50:18 [0m[33m[WARN] [0m# of splitters: 758
14:50:19 [0m[33m[WARN] [0m# of splitters: 774
14:50:20 [0m[33m[WARN] [0m# of splitters: 757
14:50:20 [0m[33m[WARN] [0m# of splitters: 773
14:50:21 [0m[33m[WARN] [0m# of splitters: 756
14:50:21 [0m[33m[WARN] [0m# of splitters: 772
14:50:21 [0m[33m[WARN] [0m# of splitters: 763
14:50:22 [0m[33m[WARN] [0m# of splitters: 771
14:50:22 [0m[33m[WARN] [0m# of splitters: 762
14:50:22 [0m[33m[WARN] [0m# of splitters: 770
14:50:23 [0m[33m[WARN] [0m# of splitters: 761
14:50:23 [0m[33m[WARN] [0m# of splitters: 769
14:50:24 [0m[33m[WARN] [0m# of splitters: 760
14:50:24 [0m[33m[WARN] [0m# of splitters: 768
14:50:24 [0m[33m[WARN] [0m# of splitters: 759
14:50:25 [0m[33m[WARN] [0m# of splitters: 767
14:50:25 [0m[33m[WARN] [0m# of splitters: 758
14:50:26 [0m[33m[WARN] [0m# of splitters: 766
14:50:26 [0m[33m[WARN] [0m# of splitters: 761
14:50:27 [0m[33m[WARN] [0m# of splitters: 765
14:50:27 [0m[33m[WARN] [0m# of splitters: 760
14:50:28 [0m[33m[WARN] [0m# of splitters: 764
14:50:29 [0m[33m[WARN] [0m# of splitters: 759
14:50:30 [0m[33m[WARN] [0m# of splitters: 763
14:50:30 [0m[33m[WARN] [0m# of splitters: 758
14:50:31 [0m[33m[WARN] [0m# of splitters: 762
14:50:32 [0m[33m[WARN] [0m# of splitters: 757
14:50:33 [0m[33m[WARN] [0m# of splitters: 761
14:50:33 [0m[33m[WARN] [0m# of splitters: 758
14:50:34 [0m[33m[WARN] [0m# of splitters: 760
14:50:34 [0m[33m[WARN] [0m# of splitters: 757
14:50:34 [0m[33m[WARN] [0m# of splitters: 759
14:50:35 [0m[33m[WARN] [0m# of splitters: 756
14:50:36 [0m[33m[WARN] [0m# of splitters: 758
14:50:37 [0m[33m[WARN] [0m# of splitters: 755
14:50:38 [0m[33m[WARN] [0m# of splitters: 757
14:50:38 [0m[33m[WARN] [0m# of splitters: 754
14:50:39 [0m[33m[WARN] [0m# of splitters: 756
14:50:40 [0m[33m[WARN] [0m# of splitters: 753
14:50:41 [0m[33m[WARN] [0m# of splitters: 755
14:50:41 [0m[33m[WARN] [0m# of splitters: 752
14:50:42 [0m[33m[WARN] [0m# of splitters: 754
14:50:43 [0m[33m[WARN] [0m# of splitters: 47
14:50:43 [0m[33m[WARN] [0m# of splitters: 751
14:50:43 [0m[33m[WARN] [0m# of splitters: 1
14:50:43 [0m[33m[WARN] [0m# of splitters: 1
14:50:43 [0m[33m[WARN] [0mproved: (drop (len ?ts_ph_list_0) ?ts_ph_list_0) => nil
14:50:43 [0m[33m[WARN] [0m# of splitters: 1
14:50:43 [0m[33m[WARN] [0m# of splitters: 3
14:50:43 [0m[33m[WARN] [0m# of splitters: 2
14:50:43 [0m[33m[WARN] [0m# of splitters: 1
14:50:43 [0m[33m[WARN] [0m# of splitters: 1
14:50:44 [0m[33m[WARN] [0m# of splitters: 256
14:50:44 [0m[33m[WARN] [0m# of splitters: 2
14:50:44 [0m[33m[WARN] [0m# of splitters: 1
14:50:44 [0m[33m[WARN] [0m# of splitters: 1
14:50:44 [0m[33m[WARN] [0m# of splitters: 1
14:50:45 [0m[33m[WARN] [0m# of splitters: 802
14:50:46 [0m[33m[WARN] [0m# of splitters: 1
14:50:46 [0m[33m[WARN] [0m# of splitters: 800
14:50:49 [0m[33m[WARN] [0m# of splitters: 1
14:50:49 [0m[33m[WARN] [0m# of splitters: 1
14:50:49 [0m[33m[WARN] [0m# of splitters: 801
14:50:50 [0m[33m[WARN] [0m# of splitters: 394
14:50:50 [0m[33m[WARN] [0m# of splitters: 459
14:50:53 [0m[33m[WARN] [0m# of splitters: 786
14:50:55 [0m[33m[WARN] [0m# of splitters: 657
14:50:57 [0m[33m[WARN] [0m# of splitters: 785
14:50:57 [0m[33m[WARN] [0m# of splitters: 656
14:50:59 [0m[33m[WARN] [0m# of splitters: 784
14:51:00 [0m[33m[WARN] [0m# of splitters: 655
14:51:01 [0m[33m[WARN] [0m# of splitters: 783
14:51:02 [0m[33m[WARN] [0m# of splitters: 718
14:51:04 [0m[33m[WARN] [0m# of splitters: 782
14:51:05 [0m[33m[WARN] [0m# of splitters: 717
14:51:06 [0m[33m[WARN] [0m# of splitters: 781
14:51:07 [0m[33m[WARN] [0m# of splitters: 716
14:51:09 [0m[33m[WARN] [0m# of splitters: 780
14:51:10 [0m[33m[WARN] [0m# of splitters: 779
14:51:11 [0m[33m[WARN] [0m# of splitters: 779
14:51:12 [0m[33m[WARN] [0m# of splitters: 746
14:51:13 [0m[33m[WARN] [0m# of splitters: 778
14:51:15 [0m[33m[WARN] [0m# of splitters: 745
14:51:16 [0m[33m[WARN] [0m# of splitters: 777
14:51:17 [0m[33m[WARN] [0m# of splitters: 744
14:51:18 [0m[33m[WARN] [0m# of splitters: 776
14:51:19 [0m[33m[WARN] [0m# of splitters: 743
14:51:19 [0m[33m[WARN] [0m# of splitters: 775
14:51:20 [0m[33m[WARN] [0m# of splitters: 742
14:51:20 [0m[33m[WARN] [0m# of splitters: 774
14:51:21 [0m[33m[WARN] [0m# of splitters: 757
14:51:22 [0m[33m[WARN] [0m# of splitters: 773
14:51:22 [0m[33m[WARN] [0m# of splitters: 756
14:51:23 [0m[33m[WARN] [0m# of splitters: 772
14:51:24 [0m[33m[WARN] [0m# of splitters: 768
14:51:24 [0m[33m[WARN] [0m# of splitters: 771
14:51:25 [0m[33m[WARN] [0m# of splitters: 762
14:51:25 [0m[33m[WARN] [0m# of splitters: 770
14:51:25 [0m[33m[WARN] [0m# of splitters: 51
14:51:25 [0m[33m[WARN] [0m# of splitters: 767
14:51:27 [0m[33m[WARN] [0m# of splitters: 1
14:51:27 [0m[33m[WARN] [0m# of splitters: 1
14:51:27 [0m[33m[WARN] [0m# of splitters: 1
14:51:27 [0m[33m[WARN] [0m# of splitters: 1
14:51:27 [0m[33m[WARN] [0mproved: (<2 (S ?ts_ph_Nat_0) ?ts_ph_Nat_0) => false
14:51:27 [0m[33m[WARN] [0m# of splitters: 1
14:51:27 [0m[33m[WARN] [0m# of splitters: 3
14:51:27 [0m[33m[WARN] [0m# of splitters: 2
14:51:27 [0m[33m[WARN] [0m# of splitters: 1
14:51:27 [0m[33m[WARN] [0m# of splitters: 1
14:51:27 [0m[33m[WARN] [0m# of splitters: 256
14:51:27 [0m[33m[WARN] [0m# of splitters: 2
14:51:27 [0m[33m[WARN] [0m# of splitters: 1
14:51:28 [0m[33m[WARN] [0m# of splitters: 1
14:51:28 [0m[33m[WARN] [0m# of splitters: 1
14:51:28 [0m[33m[WARN] [0m# of splitters: 802
14:51:31 [0m[33m[WARN] [0m# of splitters: 1
14:51:31 [0m[33m[WARN] [0m# of splitters: 800
14:51:32 [0m[33m[WARN] [0m# of splitters: 1
14:51:32 [0m[33m[WARN] [0m# of splitters: 1
14:51:32 [0m[33m[WARN] [0m# of splitters: 801
14:51:33 [0m[33m[WARN] [0m# of splitters: 400
14:51:33 [0m[33m[WARN] [0m# of splitters: 511
14:51:34 [0m[33m[WARN] [0m# of splitters: 799
14:51:35 [0m[33m[WARN] [0m# of splitters: 670
14:51:36 [0m[33m[WARN] [0m# of splitters: 798
14:51:36 [0m[33m[WARN] [0m# of splitters: 669
14:51:38 [0m[33m[WARN] [0m# of splitters: 797
14:51:39 [0m[33m[WARN] [0m# of splitters: 719
14:51:41 [0m[33m[WARN] [0m# of splitters: 783
14:51:42 [0m[33m[WARN] [0m# of splitters: 782
14:51:43 [0m[33m[WARN] [0m# of splitters: 782
14:51:44 [0m[33m[WARN] [0m# of splitters: 749
14:51:45 [0m[33m[WARN] [0m# of splitters: 781
14:51:47 [0m[33m[WARN] [0m# of splitters: 748
14:51:48 [0m[33m[WARN] [0m# of splitters: 780
14:51:49 [0m[33m[WARN] [0m# of splitters: 763
14:51:51 [0m[33m[WARN] [0m# of splitters: 779
14:51:52 [0m[33m[WARN] [0m# of splitters: 762
14:51:53 [0m[33m[WARN] [0m# of splitters: 778
14:51:54 [0m[33m[WARN] [0m# of splitters: 761
14:51:55 [0m[33m[WARN] [0m# of splitters: 777
14:51:56 [0m[33m[WARN] [0m# of splitters: 768
14:51:58 [0m[33m[WARN] [0m# of splitters: 776
14:51:59 [0m[33m[WARN] [0m# of splitters: 767
14:51:59 [0m[33m[WARN] [0m# of splitters: 775
14:52:00 [0m[33m[WARN] [0m# of splitters: 770
14:52:00 [0m[33m[WARN] [0m# of splitters: 774
14:52:00 [0m[33m[WARN] [0m# of splitters: 771
14:52:00 [0m[33m[WARN] [0m# of splitters: 773
14:52:00 [0m[33m[WARN] [0m# of splitters: 52
14:52:00 [0m[33m[WARN] [0m# of splitters: 770
14:52:00 [0m[33m[WARN] [0m# of splitters: 1
14:52:00 [0m[33m[WARN] [0m# of splitters: 1
14:52:00 [0m[33m[WARN] [0mproved: (drop ?ts_ph_Nat_0 (cons Z ?ts_ph_list_1)) => (drop ?ts_ph_Nat_0 (cons ?ts_ph_Nat_0 ?ts_ph_list_1))
14:52:00 [0m[33m[WARN] [0mproved: (drop ?ts_ph_Nat_0 (cons ?ts_ph_Nat_0 ?ts_ph_list_1)) => (drop ?ts_ph_Nat_0 (cons Z ?ts_ph_list_1))
14:52:00 [0m[33m[WARN] [0m# of splitters: 1
14:52:00 [0m[33m[WARN] [0m# of splitters: 3
14:52:00 [0m[33m[WARN] [0m# of splitters: 1
14:52:00 [0m[33m[WARN] [0m# of splitters: 3
14:52:00 [0m[33m[WARN] [0m# of splitters: 3
14:52:00 [0m[33m[WARN] [0m# of splitters: 1
14:52:00 [0m[33m[WARN] [0m# of splitters: 2
14:52:00 [0m[33m[WARN] [0m# of splitters: 1
14:52:00 [0m[33m[WARN] [0m# of splitters: 1
14:52:00 [0m[33m[WARN] [0m# of splitters: 1
14:52:00 [0m[33m[WARN] [0m# of splitters: 1
14:52:01 [0m[33m[WARN] [0m# of splitters: 1
14:52:01 [0m[33m[WARN] [0m# of splitters: 1
14:52:01 [0m[33m[WARN] [0m# of splitters: 1
14:52:01 [0m[33m[WARN] [0m# of splitters: 1
14:52:01 [0m[33m[WARN] [0mproved: (<2 ?ts_ph_Nat_0 (S ?ts_ph_Nat_0)) => true
14:52:01 [0m[33m[WARN] [0m# of splitters: 1
14:52:01 [0m[33m[WARN] [0m# of splitters: 3
14:52:01 [0m[33m[WARN] [0m# of splitters: 1
14:52:01 [0m[33m[WARN] [0m# of splitters: 3
14:52:01 [0m[33m[WARN] [0m# of splitters: 3
14:52:01 [0m[33m[WARN] [0m# of splitters: 1
14:52:01 [0m[33m[WARN] [0m# of splitters: 2
14:52:01 [0m[33m[WARN] [0m# of splitters: 1
14:52:01 [0m[33m[WARN] [0m# of splitters: 1
14:52:01 [0m[33m[WARN] [0m# of splitters: 1
14:52:01 [0m[33m[WARN] [0m# of splitters: 1

14:52:01 [0m[33m[WARN] [0m# of splitters: 3
14:52:01 [0m[33m[WARN] [0m# of splitters: 1
14:52:01 [0m[33m[WARN] [0m# of splitters: 4
14:52:01 [0m[33m[WARN] [0m# of splitters: 1
14:52:01 [0m[33m[WARN] [0m# of splitters: 1
14:52:01 [0m[33m[WARN] [0mproved: (drop (S Z) (drop ?ts_ph_Nat_0 ?ts_ph_list_1)) => (drop (S ?ts_ph_Nat_0) ?ts_ph_list_1)
14:52:01 [0m[33m[WARN] [0mproved: (drop (S ?ts_ph_Nat_0) ?ts_ph_list_1) => (drop (S Z) (drop ?ts_ph_Nat_0 ?ts_ph_list_1))
14:52:01 [0m[33m[WARN] [0m# of splitters: 1
14:52:01 [0m[33m[WARN] [0m# of splitters: 3
14:52:01 [0m[33m[WARN] [0m# of splitters: 1
14:52:01 [0m[33m[WARN] [0m# of splitters: 3
14:52:01 [0m[33m[WARN] [0m# of splitters: 3
14:52:01 [0m[33m[WARN] [0m# of splitters: 1
14:52:01 [0m[33m[WARN] [0m# of splitters: 2
14:52:01 [0m[33m[WARN] [0m# of splitters: 1
14:52:01 [0m[33m[WARN] [0m# of splitters: 1
14:52:01 [0m[33m[WARN] [0m# of splitters: 1
14:52:01 [0m[33m[WARN] [0m# of splitters: 2
14:52:01 [0m[33m[WARN] [0m# of splitters: 1
14:52:01 [0m[33m[WARN] [0m# of splitters: 2
14:52:01 [0m[33m[WARN] [0m# of splitters: 1
14:52:01 [0m[33m[WARN] [0m# of splitters: 2
14:52:01 [0m[33m[WARN] [0m# of splitters: 2
14:52:01 [0m[33m[WARN] [0m# of splitters: 5
14:52:01 [0m[33m[WARN] [0m# of splitters: 1

14:52:01 [0m[33m[WARN] [0m# of splitters: 4
14:52:01 [0m[33m[WARN] [0m# of splitters: 2
14:52:01 [0m[33m[WARN] [0m# of splitters: 5
14:52:01 [0m[33m[WARN] [0m# of splitters: 7
14:52:01 [0m[33m[WARN] [0m# of splitters: 3
14:52:01 [0m[33m[WARN] [0m# of splitters: 9
14:52:01 [0m[33m[WARN] [0m# of splitters: 2
14:52:01 [0m[33m[WARN] [0m# of splitters: 4
14:52:01 [0m[33m[WARN] [0mproved: (drop ?ts_ph_Nat_1 (drop ?ts_ph_Nat_0 ?ts_ph_list_1)) => (drop ?ts_ph_Nat_0 (drop ?ts_ph_Nat_1 ?ts_ph_list_1))
14:52:01 [0m[33m[WARN] [0mproved: (drop ?ts_ph_Nat_0 (drop ?ts_ph_Nat_1 ?ts_ph_list_1)) => (drop ?ts_ph_Nat_1 (drop ?ts_ph_Nat_0 ?ts_ph_list_1))
14:52:01 [0m[33m[WARN] [0m# of splitters: 1
14:52:01 [0m[33m[WARN] [0m# of splitters: 3
14:52:01 [0m[33m[WARN] [0m# of splitters: 1
14:52:01 [0m[33m[WARN] [0m# of splitters: 3
14:52:01 [0m[33m[WARN] [0m# of splitters: 3
14:52:01 [0m[33m[WARN] [0m# of splitters: 1
14:52:01 [0m[33m[WARN] [0m# of splitters: 2
14:52:01 [0m[33m[WARN] [0m# of splitters: 1
14:52:01 [0m[33m[WARN] [0m# of splitters: 1
14:52:01 [0m[33m[WARN] [0m# of splitters: 1
14:52:01 [0m[33m[WARN] [0m# of splitters: 2
14:52:01 [0m[33m[WARN] [0m# of splitters: 1
14:52:01 [0m[33m[WARN] [0m# of splitters: 2
14:52:01 [0m[33m[WARN] [0m# of splitters: 1
14:52:01 [0m[33m[WARN] [0m# of splitters: 2
14:52:01 [0m[33m[WARN] [0m# of splitters: 2
14:52:01 [0m[33m[WARN] [0m# of splitters: 5
14:52:01 [0m[33m[WARN] [0m# of splitters: 3

14:52:01 [0m[33m[WARN] [0m# of splitters: 3
14:52:01 [0m[33m[WARN] [0m# of splitters: 1
14:52:01 [0m[33m[WARN] [0m# of splitters: 10
14:52:01 [0m[33m[WARN] [0m# of splitters: 3
14:52:01 [0m[33m[WARN] [0m# of splitters: 1
14:52:01 [0m[33m[WARN] [0m# of splitters: 2
14:52:01 [0m[33m[WARN] [0m# of splitters: 3
14:52:01 [0m[33m[WARN] [0m# of splitters: 1
14:52:01 [0m[33m[WARN] [0m# of splitters: 10
14:52:01 [0m[33m[WARN] [0m# of splitters: 3
14:52:01 [0m[33m[WARN] [0m# of splitters: 1
14:52:01 [0m[33m[WARN] [0m# of splitters: 2
14:52:01 [0m[33m[WARN] [0m# of splitters: 4
14:52:01 [0m[33m[WARN] [0m# of splitters: 2
14:52:01 [0m[33m[WARN] [0m# of splitters: 6
done in 155476
