Collecting statistics
(take Z ?y) => nil
(take (S ?z) nil) => nil
(take (S ?z) (cons ?x2 ?x3)) => (cons ?x2 (take ?z ?x3))
(cons ?x2 (take ?z ?x3)) => (take (S ?z) (cons ?x2 ?x3))
(drop Z ?y) => ?y
(drop (S ?z) nil) => nil
(drop (S ?z) (cons ?x2 ?x3)) => (drop ?z ?x3)
(++ nil ?y) => ?y
(++ (cons ?z0 ?xs) ?y) => (cons ?z0 (++ ?xs ?y))
(cons ?z0 (++ ?xs ?y)) => (++ (cons ?z0 ?xs) ?y)
(take ?autovar7 nil) => (potential_split ?autovar7 Z (S (param_Nat_0 ?autovar7))) if Cond(var: ?autovar7, pat: Z) Cond(var: ?autovar7, pat: (S ?param_0))
(take ?autovar7 (cons ?autovar3 ?autovar4)) => (potential_split ?autovar7 Z (S (param_Nat_0 ?autovar7))) if Cond(var: ?autovar7, pat: Z) Cond(var: ?autovar7, pat: (S ?param_0))
(take (S ?autovar5) ?autovar8) => (potential_split ?autovar8 nil (cons (param_list_0 ?autovar8) (param_list_1 ?autovar8))) if Cond(var: ?autovar8, pat: nil) Cond(var: ?autovar8, pat: (cons ?param_0 ?param_1))
(take (S ?autovar6) ?autovar8) => (potential_split ?autovar8 nil (cons (param_list_0 ?autovar8) (param_list_1 ?autovar8))) if Cond(var: ?autovar8, pat: nil) Cond(var: ?autovar8, pat: (cons ?param_0 ?param_1))
(drop ?autovar7 nil) => (potential_split ?autovar7 Z (S (param_Nat_0 ?autovar7))) if Cond(var: ?autovar7, pat: Z) Cond(var: ?autovar7, pat: (S ?param_0))
(drop ?autovar7 (cons ?autovar3 ?autovar4)) => (potential_split ?autovar7 Z (S (param_Nat_0 ?autovar7))) if Cond(var: ?autovar7, pat: Z) Cond(var: ?autovar7, pat: (S ?param_0))
(drop (S ?autovar5) ?autovar8) => (potential_split ?autovar8 nil (cons (param_list_0 ?autovar8) (param_list_1 ?autovar8))) if Cond(var: ?autovar8, pat: nil) Cond(var: ?autovar8, pat: (cons ?param_0 ?param_1))
(drop (S ?autovar6) ?autovar8) => (potential_split ?autovar8 nil (cons (param_list_0 ?autovar8) (param_list_1 ?autovar8))) if Cond(var: ?autovar8, pat: nil) Cond(var: ?autovar8, pat: (cons ?param_0 ?param_1))
 ex is: nil
 ex is: (cons autovar_sk_0 nil)
 ex is: (cons autovar_sk_1 (cons autovar_sk_0 nil))
 ex is: Z
 ex is: (S Z)
 ex is: (S (S Z))
 ex is: nil
 ex is: (cons autovar_sk_0 nil)
 ex is: (cons autovar_sk_1 (cons autovar_sk_0 nil))
 ex is: Z
 ex is: (S Z)
 ex is: (S (S Z))
Running TheSy on datatypes: list Nat dict: take drop ++ nil cons Z S
14:49:27 [0m[33m[WARN] [0m# of splitters: 1
proved: (++ (take ?ts_ph_Nat_0 ?ts_ph_list_1) (drop ?ts_ph_Nat_0 ?ts_ph_list_1)) => ?ts_ph_list_1
14:49:27 [0m[33m[WARN] [0mFound all lemmas
done in 1
