11:01:56 [WARN] Collecting statistics
11:01:56 [WARN]  ex is: Z
11:01:56 [WARN]  ex is: (S Z)
11:01:56 [WARN]  ex is: (S (S Z))
11:01:56 [WARN]  ex is: nil
11:01:56 [WARN]  ex is: (cons autovar_Nat_0 nil)
11:01:56 [WARN]  ex is: (cons autovar_Nat_1 (cons autovar_Nat_0 nil))
11:01:56 [WARN] Proof mode: false
11:01:56 [WARN]  ex is: Z
11:01:56 [WARN]  ex is: (S Z)
11:01:56 [WARN]  ex is: (S (S Z))
11:01:56 [WARN]  ex is: nil
11:01:56 [WARN]  ex is: (cons autovar_Nat_0 nil)
11:01:56 [WARN]  ex is: (cons autovar_Nat_1 (cons autovar_Nat_0 nil))
11:01:56 [WARN] Proof mode: false
11:01:56 [WARN] proved: (<=2 ?ts_ph_Nat_0 ?ts_ph_Nat_0) => true
11:01:56 [WARN] proved: (sorted (cons Z ?ts_ph_list_0)) => (sorted ?ts_ph_list_0)
11:01:56 [WARN] proved: (sorted ?ts_ph_list_0) => (sorted (cons Z ?ts_ph_list_0))
11:01:56 [WARN] proved: (<=2 (S ?ts_ph_Nat_0) ?ts_ph_Nat_0) => false
11:02:08 [WARN] proved: (<=2 ?ts_ph_Nat_0 (S ?ts_ph_Nat_0)) => true
11:02:23 [WARN] proved: (&& (<=2 ?ts_ph_Nat_0 Z) false) => false
11:13:05 [WARN] proved: (&& (<=2 ?ts_ph_Nat_0 Z) true) => (<=2 ?ts_ph_Nat_0 Z)
11:13:05 [WARN] proved: (<=2 ?ts_ph_Nat_0 Z) => (&& (<=2 ?ts_ph_Nat_0 Z) true)
11:13:48 [WARN] proved: (&& (<=2 ?ts_ph_Nat_0 Z) (<=2 ?ts_ph_Nat_1 ?ts_ph_Nat_0)) => (&& (<=2 ?ts_ph_Nat_0 Z) (<=2 ?ts_ph_Nat_1 Z))
11:13:48 [WARN] proved: (&& (<=2 ?ts_ph_Nat_0 Z) (<=2 ?ts_ph_Nat_1 Z)) => (&& (<=2 ?ts_ph_Nat_0 Z) (<=2 ?ts_ph_Nat_1 ?ts_ph_Nat_0))
