Collecting statistics
(-2 Z ?y) => Z
(-2 (S ?z) Z) => (S ?z)
(S ?z) => (-2 (S ?z) Z)
(-2 (S ?z) (S ?x2)) => (-2 ?z ?x2)
(-2 ?z ?x2) => (-2 (S ?z) (S ?x2))
(len nil) => Z
Z => (len nil)
(len (cons ?y0 ?xs)) => (S (len ?xs))
(butlast nil) => nil
nil => (butlast nil)
(butlast (cons ?y1 nil)) => nil
(butlast (cons ?y2 (cons ?x23 ?x3))) => (cons ?y2 (butlast (cons ?x23 ?x3)))
(cons ?y2 (butlast (cons ?x23 ?x3))) => (butlast (cons ?y2 (cons ?x23 ?x3)))
(-2 ?autovar6 Z) => (potential_split ?autovar6 Z (S (param_Nat_0 ?autovar6))) if Cond(var: ?autovar6, pat: Z) Cond(var: ?autovar6, pat: (S ?param_0))
(-2 ?autovar6 (S ?autovar3)) => (potential_split ?autovar6 Z (S (param_Nat_0 ?autovar6))) if Cond(var: ?autovar6, pat: Z) Cond(var: ?autovar6, pat: (S ?param_0))
(-2 (S ?autovar4) ?autovar7) => (potential_split ?autovar7 Z (S (param_Nat_0 ?autovar7))) if Cond(var: ?autovar7, pat: Z) Cond(var: ?autovar7, pat: (S ?param_0))
(-2 (S ?autovar5) ?autovar7) => (potential_split ?autovar7 Z (S (param_Nat_0 ?autovar7))) if Cond(var: ?autovar7, pat: Z) Cond(var: ?autovar7, pat: (S ?param_0))
 ex is: nil
 ex is: (cons autovar_sk_0 nil)
 ex is: (cons autovar_sk_1 (cons autovar_sk_0 nil))
 ex is: Z
 ex is: (S Z)
 ex is: (S (S Z))
 ex is: nil
 ex is: (cons autovar_sk_0 nil)
 ex is: (cons autovar_sk_1 (cons autovar_sk_0 nil))
 ex is: Z
 ex is: (S Z)
 ex is: (S (S Z))
Running TheSy on datatypes: list Nat dict: len butlast -2 nil cons Z S
14:49:28 [0m[33m[WARN] [0m# of splitters: 1
Starting depth 1
14:49:28 [0m[33m[WARN] [0m# of splitters: 2
14:49:28 [0m[33m[WARN] [0m# of splitters: 1
14:49:28 [0m[33m[WARN] [0m# of splitters: 1
14:49:28 [0m[33m[WARN] [0m# of splitters: 1
14:49:28 [0m[33m[WARN] [0mproved: (-2 ?ts_ph_Nat_0 Z) => ?ts_ph_Nat_0
14:49:28 [0m[33m[WARN] [0m# of splitters: 1
14:49:28 [0m[33m[WARN] [0mproved: (-2 ?ts_ph_Nat_0 ?ts_ph_Nat_0) => Z
14:49:29 [0m[33m[WARN] [0m# of splitters: 1
Starting depth 2
14:49:29 [0m[33m[WARN] [0m# of splitters: 10
14:49:29 [0m[33m[WARN] [0m# of splitters: 7
14:49:29 [0m[33m[WARN] [0m# of splitters: 10
14:49:31 [0m[33m[WARN] [0m# of splitters: 4
14:49:32 [0m[33m[WARN] [0m# of splitters: 8
14:49:33 [0m[33m[WARN] [0m# of splitters: 7
14:49:34 [0m[33m[WARN] [0m# of splitters: 8
14:49:34 [0m[33m[WARN] [0m# of splitters: 6
14:49:36 [0m[33m[WARN] [0m# of splitters: 7
14:49:37 [0m[33m[WARN] [0m# of splitters: 5
14:49:37 [0m[33m[WARN] [0m# of splitters: 4
14:49:38 [0m[33m[WARN] [0m# of splitters: 4
14:49:38 [0m[33m[WARN] [0m# of splitters: 5
14:49:38 [0m[33m[WARN] [0m# of splitters: 3
14:49:38 [0m[33m[WARN] [0m# of splitters: 4
14:49:39 [0m[33m[WARN] [0m# of splitters: 1
14:49:39 [0m[33m[WARN] [0m# of splitters: 2
14:49:39 [0m[33m[WARN] [0m# of splitters: 1
14:49:40 [0m[33m[WARN] [0m# of splitters: 2
14:49:40 [0m[33m[WARN] [0m# of splitters: 1
14:49:40 [0m[33m[WARN] [0m# of splitters: 1
14:49:40 [0m[33m[WARN] [0m# of splitters: 1
14:49:40 [0m[33m[WARN] [0mproved: (-2 (S ?ts_ph_Nat_0) ?ts_ph_Nat_0) => (S Z)
14:49:40 [0m[33m[WARN] [0m# of splitters: 1
14:49:40 [0m[33m[WARN] [0m# of splitters: 1
14:49:40 [0m[33m[WARN] [0m# of splitters: 1
14:49:40 [0m[33m[WARN] [0mproved: (-2 ?ts_ph_Nat_0 (S ?ts_ph_Nat_0)) => Z
14:49:40 [0m[33m[WARN] [0m# of splitters: 1

14:49:40 [0m[33m[WARN] [0m# of splitters: 1
14:49:40 [0m[33m[WARN] [0m# of splitters: 8
14:49:40 [0m[33m[WARN] [0m# of splitters: 7
14:49:40 [0m[33m[WARN] [0m# of splitters: 10
14:49:41 [0m[33m[WARN] [0m# of splitters: 8
14:49:41 [0m[33m[WARN] [0m# of splitters: 9
14:49:41 [0m[33m[WARN] [0m# of splitters: 7
14:49:41 [0m[33m[WARN] [0m# of splitters: 7
14:49:41 [0m[33m[WARN] [0m# of splitters: 6
14:49:41 [0m[33m[WARN] [0m# of splitters: 6
14:49:41 [0m[33m[WARN] [0m# of splitters: 3
14:49:41 [0m[33m[WARN] [0m# of splitters: 7
14:49:41 [0m[33m[WARN] [0m# of splitters: 4
14:49:41 [0m[33m[WARN] [0m# of splitters: 4
14:49:41 [0m[33m[WARN] [0m# of splitters: 3
14:49:41 [0m[33m[WARN] [0m# of splitters: 3
14:49:41 [0m[33m[WARN] [0mproved: (-2 (-2 ?ts_ph_Nat_1 ?ts_ph_Nat_0) (S Z)) => (-2 ?ts_ph_Nat_1 (S ?ts_ph_Nat_0))
14:49:41 [0m[33m[WARN] [0mproved: (-2 ?ts_ph_Nat_1 (S ?ts_ph_Nat_0)) => (-2 (-2 ?ts_ph_Nat_1 ?ts_ph_Nat_0) (S Z))
14:49:41 [0m[33m[WARN] [0m# of splitters: 1

14:49:43 [0m[33m[WARN] [0m# of splitters: 13
14:49:43 [0m[33m[WARN] [0m# of splitters: 12
14:49:44 [0m[33m[WARN] [0m# of splitters: 14
14:49:44 [0m[33m[WARN] [0m# of splitters: 13
14:49:44 [0m[33m[WARN] [0m# of splitters: 13
14:49:44 [0m[33m[WARN] [0m# of splitters: 11
14:49:44 [0m[33m[WARN] [0m# of splitters: 12
14:49:44 [0m[33m[WARN] [0m# of splitters: 11
14:49:44 [0m[33m[WARN] [0m# of splitters: 12
14:49:44 [0m[33m[WARN] [0m# of splitters: 9
14:49:44 [0m[33m[WARN] [0m# of splitters: 10
generalizing Z = (-2 (-2 ts_ph_Nat_1 ts_ph_Nat_0) ts_ph_Nat_1)
14:49:45 [0m[33m[WARN] [0m# of splitters: 7
14:49:45 [0m[33m[WARN] [0m# of splitters: 8
14:49:45 [0m[33m[WARN] [0m# of splitters: 8
14:49:45 [0m[33m[WARN] [0m# of splitters: 7
14:49:45 [0m[33m[WARN] [0m# of splitters: 8
14:49:45 [0m[33m[WARN] [0m# of splitters: 4
14:49:45 [0m[33m[WARN] [0m# of splitters: 8
14:49:45 [0m[33m[WARN] [0m# of splitters: 5
14:49:45 [0m[33m[WARN] [0m# of splitters: 5
14:49:45 [0m[33m[WARN] [0m# of splitters: 4
14:49:45 [0m[33m[WARN] [0m# of splitters: 4
14:49:45 [0m[33m[WARN] [0m# of splitters: 2
14:49:45 [0m[33m[WARN] [0m# of splitters: 3
14:49:45 [0m[33m[WARN] [0m# of splitters: 6
14:49:45 [0m[33m[WARN] [0m# of splitters: 5
14:49:45 [0m[33m[WARN] [0m# of splitters: 9
14:49:45 [0m[33m[WARN] [0m# of splitters: 2
14:49:45 [0m[33m[WARN] [0m# of splitters: 7
14:49:45 [0m[33m[WARN] [0m# of splitters: 1
14:49:45 [0m[33m[WARN] [0m# of splitters: 6
14:49:45 [0m[33m[WARN] [0m# of splitters: 13
14:49:45 [0m[33m[WARN] [0m# of splitters: 12
14:49:45 [0m[33m[WARN] [0m# of splitters: 14
14:49:45 [0m[33m[WARN] [0m# of splitters: 13
14:49:45 [0m[33m[WARN] [0m# of splitters: 13
14:49:45 [0m[33m[WARN] [0m# of splitters: 11
14:49:45 [0m[33m[WARN] [0m# of splitters: 12
14:49:46 [0m[33m[WARN] [0m# of splitters: 11
14:49:46 [0m[33m[WARN] [0m# of splitters: 12
14:49:46 [0m[33m[WARN] [0m# of splitters: 9
14:49:46 [0m[33m[WARN] [0m# of splitters: 10
14:49:46 [0m[33m[WARN] [0m# of splitters: 7
14:49:46 [0m[33m[WARN] [0m# of splitters: 9
generalized as case_split
14:49:46 [0m[33m[WARN] [0mproved: (-2 (-2 ?ts_ph_Nat_1 ?ts_ph_Nat_0) ?ts_ph_Nat_1) => Z
14:49:46 [0m[33m[WARN] [0m# of splitters: 1

14:49:50 [0m[33m[WARN] [0m# of splitters: 13
14:49:50 [0m[33m[WARN] [0m# of splitters: 12
14:49:50 [0m[33m[WARN] [0m# of splitters: 17
14:49:50 [0m[33m[WARN] [0m# of splitters: 13
14:49:50 [0m[33m[WARN] [0m# of splitters: 13
14:49:50 [0m[33m[WARN] [0m# of splitters: 11
14:49:50 [0m[33m[WARN] [0m# of splitters: 12
14:49:50 [0m[33m[WARN] [0m# of splitters: 11
14:49:51 [0m[33m[WARN] [0m# of splitters: 12
14:49:51 [0m[33m[WARN] [0m# of splitters: 9
14:49:51 [0m[33m[WARN] [0m# of splitters: 10
14:49:51 [0m[33m[WARN] [0m# of splitters: 7
14:49:51 [0m[33m[WARN] [0m# of splitters: 9
14:49:51 [0m[33m[WARN] [0m# of splitters: 5
14:49:51 [0m[33m[WARN] [0m# of splitters: 8
generalizing Z = (-2 (-2 ts_ph_Nat_1 ts_ph_Nat_0) ts_ph_Nat_1)
14:49:51 [0m[33m[WARN] [0m# of splitters: 7
14:49:51 [0m[33m[WARN] [0m# of splitters: 8
14:49:51 [0m[33m[WARN] [0m# of splitters: 8
14:49:51 [0m[33m[WARN] [0m# of splitters: 7
14:49:51 [0m[33m[WARN] [0m# of splitters: 8
14:49:51 [0m[33m[WARN] [0m# of splitters: 4
14:49:51 [0m[33m[WARN] [0m# of splitters: 8
14:49:51 [0m[33m[WARN] [0m# of splitters: 5
14:49:51 [0m[33m[WARN] [0m# of splitters: 5
14:49:51 [0m[33m[WARN] [0m# of splitters: 4
14:49:51 [0m[33m[WARN] [0m# of splitters: 4
14:49:51 [0m[33m[WARN] [0m# of splitters: 6
14:49:51 [0m[33m[WARN] [0m# of splitters: 5
14:49:51 [0m[33m[WARN] [0m# of splitters: 9
14:49:51 [0m[33m[WARN] [0m# of splitters: 2
14:49:51 [0m[33m[WARN] [0m# of splitters: 7
14:49:51 [0m[33m[WARN] [0m# of splitters: 2
14:49:51 [0m[33m[WARN] [0m# of splitters: 5
14:49:51 [0m[33m[WARN] [0m# of splitters: 2
14:49:51 [0m[33m[WARN] [0m# of splitters: 4
14:49:51 [0m[33m[WARN] [0m# of splitters: 13
14:49:51 [0m[33m[WARN] [0m# of splitters: 12
14:49:51 [0m[33m[WARN] [0m# of splitters: 17
14:49:52 [0m[33m[WARN] [0m# of splitters: 13
14:49:52 [0m[33m[WARN] [0m# of splitters: 13
14:49:52 [0m[33m[WARN] [0m# of splitters: 11
14:49:52 [0m[33m[WARN] [0m# of splitters: 12
14:49:52 [0m[33m[WARN] [0m# of splitters: 11
14:49:52 [0m[33m[WARN] [0m# of splitters: 12
14:49:52 [0m[33m[WARN] [0m# of splitters: 9
14:49:53 [0m[33m[WARN] [0m# of splitters: 10
14:49:53 [0m[33m[WARN] [0m# of splitters: 7
14:49:53 [0m[33m[WARN] [0m# of splitters: 9
14:49:53 [0m[33m[WARN] [0m# of splitters: 6
14:49:53 [0m[33m[WARN] [0m# of splitters: 8
generalized as case_split
14:49:53 [0m[33m[WARN] [0m# of splitters: 14
14:49:53 [0m[33m[WARN] [0m# of splitters: 14
14:49:53 [0m[33m[WARN] [0m# of splitters: 15
14:49:53 [0m[33m[WARN] [0m# of splitters: 14
14:49:53 [0m[33m[WARN] [0m# of splitters: 16
14:49:53 [0m[33m[WARN] [0m# of splitters: 13
14:49:54 [0m[33m[WARN] [0m# of splitters: 13
14:49:54 [0m[33m[WARN] [0m# of splitters: 12
14:49:54 [0m[33m[WARN] [0m# of splitters: 12
14:49:54 [0m[33m[WARN] [0m# of splitters: 11
14:49:54 [0m[33m[WARN] [0m# of splitters: 12
14:49:54 [0m[33m[WARN] [0m# of splitters: 11
14:49:54 [0m[33m[WARN] [0m# of splitters: 10
14:49:54 [0m[33m[WARN] [0m# of splitters: 10
14:49:54 [0m[33m[WARN] [0m# of splitters: 9
14:49:54 [0m[33m[WARN] [0m# of splitters: 23
14:49:54 [0m[33m[WARN] [0m# of splitters: 22
14:49:55 [0m[33m[WARN] [0m# of splitters: 27
14:49:55 [0m[33m[WARN] [0m# of splitters: 23
14:49:56 [0m[33m[WARN] [0m# of splitters: 24
14:49:56 [0m[33m[WARN] [0m# of splitters: 23
14:49:56 [0m[33m[WARN] [0m# of splitters: 22
14:49:56 [0m[33m[WARN] [0m# of splitters: 19
14:49:56 [0m[33m[WARN] [0m# of splitters: 22
14:49:57 [0m[33m[WARN] [0m# of splitters: 21
14:49:57 [0m[33m[WARN] [0m# of splitters: 22
14:49:57 [0m[33m[WARN] [0m# of splitters: 19
14:49:57 [0m[33m[WARN] [0m# of splitters: 24
14:49:57 [0m[33m[WARN] [0m# of splitters: 17
14:49:57 [0m[33m[WARN] [0m# of splitters: 20
14:49:58 [0m[33m[WARN] [0m# of splitters: 18
14:49:58 [0m[33m[WARN] [0m# of splitters: 19
14:49:58 [0m[33m[WARN] [0m# of splitters: 15
14:49:58 [0m[33m[WARN] [0m# of splitters: 18
generalizing (-2 (-2 ts_ph_Nat_0 ts_ph_Nat_1) ts_ph_Nat_0) = (-2 (-2 ts_ph_Nat_1 ts_ph_Nat_0) ts_ph_Nat_1)
14:49:58 [0m[33m[WARN] [0m# of splitters: 12
14:49:58 [0m[33m[WARN] [0m# of splitters: 13
14:49:58 [0m[33m[WARN] [0m# of splitters: 15
14:49:58 [0m[33m[WARN] [0m# of splitters: 12
14:49:58 [0m[33m[WARN] [0m# of splitters: 15
14:49:58 [0m[33m[WARN] [0m# of splitters: 11
14:49:58 [0m[33m[WARN] [0m# of splitters: 12
14:49:58 [0m[33m[WARN] [0m# of splitters: 10
14:49:58 [0m[33m[WARN] [0m# of splitters: 11
14:49:58 [0m[33m[WARN] [0m# of splitters: 9
14:49:58 [0m[33m[WARN] [0m# of splitters: 11
14:49:58 [0m[33m[WARN] [0m# of splitters: 8
14:49:58 [0m[33m[WARN] [0m# of splitters: 10
14:49:58 [0m[33m[WARN] [0m# of splitters: 11
14:49:58 [0m[33m[WARN] [0m# of splitters: 5
14:49:58 [0m[33m[WARN] [0m# of splitters: 15
14:49:58 [0m[33m[WARN] [0m# of splitters: 11
14:49:58 [0m[33m[WARN] [0m# of splitters: 13
14:49:59 [0m[33m[WARN] [0m# of splitters: 2
14:49:59 [0m[33m[WARN] [0m# of splitters: 13
14:49:59 [0m[33m[WARN] [0m# of splitters: 10
14:49:59 [0m[33m[WARN] [0m# of splitters: 11
14:49:59 [0m[33m[WARN] [0m# of splitters: 23
14:49:59 [0m[33m[WARN] [0m# of splitters: 25
14:49:59 [0m[33m[WARN] [0m# of splitters: 26
14:50:00 [0m[33m[WARN] [0m# of splitters: 21
14:50:00 [0m[33m[WARN] [0m# of splitters: 26
14:50:00 [0m[33m[WARN] [0m# of splitters: 24
14:50:00 [0m[33m[WARN] [0m# of splitters: 22
14:50:01 [0m[33m[WARN] [0m# of splitters: 22
14:50:01 [0m[33m[WARN] [0m# of splitters: 21
14:50:01 [0m[33m[WARN] [0m# of splitters: 19
14:50:02 [0m[33m[WARN] [0m# of splitters: 21
14:50:02 [0m[33m[WARN] [0m# of splitters: 21
14:50:02 [0m[33m[WARN] [0m# of splitters: 21
14:50:02 [0m[33m[WARN] [0m# of splitters: 19
14:50:02 [0m[33m[WARN] [0m# of splitters: 20
14:50:02 [0m[33m[WARN] [0m# of splitters: 17
14:50:02 [0m[33m[WARN] [0m# of splitters: 22
14:50:02 [0m[33m[WARN] [0m# of splitters: 15
14:50:02 [0m[33m[WARN] [0m# of splitters: 18
14:50:02 [0m[33m[WARN] [0m# of splitters: 16
14:50:03 [0m[33m[WARN] [0m# of splitters: 17
generalized as case_split
14:50:03 [0m[33m[WARN] [0m# of splitters: 1
14:50:03 [0m[33m[WARN] [0m# of splitters: 15
14:50:03 [0m[33m[WARN] [0m# of splitters: 12
14:50:03 [0m[33m[WARN] [0m# of splitters: 16
14:50:03 [0m[33m[WARN] [0m# of splitters: 14
14:50:03 [0m[33m[WARN] [0m# of splitters: 16
14:50:03 [0m[33m[WARN] [0m# of splitters: 13
14:50:03 [0m[33m[WARN] [0m# of splitters: 11
14:50:04 [0m[33m[WARN] [0m# of splitters: 13
14:50:04 [0m[33m[WARN] [0m# of splitters: 4
14:50:04 [0m[33m[WARN] [0m# of splitters: 12
14:50:04 [0m[33m[WARN] [0m# of splitters: 12
14:50:04 [0m[33m[WARN] [0m# of splitters: 11
14:50:04 [0m[33m[WARN] [0m# of splitters: 11
14:50:04 [0m[33m[WARN] [0m# of splitters: 9
14:50:04 [0m[33m[WARN] [0m# of splitters: 11
14:50:04 [0m[33m[WARN] [0m# of splitters: 8
14:50:04 [0m[33m[WARN] [0m# of splitters: 9
14:50:04 [0m[33m[WARN] [0m# of splitters: 7
14:50:04 [0m[33m[WARN] [0m# of splitters: 8
generalizing Z = (-2 (-2 ts_ph_Nat_1 ts_ph_Nat_0) (S ts_ph_Nat_1))
14:50:04 [0m[33m[WARN] [0m# of splitters: 8
14:50:04 [0m[33m[WARN] [0m# of splitters: 8
14:50:04 [0m[33m[WARN] [0m# of splitters: 9
14:50:04 [0m[33m[WARN] [0m# of splitters: 8
14:50:04 [0m[33m[WARN] [0m# of splitters: 9
14:50:04 [0m[33m[WARN] [0m# of splitters: 7
14:50:04 [0m[33m[WARN] [0m# of splitters: 7
14:50:04 [0m[33m[WARN] [0m# of splitters: 4
14:50:04 [0m[33m[WARN] [0m# of splitters: 7
14:50:04 [0m[33m[WARN] [0m# of splitters: 5
14:50:04 [0m[33m[WARN] [0m# of splitters: 5
14:50:04 [0m[33m[WARN] [0m# of splitters: 4
14:50:04 [0m[33m[WARN] [0m# of splitters: 4
14:50:05 [0m[33m[WARN] [0m# of splitters: 7
14:50:05 [0m[33m[WARN] [0m# of splitters: 5
14:50:05 [0m[33m[WARN] [0m# of splitters: 9
14:50:05 [0m[33m[WARN] [0m# of splitters: 6
14:50:05 [0m[33m[WARN] [0m# of splitters: 1
14:50:05 [0m[33m[WARN] [0m# of splitters: 2
14:50:05 [0m[33m[WARN] [0m# of splitters: 6
14:50:05 [0m[33m[WARN] [0m# of splitters: 15
14:50:05 [0m[33m[WARN] [0m# of splitters: 12
14:50:05 [0m[33m[WARN] [0m# of splitters: 16
14:50:05 [0m[33m[WARN] [0m# of splitters: 14
14:50:05 [0m[33m[WARN] [0m# of splitters: 16
14:50:05 [0m[33m[WARN] [0m# of splitters: 13
14:50:06 [0m[33m[WARN] [0m# of splitters: 11
14:50:06 [0m[33m[WARN] [0m# of splitters: 13
14:50:06 [0m[33m[WARN] [0m# of splitters: 4
14:50:06 [0m[33m[WARN] [0m# of splitters: 12
14:50:06 [0m[33m[WARN] [0m# of splitters: 12
14:50:06 [0m[33m[WARN] [0m# of splitters: 11
14:50:06 [0m[33m[WARN] [0m# of splitters: 11
14:50:06 [0m[33m[WARN] [0m# of splitters: 9
14:50:06 [0m[33m[WARN] [0m# of splitters: 11
14:50:06 [0m[33m[WARN] [0m# of splitters: 8
14:50:06 [0m[33m[WARN] [0m# of splitters: 9
14:50:06 [0m[33m[WARN] [0m# of splitters: 7
14:50:06 [0m[33m[WARN] [0m# of splitters: 8
generalized as case_split
14:50:06 [0m[33m[WARN] [0m# of splitters: 14
14:50:06 [0m[33m[WARN] [0m# of splitters: 12
14:50:07 [0m[33m[WARN] [0m# of splitters: 17
14:50:07 [0m[33m[WARN] [0m# of splitters: 14
14:50:07 [0m[33m[WARN] [0m# of splitters: 15
14:50:07 [0m[33m[WARN] [0m# of splitters: 13
14:50:07 [0m[33m[WARN] [0m# of splitters: 12
14:50:07 [0m[33m[WARN] [0m# of splitters: 11
14:50:07 [0m[33m[WARN] [0m# of splitters: 12
14:50:08 [0m[33m[WARN] [0m# of splitters: 10
14:50:08 [0m[33m[WARN] [0m# of splitters: 12
14:50:08 [0m[33m[WARN] [0m# of splitters: 9
14:50:08 [0m[33m[WARN] [0m# of splitters: 10
14:50:08 [0m[33m[WARN] [0m# of splitters: 7
14:50:08 [0m[33m[WARN] [0m# of splitters: 9
generalizing (-2 (-2 ts_ph_Nat_1 ts_ph_Nat_0) (S ts_ph_Nat_1)) = (-2 (-2 ts_ph_Nat_1 ts_ph_Nat_0) ts_ph_Nat_1)
14:50:08 [0m[33m[WARN] [0m# of splitters: 8
14:50:08 [0m[33m[WARN] [0m# of splitters: 8
14:50:08 [0m[33m[WARN] [0m# of splitters: 9
14:50:08 [0m[33m[WARN] [0m# of splitters: 8
14:50:08 [0m[33m[WARN] [0m# of splitters: 9
14:50:08 [0m[33m[WARN] [0m# of splitters: 7
14:50:08 [0m[33m[WARN] [0m# of splitters: 7
14:50:08 [0m[33m[WARN] [0m# of splitters: 4
14:50:08 [0m[33m[WARN] [0m# of splitters: 7
14:50:08 [0m[33m[WARN] [0m# of splitters: 5
14:50:08 [0m[33m[WARN] [0m# of splitters: 5
14:50:08 [0m[33m[WARN] [0m# of splitters: 4
14:50:08 [0m[33m[WARN] [0m# of splitters: 4
14:50:08 [0m[33m[WARN] [0m# of splitters: 3
14:50:08 [0m[33m[WARN] [0m# of splitters: 3
14:50:08 [0m[33m[WARN] [0m# of splitters: 13
14:50:08 [0m[33m[WARN] [0m# of splitters: 13
14:50:08 [0m[33m[WARN] [0m# of splitters: 16
14:50:08 [0m[33m[WARN] [0m# of splitters: 12
14:50:09 [0m[33m[WARN] [0m# of splitters: 14
14:50:09 [0m[33m[WARN] [0m# of splitters: 12
14:50:09 [0m[33m[WARN] [0m# of splitters: 12
14:50:09 [0m[33m[WARN] [0m# of splitters: 11
14:50:09 [0m[33m[WARN] [0m# of splitters: 11
14:50:09 [0m[33m[WARN] [0m# of splitters: 10
14:50:09 [0m[33m[WARN] [0m# of splitters: 10
14:50:09 [0m[33m[WARN] [0m# of splitters: 8
14:50:09 [0m[33m[WARN] [0m# of splitters: 9
14:50:09 [0m[33m[WARN] [0m# of splitters: 7
14:50:09 [0m[33m[WARN] [0m# of splitters: 8
14:50:09 [0m[33m[WARN] [0m# of splitters: 7
14:50:09 [0m[33m[WARN] [0m# of splitters: 7
14:50:09 [0m[33m[WARN] [0m# of splitters: 6
14:50:09 [0m[33m[WARN] [0m# of splitters: 5
14:50:09 [0m[33m[WARN] [0m# of splitters: 8
14:50:09 [0m[33m[WARN] [0m# of splitters: 2
14:50:09 [0m[33m[WARN] [0m# of splitters: 7
14:50:09 [0m[33m[WARN] [0m# of splitters: 2
14:50:09 [0m[33m[WARN] [0m# of splitters: 5
14:50:09 [0m[33m[WARN] [0m# of splitters: 2
14:50:09 [0m[33m[WARN] [0m# of splitters: 4
14:50:09 [0m[33m[WARN] [0m# of splitters: 14
14:50:09 [0m[33m[WARN] [0m# of splitters: 12
14:50:09 [0m[33m[WARN] [0m# of splitters: 17
14:50:10 [0m[33m[WARN] [0m# of splitters: 14
14:50:10 [0m[33m[WARN] [0m# of splitters: 15
14:50:10 [0m[33m[WARN] [0m# of splitters: 13
14:50:10 [0m[33m[WARN] [0m# of splitters: 12
14:50:10 [0m[33m[WARN] [0m# of splitters: 12
14:50:10 [0m[33m[WARN] [0m# of splitters: 12
14:50:10 [0m[33m[WARN] [0m# of splitters: 11
14:50:11 [0m[33m[WARN] [0m# of splitters: 11
14:50:11 [0m[33m[WARN] [0m# of splitters: 9
14:50:11 [0m[33m[WARN] [0m# of splitters: 11
14:50:11 [0m[33m[WARN] [0m# of splitters: 9
14:50:11 [0m[33m[WARN] [0m# of splitters: 9
14:50:11 [0m[33m[WARN] [0m# of splitters: 8
14:50:11 [0m[33m[WARN] [0m# of splitters: 8
generalized as case_split
14:50:11 [0m[33m[WARN] [0m# of splitters: 23
14:50:11 [0m[33m[WARN] [0m# of splitters: 20
14:50:11 [0m[33m[WARN] [0m# of splitters: 26
14:50:12 [0m[33m[WARN] [0m# of splitters: 23
14:50:12 [0m[33m[WARN] [0m# of splitters: 25
14:50:12 [0m[33m[WARN] [0m# of splitters: 21
14:50:12 [0m[33m[WARN] [0m# of splitters: 24
14:50:13 [0m[33m[WARN] [0m# of splitters: 21
14:50:13 [0m[33m[WARN] [0m# of splitters: 18
14:50:13 [0m[33m[WARN] [0m# of splitters: 21
14:50:13 [0m[33m[WARN] [0m# of splitters: 5
14:50:13 [0m[33m[WARN] [0m# of splitters: 20
14:50:14 [0m[33m[WARN] [0m# of splitters: 20
14:50:14 [0m[33m[WARN] [0m# of splitters: 19
14:50:14 [0m[33m[WARN] [0m# of splitters: 19
14:50:14 [0m[33m[WARN] [0m# of splitters: 18
14:50:14 [0m[33m[WARN] [0m# of splitters: 19
14:50:14 [0m[33m[WARN] [0m# of splitters: 17
14:50:14 [0m[33m[WARN] [0m# of splitters: 18
14:50:14 [0m[33m[WARN] [0m# of splitters: 14
14:50:15 [0m[33m[WARN] [0m# of splitters: 18
14:50:15 [0m[33m[WARN] [0m# of splitters: 15
14:50:15 [0m[33m[WARN] [0m# of splitters: 16
14:50:15 [0m[33m[WARN] [0m# of splitters: 14
14:50:15 [0m[33m[WARN] [0m# of splitters: 15
14:50:15 [0m[33m[WARN] [0m# of splitters: 12
14:50:15 [0m[33m[WARN] [0m# of splitters: 14
generalizing (-2 (-2 ts_ph_Nat_0 ts_ph_Nat_1) ts_ph_Nat_0) = (-2 (-2 ts_ph_Nat_1 ts_ph_Nat_0) (S ts_ph_Nat_1))
14:50:15 [0m[33m[WARN] [0m# of splitters: 13
14:50:15 [0m[33m[WARN] [0m# of splitters: 12
14:50:15 [0m[33m[WARN] [0m# of splitters: 16
14:50:15 [0m[33m[WARN] [0m# of splitters: 13
14:50:15 [0m[33m[WARN] [0m# of splitters: 13
14:50:15 [0m[33m[WARN] [0m# of splitters: 12
14:50:15 [0m[33m[WARN] [0m# of splitters: 12
14:50:15 [0m[33m[WARN] [0m# of splitters: 11
14:50:15 [0m[33m[WARN] [0m# of splitters: 11
14:50:15 [0m[33m[WARN] [0m# of splitters: 10
14:50:15 [0m[33m[WARN] [0m# of splitters: 11
14:50:15 [0m[33m[WARN] [0m# of splitters: 9
14:50:15 [0m[33m[WARN] [0m# of splitters: 9
14:50:15 [0m[33m[WARN] [0m# of splitters: 8
14:50:15 [0m[33m[WARN] [0m# of splitters: 8
14:50:15 [0m[33m[WARN] [0m# of splitters: 6
14:50:16 [0m[33m[WARN] [0m# of splitters: 7
14:50:16 [0m[33m[WARN] [0m# of splitters: 5
14:50:16 [0m[33m[WARN] [0m# of splitters: 6
14:50:16 [0m[33m[WARN] [0m# of splitters: 12
14:50:16 [0m[33m[WARN] [0m# of splitters: 5
14:50:16 [0m[33m[WARN] [0m# of splitters: 14
14:50:16 [0m[33m[WARN] [0m# of splitters: 12
14:50:16 [0m[33m[WARN] [0m# of splitters: 1
14:50:16 [0m[33m[WARN] [0m# of splitters: 11
14:50:16 [0m[33m[WARN] [0m# of splitters: 10
14:50:16 [0m[33m[WARN] [0m# of splitters: 2
14:50:16 [0m[33m[WARN] [0m# of splitters: 10
14:50:16 [0m[33m[WARN] [0m# of splitters: 9
14:50:16 [0m[33m[WARN] [0m# of splitters: 9
14:50:16 [0m[33m[WARN] [0m# of splitters: 2
14:50:16 [0m[33m[WARN] [0m# of splitters: 8
14:50:16 [0m[33m[WARN] [0m# of splitters: 7
14:50:16 [0m[33m[WARN] [0m# of splitters: 7
14:50:16 [0m[33m[WARN] [0m# of splitters: 2
14:50:16 [0m[33m[WARN] [0m# of splitters: 6
14:50:16 [0m[33m[WARN] [0m# of splitters: 2
14:50:16 [0m[33m[WARN] [0m# of splitters: 5
14:50:16 [0m[33m[WARN] [0m# of splitters: 23
14:50:16 [0m[33m[WARN] [0m# of splitters: 24
14:50:17 [0m[33m[WARN] [0m# of splitters: 27
14:50:17 [0m[33m[WARN] [0m# of splitters: 19
14:50:17 [0m[33m[WARN] [0m# of splitters: 25
14:50:18 [0m[33m[WARN] [0m# of splitters: 22
14:50:18 [0m[33m[WARN] [0m# of splitters: 24
14:50:18 [0m[33m[WARN] [0m# of splitters: 21
14:50:19 [0m[33m[WARN] [0m# of splitters: 22
14:50:19 [0m[33m[WARN] [0m# of splitters: 20
14:50:19 [0m[33m[WARN] [0m# of splitters: 17
14:50:19 [0m[33m[WARN] [0m# of splitters: 20
14:50:19 [0m[33m[WARN] [0m# of splitters: 5
14:50:19 [0m[33m[WARN] [0m# of splitters: 19
14:50:19 [0m[33m[WARN] [0m# of splitters: 19
14:50:20 [0m[33m[WARN] [0m# of splitters: 19
14:50:20 [0m[33m[WARN] [0m# of splitters: 19
14:50:20 [0m[33m[WARN] [0m# of splitters: 18
14:50:20 [0m[33m[WARN] [0m# of splitters: 18
14:50:20 [0m[33m[WARN] [0m# of splitters: 17
14:50:20 [0m[33m[WARN] [0m# of splitters: 17
14:50:20 [0m[33m[WARN] [0m# of splitters: 14
14:50:20 [0m[33m[WARN] [0m# of splitters: 17
14:50:20 [0m[33m[WARN] [0m# of splitters: 15
14:50:20 [0m[33m[WARN] [0m# of splitters: 15
14:50:20 [0m[33m[WARN] [0m# of splitters: 13
14:50:21 [0m[33m[WARN] [0m# of splitters: 14
14:50:21 [0m[33m[WARN] [0m# of splitters: 12
14:50:21 [0m[33m[WARN] [0m# of splitters: 13
14:50:21 [0m[33m[WARN] [0m# of splitters: 8
14:50:21 [0m[33m[WARN] [0m# of splitters: 12
14:50:21 [0m[33m[WARN] [0m# of splitters: 10
14:50:21 [0m[33m[WARN] [0m# of splitters: 11
14:50:21 [0m[33m[WARN] [0m# of splitters: 6
14:50:21 [0m[33m[WARN] [0m# of splitters: 10
generalized as case_split
14:50:21 [0m[33m[WARN] [0m# of splitters: 14
14:50:21 [0m[33m[WARN] [0m# of splitters: 13
14:50:21 [0m[33m[WARN] [0m# of splitters: 16
14:50:21 [0m[33m[WARN] [0m# of splitters: 12
14:50:22 [0m[33m[WARN] [0m# of splitters: 15
14:50:22 [0m[33m[WARN] [0m# of splitters: 13
14:50:22 [0m[33m[WARN] [0m# of splitters: 4
14:50:22 [0m[33m[WARN] [0m# of splitters: 11
14:50:22 [0m[33m[WARN] [0m# of splitters: 12
14:50:22 [0m[33m[WARN] [0m# of splitters: 11
14:50:22 [0m[33m[WARN] [0m# of splitters: 11
14:50:22 [0m[33m[WARN] [0m# of splitters: 8
14:50:22 [0m[33m[WARN] [0m# of splitters: 12
14:50:23 [0m[33m[WARN] [0m# of splitters: 22
14:50:23 [0m[33m[WARN] [0m# of splitters: 26
14:50:23 [0m[33m[WARN] [0m# of splitters: 26
14:50:23 [0m[33m[WARN] [0m# of splitters: 20
14:50:24 [0m[33m[WARN] [0m# of splitters: 24
14:50:24 [0m[33m[WARN] [0m# of splitters: 21
14:50:24 [0m[33m[WARN] [0m# of splitters: 20
14:50:24 [0m[33m[WARN] [0m# of splitters: 21
14:50:24 [0m[33m[WARN] [0m# of splitters: 5
14:50:24 [0m[33m[WARN] [0m# of splitters: 20
14:50:25 [0m[33m[WARN] [0m# of splitters: 20
14:50:25 [0m[33m[WARN] [0m# of splitters: 20
14:50:25 [0m[33m[WARN] [0m# of splitters: 20
14:50:25 [0m[33m[WARN] [0m# of splitters: 18
14:50:25 [0m[33m[WARN] [0m# of splitters: 19
14:50:26 [0m[33m[WARN] [0m# of splitters: 18
14:50:26 [0m[33m[WARN] [0m# of splitters: 19
14:50:26 [0m[33m[WARN] [0m# of splitters: 19
14:50:26 [0m[33m[WARN] [0m# of splitters: 17
14:50:26 [0m[33m[WARN] [0m# of splitters: 14
14:50:26 [0m[33m[WARN] [0m# of splitters: 18
14:50:27 [0m[33m[WARN] [0m# of splitters: 14
14:50:27 [0m[33m[WARN] [0m# of splitters: 15
14:50:27 [0m[33m[WARN] [0m# of splitters: 16
14:50:27 [0m[33m[WARN] [0m# of splitters: 14
14:50:27 [0m[33m[WARN] [0m# of splitters: 11
14:50:27 [0m[33m[WARN] [0m# of splitters: 13
generalizing (-2 (-2 ts_ph_Nat_0 ts_ph_Nat_1) (S ts_ph_Nat_0)) = (-2 (-2 ts_ph_Nat_1 ts_ph_Nat_0) ts_ph_Nat_1)
14:50:27 [0m[33m[WARN] [0m# of splitters: 12
14:50:27 [0m[33m[WARN] [0m# of splitters: 13
14:50:27 [0m[33m[WARN] [0m# of splitters: 15
14:50:27 [0m[33m[WARN] [0m# of splitters: 12
14:50:27 [0m[33m[WARN] [0m# of splitters: 13
14:50:27 [0m[33m[WARN] [0m# of splitters: 11
14:50:27 [0m[33m[WARN] [0m# of splitters: 12
14:50:27 [0m[33m[WARN] [0m# of splitters: 9
14:50:27 [0m[33m[WARN] [0m# of splitters: 12
14:50:27 [0m[33m[WARN] [0m# of splitters: 9
14:50:28 [0m[33m[WARN] [0m# of splitters: 9
14:50:28 [0m[33m[WARN] [0m# of splitters: 8
14:50:28 [0m[33m[WARN] [0m# of splitters: 8
14:50:28 [0m[33m[WARN] [0m# of splitters: 7
14:50:28 [0m[33m[WARN] [0m# of splitters: 7
14:50:28 [0m[33m[WARN] [0m# of splitters: 6
14:50:28 [0m[33m[WARN] [0m# of splitters: 6
14:50:28 [0m[33m[WARN] [0m# of splitters: 11
14:50:28 [0m[33m[WARN] [0m# of splitters: 5
14:50:28 [0m[33m[WARN] [0m# of splitters: 15
14:50:28 [0m[33m[WARN] [0m# of splitters: 11
14:50:28 [0m[33m[WARN] [0m# of splitters: 11
14:50:28 [0m[33m[WARN] [0m# of splitters: 2
14:50:28 [0m[33m[WARN] [0m# of splitters: 11
14:50:28 [0m[33m[WARN] [0m# of splitters: 2
14:50:28 [0m[33m[WARN] [0m# of splitters: 9
14:50:28 [0m[33m[WARN] [0m# of splitters: 8
14:50:28 [0m[33m[WARN] [0m# of splitters: 8
14:50:28 [0m[33m[WARN] [0m# of splitters: 6
14:50:28 [0m[33m[WARN] [0m# of splitters: 7
14:50:28 [0m[33m[WARN] [0m# of splitters: 22
14:50:28 [0m[33m[WARN] [0m# of splitters: 22
14:50:28 [0m[33m[WARN] [0m# of splitters: 26
14:50:29 [0m[33m[WARN] [0m# of splitters: 25
14:50:29 [0m[33m[WARN] [0m# of splitters: 25
14:50:30 [0m[33m[WARN] [0m# of splitters: 22
14:50:30 [0m[33m[WARN] [0m# of splitters: 6
14:50:30 [0m[33m[WARN] [0m# of splitters: 21
14:50:31 [0m[33m[WARN] [0m# of splitters: 19
14:50:31 [0m[33m[WARN] [0m# of splitters: 18
14:50:31 [0m[33m[WARN] [0m# of splitters: 20
14:50:31 [0m[33m[WARN] [0m# of splitters: 19
14:50:31 [0m[33m[WARN] [0m# of splitters: 19
14:50:32 [0m[33m[WARN] [0m# of splitters: 18
14:50:32 [0m[33m[WARN] [0m# of splitters: 20
14:50:32 [0m[33m[WARN] [0m# of splitters: 19
14:50:32 [0m[33m[WARN] [0m# of splitters: 18
14:50:32 [0m[33m[WARN] [0m# of splitters: 14
14:50:32 [0m[33m[WARN] [0m# of splitters: 19
14:50:32 [0m[33m[WARN] [0m# of splitters: 14
14:50:33 [0m[33m[WARN] [0m# of splitters: 16
14:50:33 [0m[33m[WARN] [0m# of splitters: 14
14:50:33 [0m[33m[WARN] [0m# of splitters: 15
14:50:33 [0m[33m[WARN] [0m# of splitters: 16
14:50:33 [0m[33m[WARN] [0m# of splitters: 14
14:50:33 [0m[33m[WARN] [0m# of splitters: 11
14:50:33 [0m[33m[WARN] [0m# of splitters: 13
14:50:33 [0m[33m[WARN] [0m# of splitters: 15
14:50:33 [0m[33m[WARN] [0m# of splitters: 12
14:50:33 [0m[33m[WARN] [0m# of splitters: 9
14:50:33 [0m[33m[WARN] [0m# of splitters: 11
generalized as case_split
14:50:33 [0m[33m[WARN] [0m# of splitters: 14
14:50:33 [0m[33m[WARN] [0m# of splitters: 14
14:50:33 [0m[33m[WARN] [0m# of splitters: 16
14:50:34 [0m[33m[WARN] [0m# of splitters: 13
14:50:34 [0m[33m[WARN] [0m# of splitters: 16
14:50:34 [0m[33m[WARN] [0m# of splitters: 13
14:50:34 [0m[33m[WARN] [0m# of splitters: 13
14:50:34 [0m[33m[WARN] [0m# of splitters: 12
14:50:34 [0m[33m[WARN] [0m# of splitters: 12
14:50:34 [0m[33m[WARN] [0m# of splitters: 10
14:50:34 [0m[33m[WARN] [0m# of splitters: 12
14:50:35 [0m[33m[WARN] [0m# of splitters: 9
14:50:35 [0m[33m[WARN] [0m# of splitters: 10
14:50:35 [0m[33m[WARN] [0m# of splitters: 8
14:50:35 [0m[33m[WARN] [0m# of splitters: 9
14:50:35 [0m[33m[WARN] [0m# of splitters: 22
14:50:35 [0m[33m[WARN] [0m# of splitters: 26
14:50:35 [0m[33m[WARN] [0m# of splitters: 25
14:50:36 [0m[33m[WARN] [0m# of splitters: 22
14:50:36 [0m[33m[WARN] [0m# of splitters: 24
14:50:36 [0m[33m[WARN] [0m# of splitters: 18
14:50:37 [0m[33m[WARN] [0m# of splitters: 23
14:50:37 [0m[33m[WARN] [0m# of splitters: 21
14:50:37 [0m[33m[WARN] [0m# of splitters: 18
14:50:37 [0m[33m[WARN] [0m# of splitters: 20
14:50:37 [0m[33m[WARN] [0m# of splitters: 5
14:50:37 [0m[33m[WARN] [0m# of splitters: 19
14:50:38 [0m[33m[WARN] [0m# of splitters: 19
14:50:38 [0m[33m[WARN] [0m# of splitters: 16
14:50:38 [0m[33m[WARN] [0m# of splitters: 18
14:50:38 [0m[33m[WARN] [0m# of splitters: 18
14:50:38 [0m[33m[WARN] [0m# of splitters: 18
14:50:39 [0m[33m[WARN] [0m# of splitters: 19
14:50:39 [0m[33m[WARN] [0m# of splitters: 17
14:50:39 [0m[33m[WARN] [0m# of splitters: 14
14:50:39 [0m[33m[WARN] [0m# of splitters: 18
14:50:39 [0m[33m[WARN] [0m# of splitters: 13
14:50:39 [0m[33m[WARN] [0m# of splitters: 15
14:50:39 [0m[33m[WARN] [0m# of splitters: 14
14:50:39 [0m[33m[WARN] [0m# of splitters: 14
14:50:39 [0m[33m[WARN] [0m# of splitters: 15
14:50:39 [0m[33m[WARN] [0m# of splitters: 13
14:50:39 [0m[33m[WARN] [0m# of splitters: 11
14:50:39 [0m[33m[WARN] [0m# of splitters: 12
14:50:39 [0m[33m[WARN] [0m# of splitters: 14
14:50:39 [0m[33m[WARN] [0m# of splitters: 11
14:50:39 [0m[33m[WARN] [0m# of splitters: 9
14:50:40 [0m[33m[WARN] [0m# of splitters: 10
generalizing (-2 (-2 ts_ph_Nat_0 ts_ph_Nat_1) (S ts_ph_Nat_0)) = (-2 (-2 ts_ph_Nat_1 ts_ph_Nat_0) (S ts_ph_Nat_1))
14:50:40 [0m[33m[WARN] [0m# of splitters: 13
14:50:40 [0m[33m[WARN] [0m# of splitters: 12
14:50:40 [0m[33m[WARN] [0m# of splitters: 16
14:50:40 [0m[33m[WARN] [0m# of splitters: 13
14:50:40 [0m[33m[WARN] [0m# of splitters: 13
14:50:40 [0m[33m[WARN] [0m# of splitters: 11
14:50:40 [0m[33m[WARN] [0m# of splitters: 12
14:50:40 [0m[33m[WARN] [0m# of splitters: 11
14:50:40 [0m[33m[WARN] [0m# of splitters: 12
14:50:40 [0m[33m[WARN] [0m# of splitters: 9
14:50:40 [0m[33m[WARN] [0m# of splitters: 10
14:50:40 [0m[33m[WARN] [0m# of splitters: 7
14:50:40 [0m[33m[WARN] [0m# of splitters: 9
14:50:40 [0m[33m[WARN] [0m# of splitters: 6
14:50:40 [0m[33m[WARN] [0m# of splitters: 8
14:50:40 [0m[33m[WARN] [0m# of splitters: 12
14:50:40 [0m[33m[WARN] [0m# of splitters: 5
14:50:40 [0m[33m[WARN] [0m# of splitters: 14
14:50:40 [0m[33m[WARN] [0m# of splitters: 12
14:50:40 [0m[33m[WARN] [0m# of splitters: 1
14:50:40 [0m[33m[WARN] [0m# of splitters: 11
14:50:41 [0m[33m[WARN] [0m# of splitters: 10
14:50:41 [0m[33m[WARN] [0m# of splitters: 2
14:50:41 [0m[33m[WARN] [0m# of splitters: 10
14:50:41 [0m[33m[WARN] [0m# of splitters: 9
14:50:41 [0m[33m[WARN] [0m# of splitters: 9
14:50:41 [0m[33m[WARN] [0m# of splitters: 2
14:50:41 [0m[33m[WARN] [0m# of splitters: 8
14:50:41 [0m[33m[WARN] [0m# of splitters: 7
14:50:41 [0m[33m[WARN] [0m# of splitters: 7
14:50:41 [0m[33m[WARN] [0m# of splitters: 6
14:50:41 [0m[33m[WARN] [0m# of splitters: 6
14:50:41 [0m[33m[WARN] [0m# of splitters: 5
14:50:41 [0m[33m[WARN] [0m# of splitters: 5
14:50:41 [0m[33m[WARN] [0m# of splitters: 22
14:50:41 [0m[33m[WARN] [0m# of splitters: 21
14:50:41 [0m[33m[WARN] [0m# of splitters: 26
14:50:42 [0m[33m[WARN] [0m# of splitters: 25
14:50:42 [0m[33m[WARN] [0m# of splitters: 24
14:50:43 [0m[33m[WARN] [0m# of splitters: 21
14:50:43 [0m[33m[WARN] [0m# of splitters: 23
14:50:43 [0m[33m[WARN] [0m# of splitters: 21
14:50:44 [0m[33m[WARN] [0m# of splitters: 5
14:50:44 [0m[33m[WARN] [0m# of splitters: 21
14:50:44 [0m[33m[WARN] [0m# of splitters: 17
14:50:44 [0m[33m[WARN] [0m# of splitters: 16
14:50:45 [0m[33m[WARN] [0m# of splitters: 19
14:50:45 [0m[33m[WARN] [0m# of splitters: 18
14:50:45 [0m[33m[WARN] [0m# of splitters: 18
14:50:45 [0m[33m[WARN] [0m# of splitters: 18
14:50:45 [0m[33m[WARN] [0m# of splitters: 18
14:50:45 [0m[33m[WARN] [0m# of splitters: 19
14:50:45 [0m[33m[WARN] [0m# of splitters: 17
14:50:45 [0m[33m[WARN] [0m# of splitters: 14
14:50:45 [0m[33m[WARN] [0m# of splitters: 18
14:50:46 [0m[33m[WARN] [0m# of splitters: 13
14:50:46 [0m[33m[WARN] [0m# of splitters: 15
14:50:46 [0m[33m[WARN] [0m# of splitters: 14
14:50:46 [0m[33m[WARN] [0m# of splitters: 14
14:50:46 [0m[33m[WARN] [0m# of splitters: 15
14:50:46 [0m[33m[WARN] [0m# of splitters: 13
14:50:46 [0m[33m[WARN] [0m# of splitters: 10
14:50:46 [0m[33m[WARN] [0m# of splitters: 12
generalized as case_split
done in 77372
