11:01:57 [WARN] Collecting statistics
11:01:57 [WARN]  ex is: nil
11:01:57 [WARN]  ex is: (cons autovar_sk_0 nil)
11:01:57 [WARN]  ex is: (cons autovar_sk_1 (cons autovar_sk_0 nil))
11:01:57 [WARN]  ex is: Z
11:01:57 [WARN]  ex is: (S Z)
11:01:57 [WARN]  ex is: (S (S Z))
11:01:57 [WARN] Proof mode: false
11:01:57 [WARN]  ex is: nil
11:01:57 [WARN]  ex is: (cons autovar_sk_0 nil)
11:01:57 [WARN]  ex is: (cons autovar_sk_1 (cons autovar_sk_0 nil))
11:01:57 [WARN]  ex is: Z
11:01:57 [WARN]  ex is: (S Z)
11:01:57 [WARN]  ex is: (S (S Z))
11:01:57 [WARN] Proof mode: false
11:01:57 [WARN] proved: (take ?ts_ph_Nat_0 nil) => nil
11:01:57 [WARN] proved: (-2 ?ts_ph_Nat_0 ?ts_ph_Nat_0) => Z
11:01:58 [WARN] proved: (++ ?ts_ph_list_0 nil) => ?ts_ph_list_0
11:01:58 [WARN] proved: (-2 ?ts_ph_Nat_0 Z) => ?ts_ph_Nat_0
11:01:59 [WARN] proved: (-2 ?ts_ph_Nat_0 (S ?ts_ph_Nat_0)) => Z
11:02:00 [WARN] proved: (-2 (S ?ts_ph_Nat_0) ?ts_ph_Nat_0) => (S Z)
11:02:03 [WARN] proved: (take (len ?ts_ph_list_0) ?ts_ph_list_0) => ?ts_ph_list_0
11:02:06 [WARN] proved: (++ ?ts_ph_list_0 (++ ?ts_ph_list_1 ?ts_ph_list_2)) => (++ (++ ?ts_ph_list_0 ?ts_ph_list_1) ?ts_ph_list_2)
11:02:06 [WARN] proved: (++ (++ ?ts_ph_list_0 ?ts_ph_list_1) ?ts_ph_list_2) => (++ ?ts_ph_list_0 (++ ?ts_ph_list_1 ?ts_ph_list_2))
11:02:11 [WARN] proved: (take (len ?ts_ph_list_0) (++ ?ts_ph_list_0 ?ts_ph_list_1)) => ?ts_ph_list_0
11:02:19 [WARN] proved: (take (S Z) (++ ?ts_ph_list_0 ?ts_ph_list_0)) => (take (S Z) ?ts_ph_list_0)
11:02:19 [WARN] proved: (take (S Z) ?ts_ph_list_0) => (take (S Z) (++ ?ts_ph_list_0 ?ts_ph_list_0))
