20:13:15 [WARN] Collecting statistics
20:13:15 [WARN]  ex is: nil
20:13:15 [WARN]  ex is: (cons autovar_sk_0 nil)
20:13:15 [WARN]  ex is: (cons autovar_sk_1 (cons autovar_sk_0 nil))
20:13:15 [WARN]  ex is: Z
20:13:15 [WARN]  ex is: (S Z)
20:13:15 [WARN]  ex is: (S (S Z))
20:13:15 [WARN] Proof mode: false
20:13:15 [WARN]  ex is: nil
20:13:15 [WARN]  ex is: (cons autovar_sk_0 nil)
20:13:15 [WARN]  ex is: (cons autovar_sk_1 (cons autovar_sk_0 nil))
20:13:15 [WARN]  ex is: Z
20:13:15 [WARN]  ex is: (S Z)
20:13:15 [WARN]  ex is: (S (S Z))
20:13:15 [WARN] Proof mode: false
20:13:15 [WARN] proved: (take ?ts_ph_Nat_0 nil) => nil
20:13:15 [WARN] proved: (-2 ?ts_ph_Nat_0 ?ts_ph_Nat_0) => Z
20:13:15 [WARN] proved: (-2 ?ts_ph_Nat_0 Z) => ?ts_ph_Nat_0
20:13:15 [WARN] proved: (-2 ?ts_ph_Nat_0 (S ?ts_ph_Nat_0)) => Z
20:13:15 [WARN] proved: (-2 (S ?ts_ph_Nat_0) ?ts_ph_Nat_0) => (S Z)
20:13:15 [WARN] proved: (take (len ?ts_ph_list_0) ?ts_ph_list_0) => ?ts_ph_list_0
20:13:16 [WARN] proved: (take (len ?ts_ph_list_0) (cons ?ts_ph_sk_1 ?ts_ph_list_0)) => (butlast (cons ?ts_ph_sk_1 ?ts_ph_list_0))
20:13:16 [WARN] proved: (butlast (cons ?ts_ph_sk_1 ?ts_ph_list_0)) => (take (len ?ts_ph_list_0) (cons ?ts_ph_sk_1 ?ts_ph_list_0))
