11:01:53 [WARN] Collecting statistics
11:01:54 [WARN]  ex is: Z
11:01:54 [WARN]  ex is: (S Z)
11:01:54 [WARN]  ex is: (S (S Z))
11:01:54 [WARN]  ex is: nil
11:01:54 [WARN]  ex is: (cons autovar_Nat_0 nil)
11:01:54 [WARN]  ex is: (cons autovar_Nat_1 (cons autovar_Nat_0 nil))
11:01:54 [WARN] Proof mode: false
11:01:54 [WARN]  ex is: Z
11:01:54 [WARN]  ex is: (S Z)
11:01:54 [WARN]  ex is: (S (S Z))
11:01:54 [WARN]  ex is: nil
11:01:54 [WARN]  ex is: (cons autovar_Nat_0 nil)
11:01:54 [WARN]  ex is: (cons autovar_Nat_1 (cons autovar_Nat_0 nil))
11:01:54 [WARN] Proof mode: false
11:01:54 [WARN] proved: (== ?ts_ph_Nat_0 ?ts_ph_Nat_0) => true
11:01:54 [WARN] proved: (== Z ?ts_ph_Nat_0) => (== ?ts_ph_Nat_0 Z)
11:01:54 [WARN] proved: (== ?ts_ph_Nat_0 Z) => (== Z ?ts_ph_Nat_0)
11:01:54 [WARN] proved: (++ ?ts_ph_list_0 nil) => ?ts_ph_list_0
11:01:54 [WARN] proved: (== (S Z) ?ts_ph_Nat_0) => (== ?ts_ph_Nat_0 (S Z))
11:01:54 [WARN] proved: (== ?ts_ph_Nat_0 (S Z)) => (== (S Z) ?ts_ph_Nat_0)
11:01:54 [WARN] proved: (== ?ts_ph_Nat_0 (S ?ts_ph_Nat_0)) => false
11:01:54 [WARN] proved: (== (S ?ts_ph_Nat_0) ?ts_ph_Nat_0) => false
11:01:54 [WARN] proved: (++ ?ts_ph_list_0 (++ ?ts_ph_list_1 ?ts_ph_list_2)) => (++ (++ ?ts_ph_list_0 ?ts_ph_list_1) ?ts_ph_list_2)
11:01:54 [WARN] proved: (++ (++ ?ts_ph_list_0 ?ts_ph_list_1) ?ts_ph_list_2) => (++ ?ts_ph_list_0 (++ ?ts_ph_list_1 ?ts_ph_list_2))
