11:01:54 [WARN] Collecting statistics
11:01:54 [WARN]  ex is: Z
11:01:54 [WARN]  ex is: (S Z)
11:01:54 [WARN]  ex is: (S (S Z))
11:01:54 [WARN]  ex is: nil
11:01:54 [WARN]  ex is: (cons autovar_Nat_0 nil)
11:01:54 [WARN]  ex is: (cons autovar_Nat_1 (cons autovar_Nat_0 nil))
11:01:54 [WARN] Proof mode: false
11:01:54 [WARN]  ex is: Z
11:01:54 [WARN]  ex is: (S Z)
11:01:54 [WARN]  ex is: (S (S Z))
11:01:54 [WARN]  ex is: nil
11:01:54 [WARN]  ex is: (cons autovar_Nat_0 nil)
11:01:54 [WARN]  ex is: (cons autovar_Nat_1 (cons autovar_Nat_0 nil))
11:01:54 [WARN] Proof mode: false
11:01:54 [WARN] proved: (last ?ts_ph_list_0) => (lastOfTwo ?ts_ph_list_0 ?ts_ph_list_0)
11:01:54 [WARN] proved: (lastOfTwo ?ts_ph_list_0 ?ts_ph_list_0) => (last ?ts_ph_list_0)
11:01:54 [WARN] proved: (++ ?ts_ph_list_0 nil) => ?ts_ph_list_0
11:01:54 [WARN] proved: (last ?ts_ph_list_0) => (lastOfTwo nil ?ts_ph_list_0)
11:01:54 [WARN] proved: (lastOfTwo nil ?ts_ph_list_0) => (last ?ts_ph_list_0)
11:01:54 [WARN] proved: (last (cons Z ?ts_ph_list_0)) => (last ?ts_ph_list_0)
11:01:54 [WARN] proved: (last ?ts_ph_list_0) => (last (cons Z ?ts_ph_list_0))
11:01:54 [WARN] proved: (++ ?ts_ph_list_0 (++ ?ts_ph_list_1 ?ts_ph_list_2)) => (++ (++ ?ts_ph_list_0 ?ts_ph_list_1) ?ts_ph_list_2)
11:01:54 [WARN] proved: (++ (++ ?ts_ph_list_0 ?ts_ph_list_1) ?ts_ph_list_2) => (++ ?ts_ph_list_0 (++ ?ts_ph_list_1 ?ts_ph_list_2))
11:01:54 [WARN] proved: (last (++ ?ts_ph_list_0 ?ts_ph_list_1)) => (lastOfTwo ?ts_ph_list_1 (++ ?ts_ph_list_0 ?ts_ph_list_1))
11:01:54 [WARN] proved: (lastOfTwo ?ts_ph_list_1 (++ ?ts_ph_list_0 ?ts_ph_list_1)) => (last (++ ?ts_ph_list_0 ?ts_ph_list_1))
11:01:54 [WARN] proved: (lastOfTwo ?ts_ph_list_0 (++ ?ts_ph_list_0 ?ts_ph_list_1)) => (last (++ ?ts_ph_list_0 ?ts_ph_list_1))
11:01:54 [WARN] proved: (last (++ ?ts_ph_list_0 ?ts_ph_list_1)) => (lastOfTwo ?ts_ph_list_0 (++ ?ts_ph_list_0 ?ts_ph_list_1))
11:01:54 [WARN] proved: (lastOfTwo ?ts_ph_list_1 ?ts_ph_list_0) => (lastOfTwo (cons Z ?ts_ph_list_1) ?ts_ph_list_0)
11:01:54 [WARN] proved: (lastOfTwo (cons Z ?ts_ph_list_1) ?ts_ph_list_0) => (lastOfTwo ?ts_ph_list_1 ?ts_ph_list_0)
11:01:54 [WARN] proved: (last (cons ?ts_ph_Nat_1 ?ts_ph_list_0)) => (lastOfTwo (cons ?ts_ph_Nat_1 ?ts_ph_list_0) ?ts_ph_list_0)
11:01:54 [WARN] proved: (lastOfTwo (cons ?ts_ph_Nat_1 ?ts_ph_list_0) ?ts_ph_list_0) => (last (cons ?ts_ph_Nat_1 ?ts_ph_list_0))
11:01:54 [WARN] proved: (lastOfTwo (++ ?ts_ph_list_0 ?ts_ph_list_1) ?ts_ph_list_0) => (lastOfTwo ?ts_ph_list_1 ?ts_ph_list_0)
11:01:54 [WARN] proved: (lastOfTwo ?ts_ph_list_1 ?ts_ph_list_0) => (lastOfTwo (++ ?ts_ph_list_0 ?ts_ph_list_1) ?ts_ph_list_0)
11:01:55 [WARN] proved: (lastOfTwo (cons ?ts_ph_Nat_1 nil) ?ts_ph_list_0) => (last (cons ?ts_ph_Nat_1 ?ts_ph_list_0))
11:01:55 [WARN] proved: (last (cons ?ts_ph_Nat_1 ?ts_ph_list_0)) => (lastOfTwo (cons ?ts_ph_Nat_1 nil) ?ts_ph_list_0)
11:01:56 [WARN] proved: (lastOfTwo (++ ?ts_ph_list_1 ?ts_ph_list_0) ?ts_ph_list_0) => (lastOfTwo ?ts_ph_list_1 ?ts_ph_list_0)
11:01:56 [WARN] proved: (lastOfTwo ?ts_ph_list_1 ?ts_ph_list_0) => (lastOfTwo (++ ?ts_ph_list_1 ?ts_ph_list_0) ?ts_ph_list_0)
11:02:05 [WARN] proved: (last (cons ?ts_ph_Nat_1 (++ ?ts_ph_list_0 ?ts_ph_list_1))) => (lastOfTwo (cons ?ts_ph_Nat_1 ?ts_ph_list_1) (++ ?ts_ph_list_0 ?ts_ph_list_1))
11:02:05 [WARN] proved: (lastOfTwo (cons ?ts_ph_Nat_1 ?ts_ph_list_1) (++ ?ts_ph_list_0 ?ts_ph_list_1)) => (last (cons ?ts_ph_Nat_1 (++ ?ts_ph_list_0 ?ts_ph_list_1)))
11:02:20 [WARN] proved: (last (cons ?ts_ph_Nat_1 (++ ?ts_ph_list_0 ?ts_ph_list_1))) => (lastOfTwo (cons ?ts_ph_Nat_1 ?ts_ph_list_0) (++ ?ts_ph_list_0 ?ts_ph_list_1))
11:02:20 [WARN] proved: (lastOfTwo (cons ?ts_ph_Nat_1 ?ts_ph_list_0) (++ ?ts_ph_list_0 ?ts_ph_list_1)) => (last (cons ?ts_ph_Nat_1 (++ ?ts_ph_list_0 ?ts_ph_list_1)))
11:02:51 [WARN] proved: (last (++ ?ts_ph_list_0 ?ts_ph_list_1)) => (lastOfTwo (++ ?ts_ph_list_1 ?ts_ph_list_1) (++ ?ts_ph_list_0 ?ts_ph_list_1))
11:02:51 [WARN] proved: (lastOfTwo (++ ?ts_ph_list_1 ?ts_ph_list_1) (++ ?ts_ph_list_0 ?ts_ph_list_1)) => (last (++ ?ts_ph_list_0 ?ts_ph_list_1))
11:03:59 [WARN] proved: (last (++ ?ts_ph_list_0 ?ts_ph_list_1)) => (lastOfTwo (++ ?ts_ph_list_1 ?ts_ph_list_0) (++ ?ts_ph_list_0 ?ts_ph_list_1))
11:03:59 [WARN] proved: (lastOfTwo (++ ?ts_ph_list_1 ?ts_ph_list_0) (++ ?ts_ph_list_0 ?ts_ph_list_1)) => (last (++ ?ts_ph_list_0 ?ts_ph_list_1))
11:06:39 [WARN] proved: (lastOfTwo (++ ?ts_ph_list_2 ?ts_ph_list_0) (++ ?ts_ph_list_0 ?ts_ph_list_1)) => (lastOfTwo (++ ?ts_ph_list_1 ?ts_ph_list_2) (++ ?ts_ph_list_0 ?ts_ph_list_1))
11:06:39 [WARN] proved: (lastOfTwo (++ ?ts_ph_list_1 ?ts_ph_list_2) (++ ?ts_ph_list_0 ?ts_ph_list_1)) => (lastOfTwo (++ ?ts_ph_list_2 ?ts_ph_list_0) (++ ?ts_ph_list_0 ?ts_ph_list_1))
11:14:23 [WARN] proved: (lastOfTwo ?ts_ph_list_1 (++ ?ts_ph_list_0 ?ts_ph_list_0)) => (lastOfTwo (++ ?ts_ph_list_1 ?ts_ph_list_0) (++ ?ts_ph_list_0 ?ts_ph_list_0))
11:14:23 [WARN] proved: (lastOfTwo (++ ?ts_ph_list_1 ?ts_ph_list_0) (++ ?ts_ph_list_0 ?ts_ph_list_0)) => (lastOfTwo ?ts_ph_list_1 (++ ?ts_ph_list_0 ?ts_ph_list_0))
