11:01:53 [WARN] Collecting statistics
11:01:53 [WARN]  ex is: nil
11:01:53 [WARN]  ex is: (cons autovar_sk_0 nil)
11:01:53 [WARN]  ex is: (cons autovar_sk_1 (cons autovar_sk_0 nil))
11:01:53 [WARN]  ex is: Z
11:01:53 [WARN]  ex is: (S Z)
11:01:53 [WARN]  ex is: (S (S Z))
11:01:53 [WARN] Proof mode: false
11:01:53 [WARN]  ex is: nil
11:01:53 [WARN]  ex is: (cons autovar_sk_0 nil)
11:01:53 [WARN]  ex is: (cons autovar_sk_1 (cons autovar_sk_0 nil))
11:01:53 [WARN]  ex is: Z
11:01:53 [WARN]  ex is: (S Z)
11:01:53 [WARN]  ex is: (S (S Z))
11:01:54 [WARN] Proof mode: false
11:01:54 [WARN] proved: (take ?ts_ph_Nat_0 nil) => nil
11:01:54 [WARN] proved: (drop ?ts_ph_Nat_0 nil) => nil
11:01:54 [WARN] proved: (++ ?ts_ph_list_0 nil) => ?ts_ph_list_0
11:01:55 [WARN] proved: (++ (++ ?ts_ph_list_0 ?ts_ph_list_1) ?ts_ph_list_2) => (++ ?ts_ph_list_0 (++ ?ts_ph_list_1 ?ts_ph_list_2))
11:01:55 [WARN] proved: (++ ?ts_ph_list_0 (++ ?ts_ph_list_1 ?ts_ph_list_2)) => (++ (++ ?ts_ph_list_0 ?ts_ph_list_1) ?ts_ph_list_2)
11:01:56 [WARN] proved: (take (S Z) (++ ?ts_ph_list_0 ?ts_ph_list_0)) => (take (S Z) ?ts_ph_list_0)
11:01:56 [WARN] proved: (take (S Z) ?ts_ph_list_0) => (take (S Z) (++ ?ts_ph_list_0 ?ts_ph_list_0))
