11:01:56 [WARN] Collecting statistics
11:01:56 [WARN]  ex is: nil
11:01:56 [WARN]  ex is: (cons autovar_sk_0 nil)
11:01:56 [WARN]  ex is: (cons autovar_sk_1 (cons autovar_sk_0 nil))
11:01:56 [WARN]  ex is: Z
11:01:56 [WARN]  ex is: (S Z)
11:01:56 [WARN]  ex is: (S (S Z))
11:01:56 [WARN] Proof mode: false
11:01:56 [WARN]  ex is: nil
11:01:56 [WARN]  ex is: (cons autovar_sk_0 nil)
11:01:56 [WARN]  ex is: (cons autovar_sk_1 (cons autovar_sk_0 nil))
11:01:56 [WARN]  ex is: Z
11:01:56 [WARN]  ex is: (S Z)
11:01:56 [WARN]  ex is: (S (S Z))
11:01:56 [WARN] Proof mode: false
11:01:56 [WARN] proved: (take ?ts_ph_Nat_0 nil) => nil
11:01:56 [WARN] proved: (drop ?ts_ph_Nat_0 nil) => nil
11:01:56 [WARN] proved: (-2 ?ts_ph_Nat_0 ?ts_ph_Nat_0) => Z
11:01:56 [WARN] proved: (-2 ?ts_ph_Nat_0 Z) => ?ts_ph_Nat_0
11:01:56 [WARN] proved: (-2 ?ts_ph_Nat_0 (S ?ts_ph_Nat_0)) => Z
11:01:57 [WARN] proved: (-2 (S ?ts_ph_Nat_0) ?ts_ph_Nat_0) => (S Z)
