Collecting statistics
(+2 Z ?y) => ?y
(+2 (S ?z) ?y) => (S (+2 ?z ?y))
(S (+2 ?z ?y)) => (+2 (S ?z) ?y)
(drop Z ?y0) => ?y0
(drop (S ?z) nil) => nil
(drop (S ?z) (cons ?x2 ?x3)) => (drop ?z ?x3)
(drop ?autovar7 nil) => (potential_split ?autovar7 Z (S (param_Nat_0 ?autovar7))) if Cond(var: ?autovar7, pat: Z) Cond(var: ?autovar7, pat: (S ?param_0))
(drop ?autovar7 (cons ?autovar3 ?autovar4)) => (potential_split ?autovar7 Z (S (param_Nat_0 ?autovar7))) if Cond(var: ?autovar7, pat: Z) Cond(var: ?autovar7, pat: (S ?param_0))
(drop (S ?autovar5) ?autovar8) => (potential_split ?autovar8 nil (cons (param_list_0 ?autovar8) (param_list_1 ?autovar8))) if Cond(var: ?autovar8, pat: nil) Cond(var: ?autovar8, pat: (cons ?param_0 ?param_1))
(drop (S ?autovar6) ?autovar8) => (potential_split ?autovar8 nil (cons (param_list_0 ?autovar8) (param_list_1 ?autovar8))) if Cond(var: ?autovar8, pat: nil) Cond(var: ?autovar8, pat: (cons ?param_0 ?param_1))
 ex is: nil
 ex is: (cons autovar_sk_0 nil)
 ex is: (cons autovar_sk_1 (cons autovar_sk_0 nil))
 ex is: Z
 ex is: (S Z)
 ex is: (S (S Z))
 ex is: nil
 ex is: (cons autovar_sk_0 nil)
 ex is: (cons autovar_sk_1 (cons autovar_sk_0 nil))
 ex is: Z
 ex is: (S Z)
 ex is: (S (S Z))
Running TheSy on datatypes: Nat list dict: drop +2 nil cons Z S
13:04:03 [0m[33m[WARN] [0m# of splitters: 2
13:04:03 [0m[33m[WARN] [0m# of splitters: 1
13:04:03 [0m[33m[WARN] [0m# of splitters: 1
13:04:03 [0m[33m[WARN] [0m# of splitters: 1
13:04:03 [0m[33m[WARN] [0m# of splitters: 1
13:04:03 [0m[33m[WARN] [0m# of splitters: 1
13:04:03 [0m[33m[WARN] [0m# of splitters: 1
13:04:03 [0m[33m[WARN] [0m# of splitters: 1
13:04:03 [0m[33m[WARN] [0m# of splitters: 1
13:04:03 [0m[33m[WARN] [0m# of splitters: 1
13:04:03 [0m[33m[WARN] [0m# of splitters: 2
13:04:03 [0m[33m[WARN] [0m# of splitters: 2
13:04:03 [0m[33m[WARN] [0m# of splitters: 1
13:04:03 [0m[33m[WARN] [0m# of splitters: 1
13:04:03 [0m[33m[WARN] [0m# of splitters: 2
13:04:03 [0m[33m[WARN] [0m# of splitters: 1
13:04:03 [0m[33m[WARN] [0m# of splitters: 1
13:04:03 [0m[33m[WARN] [0m# of splitters: 1
13:04:03 [0m[33m[WARN] [0m# of splitters: 1
13:04:03 [0m[33m[WARN] [0m# of splitters: 2
13:04:03 [0m[33m[WARN] [0m# of splitters: 2
13:04:03 [0m[33m[WARN] [0m# of splitters: 1
13:04:03 [0m[33m[WARN] [0m# of splitters: 1
13:04:03 [0m[33m[WARN] [0m# of splitters: 1
Starting depth 1
13:04:03 [0m[33m[WARN] [0m# of splitters: 4
13:04:03 [0m[33m[WARN] [0m# of splitters: 3
13:04:03 [0m[33m[WARN] [0m# of splitters: 4
13:04:03 [0m[33m[WARN] [0m# of splitters: 2
13:04:03 [0m[33m[WARN] [0m# of splitters: 3
13:04:03 [0m[33m[WARN] [0m# of splitters: 1
13:04:03 [0m[33m[WARN] [0m# of splitters: 2
13:04:03 [0m[33m[WARN] [0m# of splitters: 1
13:04:03 [0m[33m[WARN] [0mproved: (+2 ?ts_ph_Nat_0 Z) => ?ts_ph_Nat_0
13:04:03 [0m[33m[WARN] [0m# of splitters: 1
13:04:03 [0m[33m[WARN] [0m# of splitters: 2
13:04:03 [0m[33m[WARN] [0m# of splitters: 1
13:04:03 [0m[33m[WARN] [0m# of splitters: 1
13:04:03 [0m[33m[WARN] [0m# of splitters: 1
13:04:03 [0m[33m[WARN] [0m# of splitters: 2
13:04:03 [0m[33m[WARN] [0m# of splitters: 1
13:04:03 [0m[33m[WARN] [0m# of splitters: 1
13:04:03 [0m[33m[WARN] [0m# of splitters: 1
13:04:03 [0m[33m[WARN] [0m# of splitters: 1
13:04:03 [0m[33m[WARN] [0m# of splitters: 1
13:04:03 [0m[33m[WARN] [0m# of splitters: 1
13:04:03 [0m[33m[WARN] [0m# of splitters: 1
13:04:03 [0m[33m[WARN] [0m# of splitters: 1
13:04:03 [0m[33m[WARN] [0m# of splitters: 1
13:04:03 [0m[33m[WARN] [0m# of splitters: 2
13:04:03 [0m[33m[WARN] [0m# of splitters: 1
13:04:03 [0m[33m[WARN] [0m# of splitters: 2
13:04:03 [0m[33m[WARN] [0m# of splitters: 1
13:04:03 [0m[33m[WARN] [0m# of splitters: 1
13:04:03 [0m[33m[WARN] [0m# of splitters: 1
13:04:03 [0m[33m[WARN] [0m# of splitters: 1
13:04:03 [0m[33m[WARN] [0m# of splitters: 2
13:04:03 [0m[33m[WARN] [0m# of splitters: 1
13:04:03 [0m[33m[WARN] [0m# of splitters: 1
13:04:03 [0m[33m[WARN] [0mproved: (drop ?ts_ph_Nat_0 nil) => nil
13:04:03 [0m[33m[WARN] [0m# of splitters: 1
13:04:03 [0m[33m[WARN] [0m# of splitters: 2
13:04:03 [0m[33m[WARN] [0m# of splitters: 1
13:04:03 [0m[33m[WARN] [0m# of splitters: 1
13:04:03 [0m[33m[WARN] [0m# of splitters: 1
13:04:03 [0m[33m[WARN] [0m# of splitters: 2
13:04:03 [0m[33m[WARN] [0m# of splitters: 1
13:04:03 [0m[33m[WARN] [0m# of splitters: 1
13:04:03 [0m[33m[WARN] [0m# of splitters: 1
13:04:03 [0m[33m[WARN] [0m# of splitters: 1
13:04:03 [0m[33m[WARN] [0m# of splitters: 1
13:04:03 [0m[33m[WARN] [0m# of splitters: 1
13:04:03 [0m[33m[WARN] [0m# of splitters: 1
13:04:03 [0m[33m[WARN] [0m# of splitters: 1
13:04:03 [0m[33m[WARN] [0m# of splitters: 1
13:04:03 [0m[33m[WARN] [0m# of splitters: 3
13:04:03 [0m[33m[WARN] [0m# of splitters: 1
13:04:03 [0m[33m[WARN] [0m# of splitters: 2
13:04:03 [0m[33m[WARN] [0m# of splitters: 1
13:04:03 [0m[33m[WARN] [0m# of splitters: 1
13:04:03 [0m[33m[WARN] [0m# of splitters: 1
13:04:03 [0m[33m[WARN] [0m# of splitters: 1
13:04:03 [0m[33m[WARN] [0m# of splitters: 2
13:04:03 [0m[33m[WARN] [0m# of splitters: 1
13:04:03 [0m[33m[WARN] [0m# of splitters: 1
Starting depth 2
13:04:03 [0m[33m[WARN] [0m# of splitters: 22
13:04:03 [0m[33m[WARN] [0m# of splitters: 16
13:04:03 [0m[33m[WARN] [0m# of splitters: 26
13:04:03 [0m[33m[WARN] [0m# of splitters: 15
13:04:03 [0m[33m[WARN] [0m# of splitters: 23
13:04:03 [0m[33m[WARN] [0m# of splitters: 15
13:04:03 [0m[33m[WARN] [0m# of splitters: 19
13:04:03 [0m[33m[WARN] [0m# of splitters: 14
13:04:03 [0m[33m[WARN] [0m# of splitters: 18
13:04:03 [0m[33m[WARN] [0m# of splitters: 17
13:04:03 [0m[33m[WARN] [0m# of splitters: 18
13:04:03 [0m[33m[WARN] [0m# of splitters: 15
13:04:03 [0m[33m[WARN] [0m# of splitters: 17
13:04:03 [0m[33m[WARN] [0m# of splitters: 15
13:04:03 [0m[33m[WARN] [0m# of splitters: 16
13:04:04 [0m[33m[WARN] [0m# of splitters: 14
13:04:04 [0m[33m[WARN] [0m# of splitters: 15
13:04:04 [0m[33m[WARN] [0m# of splitters: 12
13:04:04 [0m[33m[WARN] [0m# of splitters: 14
13:04:04 [0m[33m[WARN] [0m# of splitters: 12
13:04:04 [0m[33m[WARN] [0m# of splitters: 13
13:04:04 [0m[33m[WARN] [0m# of splitters: 11
13:04:04 [0m[33m[WARN] [0m# of splitters: 12
13:04:04 [0m[33m[WARN] [0m# of splitters: 10
13:04:04 [0m[33m[WARN] [0m# of splitters: 10
13:04:04 [0m[33m[WARN] [0m# of splitters: 8
13:04:04 [0m[33m[WARN] [0m# of splitters: 9
13:04:04 [0m[33m[WARN] [0m# of splitters: 8
13:04:04 [0m[33m[WARN] [0m# of splitters: 9
13:04:04 [0m[33m[WARN] [0m# of splitters: 7
13:04:04 [0m[33m[WARN] [0m# of splitters: 7
13:04:04 [0m[33m[WARN] [0m# of splitters: 5
13:04:04 [0m[33m[WARN] [0m# of splitters: 6
13:04:04 [0m[33m[WARN] [0m# of splitters: 5
13:04:04 [0m[33m[WARN] [0m# of splitters: 6
13:04:04 [0m[33m[WARN] [0mproved: (S (+2 ?ts_ph_Nat_0 ?ts_ph_Nat_1)) => (+2 ?ts_ph_Nat_0 (S ?ts_ph_Nat_1))
13:04:04 [0m[33m[WARN] [0mproved: (+2 ?ts_ph_Nat_0 (S ?ts_ph_Nat_1)) => (S (+2 ?ts_ph_Nat_0 ?ts_ph_Nat_1))
13:04:04 [0m[33m[WARN] [0m# of splitters: 2
13:04:04 [0m[33m[WARN] [0m# of splitters: 6
13:04:04 [0m[33m[WARN] [0m# of splitters: 1
13:04:04 [0m[33m[WARN] [0m# of splitters: 8
13:04:04 [0m[33m[WARN] [0m# of splitters: 6
13:04:04 [0m[33m[WARN] [0m# of splitters: 12
13:04:04 [0m[33m[WARN] [0m# of splitters: 6
13:04:04 [0m[33m[WARN] [0m# of splitters: 11
13:04:04 [0m[33m[WARN] [0m# of splitters: 5
13:04:04 [0m[33m[WARN] [0m# of splitters: 10
13:04:04 [0m[33m[WARN] [0m# of splitters: 5
13:04:04 [0m[33m[WARN] [0m# of splitters: 5
13:04:04 [0m[33m[WARN] [0m# of splitters: 4
13:04:04 [0m[33m[WARN] [0m# of splitters: 4
13:04:04 [0m[33m[WARN] [0m# of splitters: 2
13:04:04 [0m[33m[WARN] [0m# of splitters: 1
13:04:04 [0m[33m[WARN] [0m# of splitters: 1
13:04:04 [0m[33m[WARN] [0m# of splitters: 3
proved: (drop ?ts_ph_Nat_1 (drop ?ts_ph_Nat_0 ?ts_ph_list_1)) => (drop (+2 ?ts_ph_Nat_1 ?ts_ph_Nat_0) ?ts_ph_list_1)
proved: (drop (+2 ?ts_ph_Nat_1 ?ts_ph_Nat_0) ?ts_ph_list_1) => (drop ?ts_ph_Nat_1 (drop ?ts_ph_Nat_0 ?ts_ph_list_1))
13:04:04 [0m[33m[WARN] [0mFound all lemmas
done in 1262
