Collecting statistics
(-2 Z ?y) => Z
(-2 (S ?z) Z) => (S ?z)
(S ?z) => (-2 (S ?z) Z)
(-2 (S ?z) (S ?x2)) => (-2 ?z ?x2)
(-2 ?z ?x2) => (-2 (S ?z) (S ?x2))
(take Z ?y0) => nil
(take (S ?z) nil) => nil
(take (S ?z) (cons ?x21 ?x3)) => (cons ?x21 (take ?z ?x3))
(cons ?x21 (take ?z ?x3)) => (take (S ?z) (cons ?x21 ?x3))
(len nil) => Z
Z => (len nil)
(len (cons ?y2 ?xs)) => (S (len ?xs))
(drop Z ?y3) => ?y3
(drop (S ?z) nil) => nil
(drop (S ?z) (cons ?x24 ?x3)) => (drop ?z ?x3)
(++ nil ?y5) => ?y5
(++ (cons ?z7 ?xs) ?y6) => (cons ?z7 (++ ?xs ?y6))
(cons ?z7 (++ ?xs ?y6)) => (++ (cons ?z7 ?xs) ?y6)
(rev nil) => nil
nil => (rev nil)
(rev (cons ?y8 ?xs)) => (++ (rev ?xs) (cons ?y8 nil))
(++ (rev ?xs) (cons ?y8 nil)) => (rev (cons ?y8 ?xs))
(take ?autovar7 nil) => (potential_split ?autovar7 Z (S (param_Nat_0 ?autovar7))) if Cond(var: ?autovar7, pat: Z) Cond(var: ?autovar7, pat: (S ?param_0))
(take ?autovar7 (cons ?autovar3 ?autovar4)) => (potential_split ?autovar7 Z (S (param_Nat_0 ?autovar7))) if Cond(var: ?autovar7, pat: Z) Cond(var: ?autovar7, pat: (S ?param_0))
(take (S ?autovar5) ?autovar8) => (potential_split ?autovar8 nil (cons (param_list_0 ?autovar8) (param_list_1 ?autovar8))) if Cond(var: ?autovar8, pat: nil) Cond(var: ?autovar8, pat: (cons ?param_0 ?param_1))
(take (S ?autovar6) ?autovar8) => (potential_split ?autovar8 nil (cons (param_list_0 ?autovar8) (param_list_1 ?autovar8))) if Cond(var: ?autovar8, pat: nil) Cond(var: ?autovar8, pat: (cons ?param_0 ?param_1))
(drop ?autovar7 nil) => (potential_split ?autovar7 Z (S (param_Nat_0 ?autovar7))) if Cond(var: ?autovar7, pat: Z) Cond(var: ?autovar7, pat: (S ?param_0))
(drop ?autovar7 (cons ?autovar3 ?autovar4)) => (potential_split ?autovar7 Z (S (param_Nat_0 ?autovar7))) if Cond(var: ?autovar7, pat: Z) Cond(var: ?autovar7, pat: (S ?param_0))
(drop (S ?autovar5) ?autovar8) => (potential_split ?autovar8 nil (cons (param_list_0 ?autovar8) (param_list_1 ?autovar8))) if Cond(var: ?autovar8, pat: nil) Cond(var: ?autovar8, pat: (cons ?param_0 ?param_1))
(drop (S ?autovar6) ?autovar8) => (potential_split ?autovar8 nil (cons (param_list_0 ?autovar8) (param_list_1 ?autovar8))) if Cond(var: ?autovar8, pat: nil) Cond(var: ?autovar8, pat: (cons ?param_0 ?param_1))
(-2 ?autovar6 Z) => (potential_split ?autovar6 Z (S (param_Nat_0 ?autovar6))) if Cond(var: ?autovar6, pat: Z) Cond(var: ?autovar6, pat: (S ?param_0))
(-2 ?autovar6 (S ?autovar3)) => (potential_split ?autovar6 Z (S (param_Nat_0 ?autovar6))) if Cond(var: ?autovar6, pat: Z) Cond(var: ?autovar6, pat: (S ?param_0))
(-2 (S ?autovar4) ?autovar7) => (potential_split ?autovar7 Z (S (param_Nat_0 ?autovar7))) if Cond(var: ?autovar7, pat: Z) Cond(var: ?autovar7, pat: (S ?param_0))
(-2 (S ?autovar5) ?autovar7) => (potential_split ?autovar7 Z (S (param_Nat_0 ?autovar7))) if Cond(var: ?autovar7, pat: Z) Cond(var: ?autovar7, pat: (S ?param_0))
(++ ?autovar3 (cons ?autovar2 nil)) => (potential_split ?autovar3 nil (cons (param_list_0 ?autovar3) (param_list_1 ?autovar3))) if Cond(var: ?autovar3, pat: nil) Cond(var: ?autovar3, pat: (cons ?param_0 ?param_1))
 ex is: nil
 ex is: (cons autovar_sk_0 nil)
 ex is: (cons autovar_sk_1 (cons autovar_sk_0 nil))
 ex is: Z
 ex is: (S Z)
 ex is: (S (S Z))
 ex is: nil
 ex is: (cons autovar_sk_0 nil)
 ex is: (cons autovar_sk_1 (cons autovar_sk_0 nil))
 ex is: Z
 ex is: (S Z)
 ex is: (S (S Z))
Running TheSy on datatypes: Nat list dict: take len drop -2 ++ rev nil cons Z S
13:04:03 [0m[33m[WARN] [0m# of splitters: 1
13:04:03 [0m[33m[WARN] [0m# of splitters: 1
13:04:03 [0m[33m[WARN] [0m# of splitters: 1
13:04:03 [0m[33m[WARN] [0m# of splitters: 2
13:04:03 [0m[33m[WARN] [0m# of splitters: 2
13:04:03 [0m[33m[WARN] [0m# of splitters: 2
13:04:03 [0m[33m[WARN] [0m# of splitters: 2
13:04:03 [0m[33m[WARN] [0m# of splitters: 1
13:04:03 [0m[33m[WARN] [0m# of splitters: 1
13:04:03 [0m[33m[WARN] [0m# of splitters: 2
13:04:03 [0m[33m[WARN] [0m# of splitters: 1
13:04:03 [0m[33m[WARN] [0m# of splitters: 2
13:04:03 [0m[33m[WARN] [0m# of splitters: 1
13:04:03 [0m[33m[WARN] [0m# of splitters: 1
Starting depth 1
13:04:03 [0m[33m[WARN] [0m# of splitters: 4
13:04:03 [0m[33m[WARN] [0m# of splitters: 3
13:04:04 [0m[33m[WARN] [0m# of splitters: 4
13:04:04 [0m[33m[WARN] [0m# of splitters: 2
13:04:04 [0m[33m[WARN] [0m# of splitters: 3
13:04:05 [0m[33m[WARN] [0m# of splitters: 1
13:04:05 [0m[33m[WARN] [0m# of splitters: 3
13:04:05 [0m[33m[WARN] [0m# of splitters: 2
13:04:05 [0m[33m[WARN] [0mproved: (++ ?ts_ph_list_0 nil) => ?ts_ph_list_0
13:04:05 [0m[33m[WARN] [0m# of splitters: 1
13:04:05 [0m[33m[WARN] [0m# of splitters: 1
13:04:05 [0m[33m[WARN] [0m# of splitters: 1
13:04:05 [0m[33m[WARN] [0m# of splitters: 2
13:04:05 [0m[33m[WARN] [0m# of splitters: 2
13:04:05 [0m[33m[WARN] [0m# of splitters: 2
13:04:05 [0m[33m[WARN] [0m# of splitters: 2
13:04:05 [0m[33m[WARN] [0m# of splitters: 1
13:04:05 [0m[33m[WARN] [0m# of splitters: 1
13:04:05 [0m[33m[WARN] [0m# of splitters: 2
13:04:05 [0m[33m[WARN] [0m# of splitters: 1
13:04:05 [0m[33m[WARN] [0m# of splitters: 2
13:04:05 [0m[33m[WARN] [0mproved: (-2 ?ts_ph_Nat_0 Z) => ?ts_ph_Nat_0
13:04:05 [0m[33m[WARN] [0m# of splitters: 1
13:04:05 [0m[33m[WARN] [0m# of splitters: 1
13:04:05 [0m[33m[WARN] [0m# of splitters: 1
13:04:05 [0m[33m[WARN] [0m# of splitters: 2
13:04:05 [0m[33m[WARN] [0m# of splitters: 2
13:04:05 [0m[33m[WARN] [0m# of splitters: 2
13:04:05 [0m[33m[WARN] [0m# of splitters: 2
13:04:05 [0m[33m[WARN] [0m# of splitters: 1
13:04:05 [0m[33m[WARN] [0m# of splitters: 1
13:04:05 [0m[33m[WARN] [0m# of splitters: 2
13:04:05 [0m[33m[WARN] [0m# of splitters: 1
13:04:05 [0m[33m[WARN] [0m# of splitters: 2
13:04:05 [0m[33m[WARN] [0mproved: (take ?ts_ph_Nat_0 nil) => nil
13:04:05 [0m[33m[WARN] [0m# of splitters: 1
13:04:05 [0m[33m[WARN] [0m# of splitters: 1
13:04:05 [0m[33m[WARN] [0m# of splitters: 1
13:04:06 [0m[33m[WARN] [0m# of splitters: 2
13:04:06 [0m[33m[WARN] [0m# of splitters: 2
13:04:06 [0m[33m[WARN] [0m# of splitters: 2
13:04:06 [0m[33m[WARN] [0m# of splitters: 2
13:04:06 [0m[33m[WARN] [0m# of splitters: 1
13:04:06 [0m[33m[WARN] [0m# of splitters: 1
13:04:06 [0m[33m[WARN] [0m# of splitters: 2
13:04:06 [0m[33m[WARN] [0m# of splitters: 1
13:04:06 [0m[33m[WARN] [0m# of splitters: 2
13:04:06 [0m[33m[WARN] [0mproved: (drop ?ts_ph_Nat_0 nil) => nil
13:04:06 [0m[33m[WARN] [0m# of splitters: 1
13:04:06 [0m[33m[WARN] [0m# of splitters: 1
13:04:06 [0m[33m[WARN] [0m# of splitters: 1
13:04:06 [0m[33m[WARN] [0m# of splitters: 2
13:04:06 [0m[33m[WARN] [0m# of splitters: 2
13:04:06 [0m[33m[WARN] [0m# of splitters: 2
13:04:06 [0m[33m[WARN] [0m# of splitters: 2
13:04:06 [0m[33m[WARN] [0m# of splitters: 1
13:04:06 [0m[33m[WARN] [0m# of splitters: 1
13:04:06 [0m[33m[WARN] [0m# of splitters: 2
13:04:06 [0m[33m[WARN] [0m# of splitters: 1
13:04:06 [0m[33m[WARN] [0m# of splitters: 2
13:04:06 [0m[33m[WARN] [0m# of splitters: 1
13:04:06 [0m[33m[WARN] [0m# of splitters: 1
13:04:06 [0m[33m[WARN] [0m# of splitters: 1
13:04:06 [0m[33m[WARN] [0mproved: (-2 ?ts_ph_Nat_0 ?ts_ph_Nat_0) => Z
13:04:06 [0m[33m[WARN] [0m# of splitters: 1
13:04:06 [0m[33m[WARN] [0m# of splitters: 1
13:04:06 [0m[33m[WARN] [0m# of splitters: 1
13:04:06 [0m[33m[WARN] [0m# of splitters: 2
13:04:06 [0m[33m[WARN] [0m# of splitters: 2
13:04:06 [0m[33m[WARN] [0m# of splitters: 2
13:04:06 [0m[33m[WARN] [0m# of splitters: 2
13:04:06 [0m[33m[WARN] [0m# of splitters: 1
13:04:06 [0m[33m[WARN] [0m# of splitters: 1
13:04:06 [0m[33m[WARN] [0m# of splitters: 2
13:04:06 [0m[33m[WARN] [0m# of splitters: 1
13:04:06 [0m[33m[WARN] [0m# of splitters: 2

Starting depth 2
13:04:06 [0m[33m[WARN] [0m# of splitters: 45
13:04:07 [0m[33m[WARN] [0m# of splitters: 37
13:04:33 [0m[33m[WARN] [0m# of splitters: 46
13:04:58 [0m[33m[WARN] [0m# of splitters: 34
13:05:20 [0m[33m[WARN] [0m# of splitters: 44
13:05:53 [0m[33m[WARN] [0m# of splitters: 30
13:06:06 [0m[33m[WARN] [0m# of splitters: 46
13:06:23 [0m[33m[WARN] [0m# of splitters: 28
13:06:30 [0m[33m[WARN] [0m# of splitters: 46
13:06:46 [0m[33m[WARN] [0m# of splitters: 40
13:07:05 [0m[33m[WARN] [0m# of splitters: 41
13:07:16 [0m[33m[WARN] [0m# of splitters: 39
13:07:27 [0m[33m[WARN] [0m# of splitters: 38
13:07:31 [0m[33m[WARN] [0m# of splitters: 38
13:07:45 [0m[33m[WARN] [0m# of splitters: 39
13:07:56 [0m[33m[WARN] [0m# of splitters: 36
13:08:15 [0m[33m[WARN] [0m# of splitters: 37
13:08:28 [0m[33m[WARN] [0m# of splitters: 34
13:08:39 [0m[33m[WARN] [0m# of splitters: 37
13:08:46 [0m[33m[WARN] [0m# of splitters: 32
13:08:55 [0m[33m[WARN] [0m# of splitters: 36
13:08:58 [0m[33m[WARN] [0m# of splitters: 34
13:09:03 [0m[33m[WARN] [0m# of splitters: 35
13:09:16 [0m[33m[WARN] [0m# of splitters: 30
13:09:22 [0m[33m[WARN] [0m# of splitters: 34
13:09:32 [0m[33m[WARN] [0m# of splitters: 32
13:09:36 [0m[33m[WARN] [0m# of splitters: 33
13:09:49 [0m[33m[WARN] [0m# of splitters: 29
13:09:58 [0m[33m[WARN] [0m# of splitters: 32
13:10:04 [0m[33m[WARN] [0m# of splitters: 30
13:10:10 [0m[33m[WARN] [0m# of splitters: 30
13:10:21 [0m[33m[WARN] [0m# of splitters: 27
13:10:29 [0m[33m[WARN] [0m# of splitters: 30
13:10:33 [0m[33m[WARN] [0m# of splitters: 28
13:10:37 [0m[33m[WARN] [0m# of splitters: 29
13:10:40 [0m[33m[WARN] [0m# of splitters: 27
13:10:48 [0m[33m[WARN] [0m# of splitters: 27
13:10:49 [0m[33m[WARN] [0m# of splitters: 26
13:10:55 [0m[33m[WARN] [0m# of splitters: 27
13:11:00 [0m[33m[WARN] [0m# of splitters: 25
13:11:09 [0m[33m[WARN] [0m# of splitters: 26
13:11:15 [0m[33m[WARN] [0m# of splitters: 21
13:11:19 [0m[33m[WARN] [0m# of splitters: 24
13:11:21 [0m[33m[WARN] [0m# of splitters: 23
13:11:25 [0m[33m[WARN] [0m# of splitters: 24
13:11:30 [0m[33m[WARN] [0m# of splitters: 22
13:11:33 [0m[33m[WARN] [0m# of splitters: 23
13:11:36 [0m[33m[WARN] [0m# of splitters: 21
13:11:42 [0m[33m[WARN] [0m# of splitters: 22
13:11:47 [0m[33m[WARN] [0m# of splitters: 20
13:11:54 [0m[33m[WARN] [0m# of splitters: 20
13:12:08 [0m[33m[WARN] [0m# of splitters: 19
13:12:15 [0m[33m[WARN] [0m# of splitters: 20
13:12:17 [0m[33m[WARN] [0m# of splitters: 18
13:12:22 [0m[33m[WARN] [0m# of splitters: 19
13:12:22 [0m[33m[WARN] [0m# of splitters: 14
13:12:24 [0m[33m[WARN] [0m# of splitters: 18
13:12:28 [0m[33m[WARN] [0m# of splitters: 1
13:12:28 [0m[33m[WARN] [0m# of splitters: 1
13:12:28 [0m[33m[WARN] [0mproved: (take (len ?ts_ph_list_0) ?ts_ph_list_0) => ?ts_ph_list_0
13:12:28 [0m[33m[WARN] [0m# of splitters: 1
13:12:28 [0m[33m[WARN] [0m# of splitters: 1
13:12:28 [0m[33m[WARN] [0m# of splitters: 1
13:12:28 [0m[33m[WARN] [0m# of splitters: 2
13:12:28 [0m[33m[WARN] [0m# of splitters: 2
13:12:28 [0m[33m[WARN] [0m# of splitters: 2
13:12:28 [0m[33m[WARN] [0m# of splitters: 2
13:12:28 [0m[33m[WARN] [0m# of splitters: 1
13:12:28 [0m[33m[WARN] [0m# of splitters: 1
13:12:28 [0m[33m[WARN] [0m# of splitters: 2
13:12:28 [0m[33m[WARN] [0m# of splitters: 1
13:12:28 [0m[33m[WARN] [0m# of splitters: 2
13:12:28 [0m[33m[WARN] [0mproved: (drop (len ?ts_ph_list_0) ?ts_ph_list_0) => nil
13:12:28 [0m[33m[WARN] [0m# of splitters: 1
13:12:28 [0m[33m[WARN] [0m# of splitters: 1
13:12:28 [0m[33m[WARN] [0m# of splitters: 1
13:12:28 [0m[33m[WARN] [0m# of splitters: 2
13:12:28 [0m[33m[WARN] [0m# of splitters: 2
13:12:28 [0m[33m[WARN] [0m# of splitters: 2
13:12:28 [0m[33m[WARN] [0m# of splitters: 2
13:12:28 [0m[33m[WARN] [0m# of splitters: 1
13:12:28 [0m[33m[WARN] [0m# of splitters: 1
13:12:28 [0m[33m[WARN] [0m# of splitters: 2
13:12:28 [0m[33m[WARN] [0m# of splitters: 1
13:12:28 [0m[33m[WARN] [0m# of splitters: 2
13:12:28 [0m[33m[WARN] [0m# of splitters: 1
13:12:28 [0m[33m[WARN] [0m# of splitters: 3
13:12:28 [0m[33m[WARN] [0m# of splitters: 1
13:12:28 [0m[33m[WARN] [0m# of splitters: 1
13:12:28 [0m[33m[WARN] [0mproved: (-2 ?ts_ph_Nat_0 (S ?ts_ph_Nat_0)) => Z
13:12:28 [0m[33m[WARN] [0m# of splitters: 1
13:12:28 [0m[33m[WARN] [0m# of splitters: 1
13:12:28 [0m[33m[WARN] [0m# of splitters: 1
13:12:28 [0m[33m[WARN] [0m# of splitters: 2
13:12:28 [0m[33m[WARN] [0m# of splitters: 2
13:12:28 [0m[33m[WARN] [0m# of splitters: 2
13:12:28 [0m[33m[WARN] [0m# of splitters: 2
13:12:28 [0m[33m[WARN] [0m# of splitters: 1
13:12:28 [0m[33m[WARN] [0m# of splitters: 1
13:12:28 [0m[33m[WARN] [0m# of splitters: 2
13:12:28 [0m[33m[WARN] [0m# of splitters: 1
13:12:28 [0m[33m[WARN] [0m# of splitters: 2
13:12:28 [0m[33m[WARN] [0m# of splitters: 1
13:12:28 [0m[33m[WARN] [0m# of splitters: 1
13:12:28 [0m[33m[WARN] [0mproved: (-2 (S ?ts_ph_Nat_0) ?ts_ph_Nat_0) => (S Z)
13:12:28 [0m[33m[WARN] [0m# of splitters: 1
13:12:28 [0m[33m[WARN] [0m# of splitters: 1
13:12:28 [0m[33m[WARN] [0m# of splitters: 1
13:12:28 [0m[33m[WARN] [0m# of splitters: 2
13:12:28 [0m[33m[WARN] [0m# of splitters: 2
13:12:28 [0m[33m[WARN] [0m# of splitters: 2
13:12:28 [0m[33m[WARN] [0m# of splitters: 2
13:12:28 [0m[33m[WARN] [0m# of splitters: 1
13:12:28 [0m[33m[WARN] [0m# of splitters: 1
13:12:28 [0m[33m[WARN] [0m# of splitters: 2
13:12:28 [0m[33m[WARN] [0m# of splitters: 1
13:12:28 [0m[33m[WARN] [0m# of splitters: 2
13:12:28 [0m[33m[WARN] [0m# of splitters: 1
13:12:28 [0m[33m[WARN] [0m# of splitters: 1
generalizing (++ (++ ts_ph_list_0 ts_ph_list_1) ts_ph_list_1) = (++ ts_ph_list_0 (++ ts_ph_list_1 ts_ph_list_1))
generalized as case_split
13:12:28 [0m[33m[WARN] [0mproved: (++ (++ ?ts_ph_list_0 ?ts_ph_list_1) ?ts_ph_list_2) => (++ ?ts_ph_list_0 (++ ?ts_ph_list_1 ?ts_ph_list_2))
13:12:28 [0m[33m[WARN] [0mproved: (++ ?ts_ph_list_0 (++ ?ts_ph_list_1 ?ts_ph_list_2)) => (++ (++ ?ts_ph_list_0 ?ts_ph_list_1) ?ts_ph_list_2)
13:12:28 [0m[33m[WARN] [0m# of splitters: 1
13:12:28 [0m[33m[WARN] [0m# of splitters: 1
13:12:28 [0m[33m[WARN] [0m# of splitters: 1
13:12:28 [0m[33m[WARN] [0m# of splitters: 2
13:12:28 [0m[33m[WARN] [0m# of splitters: 2
13:12:28 [0m[33m[WARN] [0m# of splitters: 2
13:12:28 [0m[33m[WARN] [0m# of splitters: 2
13:12:28 [0m[33m[WARN] [0m# of splitters: 3
13:12:28 [0m[33m[WARN] [0m# of splitters: 1
13:12:28 [0m[33m[WARN] [0m# of splitters: 1
13:12:28 [0m[33m[WARN] [0m# of splitters: 2
13:12:28 [0m[33m[WARN] [0m# of splitters: 1
13:12:28 [0m[33m[WARN] [0m# of splitters: 2
13:12:28 [0m[33m[WARN] [0m# of splitters: 1
13:12:28 [0m[33m[WARN] [0m# of splitters: 3
13:12:28 [0m[33m[WARN] [0mproved: (take (len ?ts_ph_list_0) (++ ?ts_ph_list_0 ?ts_ph_list_1)) => (take (len ?ts_ph_list_0) ?ts_ph_list_0)
13:12:28 [0m[33m[WARN] [0m# of splitters: 1
13:12:28 [0m[33m[WARN] [0m# of splitters: 1
13:12:28 [0m[33m[WARN] [0m# of splitters: 1
13:12:28 [0m[33m[WARN] [0m# of splitters: 2
13:12:28 [0m[33m[WARN] [0m# of splitters: 2
13:12:28 [0m[33m[WARN] [0m# of splitters: 2
13:12:28 [0m[33m[WARN] [0m# of splitters: 2
13:12:28 [0m[33m[WARN] [0m# of splitters: 3
13:12:28 [0m[33m[WARN] [0m# of splitters: 1
13:12:28 [0m[33m[WARN] [0m# of splitters: 1
13:12:28 [0m[33m[WARN] [0m# of splitters: 2
13:12:28 [0m[33m[WARN] [0m# of splitters: 1
13:12:28 [0m[33m[WARN] [0m# of splitters: 2
13:12:28 [0m[33m[WARN] [0m# of splitters: 1
13:12:28 [0m[33m[WARN] [0m# of splitters: 2
13:12:28 [0m[33m[WARN] [0mproved: (take (S Z) (++ ?ts_ph_list_0 ?ts_ph_list_0)) => (take (S Z) ?ts_ph_list_0)
13:12:28 [0m[33m[WARN] [0mproved: (take (S Z) ?ts_ph_list_0) => (take (S Z) (++ ?ts_ph_list_0 ?ts_ph_list_0))
13:12:28 [0m[33m[WARN] [0m# of splitters: 1
13:12:28 [0m[33m[WARN] [0m# of splitters: 1
13:12:28 [0m[33m[WARN] [0m# of splitters: 1
13:12:28 [0m[33m[WARN] [0m# of splitters: 2
13:12:28 [0m[33m[WARN] [0m# of splitters: 2
13:12:28 [0m[33m[WARN] [0m# of splitters: 2
13:12:29 [0m[33m[WARN] [0m# of splitters: 2
13:12:29 [0m[33m[WARN] [0m# of splitters: 3
13:12:29 [0m[33m[WARN] [0m# of splitters: 1
13:12:29 [0m[33m[WARN] [0m# of splitters: 1
13:12:29 [0m[33m[WARN] [0m# of splitters: 2
13:12:29 [0m[33m[WARN] [0m# of splitters: 1
13:12:29 [0m[33m[WARN] [0m# of splitters: 2
13:12:29 [0m[33m[WARN] [0m# of splitters: 1
13:12:29 [0m[33m[WARN] [0m# of splitters: 2
13:12:29 [0m[33m[WARN] [0m# of splitters: 1
13:12:29 [0m[33m[WARN] [0m# of splitters: 1
13:12:29 [0m[33m[WARN] [0m# of splitters: 1
13:12:29 [0m[33m[WARN] [0m# of splitters: 3
13:12:29 [0m[33m[WARN] [0m# of splitters: 1
13:12:29 [0m[33m[WARN] [0m# of splitters: 1
13:12:29 [0m[33m[WARN] [0m# of splitters: 1
13:12:29 [0m[33m[WARN] [0m# of splitters: 1
generalizing (++ ts_ph_list_0 (++ ts_ph_list_1 ts_ph_list_1)) = (++ (++ ts_ph_list_0 ts_ph_list_1) ts_ph_list_1)
generalized as case_split
13:12:29 [0m[33m[WARN] [0m# of splitters: 2
13:12:29 [0m[33m[WARN] [0m# of splitters: 1
13:12:29 [0m[33m[WARN] [0mproved: (drop ?ts_ph_Nat_0 (take ?ts_ph_Nat_0 ?ts_ph_list_1)) => nil
13:12:29 [0m[33m[WARN] [0m# of splitters: 1
13:12:29 [0m[33m[WARN] [0m# of splitters: 1
13:12:29 [0m[33m[WARN] [0m# of splitters: 1
13:12:29 [0m[33m[WARN] [0m# of splitters: 2
13:12:29 [0m[33m[WARN] [0m# of splitters: 2
13:12:29 [0m[33m[WARN] [0m# of splitters: 2
13:12:29 [0m[33m[WARN] [0m# of splitters: 2
13:12:29 [0m[33m[WARN] [0m# of splitters: 3
13:12:29 [0m[33m[WARN] [0m# of splitters: 1
13:12:29 [0m[33m[WARN] [0m# of splitters: 1
13:12:29 [0m[33m[WARN] [0m# of splitters: 2
13:12:29 [0m[33m[WARN] [0m# of splitters: 1
13:12:29 [0m[33m[WARN] [0m# of splitters: 2

13:12:33 [0m[33m[WARN] [0m# of splitters: 1
13:12:33 [0m[33m[WARN] [0m# of splitters: 2
13:12:33 [0m[33m[WARN] [0m# of splitters: 1
13:12:33 [0m[33m[WARN] [0m# of splitters: 1
13:12:33 [0m[33m[WARN] [0m# of splitters: 2
13:12:33 [0m[33m[WARN] [0m# of splitters: 1
13:12:33 [0m[33m[WARN] [0m# of splitters: 2
13:12:33 [0m[33m[WARN] [0mproved: (rev (++ ?ts_ph_list_0 ?ts_ph_list_1)) => (++ (rev ?ts_ph_list_1) (rev ?ts_ph_list_0))
13:12:33 [0m[33m[WARN] [0mproved: (++ (rev ?ts_ph_list_1) (rev ?ts_ph_list_0)) => (rev (++ ?ts_ph_list_0 ?ts_ph_list_1))
13:12:33 [0m[33m[WARN] [0m# of splitters: 1
13:12:33 [0m[33m[WARN] [0m# of splitters: 1
13:12:33 [0m[33m[WARN] [0m# of splitters: 1
13:12:33 [0m[33m[WARN] [0m# of splitters: 2
13:12:33 [0m[33m[WARN] [0m# of splitters: 2
13:12:33 [0m[33m[WARN] [0m# of splitters: 3
13:12:33 [0m[33m[WARN] [0m# of splitters: 2
13:12:33 [0m[33m[WARN] [0m# of splitters: 6
13:12:33 [0m[33m[WARN] [0m# of splitters: 1
13:12:33 [0m[33m[WARN] [0m# of splitters: 3
13:12:33 [0m[33m[WARN] [0m# of splitters: 2
13:12:33 [0m[33m[WARN] [0m# of splitters: 2
13:12:33 [0m[33m[WARN] [0m# of splitters: 7
13:13:14 [0m[33m[WARN] [0m# of splitters: 8
13:13:14 [0m[33m[WARN] [0m# of splitters: 15
13:13:15 [0m[33m[WARN] [0m# of splitters: 2
13:13:15 [0m[33m[WARN] [0m# of splitters: 1
13:13:15 [0m[33m[WARN] [0m# of splitters: 2

13:13:20 [0m[33m[WARN] [0m# of splitters: 1
13:13:20 [0m[33m[WARN] [0m# of splitters: 4
13:13:20 [0m[33m[WARN] [0mproved: (rev (rev ?ts_ph_list_0)) => ?ts_ph_list_0
13:13:20 [0m[33m[WARN] [0m# of splitters: 1
13:13:20 [0m[33m[WARN] [0m# of splitters: 1
13:13:20 [0m[33m[WARN] [0m# of splitters: 1
13:13:20 [0m[33m[WARN] [0m# of splitters: 1
13:13:20 [0m[33m[WARN] [0m# of splitters: 2
13:13:20 [0m[33m[WARN] [0m# of splitters: 2
13:13:20 [0m[33m[WARN] [0m# of splitters: 1
13:13:20 [0m[33m[WARN] [0m# of splitters: 2
13:13:20 [0m[33m[WARN] [0m# of splitters: 3
13:13:20 [0m[33m[WARN] [0m# of splitters: 1
13:13:20 [0m[33m[WARN] [0m# of splitters: 2
13:13:20 [0m[33m[WARN] [0m# of splitters: 2
13:13:20 [0m[33m[WARN] [0m# of splitters: 1
13:13:20 [0m[33m[WARN] [0m# of splitters: 1
13:13:20 [0m[33m[WARN] [0m# of splitters: 2
13:13:20 [0m[33m[WARN] [0m# of splitters: 1
13:13:20 [0m[33m[WARN] [0m# of splitters: 1
13:13:20 [0m[33m[WARN] [0m# of splitters: 1

13:13:29 [0m[33m[WARN] [0m# of splitters: 1
13:13:29 [0m[33m[WARN] [0m# of splitters: 3
13:13:29 [0m[33m[WARN] [0m# of splitters: 1
13:13:29 [0m[33m[WARN] [0m# of splitters: 1
13:13:29 [0m[33m[WARN] [0m# of splitters: 2
13:13:29 [0m[33m[WARN] [0m# of splitters: 1
13:13:29 [0m[33m[WARN] [0m# of splitters: 2
13:13:29 [0m[33m[WARN] [0m# of splitters: 1
13:13:29 [0m[33m[WARN] [0m# of splitters: 1
13:13:29 [0m[33m[WARN] [0m# of splitters: 2
13:13:29 [0m[33m[WARN] [0m# of splitters: 7
13:13:29 [0m[33m[WARN] [0m# of splitters: 1
13:13:29 [0m[33m[WARN] [0m# of splitters: 1
13:13:29 [0m[33m[WARN] [0m# of splitters: 2
13:13:29 [0m[33m[WARN] [0m# of splitters: 1
13:13:29 [0m[33m[WARN] [0m# of splitters: 1
13:13:29 [0m[33m[WARN] [0m# of splitters: 1
13:13:29 [0m[33m[WARN] [0m# of splitters: 2
13:13:29 [0m[33m[WARN] [0m# of splitters: 2
13:13:29 [0m[33m[WARN] [0m# of splitters: 1
13:13:29 [0m[33m[WARN] [0m# of splitters: 3
13:13:29 [0m[33m[WARN] [0m# of splitters: 1
13:13:29 [0m[33m[WARN] [0mproved: (drop (len ?ts_ph_list_1) (take ?ts_ph_Nat_0 ?ts_ph_list_1)) => nil
13:13:29 [0m[33m[WARN] [0m# of splitters: 1
13:13:29 [0m[33m[WARN] [0m# of splitters: 1
13:13:29 [0m[33m[WARN] [0m# of splitters: 1
13:13:29 [0m[33m[WARN] [0m# of splitters: 1
13:13:29 [0m[33m[WARN] [0m# of splitters: 2
13:13:29 [0m[33m[WARN] [0m# of splitters: 2
13:13:29 [0m[33m[WARN] [0m# of splitters: 1
13:13:29 [0m[33m[WARN] [0m# of splitters: 2
13:13:29 [0m[33m[WARN] [0m# of splitters: 3
13:13:29 [0m[33m[WARN] [0m# of splitters: 1
13:13:29 [0m[33m[WARN] [0m# of splitters: 2
13:13:29 [0m[33m[WARN] [0m# of splitters: 2
13:13:29 [0m[33m[WARN] [0m# of splitters: 1
13:13:29 [0m[33m[WARN] [0m# of splitters: 2

13:13:45 [0m[33m[WARN] [0m# of splitters: 1
13:13:45 [0m[33m[WARN] [0m# of splitters: 3
13:13:45 [0m[33m[WARN] [0m# of splitters: 1
13:13:45 [0m[33m[WARN] [0m# of splitters: 1
13:13:45 [0m[33m[WARN] [0m# of splitters: 2
13:13:45 [0m[33m[WARN] [0m# of splitters: 1
13:13:45 [0m[33m[WARN] [0m# of splitters: 2
13:13:45 [0m[33m[WARN] [0m# of splitters: 2
13:13:45 [0m[33m[WARN] [0m# of splitters: 7
13:13:45 [0m[33m[WARN] [0m# of splitters: 1
13:13:45 [0m[33m[WARN] [0m# of splitters: 1
13:13:45 [0m[33m[WARN] [0m# of splitters: 2
13:13:45 [0m[33m[WARN] [0m# of splitters: 1
13:13:45 [0m[33m[WARN] [0m# of splitters: 1
13:13:45 [0m[33m[WARN] [0m# of splitters: 1
13:13:45 [0m[33m[WARN] [0m# of splitters: 2
13:13:45 [0m[33m[WARN] [0m# of splitters: 2
13:13:45 [0m[33m[WARN] [0m# of splitters: 1
13:13:45 [0m[33m[WARN] [0m# of splitters: 3
13:13:45 [0m[33m[WARN] [0m# of splitters: 3
13:13:45 [0m[33m[WARN] [0m# of splitters: 1
13:13:45 [0m[33m[WARN] [0m# of splitters: 1
13:13:45 [0m[33m[WARN] [0m# of splitters: 8
13:13:45 [0m[33m[WARN] [0m# of splitters: 7
13:13:45 [0m[33m[WARN] [0m# of splitters: 10
13:13:46 [0m[33m[WARN] [0m# of splitters: 8
13:13:46 [0m[33m[WARN] [0m# of splitters: 9
13:13:46 [0m[33m[WARN] [0m# of splitters: 7
13:13:46 [0m[33m[WARN] [0m# of splitters: 7
13:13:46 [0m[33m[WARN] [0m# of splitters: 6
13:13:46 [0m[33m[WARN] [0m# of splitters: 6
13:13:46 [0m[33m[WARN] [0m# of splitters: 3
13:13:46 [0m[33m[WARN] [0m# of splitters: 7
13:13:46 [0m[33m[WARN] [0m# of splitters: 4
13:13:46 [0m[33m[WARN] [0m# of splitters: 4
13:13:46 [0m[33m[WARN] [0mproved: (-2 (-2 ?ts_ph_Nat_1 ?ts_ph_Nat_0) (S Z)) => (-2 ?ts_ph_Nat_1 (S ?ts_ph_Nat_0))
13:13:46 [0m[33m[WARN] [0mproved: (-2 ?ts_ph_Nat_1 (S ?ts_ph_Nat_0)) => (-2 (-2 ?ts_ph_Nat_1 ?ts_ph_Nat_0) (S Z))
13:13:46 [0m[33m[WARN] [0m# of splitters: 1
13:13:46 [0m[33m[WARN] [0m# of splitters: 1
13:13:46 [0m[33m[WARN] [0m# of splitters: 1
13:13:46 [0m[33m[WARN] [0m# of splitters: 6
13:13:46 [0m[33m[WARN] [0m# of splitters: 5
13:13:46 [0m[33m[WARN] [0m# of splitters: 1
13:13:46 [0m[33m[WARN] [0m# of splitters: 4
13:13:46 [0m[33m[WARN] [0m# of splitters: 1
13:13:46 [0m[33m[WARN] [0m# of splitters: 3
13:13:46 [0m[33m[WARN] [0m# of splitters: 9
13:13:46 [0m[33m[WARN] [0m# of splitters: 9
13:13:46 [0m[33m[WARN] [0m# of splitters: 8
13:13:46 [0m[33m[WARN] [0m# of splitters: 8
13:13:46 [0m[33m[WARN] [0m# of splitters: 7
13:13:46 [0m[33m[WARN] [0m# of splitters: 7
13:13:46 [0m[33m[WARN] [0m# of splitters: 4
13:13:46 [0m[33m[WARN] [0m# of splitters: 7
13:13:46 [0m[33m[WARN] [0m# of splitters: 6
13:13:46 [0m[33m[WARN] [0m# of splitters: 6
13:13:46 [0m[33m[WARN] [0m# of splitters: 6
13:13:46 [0m[33m[WARN] [0m# of splitters: 7
13:13:46 [0m[33m[WARN] [0m# of splitters: 1
13:13:46 [0m[33m[WARN] [0m# of splitters: 8
13:13:46 [0m[33m[WARN] [0m# of splitters: 7
13:13:46 [0m[33m[WARN] [0m# of splitters: 1
13:13:46 [0m[33m[WARN] [0m# of splitters: 5
13:13:46 [0m[33m[WARN] [0m# of splitters: 5
13:13:46 [0m[33m[WARN] [0m# of splitters: 1
13:13:47 [0m[33m[WARN] [0m# of splitters: 6
13:13:47 [0m[33m[WARN] [0m# of splitters: 1
13:13:47 [0m[33m[WARN] [0m# of splitters: 5
13:13:47 [0m[33m[WARN] [0m# of splitters: 4
13:13:47 [0m[33m[WARN] [0m# of splitters: 4
13:13:47 [0m[33m[WARN] [0m# of splitters: 7
13:13:47 [0m[33m[WARN] [0m# of splitters: 7
13:13:47 [0m[33m[WARN] [0m# of splitters: 6
13:13:47 [0m[33m[WARN] [0m# of splitters: 7
13:13:47 [0m[33m[WARN] [0m# of splitters: 1
13:13:47 [0m[33m[WARN] [0m# of splitters: 6
13:13:47 [0m[33m[WARN] [0m# of splitters: 4
13:13:47 [0m[33m[WARN] [0m# of splitters: 4
13:13:47 [0m[33m[WARN] [0m# of splitters: 10
13:13:47 [0m[33m[WARN] [0m# of splitters: 10
13:13:47 [0m[33m[WARN] [0m# of splitters: 12
13:13:47 [0m[33m[WARN] [0m# of splitters: 9
13:13:47 [0m[33m[WARN] [0m# of splitters: 12
13:13:47 [0m[33m[WARN] [0m# of splitters: 8
13:13:47 [0m[33m[WARN] [0m# of splitters: 7
13:13:47 [0m[33m[WARN] [0m# of splitters: 8
13:13:47 [0m[33m[WARN] [0m# of splitters: 6
13:13:47 [0m[33m[WARN] [0m# of splitters: 7
13:13:47 [0m[33m[WARN] [0m# of splitters: 6
13:13:47 [0m[33m[WARN] [0m# of splitters: 6
13:13:47 [0m[33m[WARN] [0m# of splitters: 5
13:13:47 [0m[33m[WARN] [0m# of splitters: 6
13:13:47 [0m[33m[WARN] [0m# of splitters: 9
13:13:47 [0m[33m[WARN] [0m# of splitters: 9
13:13:47 [0m[33m[WARN] [0m# of splitters: 10
13:13:47 [0m[33m[WARN] [0m# of splitters: 6
13:13:47 [0m[33m[WARN] [0m# of splitters: 7

13:14:31 [0m[33m[WARN] [0m# of splitters: 1
13:14:31 [0m[33m[WARN] [0m# of splitters: 3
13:14:31 [0m[33m[WARN] [0m# of splitters: 1
13:14:31 [0m[33m[WARN] [0m# of splitters: 1
13:14:31 [0m[33m[WARN] [0m# of splitters: 2
13:14:31 [0m[33m[WARN] [0m# of splitters: 1
13:14:31 [0m[33m[WARN] [0m# of splitters: 2
13:14:31 [0m[33m[WARN] [0m# of splitters: 2
13:14:31 [0m[33m[WARN] [0m# of splitters: 7
13:14:31 [0m[33m[WARN] [0m# of splitters: 1
13:14:31 [0m[33m[WARN] [0m# of splitters: 1
13:14:31 [0m[33m[WARN] [0m# of splitters: 2
13:14:31 [0m[33m[WARN] [0m# of splitters: 1
13:14:31 [0m[33m[WARN] [0m# of splitters: 1
13:14:31 [0m[33m[WARN] [0m# of splitters: 1
13:14:31 [0m[33m[WARN] [0m# of splitters: 2
13:14:31 [0m[33m[WARN] [0m# of splitters: 2
13:14:31 [0m[33m[WARN] [0m# of splitters: 1
13:14:31 [0m[33m[WARN] [0m# of splitters: 3
13:14:31 [0m[33m[WARN] [0m# of splitters: 1
13:14:31 [0m[33m[WARN] [0m# of splitters: 3
13:14:31 [0m[33m[WARN] [0m# of splitters: 1
13:14:31 [0m[33m[WARN] [0m# of splitters: 4
13:14:31 [0m[33m[WARN] [0m# of splitters: 1
13:14:31 [0m[33m[WARN] [0m# of splitters: 1
13:14:31 [0m[33m[WARN] [0mproved: (drop (S Z) (drop ?ts_ph_Nat_0 ?ts_ph_list_1)) => (drop (S ?ts_ph_Nat_0) ?ts_ph_list_1)
13:14:31 [0m[33m[WARN] [0mproved: (drop (S ?ts_ph_Nat_0) ?ts_ph_list_1) => (drop (S Z) (drop ?ts_ph_Nat_0 ?ts_ph_list_1))
13:14:31 [0m[33m[WARN] [0m# of splitters: 1
13:14:31 [0m[33m[WARN] [0m# of splitters: 1
13:14:31 [0m[33m[WARN] [0m# of splitters: 1
13:14:31 [0m[33m[WARN] [0m# of splitters: 6
13:14:31 [0m[33m[WARN] [0m# of splitters: 5
13:14:31 [0m[33m[WARN] [0m# of splitters: 1
13:14:31 [0m[33m[WARN] [0m# of splitters: 4
13:14:31 [0m[33m[WARN] [0m# of splitters: 1
13:14:31 [0m[33m[WARN] [0m# of splitters: 3
13:14:31 [0m[33m[WARN] [0m# of splitters: 1
13:14:31 [0m[33m[WARN] [0m# of splitters: 2
13:14:31 [0m[33m[WARN] [0m# of splitters: 10
13:14:31 [0m[33m[WARN] [0m# of splitters: 9
13:14:31 [0m[33m[WARN] [0m# of splitters: 1
13:14:31 [0m[33m[WARN] [0m# of splitters: 9
13:14:31 [0m[33m[WARN] [0m# of splitters: 8
13:14:31 [0m[33m[WARN] [0m# of splitters: 6
13:14:32 [0m[33m[WARN] [0m# of splitters: 8
13:14:32 [0m[33m[WARN] [0m# of splitters: 6
13:14:32 [0m[33m[WARN] [0m# of splitters: 2
13:14:32 [0m[33m[WARN] [0m# of splitters: 6
13:14:32 [0m[33m[WARN] [0m# of splitters: 6
13:14:32 [0m[33m[WARN] [0m# of splitters: 6
13:14:32 [0m[33m[WARN] [0m# of splitters: 7
13:14:32 [0m[33m[WARN] [0m# of splitters: 1
13:14:32 [0m[33m[WARN] [0m# of splitters: 8
13:14:32 [0m[33m[WARN] [0m# of splitters: 1
13:14:32 [0m[33m[WARN] [0m# of splitters: 7
13:14:32 [0m[33m[WARN] [0m# of splitters: 6
13:14:32 [0m[33m[WARN] [0m# of splitters: 1
13:14:32 [0m[33m[WARN] [0m# of splitters: 5
13:14:32 [0m[33m[WARN] [0m# of splitters: 5
13:14:32 [0m[33m[WARN] [0m# of splitters: 5
13:14:32 [0m[33m[WARN] [0m# of splitters: 5
13:14:32 [0m[33m[WARN] [0m# of splitters: 4
13:14:32 [0m[33m[WARN] [0m# of splitters: 4
13:14:32 [0m[33m[WARN] [0m# of splitters: 7
13:14:32 [0m[33m[WARN] [0m# of splitters: 7
13:14:32 [0m[33m[WARN] [0m# of splitters: 6
13:14:32 [0m[33m[WARN] [0m# of splitters: 7
13:14:32 [0m[33m[WARN] [0m# of splitters: 1
13:14:32 [0m[33m[WARN] [0m# of splitters: 6
13:14:32 [0m[33m[WARN] [0m# of splitters: 4
13:14:32 [0m[33m[WARN] [0m# of splitters: 4
13:14:32 [0m[33m[WARN] [0m# of splitters: 11
13:14:32 [0m[33m[WARN] [0m# of splitters: 11
13:14:32 [0m[33m[WARN] [0m# of splitters: 13
13:14:32 [0m[33m[WARN] [0m# of splitters: 9
13:14:32 [0m[33m[WARN] [0m# of splitters: 10
13:14:32 [0m[33m[WARN] [0m# of splitters: 9
13:14:32 [0m[33m[WARN] [0m# of splitters: 12
13:14:33 [0m[33m[WARN] [0m# of splitters: 8
13:14:33 [0m[33m[WARN] [0m# of splitters: 8
13:14:33 [0m[33m[WARN] [0m# of splitters: 8
13:14:33 [0m[33m[WARN] [0m# of splitters: 7
13:14:33 [0m[33m[WARN] [0m# of splitters: 8
13:14:33 [0m[33m[WARN] [0m# of splitters: 7
13:14:33 [0m[33m[WARN] [0m# of splitters: 8
13:14:33 [0m[33m[WARN] [0m# of splitters: 9
13:14:33 [0m[33m[WARN] [0m# of splitters: 6
13:14:33 [0m[33m[WARN] [0m# of splitters: 7

13:15:34 [0m[33m[WARN] [0m# of splitters: 1
13:15:34 [0m[33m[WARN] [0m# of splitters: 3
13:15:34 [0m[33m[WARN] [0m# of splitters: 1
13:15:34 [0m[33m[WARN] [0m# of splitters: 1
13:15:34 [0m[33m[WARN] [0m# of splitters: 2
13:15:34 [0m[33m[WARN] [0m# of splitters: 1
13:15:34 [0m[33m[WARN] [0m# of splitters: 2
13:15:34 [0m[33m[WARN] [0m# of splitters: 1
13:15:34 [0m[33m[WARN] [0m# of splitters: 1
13:15:34 [0m[33m[WARN] [0m# of splitters: 3
13:15:34 [0m[33m[WARN] [0m# of splitters: 2
13:15:34 [0m[33m[WARN] [0m# of splitters: 3
13:15:34 [0m[33m[WARN] [0m# of splitters: 3
13:15:34 [0m[33m[WARN] [0m# of splitters: 2
13:15:34 [0m[33m[WARN] [0m# of splitters: 1
13:15:34 [0m[33m[WARN] [0m# of splitters: 1
13:15:34 [0m[33m[WARN] [0m# of splitters: 1
13:15:34 [0m[33m[WARN] [0m# of splitters: 2
13:15:34 [0m[33m[WARN] [0m# of splitters: 2
13:15:34 [0m[33m[WARN] [0m# of splitters: 1
13:15:34 [0m[33m[WARN] [0m# of splitters: 3
13:15:34 [0m[33m[WARN] [0m# of splitters: 1
13:15:34 [0m[33m[WARN] [0m# of splitters: 2
13:15:34 [0m[33m[WARN] [0m# of splitters: 2
13:15:34 [0m[33m[WARN] [0m# of splitters: 1
13:15:34 [0m[33m[WARN] [0m# of splitters: 4
13:15:34 [0m[33m[WARN] [0mproved: (drop (len ?ts_ph_list_0) (++ ?ts_ph_list_0 ?ts_ph_list_1)) => ?ts_ph_list_1
13:15:34 [0m[33m[WARN] [0m# of splitters: 1
13:15:34 [0m[33m[WARN] [0m# of splitters: 1
13:15:34 [0m[33m[WARN] [0m# of splitters: 1
13:15:34 [0m[33m[WARN] [0m# of splitters: 6
13:15:34 [0m[33m[WARN] [0m# of splitters: 5
13:15:34 [0m[33m[WARN] [0m# of splitters: 1
13:15:34 [0m[33m[WARN] [0m# of splitters: 4
13:15:34 [0m[33m[WARN] [0m# of splitters: 3
13:15:34 [0m[33m[WARN] [0m# of splitters: 2
13:15:34 [0m[33m[WARN] [0m# of splitters: 10
13:15:34 [0m[33m[WARN] [0m# of splitters: 9
13:15:34 [0m[33m[WARN] [0m# of splitters: 1
13:15:34 [0m[33m[WARN] [0m# of splitters: 9
13:15:34 [0m[33m[WARN] [0m# of splitters: 8
13:15:34 [0m[33m[WARN] [0m# of splitters: 8
13:15:34 [0m[33m[WARN] [0m# of splitters: 7
13:15:34 [0m[33m[WARN] [0m# of splitters: 7
13:15:35 [0m[33m[WARN] [0m# of splitters: 6
13:15:35 [0m[33m[WARN] [0m# of splitters: 7
13:15:35 [0m[33m[WARN] [0m# of splitters: 5
13:15:35 [0m[33m[WARN] [0m# of splitters: 3
13:15:35 [0m[33m[WARN] [0m# of splitters: 5
13:15:35 [0m[33m[WARN] [0m# of splitters: 3
13:15:35 [0m[33m[WARN] [0m# of splitters: 1
13:15:35 [0m[33m[WARN] [0m# of splitters: 6
13:15:35 [0m[33m[WARN] [0m# of splitters: 6
13:15:35 [0m[33m[WARN] [0m# of splitters: 6
13:15:35 [0m[33m[WARN] [0m# of splitters: 7
13:15:35 [0m[33m[WARN] [0m# of splitters: 1
13:15:35 [0m[33m[WARN] [0m# of splitters: 8
13:15:35 [0m[33m[WARN] [0m# of splitters: 1
13:15:35 [0m[33m[WARN] [0m# of splitters: 7
13:15:35 [0m[33m[WARN] [0m# of splitters: 6
13:15:35 [0m[33m[WARN] [0m# of splitters: 1
13:15:35 [0m[33m[WARN] [0m# of splitters: 5
13:15:35 [0m[33m[WARN] [0m# of splitters: 5
13:15:35 [0m[33m[WARN] [0m# of splitters: 4
13:15:35 [0m[33m[WARN] [0m# of splitters: 4
13:15:35 [0m[33m[WARN] [0m# of splitters: 7
13:15:35 [0m[33m[WARN] [0m# of splitters: 7
13:15:35 [0m[33m[WARN] [0m# of splitters: 6
13:15:35 [0m[33m[WARN] [0m# of splitters: 7
13:15:35 [0m[33m[WARN] [0m# of splitters: 1
13:15:35 [0m[33m[WARN] [0m# of splitters: 6
13:15:35 [0m[33m[WARN] [0m# of splitters: 1
13:15:35 [0m[33m[WARN] [0m# of splitters: 4
13:15:35 [0m[33m[WARN] [0m# of splitters: 1
13:15:35 [0m[33m[WARN] [0m# of splitters: 3
13:15:35 [0m[33m[WARN] [0m# of splitters: 4
13:15:35 [0m[33m[WARN] [0m# of splitters: 2
13:15:35 [0m[33m[WARN] [0m# of splitters: 11
13:15:35 [0m[33m[WARN] [0m# of splitters: 11
13:15:35 [0m[33m[WARN] [0m# of splitters: 13
13:15:35 [0m[33m[WARN] [0m# of splitters: 10
13:15:35 [0m[33m[WARN] [0m# of splitters: 13
13:15:36 [0m[33m[WARN] [0m# of splitters: 9
13:15:36 [0m[33m[WARN] [0m# of splitters: 9
13:15:36 [0m[33m[WARN] [0m# of splitters: 8
13:15:36 [0m[33m[WARN] [0m# of splitters: 7
13:15:36 [0m[33m[WARN] [0m# of splitters: 8
13:15:36 [0m[33m[WARN] [0m# of splitters: 6
13:15:36 [0m[33m[WARN] [0m# of splitters: 7
13:15:36 [0m[33m[WARN] [0m# of splitters: 6
13:15:36 [0m[33m[WARN] [0m# of splitters: 7
13:15:36 [0m[33m[WARN] [0m# of splitters: 9

13:18:49 [0m[33m[WARN] [0m# of splitters: 1
13:18:49 [0m[33m[WARN] [0m# of splitters: 3
13:18:49 [0m[33m[WARN] [0m# of splitters: 1
13:18:49 [0m[33m[WARN] [0m# of splitters: 1
13:18:49 [0m[33m[WARN] [0m# of splitters: 2
13:18:49 [0m[33m[WARN] [0m# of splitters: 1
13:18:49 [0m[33m[WARN] [0m# of splitters: 2
13:18:49 [0m[33m[WARN] [0m# of splitters: 3
13:18:49 [0m[33m[WARN] [0m# of splitters: 2
13:18:49 [0m[33m[WARN] [0m# of splitters: 3
13:18:49 [0m[33m[WARN] [0m# of splitters: 3
13:18:49 [0m[33m[WARN] [0m# of splitters: 2
13:18:49 [0m[33m[WARN] [0m# of splitters: 1
13:18:49 [0m[33m[WARN] [0m# of splitters: 1
13:18:49 [0m[33m[WARN] [0m# of splitters: 1
13:18:49 [0m[33m[WARN] [0m# of splitters: 2
13:18:49 [0m[33m[WARN] [0m# of splitters: 2
13:18:49 [0m[33m[WARN] [0m# of splitters: 1
13:18:49 [0m[33m[WARN] [0m# of splitters: 3
13:18:49 [0m[33m[WARN] [0m# of splitters: 1
13:18:49 [0m[33m[WARN] [0m# of splitters: 2
13:18:49 [0m[33m[WARN] [0m# of splitters: 4
13:18:49 [0m[33m[WARN] [0m# of splitters: 1
13:18:49 [0m[33m[WARN] [0m# of splitters: 5
13:18:49 [0m[33m[WARN] [0m# of splitters: 1
13:18:49 [0m[33m[WARN] [0m# of splitters: 4
13:18:49 [0m[33m[WARN] [0m# of splitters: 1
13:18:49 [0m[33m[WARN] [0m# of splitters: 1
13:18:49 [0m[33m[WARN] [0m# of splitters: 4
13:18:49 [0m[33m[WARN] [0m# of splitters: 1
13:18:49 [0m[33m[WARN] [0m# of splitters: 7
13:18:49 [0m[33m[WARN] [0m# of splitters: 2
13:18:49 [0m[33m[WARN] [0m# of splitters: 5
13:18:49 [0m[33m[WARN] [0m# of splitters: 1
13:18:49 [0m[33m[WARN] [0m# of splitters: 2
13:18:49 [0m[33m[WARN] [0m# of splitters: 9
13:18:49 [0m[33m[WARN] [0m# of splitters: 8
13:18:49 [0m[33m[WARN] [0m# of splitters: 11
13:18:50 [0m[33m[WARN] [0m# of splitters: 8
13:18:50 [0m[33m[WARN] [0m# of splitters: 10
13:18:50 [0m[33m[WARN] [0m# of splitters: 7
13:18:50 [0m[33m[WARN] [0m# of splitters: 8
13:18:50 [0m[33m[WARN] [0m# of splitters: 6
13:18:50 [0m[33m[WARN] [0m# of splitters: 7
13:18:50 [0m[33m[WARN] [0m# of splitters: 4
13:18:50 [0m[33m[WARN] [0m# of splitters: 6
13:18:50 [0m[33m[WARN] [0m# of splitters: 5
13:18:50 [0m[33m[WARN] [0m# of splitters: 5
13:18:50 [0m[33m[WARN] [0m# of splitters: 4
13:18:50 [0m[33m[WARN] [0m# of splitters: 4
13:18:50 [0m[33m[WARN] [0m# of splitters: 3
13:18:50 [0m[33m[WARN] [0m# of splitters: 1
13:18:50 [0m[33m[WARN] [0m# of splitters: 4
13:18:50 [0m[33m[WARN] [0m# of splitters: 1
13:18:50 [0m[33m[WARN] [0m# of splitters: 1
13:18:50 [0m[33m[WARN] [0m# of splitters: 2
13:18:50 [0m[33m[WARN] [0m# of splitters: 1
13:18:50 [0m[33m[WARN] [0m# of splitters: 4
13:18:50 [0m[33m[WARN] [0m# of splitters: 2
13:18:50 [0m[33m[WARN] [0m# of splitters: 1
13:18:50 [0m[33m[WARN] [0m# of splitters: 4
13:18:50 [0m[33m[WARN] [0m# of splitters: 5
13:18:50 [0m[33m[WARN] [0m# of splitters: 3
13:18:50 [0m[33m[WARN] [0m# of splitters: 11
13:18:50 [0m[33m[WARN] [0m# of splitters: 2
13:18:51 [0m[33m[WARN] [0m# of splitters: 8
13:18:51 [0m[33m[WARN] [0m# of splitters: 1
13:18:51 [0m[33m[WARN] [0m# of splitters: 10
done in 887507
