20:13:14 [WARN] Collecting statistics
20:13:14 [WARN]  ex is: Z
20:13:14 [WARN]  ex is: (S Z)
20:13:14 [WARN]  ex is: (S (S Z))
20:13:14 [WARN] Proof mode: false
20:13:14 [WARN]  ex is: Z
20:13:14 [WARN]  ex is: (S Z)
20:13:14 [WARN]  ex is: (S (S Z))
20:13:14 [WARN] Proof mode: false
20:13:14 [WARN] proved: (min ?ts_ph_Nat_0 ?ts_ph_Nat_0) => ?ts_ph_Nat_0
20:13:14 [WARN] proved: (<=2 ?ts_ph_Nat_0 Z) => (== Z ?ts_ph_Nat_0)
20:13:14 [WARN] proved: (== Z ?ts_ph_Nat_0) => (<=2 ?ts_ph_Nat_0 Z)
20:13:14 [WARN] proved: (<=2 ?ts_ph_Nat_0 ?ts_ph_Nat_0) => true
20:13:14 [WARN] proved: (min ?ts_ph_Nat_0 Z) => Z
20:13:14 [WARN] proved: (== ?ts_ph_Nat_0 ?ts_ph_Nat_0) => true
20:13:14 [WARN] proved: (== Z ?ts_ph_Nat_0) => (== ?ts_ph_Nat_0 Z)
20:13:14 [WARN] proved: (== ?ts_ph_Nat_0 Z) => (== Z ?ts_ph_Nat_0)
20:13:14 [WARN] proved: (min ?ts_ph_Nat_0 (S Z)) => (min (S Z) ?ts_ph_Nat_0)
20:13:14 [WARN] proved: (min (S Z) ?ts_ph_Nat_0) => (min ?ts_ph_Nat_0 (S Z))
20:13:14 [WARN] proved: (min (S ?ts_ph_Nat_0) ?ts_ph_Nat_0) => ?ts_ph_Nat_0
20:13:14 [WARN] proved: (<=2 (S ?ts_ph_Nat_0) ?ts_ph_Nat_0) => false
20:13:14 [WARN] proved: (<=2 ?ts_ph_Nat_0 (S ?ts_ph_Nat_0)) => true
20:13:14 [WARN] proved: (== ?ts_ph_Nat_0 (S ?ts_ph_Nat_0)) => false
20:13:14 [WARN] proved: (min ?ts_ph_Nat_0 (S ?ts_ph_Nat_0)) => ?ts_ph_Nat_0
20:13:14 [WARN] proved: (== ?ts_ph_Nat_0 (S Z)) => (== (S Z) ?ts_ph_Nat_0)
20:13:14 [WARN] proved: (== (S Z) ?ts_ph_Nat_0) => (== ?ts_ph_Nat_0 (S Z))
20:13:14 [WARN] proved: (== (S ?ts_ph_Nat_0) ?ts_ph_Nat_0) => false
