20:13:21 [WARN] Collecting statistics
20:13:21 [WARN]  ex is: nil4
20:13:21 [WARN]  ex is: (cons4 autovar_sk_0 nil4)
20:13:21 [WARN]  ex is: (cons4 autovar_sk_1 (cons4 autovar_sk_0 nil4))
20:13:21 [WARN]  ex is: zero
20:13:21 [WARN]  ex is: (succ zero)
20:13:21 [WARN]  ex is: (succ (succ zero))
20:13:21 [WARN]  ex is: nil3
20:13:21 [WARN]  ex is: (cons3 autovar_Nat_0 nil3)
20:13:21 [WARN]  ex is: (cons3 autovar_Nat_1 (cons3 autovar_Nat_0 nil3))
20:13:21 [WARN] Proof mode: false
20:13:21 [WARN]  ex is: nil4
20:13:21 [WARN]  ex is: (cons4 autovar_sk_0 nil4)
20:13:21 [WARN]  ex is: (cons4 autovar_sk_1 (cons4 autovar_sk_0 nil4))
20:13:21 [WARN]  ex is: zero
20:13:21 [WARN]  ex is: (succ zero)
20:13:21 [WARN]  ex is: (succ (succ zero))
20:13:21 [WARN]  ex is: nil3
20:13:21 [WARN]  ex is: (cons3 autovar_Nat_0 nil3)
20:13:21 [WARN]  ex is: (cons3 autovar_Nat_1 (cons3 autovar_Nat_0 nil3))
20:13:21 [WARN] Proof mode: false
20:13:21 [WARN] proved: (zip2 ?ts_ph_list4_0 nil4) => nil2
20:13:21 [WARN] proved: (zip ?ts_ph_list3_0 nil4) => nil
