16:57:44 [0m[33m[WARN] [0mCollecting statistics
16:57:44 [0m[33m[WARN] [0mproof mode false
(take Z ?y) => nil
(take (S ?z) nil) => nil
(take (S ?z) (cons ?x2 ?x3)) => (cons ?x2 (take ?z ?x3))
(cons ?x2 (take ?z ?x3)) => (take (S ?z) (cons ?x2 ?x3))
(map2 ?x nil) => nil
(map2 ?x (cons ?z0 ?xs)) => (cons (apply1 ?x ?z0) (map2 ?x ?xs))
(cons (apply1 ?x ?z0) (map2 ?x ?xs)) => (map2 ?x (cons ?z0 ?xs))
Searcher: (take ?autovar7 nil)
Searcher: (take ?autovar7 (cons ?autovar3 ?autovar4))
Searcher: (take (S ?autovar5) ?autovar8)
Searcher: (take (S ?autovar6) ?autovar8)
16:57:44 [0m[33m[WARN] [0m ex is: nil
16:57:44 [0m[33m[WARN] [0m ex is: (cons autovar_sk_0 nil)
16:57:44 [0m[33m[WARN] [0m ex is: (cons autovar_sk_1 (cons autovar_sk_0 nil))
16:57:44 [0m[33m[WARN] [0m ex is: Z
16:57:44 [0m[33m[WARN] [0m ex is: (S Z)
16:57:44 [0m[33m[WARN] [0m ex is: (S (S Z))
16:57:44 [0m[33m[WARN] [0mProof mode: false
16:57:44 [0m[33m[WARN] [0m ex is: nil
16:57:44 [0m[33m[WARN] [0m ex is: (cons autovar_sk_0 nil)
16:57:44 [0m[33m[WARN] [0m ex is: (cons autovar_sk_1 (cons autovar_sk_0 nil))
16:57:44 [0m[33m[WARN] [0m ex is: Z
16:57:44 [0m[33m[WARN] [0m ex is: (S Z)
16:57:44 [0m[33m[WARN] [0m ex is: (S (S Z))
16:57:44 [0m[33m[WARN] [0mProof mode: false
16:57:44 [0m[33m[WARN] [0mproved: (take ?ts_ph_Nat_0 nil) => nil
done in 380
