Collecting statistics
(== Z Z) => true
(== Z (S ?z)) => false
(== (S ?x2) Z) => false
(== (S ?x2) (S ?y2)) => (== ?x2 ?y2)
(== ?x2 ?y2) => (== (S ?x2) (S ?y2))
(count ?x nil) => Z
(count ?x (cons ?z ?ys)) => (count ?x ?ys)
(count ?x (cons ?z ?ys)) => (S (count ?x ?ys))
(rev nil) => nil
nil => (rev nil)
(== ?autovar7 Z) => (potential_split ?autovar7 Z (S (param_Nat_0 ?autovar7))) if Cond(var: ?autovar7, pat: Z) Cond(var: ?autovar7, pat: (S ?param_0))
(== ?autovar7 (S ?autovar1)) => (potential_split ?autovar7 Z (S (param_Nat_0 ?autovar7))) if Cond(var: ?autovar7, pat: Z) Cond(var: ?autovar7, pat: (S ?param_0))
(== ?autovar7 Z) => (potential_split ?autovar7 Z (S (param_Nat_0 ?autovar7))) if Cond(var: ?autovar7, pat: Z) Cond(var: ?autovar7, pat: (S ?param_0))
(== ?autovar7 (S ?autovar4)) => (potential_split ?autovar7 Z (S (param_Nat_0 ?autovar7))) if Cond(var: ?autovar7, pat: Z) Cond(var: ?autovar7, pat: (S ?param_0))
(== Z ?autovar8) => (potential_split ?autovar8 Z (S (param_Nat_0 ?autovar8))) if Cond(var: ?autovar8, pat: Z) Cond(var: ?autovar8, pat: (S ?param_0))
(== Z ?autovar8) => (potential_split ?autovar8 Z (S (param_Nat_0 ?autovar8))) if Cond(var: ?autovar8, pat: Z) Cond(var: ?autovar8, pat: (S ?param_0))
(== (S ?autovar5) ?autovar8) => (potential_split ?autovar8 Z (S (param_Nat_0 ?autovar8))) if Cond(var: ?autovar8, pat: Z) Cond(var: ?autovar8, pat: (S ?param_0))
(== (S ?autovar6) ?autovar8) => (potential_split ?autovar8 Z (S (param_Nat_0 ?autovar8))) if Cond(var: ?autovar8, pat: Z) Cond(var: ?autovar8, pat: (S ?param_0))
 ex is: Z
 ex is: (S Z)
 ex is: (S (S Z))
 ex is: nil
 ex is: (cons autovar_Nat_0 nil)
 ex is: (cons autovar_Nat_1 (cons autovar_Nat_0 nil))
 ex is: Z
 ex is: (S Z)
 ex is: (S (S Z))
 ex is: nil
 ex is: (cons autovar_Nat_0 nil)
 ex is: (cons autovar_Nat_1 (cons autovar_Nat_0 nil))
Running TheSy on datatypes: list Nat dict: == count rev Z S nil cons
Starting depth 1
13:04:03 [0m[33m[WARN] [0m# of splitters: 2
13:04:03 [0m[33m[WARN] [0m# of splitters: 1
13:04:03 [0m[33m[WARN] [0m# of splitters: 1
13:04:03 [0m[33m[WARN] [0m# of splitters: 1
13:04:03 [0m[33m[WARN] [0mproved: (== Z ?ts_ph_Nat_0) => (== ?ts_ph_Nat_0 Z)
13:04:03 [0m[33m[WARN] [0mproved: (== ?ts_ph_Nat_0 Z) => (== Z ?ts_ph_Nat_0)
13:04:03 [0m[33m[WARN] [0mproved: (== ?ts_ph_Nat_0 ?ts_ph_Nat_0) => true
Starting depth 2
13:04:04 [0m[33m[WARN] [0m# of splitters: 18
13:04:04 [0m[33m[WARN] [0m# of splitters: 13
13:04:04 [0m[33m[WARN] [0m# of splitters: 18
13:04:04 [0m[33m[WARN] [0m# of splitters: 12
13:04:05 [0m[33m[WARN] [0m# of splitters: 17
13:04:05 [0m[33m[WARN] [0m# of splitters: 15
13:04:05 [0m[33m[WARN] [0m# of splitters: 16
13:04:05 [0m[33m[WARN] [0m# of splitters: 14
13:04:05 [0m[33m[WARN] [0m# of splitters: 15
13:04:06 [0m[33m[WARN] [0m# of splitters: 13
13:04:06 [0m[33m[WARN] [0m# of splitters: 14
13:04:06 [0m[33m[WARN] [0m# of splitters: 12
13:04:06 [0m[33m[WARN] [0m# of splitters: 13
13:04:07 [0m[33m[WARN] [0m# of splitters: 11
13:04:07 [0m[33m[WARN] [0m# of splitters: 12
13:04:07 [0m[33m[WARN] [0m# of splitters: 10
13:04:07 [0m[33m[WARN] [0m# of splitters: 11
13:04:07 [0m[33m[WARN] [0m# of splitters: 9
13:04:08 [0m[33m[WARN] [0m# of splitters: 10
13:04:08 [0m[33m[WARN] [0m# of splitters: 8
13:04:08 [0m[33m[WARN] [0m# of splitters: 9
13:04:08 [0m[33m[WARN] [0m# of splitters: 7
13:04:08 [0m[33m[WARN] [0m# of splitters: 8
13:04:08 [0m[33m[WARN] [0m# of splitters: 6
13:04:09 [0m[33m[WARN] [0m# of splitters: 7
13:04:09 [0m[33m[WARN] [0m# of splitters: 1
13:04:09 [0m[33m[WARN] [0m# of splitters: 1
13:04:09 [0m[33m[WARN] [0mproved: (== (S ?ts_ph_Nat_0) ?ts_ph_Nat_0) => false
13:04:09 [0m[33m[WARN] [0m# of splitters: 1
13:04:09 [0m[33m[WARN] [0m# of splitters: 1
13:04:09 [0m[33m[WARN] [0mproved: (== (S ?ts_ph_Nat_0) ?ts_ph_Nat_0) => (== ?ts_ph_Nat_0 (S ?ts_ph_Nat_0))
13:04:09 [0m[33m[WARN] [0mproved: (== ?ts_ph_Nat_0 (S ?ts_ph_Nat_0)) => (== (S ?ts_ph_Nat_0) ?ts_ph_Nat_0)
13:04:09 [0m[33m[WARN] [0m# of splitters: 1
13:04:09 [0m[33m[WARN] [0mproved: (== ?ts_ph_Nat_0 (S Z)) => (== (S Z) ?ts_ph_Nat_0)
13:04:09 [0m[33m[WARN] [0mproved: (== (S Z) ?ts_ph_Nat_0) => (== ?ts_ph_Nat_0 (S Z))
13:04:09 [0m[33m[WARN] [0m# of splitters: 1
13:04:09 [0m[33m[WARN] [0mproved: (== ?ts_ph_Nat_0 ?ts_ph_Nat_1) => (== ?ts_ph_Nat_1 ?ts_ph_Nat_0)
13:04:09 [0m[33m[WARN] [0mproved: (== ?ts_ph_Nat_1 ?ts_ph_Nat_0) => (== ?ts_ph_Nat_0 ?ts_ph_Nat_1)

done in 5295
