20:13:16 [WARN] Collecting statistics
20:13:16 [WARN]  ex is: Z
20:13:16 [WARN]  ex is: (S Z)
20:13:16 [WARN]  ex is: (S (S Z))
20:13:16 [WARN]  ex is: nil
20:13:16 [WARN]  ex is: (cons autovar_Nat_0 nil)
20:13:16 [WARN]  ex is: (cons autovar_Nat_1 (cons autovar_Nat_0 nil))
20:13:16 [WARN] Proof mode: false
20:13:16 [WARN]  ex is: Z
20:13:16 [WARN]  ex is: (S Z)
20:13:16 [WARN]  ex is: (S (S Z))
20:13:16 [WARN]  ex is: nil
20:13:16 [WARN]  ex is: (cons autovar_Nat_0 nil)
20:13:16 [WARN]  ex is: (cons autovar_Nat_1 (cons autovar_Nat_0 nil))
20:13:16 [WARN] Proof mode: false
20:13:16 [WARN] proved: (<=2 ?ts_ph_Nat_0 ?ts_ph_Nat_0) => true
20:13:16 [WARN] proved: (<=2 ?ts_ph_Nat_0 (S ?ts_ph_Nat_0)) => true
20:13:17 [WARN] proved: (<=2 (S ?ts_ph_Nat_0) ?ts_ph_Nat_0) => false
20:13:27 [WARN] proved: (sorted ?ts_ph_list_0) => (sorted (cons Z ?ts_ph_list_0))
20:13:27 [WARN] proved: (sorted (cons Z ?ts_ph_list_0)) => (sorted ?ts_ph_list_0)
20:13:39 [WARN] proved: (&& (<=2 ?ts_ph_Nat_0 Z) false) => false
20:20:47 [WARN] proved: (<=2 ?ts_ph_Nat_0 Z) => (&& (<=2 ?ts_ph_Nat_0 Z) true)
20:20:47 [WARN] proved: (&& (<=2 ?ts_ph_Nat_0 Z) true) => (<=2 ?ts_ph_Nat_0 Z)
