20:13:14 [WARN] Collecting statistics
20:13:14 [WARN]  ex is: Z
20:13:14 [WARN]  ex is: (S Z)
20:13:14 [WARN]  ex is: (S (S Z))
20:13:14 [WARN] Proof mode: false
20:13:14 [WARN]  ex is: Z
20:13:14 [WARN]  ex is: (S Z)
20:13:14 [WARN]  ex is: (S (S Z))
20:13:14 [WARN] Proof mode: false
20:13:14 [WARN] proved: (<=2 ?ts_ph_Nat_0 ?ts_ph_Nat_0) => true
20:13:14 [WARN] proved: (+2 ?ts_ph_Nat_0 Z) => ?ts_ph_Nat_0
20:13:14 [WARN] proved: (+2 ?ts_ph_Nat_0 (S ?ts_ph_Nat_1)) => (S (+2 ?ts_ph_Nat_0 ?ts_ph_Nat_1))
20:13:14 [WARN] proved: (S (+2 ?ts_ph_Nat_0 ?ts_ph_Nat_1)) => (+2 ?ts_ph_Nat_0 (S ?ts_ph_Nat_1))
20:13:14 [WARN] proved: (+2 ?ts_ph_Nat_1 ?ts_ph_Nat_0) => (+2 ?ts_ph_Nat_0 ?ts_ph_Nat_1)
20:13:14 [WARN] proved: (+2 ?ts_ph_Nat_0 ?ts_ph_Nat_1) => (+2 ?ts_ph_Nat_1 ?ts_ph_Nat_0)
20:13:14 [WARN] proved: (<=2 ?ts_ph_Nat_0 (S ?ts_ph_Nat_0)) => true
20:13:14 [WARN] proved: (<=2 (S ?ts_ph_Nat_0) ?ts_ph_Nat_0) => false
20:13:14 [WARN] proved: (+2 ?ts_ph_Nat_0 (+2 ?ts_ph_Nat_1 ?ts_ph_Nat_2)) => (+2 ?ts_ph_Nat_1 (+2 ?ts_ph_Nat_0 ?ts_ph_Nat_2))
20:13:14 [WARN] proved: (+2 ?ts_ph_Nat_1 (+2 ?ts_ph_Nat_0 ?ts_ph_Nat_2)) => (+2 ?ts_ph_Nat_0 (+2 ?ts_ph_Nat_1 ?ts_ph_Nat_2))
20:13:14 [WARN] proved: (<=2 ?ts_ph_Nat_0 (+2 ?ts_ph_Nat_0 ?ts_ph_Nat_1)) => true
20:13:14 [WARN] proved: (<=2 (+2 ?ts_ph_Nat_0 ?ts_ph_Nat_1) ?ts_ph_Nat_0) => (<=2 ?ts_ph_Nat_1 Z)
20:13:14 [WARN] proved: (<=2 (+2 ?ts_ph_Nat_0 ?ts_ph_Nat_0) Z) => (<=2 ?ts_ph_Nat_0 Z)
20:13:14 [WARN] proved: (<=2 ?ts_ph_Nat_0 Z) => (<=2 (+2 ?ts_ph_Nat_0 ?ts_ph_Nat_0) Z)
20:13:14 [WARN] proved: (<=2 (S ?ts_ph_Nat_1) (+2 ?ts_ph_Nat_0 ?ts_ph_Nat_1)) => (<=2 (S Z) ?ts_ph_Nat_0)
20:13:14 [WARN] proved: (<=2 (+2 ?ts_ph_Nat_0 ?ts_ph_Nat_1) (S ?ts_ph_Nat_1)) => (<=2 ?ts_ph_Nat_0 (S Z))
20:13:14 [WARN] proved: (<=2 (+2 ?ts_ph_Nat_0 ?ts_ph_Nat_0) (S Z)) => (<=2 ?ts_ph_Nat_0 Z)
20:13:14 [WARN] proved: (<=2 ?ts_ph_Nat_0 Z) => (<=2 (+2 ?ts_ph_Nat_0 ?ts_ph_Nat_0) (S Z))
20:13:16 [WARN] proved: (<=2 (S Z) (+2 ?ts_ph_Nat_0 ?ts_ph_Nat_0)) => (<=2 (S Z) ?ts_ph_Nat_0)
20:13:16 [WARN] proved: (<=2 (S Z) ?ts_ph_Nat_0) => (<=2 (S Z) (+2 ?ts_ph_Nat_0 ?ts_ph_Nat_0))
