16:57:43 [0m[33m[WARN] [0mCollecting statistics
16:57:43 [0m[33m[WARN] [0mproof mode false
(takeWhile ?x nil) => nil
(takeWhile ?x (cons ?z ?xs)) => (cons ?z (takeWhile ?x ?xs))
(takeWhile ?x (cons ?z ?xs)) => (cons ?z (takeWhile ?x ?xs))
(takeWhile ?x (cons ?z ?xs)) => nil
(dropWhile ?x nil) => nil
(dropWhile ?x (cons ?z ?xs)) => (dropWhile ?x ?xs)
(dropWhile ?x (cons ?z ?xs)) => (cons ?z ?xs)
(++ nil ?y) => ?y
(++ (cons ?z ?xs) ?y) => (cons ?z (++ ?xs ?y))
(cons ?z (++ ?xs ?y)) => (++ (cons ?z ?xs) ?y)
16:57:43 [0m[33m[WARN] [0m ex is: nil
16:57:43 [0m[33m[WARN] [0m ex is: (cons autovar_sk_0 nil)
16:57:43 [0m[33m[WARN] [0m ex is: (cons autovar_sk_1 (cons autovar_sk_0 nil))
16:57:43 [0m[33m[WARN] [0mProof mode: false
16:57:43 [0m[33m[WARN] [0m ex is: nil
16:57:43 [0m[33m[WARN] [0m ex is: (cons autovar_sk_0 nil)
16:57:43 [0m[33m[WARN] [0m ex is: (cons autovar_sk_1 (cons autovar_sk_0 nil))
16:57:43 [0m[33m[WARN] [0mProof mode: false
16:57:43 [0m[33m[WARN] [0mproved: (++ ?ts_ph_list_0 nil) => ?ts_ph_list_0
16:57:43 [0m[33m[WARN] [0mproved: (++ (++ ?ts_ph_list_0 ?ts_ph_list_1) ?ts_ph_list_2) => (++ ?ts_ph_list_0 (++ ?ts_ph_list_1 ?ts_ph_list_2))
16:57:43 [0m[33m[WARN] [0mproved: (++ ?ts_ph_list_0 (++ ?ts_ph_list_1 ?ts_ph_list_2)) => (++ (++ ?ts_ph_list_0 ?ts_ph_list_1) ?ts_ph_list_2)
done in 99
