21:13:18 [WARN] Collecting statistics
21:13:18 [WARN]  ex is: nil
21:13:18 [WARN]  ex is: (cons autovar_sk_0 nil)
21:13:18 [WARN]  ex is: (cons autovar_sk_1 (cons autovar_sk_0 nil))
21:13:18 [WARN]  ex is: Z
21:13:18 [WARN]  ex is: (S Z)
21:13:18 [WARN]  ex is: (S (S Z))
21:13:18 [WARN] Proof mode: false
21:13:18 [WARN]  ex is: nil
21:13:18 [WARN]  ex is: (cons autovar_sk_0 nil)
21:13:18 [WARN]  ex is: (cons autovar_sk_1 (cons autovar_sk_0 nil))
21:13:18 [WARN]  ex is: Z
21:13:18 [WARN]  ex is: (S Z)
21:13:18 [WARN]  ex is: (S (S Z))
21:13:18 [WARN] Proof mode: false
21:13:18 [WARN] proved: (-2 ?ts_ph_Nat_0 Z) => ?ts_ph_Nat_0
21:13:18 [WARN] proved: (-2 ?ts_ph_Nat_0 ?ts_ph_Nat_0) => Z
21:13:18 [WARN] proved: (++ ?ts_ph_list_0 nil) => ?ts_ph_list_0
21:13:18 [WARN] proved: (drop ?ts_ph_Nat_0 nil) => nil
21:13:18 [WARN] proved: (take ?ts_ph_Nat_0 nil) => nil
21:13:24 [WARN] proved: (-2 ?ts_ph_Nat_0 (S ?ts_ph_Nat_0)) => Z
21:13:28 [WARN] proved: (-2 (S ?ts_ph_Nat_0) ?ts_ph_Nat_0) => (S Z)
21:13:31 [WARN] proved: (take (len ?ts_ph_list_0) ?ts_ph_list_0) => ?ts_ph_list_0
21:13:37 [WARN] proved: (drop (len ?ts_ph_list_0) ?ts_ph_list_0) => nil
21:13:46 [WARN] proved: (++ (++ ?ts_ph_list_0 ?ts_ph_list_1) ?ts_ph_list_2) => (++ ?ts_ph_list_0 (++ ?ts_ph_list_1 ?ts_ph_list_2))
21:13:46 [WARN] proved: (++ ?ts_ph_list_0 (++ ?ts_ph_list_1 ?ts_ph_list_2)) => (++ (++ ?ts_ph_list_0 ?ts_ph_list_1) ?ts_ph_list_2)
21:14:02 [WARN] proved: (drop (len ?ts_ph_list_0) (++ ?ts_ph_list_0 ?ts_ph_list_1)) => ?ts_ph_list_1
21:14:32 [WARN] proved: (take (len ?ts_ph_list_0) (++ ?ts_ph_list_0 ?ts_ph_list_1)) => ?ts_ph_list_0
21:15:39 [WARN] proved: (take (S Z) (++ ?ts_ph_list_0 ?ts_ph_list_0)) => (take (S Z) ?ts_ph_list_0)
21:15:39 [WARN] proved: (take (S Z) ?ts_ph_list_0) => (take (S Z) (++ ?ts_ph_list_0 ?ts_ph_list_0))
