20:13:14 [WARN] Collecting statistics
20:13:14 [WARN]  ex is: Z
20:13:14 [WARN]  ex is: (S Z)
20:13:14 [WARN]  ex is: (S (S Z))
20:13:14 [WARN]  ex is: nil
20:13:14 [WARN]  ex is: (cons autovar_Nat_0 nil)
20:13:14 [WARN]  ex is: (cons autovar_Nat_1 (cons autovar_Nat_0 nil))
20:13:14 [WARN] Proof mode: false
20:13:14 [WARN]  ex is: Z
20:13:14 [WARN]  ex is: (S Z)
20:13:14 [WARN]  ex is: (S (S Z))
20:13:14 [WARN]  ex is: nil
20:13:14 [WARN]  ex is: (cons autovar_Nat_0 nil)
20:13:14 [WARN]  ex is: (cons autovar_Nat_1 (cons autovar_Nat_0 nil))
20:13:14 [WARN] Proof mode: false
20:13:14 [WARN] proved: (last ?ts_ph_list_0) => (lastOfTwo ?ts_ph_list_0 ?ts_ph_list_0)
20:13:14 [WARN] proved: (lastOfTwo ?ts_ph_list_0 ?ts_ph_list_0) => (last ?ts_ph_list_0)
20:13:14 [WARN] proved: (++ ?ts_ph_list_0 nil) => ?ts_ph_list_0
20:13:14 [WARN] proved: (last ?ts_ph_list_0) => (lastOfTwo nil ?ts_ph_list_0)
20:13:14 [WARN] proved: (lastOfTwo nil ?ts_ph_list_0) => (last ?ts_ph_list_0)
20:13:14 [WARN] proved: (last ?ts_ph_list_0) => (last (cons Z ?ts_ph_list_0))
20:13:14 [WARN] proved: (last (cons Z ?ts_ph_list_0)) => (last ?ts_ph_list_0)
20:13:14 [WARN] proved: (++ ?ts_ph_list_0 (++ ?ts_ph_list_1 ?ts_ph_list_2)) => (++ (++ ?ts_ph_list_0 ?ts_ph_list_1) ?ts_ph_list_2)
20:13:14 [WARN] proved: (++ (++ ?ts_ph_list_0 ?ts_ph_list_1) ?ts_ph_list_2) => (++ ?ts_ph_list_0 (++ ?ts_ph_list_1 ?ts_ph_list_2))
20:13:14 [WARN] proved: (last (++ ?ts_ph_list_0 ?ts_ph_list_1)) => (lastOfTwo ?ts_ph_list_1 (++ ?ts_ph_list_0 ?ts_ph_list_1))
20:13:14 [WARN] proved: (lastOfTwo ?ts_ph_list_1 (++ ?ts_ph_list_0 ?ts_ph_list_1)) => (last (++ ?ts_ph_list_0 ?ts_ph_list_1))
20:13:14 [WARN] proved: (lastOfTwo ?ts_ph_list_1 ?ts_ph_list_0) => (lastOfTwo (cons Z ?ts_ph_list_1) ?ts_ph_list_0)
20:13:14 [WARN] proved: (lastOfTwo (cons Z ?ts_ph_list_1) ?ts_ph_list_0) => (lastOfTwo ?ts_ph_list_1 ?ts_ph_list_0)
20:13:14 [WARN] proved: (last (cons ?ts_ph_Nat_1 ?ts_ph_list_0)) => (lastOfTwo (cons ?ts_ph_Nat_1 ?ts_ph_list_0) ?ts_ph_list_0)
20:13:14 [WARN] proved: (lastOfTwo (cons ?ts_ph_Nat_1 ?ts_ph_list_0) ?ts_ph_list_0) => (last (cons ?ts_ph_Nat_1 ?ts_ph_list_0))
20:13:14 [WARN] proved: (lastOfTwo ?ts_ph_list_0 (++ ?ts_ph_list_0 ?ts_ph_list_1)) => (last (++ ?ts_ph_list_0 ?ts_ph_list_1))
20:13:14 [WARN] proved: (last (++ ?ts_ph_list_0 ?ts_ph_list_1)) => (lastOfTwo ?ts_ph_list_0 (++ ?ts_ph_list_0 ?ts_ph_list_1))
20:13:14 [WARN] proved: (lastOfTwo ?ts_ph_list_1 ?ts_ph_list_0) => (lastOfTwo (++ ?ts_ph_list_1 ?ts_ph_list_0) ?ts_ph_list_0)
20:13:14 [WARN] proved: (lastOfTwo (++ ?ts_ph_list_1 ?ts_ph_list_0) ?ts_ph_list_0) => (lastOfTwo ?ts_ph_list_1 ?ts_ph_list_0)
20:13:15 [WARN] proved: (lastOfTwo ?ts_ph_list_1 ?ts_ph_list_0) => (lastOfTwo (++ ?ts_ph_list_0 ?ts_ph_list_1) ?ts_ph_list_0)
20:13:15 [WARN] proved: (lastOfTwo (++ ?ts_ph_list_0 ?ts_ph_list_1) ?ts_ph_list_0) => (lastOfTwo ?ts_ph_list_1 ?ts_ph_list_0)
20:13:17 [WARN] proved: (last (cons ?ts_ph_Nat_1 (++ ?ts_ph_list_0 ?ts_ph_list_1))) => (lastOfTwo (cons ?ts_ph_Nat_1 ?ts_ph_list_1) (++ ?ts_ph_list_0 ?ts_ph_list_1))
20:13:17 [WARN] proved: (lastOfTwo (cons ?ts_ph_Nat_1 ?ts_ph_list_1) (++ ?ts_ph_list_0 ?ts_ph_list_1)) => (last (cons ?ts_ph_Nat_1 (++ ?ts_ph_list_0 ?ts_ph_list_1)))
20:13:23 [WARN] proved: (last (cons ?ts_ph_Nat_1 (++ ?ts_ph_list_0 ?ts_ph_list_1))) => (lastOfTwo (cons ?ts_ph_Nat_1 ?ts_ph_list_0) (++ ?ts_ph_list_0 ?ts_ph_list_1))
20:13:23 [WARN] proved: (lastOfTwo (cons ?ts_ph_Nat_1 ?ts_ph_list_0) (++ ?ts_ph_list_0 ?ts_ph_list_1)) => (last (cons ?ts_ph_Nat_1 (++ ?ts_ph_list_0 ?ts_ph_list_1)))
20:13:41 [WARN] proved: (last (++ ?ts_ph_list_0 ?ts_ph_list_1)) => (lastOfTwo (++ ?ts_ph_list_1 ?ts_ph_list_1) (++ ?ts_ph_list_0 ?ts_ph_list_1))
20:13:41 [WARN] proved: (lastOfTwo (++ ?ts_ph_list_1 ?ts_ph_list_1) (++ ?ts_ph_list_0 ?ts_ph_list_1)) => (last (++ ?ts_ph_list_0 ?ts_ph_list_1))
20:14:05 [WARN] proved: (last (++ ?ts_ph_list_0 ?ts_ph_list_1)) => (lastOfTwo (++ ?ts_ph_list_1 ?ts_ph_list_0) (++ ?ts_ph_list_0 ?ts_ph_list_1))
20:14:05 [WARN] proved: (lastOfTwo (++ ?ts_ph_list_1 ?ts_ph_list_0) (++ ?ts_ph_list_0 ?ts_ph_list_1)) => (last (++ ?ts_ph_list_0 ?ts_ph_list_1))
20:14:36 [WARN] proved: (lastOfTwo (++ ?ts_ph_list_2 ?ts_ph_list_0) (++ ?ts_ph_list_0 ?ts_ph_list_1)) => (lastOfTwo (++ ?ts_ph_list_1 ?ts_ph_list_2) (++ ?ts_ph_list_0 ?ts_ph_list_1))
20:14:36 [WARN] proved: (lastOfTwo (++ ?ts_ph_list_1 ?ts_ph_list_2) (++ ?ts_ph_list_0 ?ts_ph_list_1)) => (lastOfTwo (++ ?ts_ph_list_2 ?ts_ph_list_0) (++ ?ts_ph_list_0 ?ts_ph_list_1))
20:15:13 [WARN] proved: (lastOfTwo (++ ?ts_ph_list_0 ?ts_ph_list_1) (++ ?ts_ph_list_0 ?ts_ph_list_0)) => (lastOfTwo ?ts_ph_list_1 (++ ?ts_ph_list_0 ?ts_ph_list_0))
20:15:13 [WARN] proved: (lastOfTwo ?ts_ph_list_1 (++ ?ts_ph_list_0 ?ts_ph_list_0)) => (lastOfTwo (++ ?ts_ph_list_0 ?ts_ph_list_1) (++ ?ts_ph_list_0 ?ts_ph_list_0))
