Collecting statistics
(+2 Z ?y) => ?y
(+2 (S ?z) ?y) => (S (+2 ?z ?y))
(S (+2 ?z ?y)) => (+2 (S ?z) ?y)
(take Z ?y0) => nil
(take (S ?z) nil) => nil
(take (S ?z) (cons ?x2 ?x3)) => (cons ?x2 (take ?z ?x3))
(cons ?x2 (take ?z ?x3)) => (take (S ?z) (cons ?x2 ?x3))
(drop Z ?y1) => ?y1
(drop (S ?z) nil) => nil
(drop (S ?z) (cons ?x2 ?x3)) => (drop ?z ?x3)
(take ?autovar7 nil) => (potential_split ?autovar7 Z (S (param_Nat_0 ?autovar7))) if Cond(var: ?autovar7, pat: Z) Cond(var: ?autovar7, pat: (S ?param_0))
(take ?autovar7 (cons ?autovar3 ?autovar4)) => (potential_split ?autovar7 Z (S (param_Nat_0 ?autovar7))) if Cond(var: ?autovar7, pat: Z) Cond(var: ?autovar7, pat: (S ?param_0))
(take (S ?autovar5) ?autovar8) => (potential_split ?autovar8 nil (cons (param_list_0 ?autovar8) (param_list_1 ?autovar8))) if Cond(var: ?autovar8, pat: nil) Cond(var: ?autovar8, pat: (cons ?param_0 ?param_1))
(take (S ?autovar6) ?autovar8) => (potential_split ?autovar8 nil (cons (param_list_0 ?autovar8) (param_list_1 ?autovar8))) if Cond(var: ?autovar8, pat: nil) Cond(var: ?autovar8, pat: (cons ?param_0 ?param_1))
(drop ?autovar7 nil) => (potential_split ?autovar7 Z (S (param_Nat_0 ?autovar7))) if Cond(var: ?autovar7, pat: Z) Cond(var: ?autovar7, pat: (S ?param_0))
(drop ?autovar7 (cons ?autovar3 ?autovar4)) => (potential_split ?autovar7 Z (S (param_Nat_0 ?autovar7))) if Cond(var: ?autovar7, pat: Z) Cond(var: ?autovar7, pat: (S ?param_0))
(drop (S ?autovar5) ?autovar8) => (potential_split ?autovar8 nil (cons (param_list_0 ?autovar8) (param_list_1 ?autovar8))) if Cond(var: ?autovar8, pat: nil) Cond(var: ?autovar8, pat: (cons ?param_0 ?param_1))
(drop (S ?autovar6) ?autovar8) => (potential_split ?autovar8 nil (cons (param_list_0 ?autovar8) (param_list_1 ?autovar8))) if Cond(var: ?autovar8, pat: nil) Cond(var: ?autovar8, pat: (cons ?param_0 ?param_1))
 ex is: nil
 ex is: (cons autovar_sk_0 nil)
 ex is: (cons autovar_sk_1 (cons autovar_sk_0 nil))
 ex is: Z
 ex is: (S Z)
 ex is: (S (S Z))
 ex is: nil
 ex is: (cons autovar_sk_0 nil)
 ex is: (cons autovar_sk_1 (cons autovar_sk_0 nil))
 ex is: Z
 ex is: (S Z)
 ex is: (S (S Z))
Running TheSy on datatypes: list Nat dict: take drop +2 nil cons Z S
13:04:03 [0m[33m[WARN] [0m# of splitters: 2
13:04:03 [0m[33m[WARN] [0m# of splitters: 1
13:04:03 [0m[33m[WARN] [0m# of splitters: 1
13:04:03 [0m[33m[WARN] [0m# of splitters: 1
13:04:03 [0m[33m[WARN] [0m# of splitters: 1
13:04:03 [0m[33m[WARN] [0m# of splitters: 1
13:04:03 [0m[33m[WARN] [0m# of splitters: 1
13:04:03 [0m[33m[WARN] [0m# of splitters: 1
13:04:03 [0m[33m[WARN] [0m# of splitters: 1
13:04:03 [0m[33m[WARN] [0m# of splitters: 2
13:04:03 [0m[33m[WARN] [0m# of splitters: 1
13:04:03 [0m[33m[WARN] [0m# of splitters: 1
13:04:03 [0m[33m[WARN] [0m# of splitters: 1
13:04:03 [0m[33m[WARN] [0m# of splitters: 1
13:04:03 [0m[33m[WARN] [0m# of splitters: 1
13:04:03 [0m[33m[WARN] [0m# of splitters: 1
Starting depth 1
13:04:03 [0m[33m[WARN] [0m# of splitters: 4
13:04:03 [0m[33m[WARN] [0m# of splitters: 3
13:04:03 [0m[33m[WARN] [0m# of splitters: 4
13:04:03 [0m[33m[WARN] [0m# of splitters: 2
13:04:04 [0m[33m[WARN] [0m# of splitters: 3
13:04:04 [0m[33m[WARN] [0m# of splitters: 1
13:04:04 [0m[33m[WARN] [0m# of splitters: 2
13:04:04 [0m[33m[WARN] [0m# of splitters: 1
13:04:04 [0m[33m[WARN] [0mproved: (+2 ?ts_ph_Nat_0 Z) => ?ts_ph_Nat_0
13:04:04 [0m[33m[WARN] [0m# of splitters: 2
13:04:04 [0m[33m[WARN] [0m# of splitters: 3
13:04:04 [0m[33m[WARN] [0m# of splitters: 2
13:04:04 [0m[33m[WARN] [0m# of splitters: 2
13:04:04 [0m[33m[WARN] [0m# of splitters: 1
13:04:04 [0m[33m[WARN] [0m# of splitters: 1
13:04:04 [0m[33m[WARN] [0m# of splitters: 2
13:04:04 [0m[33m[WARN] [0m# of splitters: 1
13:04:04 [0m[33m[WARN] [0m# of splitters: 1
13:04:04 [0m[33m[WARN] [0m# of splitters: 2
13:04:04 [0m[33m[WARN] [0m# of splitters: 1
13:04:04 [0m[33m[WARN] [0m# of splitters: 1
13:04:04 [0m[33m[WARN] [0m# of splitters: 1
13:04:04 [0m[33m[WARN] [0m# of splitters: 1
13:04:04 [0m[33m[WARN] [0m# of splitters: 1
13:04:04 [0m[33m[WARN] [0m# of splitters: 2
13:04:04 [0m[33m[WARN] [0m# of splitters: 1
13:04:04 [0m[33m[WARN] [0m# of splitters: 1
13:04:04 [0m[33m[WARN] [0m# of splitters: 1
13:04:04 [0m[33m[WARN] [0mproved: (take ?ts_ph_Nat_0 nil) => nil
13:04:04 [0m[33m[WARN] [0m# of splitters: 2
13:04:04 [0m[33m[WARN] [0m# of splitters: 2
13:04:04 [0m[33m[WARN] [0m# of splitters: 1
13:04:04 [0m[33m[WARN] [0m# of splitters: 1
13:04:04 [0m[33m[WARN] [0m# of splitters: 2
13:04:04 [0m[33m[WARN] [0m# of splitters: 1
13:04:04 [0m[33m[WARN] [0m# of splitters: 1
13:04:04 [0m[33m[WARN] [0m# of splitters: 2
13:04:04 [0m[33m[WARN] [0m# of splitters: 1
13:04:04 [0m[33m[WARN] [0m# of splitters: 1
13:04:04 [0m[33m[WARN] [0m# of splitters: 1
13:04:04 [0m[33m[WARN] [0m# of splitters: 1
13:04:04 [0m[33m[WARN] [0m# of splitters: 1
13:04:04 [0m[33m[WARN] [0m# of splitters: 2
13:04:04 [0m[33m[WARN] [0m# of splitters: 1
13:04:04 [0m[33m[WARN] [0m# of splitters: 1
13:04:04 [0m[33m[WARN] [0m# of splitters: 1
13:04:04 [0m[33m[WARN] [0mproved: (drop ?ts_ph_Nat_0 nil) => nil
13:04:04 [0m[33m[WARN] [0m# of splitters: 2
13:04:04 [0m[33m[WARN] [0m# of splitters: 2
13:04:04 [0m[33m[WARN] [0m# of splitters: 1
13:04:04 [0m[33m[WARN] [0m# of splitters: 1
13:04:04 [0m[33m[WARN] [0m# of splitters: 2
13:04:04 [0m[33m[WARN] [0m# of splitters: 1
13:04:04 [0m[33m[WARN] [0m# of splitters: 1
13:04:04 [0m[33m[WARN] [0m# of splitters: 3
13:04:04 [0m[33m[WARN] [0m# of splitters: 2
13:04:04 [0m[33m[WARN] [0m# of splitters: 1
13:04:04 [0m[33m[WARN] [0m# of splitters: 2
13:04:04 [0m[33m[WARN] [0m# of splitters: 1
13:04:04 [0m[33m[WARN] [0m# of splitters: 1
13:04:04 [0m[33m[WARN] [0m# of splitters: 2
13:04:04 [0m[33m[WARN] [0m# of splitters: 1
13:04:04 [0m[33m[WARN] [0m# of splitters: 1
13:04:04 [0m[33m[WARN] [0m# of splitters: 1
Starting depth 2
13:04:04 [0m[33m[WARN] [0m# of splitters: 34
13:04:04 [0m[33m[WARN] [0m# of splitters: 25
13:04:08 [0m[33m[WARN] [0m# of splitters: 37
13:04:14 [0m[33m[WARN] [0m# of splitters: 24
13:04:17 [0m[33m[WARN] [0m# of splitters: 38
13:04:22 [0m[33m[WARN] [0m# of splitters: 23
13:04:24 [0m[33m[WARN] [0m# of splitters: 32
13:04:28 [0m[33m[WARN] [0m# of splitters: 22
13:04:29 [0m[33m[WARN] [0m# of splitters: 31
13:04:32 [0m[33m[WARN] [0m# of splitters: 26
13:04:36 [0m[33m[WARN] [0m# of splitters: 30
13:04:38 [0m[33m[WARN] [0m# of splitters: 27
13:04:39 [0m[33m[WARN] [0m# of splitters: 29
13:04:40 [0m[33m[WARN] [0m# of splitters: 26
13:04:43 [0m[33m[WARN] [0m# of splitters: 28
13:04:45 [0m[33m[WARN] [0m# of splitters: 23
13:04:47 [0m[33m[WARN] [0m# of splitters: 27
13:04:48 [0m[33m[WARN] [0m# of splitters: 24
13:04:52 [0m[33m[WARN] [0m# of splitters: 26
13:04:54 [0m[33m[WARN] [0m# of splitters: 24
13:04:56 [0m[33m[WARN] [0m# of splitters: 24
13:04:57 [0m[33m[WARN] [0m# of splitters: 23
13:04:58 [0m[33m[WARN] [0m# of splitters: 23
13:04:59 [0m[33m[WARN] [0m# of splitters: 22
13:05:01 [0m[33m[WARN] [0m# of splitters: 23
13:05:01 [0m[33m[WARN] [0m# of splitters: 21
13:05:03 [0m[33m[WARN] [0m# of splitters: 22
13:05:07 [0m[33m[WARN] [0m# of splitters: 20
13:05:09 [0m[33m[WARN] [0m# of splitters: 20
13:05:11 [0m[33m[WARN] [0m# of splitters: 18
13:05:12 [0m[33m[WARN] [0m# of splitters: 19
13:05:13 [0m[33m[WARN] [0m# of splitters: 18
13:05:15 [0m[33m[WARN] [0m# of splitters: 18
13:05:15 [0m[33m[WARN] [0m# of splitters: 17
13:05:15 [0m[33m[WARN] [0m# of splitters: 17
13:05:17 [0m[33m[WARN] [0m# of splitters: 16
13:05:18 [0m[33m[WARN] [0m# of splitters: 17
13:05:18 [0m[33m[WARN] [0m# of splitters: 15
13:05:19 [0m[33m[WARN] [0m# of splitters: 15
13:05:21 [0m[33m[WARN] [0m# of splitters: 13
13:05:22 [0m[33m[WARN] [0m# of splitters: 14
13:05:22 [0m[33m[WARN] [0m# of splitters: 13
13:05:23 [0m[33m[WARN] [0m# of splitters: 14
13:05:24 [0m[33m[WARN] [0m# of splitters: 12
13:05:25 [0m[33m[WARN] [0m# of splitters: 13
13:05:26 [0m[33m[WARN] [0mproved: (S (+2 ?ts_ph_Nat_0 ?ts_ph_Nat_1)) => (+2 ?ts_ph_Nat_0 (S ?ts_ph_Nat_1))
13:05:26 [0m[33m[WARN] [0mproved: (+2 ?ts_ph_Nat_0 (S ?ts_ph_Nat_1)) => (S (+2 ?ts_ph_Nat_0 ?ts_ph_Nat_1))
13:05:26 [0m[33m[WARN] [0m# of splitters: 2
13:05:26 [0m[33m[WARN] [0m# of splitters: 1
13:05:26 [0m[33m[WARN] [0m# of splitters: 1
proved: (take ?ts_ph_Nat_2 (drop ?ts_ph_Nat_0 ?ts_ph_list_1)) => (drop ?ts_ph_Nat_0 (take (+2 ?ts_ph_Nat_2 ?ts_ph_Nat_0) ?ts_ph_list_1))
proved: (drop ?ts_ph_Nat_0 (take (+2 ?ts_ph_Nat_2 ?ts_ph_Nat_0) ?ts_ph_list_1)) => (take ?ts_ph_Nat_2 (drop ?ts_ph_Nat_0 ?ts_ph_list_1))
13:05:26 [0m[33m[WARN] [0mFound all lemmas
done in 83070
