20:13:18 [WARN] Collecting statistics
20:13:18 [WARN]  ex is: nil
20:13:18 [WARN]  ex is: (cons autovar_sk_0 nil)
20:13:18 [WARN]  ex is: (cons autovar_sk_1 (cons autovar_sk_0 nil))
20:13:18 [WARN]  ex is: Z
20:13:18 [WARN]  ex is: (S Z)
20:13:18 [WARN]  ex is: (S (S Z))
20:13:18 [WARN] Proof mode: false
20:13:18 [WARN]  ex is: nil
20:13:18 [WARN]  ex is: (cons autovar_sk_0 nil)
20:13:18 [WARN]  ex is: (cons autovar_sk_1 (cons autovar_sk_0 nil))
20:13:18 [WARN]  ex is: Z
20:13:18 [WARN]  ex is: (S Z)
20:13:18 [WARN]  ex is: (S (S Z))
20:13:18 [WARN] Proof mode: false
20:13:18 [WARN] proved: (++ ?ts_ph_list_0 nil) => ?ts_ph_list_0
20:13:18 [WARN] proved: (-2 ?ts_ph_Nat_0 ?ts_ph_Nat_0) => Z
20:13:18 [WARN] proved: (-2 ?ts_ph_Nat_0 Z) => ?ts_ph_Nat_0
20:13:18 [WARN] proved: (take ?ts_ph_Nat_0 nil) => nil
20:13:19 [WARN] proved: (take (len ?ts_ph_list_0) ?ts_ph_list_0) => ?ts_ph_list_0
20:13:20 [WARN] proved: (-2 ?ts_ph_Nat_0 (S ?ts_ph_Nat_0)) => Z
20:13:24 [WARN] proved: (-2 (S ?ts_ph_Nat_0) ?ts_ph_Nat_0) => (S Z)
20:13:26 [WARN] proved: (++ ?ts_ph_list_0 (++ ?ts_ph_list_1 ?ts_ph_list_2)) => (++ (++ ?ts_ph_list_0 ?ts_ph_list_1) ?ts_ph_list_2)
20:13:26 [WARN] proved: (++ (++ ?ts_ph_list_0 ?ts_ph_list_1) ?ts_ph_list_2) => (++ ?ts_ph_list_0 (++ ?ts_ph_list_1 ?ts_ph_list_2))
20:13:31 [WARN] proved: (take (len ?ts_ph_list_0) (++ ?ts_ph_list_0 ?ts_ph_list_1)) => ?ts_ph_list_0
20:13:39 [WARN] proved: (take (S Z) (++ ?ts_ph_list_0 ?ts_ph_list_0)) => (take (S Z) ?ts_ph_list_0)
20:13:39 [WARN] proved: (take (S Z) ?ts_ph_list_0) => (take (S Z) (++ ?ts_ph_list_0 ?ts_ph_list_0))
