Collecting statistics
(max Z ?y) => ?y
(max (S ?z) Z) => (S ?z)
(S ?z) => (max (S ?z) Z)
(max (S ?z) (S ?x2)) => (S (max ?z ?x2))
(S (max ?z ?x2)) => (max (S ?z) (S ?x2))
(mirror Leaf) => Leaf
Leaf => (mirror Leaf)
(mirror (Node ?l ?y0 ?r)) => (Node (mirror ?r) ?y0 (mirror ?l))
(Node (mirror ?r) ?y0 (mirror ?l)) => (mirror (Node ?l ?y0 ?r))
(height Leaf) => Z
Z => (height Leaf)
(height (Node ?l ?y1 ?r)) => (S (max (height ?l) (height ?r)))
(max ?autovar6 Z) => (potential_split ?autovar6 Z (S (param_Nat_0 ?autovar6))) if Cond(var: ?autovar6, pat: Z) Cond(var: ?autovar6, pat: (S ?param_0))
(max ?autovar6 (S ?autovar3)) => (potential_split ?autovar6 Z (S (param_Nat_0 ?autovar6))) if Cond(var: ?autovar6, pat: Z) Cond(var: ?autovar6, pat: (S ?param_0))
(max (S ?autovar4) ?autovar7) => (potential_split ?autovar7 Z (S (param_Nat_0 ?autovar7))) if Cond(var: ?autovar7, pat: Z) Cond(var: ?autovar7, pat: (S ?param_0))
(max (S ?autovar5) ?autovar7) => (potential_split ?autovar7 Z (S (param_Nat_0 ?autovar7))) if Cond(var: ?autovar7, pat: Z) Cond(var: ?autovar7, pat: (S ?param_0))
 ex is: Leaf
 ex is: (Node Leaf autovar_sk_0 Leaf)
 ex is: (Node (Node Leaf autovar_sk_0 Leaf) autovar_sk_1 (Node Leaf autovar_sk_0 Leaf))
 ex is: Z
 ex is: (S Z)
 ex is: (S (S Z))
 ex is: Leaf
 ex is: (Node Leaf autovar_sk_0 Leaf)
 ex is: (Node (Node Leaf autovar_sk_0 Leaf) autovar_sk_1 (Node Leaf autovar_sk_0 Leaf))
 ex is: Z
 ex is: (S Z)
 ex is: (S (S Z))
Running TheSy on datatypes: Nat Tree dict: mirror max height Leaf Node Z S
Starting depth 1
13:04:06 [0m[33m[WARN] [0m# of splitters: 2
13:04:06 [0m[33m[WARN] [0m# of splitters: 1
13:04:06 [0m[33m[WARN] [0m# of splitters: 1
13:04:06 [0m[33m[WARN] [0m# of splitters: 1
13:04:06 [0m[33m[WARN] [0mproved: (max ?ts_ph_Nat_0 Z) => ?ts_ph_Nat_0
13:04:06 [0m[33m[WARN] [0m# of splitters: 1
13:04:06 [0m[33m[WARN] [0m# of splitters: 1
13:04:06 [0m[33m[WARN] [0mproved: (max ?ts_ph_Nat_0 Z) => (max ?ts_ph_Nat_0 ?ts_ph_Nat_0)
13:04:06 [0m[33m[WARN] [0mproved: (max ?ts_ph_Nat_0 ?ts_ph_Nat_0) => (max ?ts_ph_Nat_0 Z)
13:04:06 [0m[33m[WARN] [0m# of splitters: 8
13:04:06 [0m[33m[WARN] [0m# of splitters: 8
13:04:06 [0m[33m[WARN] [0m# of splitters: 8
13:04:06 [0m[33m[WARN] [0m# of splitters: 10
13:04:06 [0m[33m[WARN] [0m# of splitters: 2
13:04:06 [0m[33m[WARN] [0m# of splitters: 9
13:04:06 [0m[33m[WARN] [0m# of splitters: 2
13:04:06 [0m[33m[WARN] [0m# of splitters: 8
13:04:06 [0m[33m[WARN] [0m# of splitters: 6
13:04:06 [0m[33m[WARN] [0m# of splitters: 7
13:04:06 [0m[33m[WARN] [0m# of splitters: 5
13:04:06 [0m[33m[WARN] [0m# of splitters: 6
13:04:06 [0m[33m[WARN] [0m# of splitters: 4
13:04:06 [0m[33m[WARN] [0m# of splitters: 5
13:04:06 [0m[33m[WARN] [0m# of splitters: 3
13:04:06 [0m[33m[WARN] [0m# of splitters: 4
13:04:06 [0m[33m[WARN] [0m# of splitters: 3
13:04:06 [0m[33m[WARN] [0m# of splitters: 4
13:04:06 [0m[33m[WARN] [0m# of splitters: 8
13:04:06 [0m[33m[WARN] [0m# of splitters: 10
13:04:06 [0m[33m[WARN] [0m# of splitters: 10
13:04:06 [0m[33m[WARN] [0m# of splitters: 4
13:04:06 [0m[33m[WARN] [0m# of splitters: 9
13:04:06 [0m[33m[WARN] [0m# of splitters: 4
13:04:06 [0m[33m[WARN] [0m# of splitters: 8
13:04:06 [0m[33m[WARN] [0m# of splitters: 7
13:04:06 [0m[33m[WARN] [0m# of splitters: 7
13:04:06 [0m[33m[WARN] [0m# of splitters: 6
13:04:06 [0m[33m[WARN] [0m# of splitters: 6
13:04:06 [0m[33m[WARN] [0m# of splitters: 5
13:04:06 [0m[33m[WARN] [0m# of splitters: 5
13:04:06 [0m[33m[WARN] [0m# of splitters: 4
13:04:06 [0m[33m[WARN] [0m# of splitters: 4
13:04:06 [0m[33m[WARN] [0m# of splitters: 7
13:04:06 [0m[33m[WARN] [0m# of splitters: 2
13:04:06 [0m[33m[WARN] [0m# of splitters: 9
13:04:06 [0m[33m[WARN] [0m# of splitters: 2
13:04:06 [0m[33m[WARN] [0m# of splitters: 8
13:04:06 [0m[33m[WARN] [0m# of splitters: 5
13:04:06 [0m[33m[WARN] [0m# of splitters: 7
13:04:06 [0m[33m[WARN] [0m# of splitters: 4
13:04:06 [0m[33m[WARN] [0m# of splitters: 6
13:04:06 [0m[33m[WARN] [0m# of splitters: 3
13:04:06 [0m[33m[WARN] [0m# of splitters: 5
13:04:06 [0m[33m[WARN] [0m# of splitters: 7
13:04:06 [0m[33m[WARN] [0m# of splitters: 4
13:04:06 [0m[33m[WARN] [0m# of splitters: 9
13:04:06 [0m[33m[WARN] [0m# of splitters: 4
13:04:06 [0m[33m[WARN] [0m# of splitters: 8
13:04:06 [0m[33m[WARN] [0m# of splitters: 7
13:04:06 [0m[33m[WARN] [0m# of splitters: 7
13:04:06 [0m[33m[WARN] [0m# of splitters: 3
13:04:06 [0m[33m[WARN] [0m# of splitters: 1
13:04:06 [0m[33m[WARN] [0m# of splitters: 3
13:04:06 [0m[33m[WARN] [0m# of splitters: 6
13:04:06 [0m[33m[WARN] [0m# of splitters: 4
13:04:06 [0m[33m[WARN] [0m# of splitters: 10
13:04:06 [0m[33m[WARN] [0m# of splitters: 7
13:04:06 [0m[33m[WARN] [0m# of splitters: 7
13:04:06 [0m[33m[WARN] [0m# of splitters: 3
13:04:06 [0m[33m[WARN] [0m# of splitters: 1
13:04:06 [0m[33m[WARN] [0m# of splitters: 3
13:04:06 [0m[33m[WARN] [0m# of splitters: 5
13:04:06 [0m[33m[WARN] [0m# of splitters: 4
13:04:06 [0m[33m[WARN] [0m# of splitters: 5
13:04:06 [0m[33m[WARN] [0m# of splitters: 7
13:04:07 [0m[33m[WARN] [0m# of splitters: 4
13:04:07 [0m[33m[WARN] [0m# of splitters: 3
13:04:07 [0m[33m[WARN] [0m# of splitters: 4
13:04:07 [0m[33m[WARN] [0m# of splitters: 2
13:04:07 [0m[33m[WARN] [0m# of splitters: 3
13:04:07 [0m[33m[WARN] [0m# of splitters: 1
13:04:07 [0m[33m[WARN] [0m# of splitters: 2
13:04:07 [0m[33m[WARN] [0m# of splitters: 2
13:04:07 [0m[33m[WARN] [0m# of splitters: 2
13:04:07 [0m[33m[WARN] [0m# of splitters: 2
13:04:07 [0m[33m[WARN] [0m# of splitters: 1
13:04:07 [0m[33m[WARN] [0m# of splitters: 1
Starting depth 2
13:04:07 [0m[33m[WARN] [0m# of splitters: 45
13:04:07 [0m[33m[WARN] [0m# of splitters: 50
13:04:07 [0m[33m[WARN] [0m# of splitters: 55
13:04:08 [0m[33m[WARN] [0m# of splitters: 45
13:04:08 [0m[33m[WARN] [0m# of splitters: 55
13:04:08 [0m[33m[WARN] [0m# of splitters: 52
13:04:09 [0m[33m[WARN] [0m# of splitters: 52
13:04:09 [0m[33m[WARN] [0m# of splitters: 51
13:04:10 [0m[33m[WARN] [0m# of splitters: 51
13:04:10 [0m[33m[WARN] [0m# of splitters: 38
13:04:10 [0m[33m[WARN] [0m# of splitters: 46
13:04:10 [0m[33m[WARN] [0m# of splitters: 46
13:04:10 [0m[33m[WARN] [0m# of splitters: 46
13:04:11 [0m[33m[WARN] [0m# of splitters: 19
13:04:11 [0m[33m[WARN] [0m# of splitters: 53
13:04:13 [0m[33m[WARN] [0m# of splitters: 19
13:04:13 [0m[33m[WARN] [0m# of splitters: 56
13:15:55 [0m[33m[WARN] [0m# of splitters: 37
13:15:55 [0m[33m[WARN] [0m# of splitters: 43
13:15:56 [0m[33m[WARN] [0m# of splitters: 42
13:15:56 [0m[33m[WARN] [0m# of splitters: 42
13:15:56 [0m[33m[WARN] [0m# of splitters: 18
13:15:56 [0m[33m[WARN] [0m# of splitters: 54
13:15:56 [0m[33m[WARN] [0m# of splitters: 41
13:15:56 [0m[33m[WARN] [0m# of splitters: 41
13:15:56 [0m[33m[WARN] [0m# of splitters: 41
13:15:56 [0m[33m[WARN] [0m# of splitters: 41
13:15:56 [0m[33m[WARN] [0m# of splitters: 40
13:15:56 [0m[33m[WARN] [0m# of splitters: 40
13:15:56 [0m[33m[WARN] [0m# of splitters: 39
13:15:56 [0m[33m[WARN] [0m# of splitters: 39
13:15:56 [0m[33m[WARN] [0m# of splitters: 38
13:15:57 [0m[33m[WARN] [0m# of splitters: 38
13:15:57 [0m[33m[WARN] [0m# of splitters: 37
13:15:57 [0m[33m[WARN] [0m# of splitters: 37
13:15:57 [0m[33m[WARN] [0m# of splitters: 37
13:15:57 [0m[33m[WARN] [0m# of splitters: 37
13:15:57 [0m[33m[WARN] [0m# of splitters: 36
13:15:57 [0m[33m[WARN] [0m# of splitters: 36
13:15:57 [0m[33m[WARN] [0m# of splitters: 35
13:15:58 [0m[33m[WARN] [0m# of splitters: 35
13:15:58 [0m[33m[WARN] [0m# of splitters: 34
13:15:58 [0m[33m[WARN] [0m# of splitters: 34
13:15:58 [0m[33m[WARN] [0m# of splitters: 33
13:15:58 [0m[33m[WARN] [0m# of splitters: 33
13:15:58 [0m[33m[WARN] [0m# of splitters: 32
13:15:58 [0m[33m[WARN] [0m# of splitters: 32
13:15:58 [0m[33m[WARN] [0m# of splitters: 31
13:15:59 [0m[33m[WARN] [0m# of splitters: 31
13:15:59 [0m[33m[WARN] [0m# of splitters: 30
13:15:59 [0m[33m[WARN] [0m# of splitters: 30
13:15:59 [0m[33m[WARN] [0m# of splitters: 29
13:15:59 [0m[33m[WARN] [0m# of splitters: 29
13:15:59 [0m[33m[WARN] [0m# of splitters: 28
13:15:59 [0m[33m[WARN] [0m# of splitters: 28
13:15:59 [0m[33m[WARN] [0m# of splitters: 28
13:15:59 [0m[33m[WARN] [0m# of splitters: 28
13:16:00 [0m[33m[WARN] [0m# of splitters: 27
13:16:00 [0m[33m[WARN] [0m# of splitters: 27
13:16:00 [0m[33m[WARN] [0m# of splitters: 27
13:16:00 [0m[33m[WARN] [0m# of splitters: 27
13:16:00 [0m[33m[WARN] [0m# of splitters: 26
13:16:00 [0m[33m[WARN] [0m# of splitters: 26
13:16:00 [0m[33m[WARN] [0m# of splitters: 25
13:16:00 [0m[33m[WARN] [0m# of splitters: 25
13:16:00 [0m[33m[WARN] [0m# of splitters: 24
13:16:00 [0m[33m[WARN] [0m# of splitters: 24
13:16:00 [0m[33m[WARN] [0m# of splitters: 23
13:16:01 [0m[33m[WARN] [0m# of splitters: 23
13:16:01 [0m[33m[WARN] [0m# of splitters: 23
13:16:01 [0m[33m[WARN] [0m# of splitters: 23
13:16:01 [0m[33m[WARN] [0m# of splitters: 22
13:16:01 [0m[33m[WARN] [0m# of splitters: 22
13:16:01 [0m[33m[WARN] [0m# of splitters: 21
13:16:01 [0m[33m[WARN] [0m# of splitters: 21
13:16:01 [0m[33m[WARN] [0m# of splitters: 20
13:16:02 [0m[33m[WARN] [0m# of splitters: 20
13:16:02 [0m[33m[WARN] [0m# of splitters: 19
13:16:02 [0m[33m[WARN] [0m# of splitters: 19
13:16:02 [0m[33m[WARN] [0m# of splitters: 18
13:16:02 [0m[33m[WARN] [0m# of splitters: 18
13:16:02 [0m[33m[WARN] [0m# of splitters: 17
13:16:02 [0m[33m[WARN] [0m# of splitters: 17
13:16:02 [0m[33m[WARN] [0m# of splitters: 3
13:16:02 [0m[33m[WARN] [0m# of splitters: 2
13:16:02 [0m[33m[WARN] [0m# of splitters: 2
13:16:02 [0m[33m[WARN] [0m# of splitters: 1
13:16:02 [0m[33m[WARN] [0m# of splitters: 1
13:16:02 [0m[33m[WARN] [0m# of splitters: 1
13:16:02 [0m[33m[WARN] [0mproved: (S ?ts_ph_Nat_0) => (max (S ?ts_ph_Nat_0) ?ts_ph_Nat_0)
13:16:02 [0m[33m[WARN] [0mproved: (max (S ?ts_ph_Nat_0) ?ts_ph_Nat_0) => (S ?ts_ph_Nat_0)
13:16:02 [0m[33m[WARN] [0m# of splitters: 20
13:16:02 [0m[33m[WARN] [0m# of splitters: 27
13:16:02 [0m[33m[WARN] [0m# of splitters: 26
13:16:02 [0m[33m[WARN] [0m# of splitters: 34
13:16:02 [0m[33m[WARN] [0m# of splitters: 8
13:16:02 [0m[33m[WARN] [0m# of splitters: 33
13:16:02 [0m[33m[WARN] [0m# of splitters: 8
13:16:02 [0m[33m[WARN] [0m# of splitters: 32
13:16:02 [0m[33m[WARN] [0m# of splitters: 24
13:16:02 [0m[33m[WARN] [0m# of splitters: 31
13:16:02 [0m[33m[WARN] [0m# of splitters: 22
13:16:02 [0m[33m[WARN] [0m# of splitters: 30
13:16:02 [0m[33m[WARN] [0m# of splitters: 21
13:16:02 [0m[33m[WARN] [0m# of splitters: 29
13:16:02 [0m[33m[WARN] [0m# of splitters: 21
13:16:02 [0m[33m[WARN] [0m# of splitters: 28
13:16:02 [0m[33m[WARN] [0m# of splitters: 20
13:16:02 [0m[33m[WARN] [0m# of splitters: 27
13:16:02 [0m[33m[WARN] [0m# of splitters: 20
13:16:02 [0m[33m[WARN] [0m# of splitters: 26
13:16:02 [0m[33m[WARN] [0m# of splitters: 27
13:16:02 [0m[33m[WARN] [0m# of splitters: 34
13:16:02 [0m[33m[WARN] [0m# of splitters: 34
13:16:02 [0m[33m[WARN] [0m# of splitters: 16
13:16:02 [0m[33m[WARN] [0m# of splitters: 33
13:16:02 [0m[33m[WARN] [0m# of splitters: 16
13:16:02 [0m[33m[WARN] [0m# of splitters: 32
13:16:02 [0m[33m[WARN] [0m# of splitters: 31
13:16:02 [0m[33m[WARN] [0m# of splitters: 31
13:16:02 [0m[33m[WARN] [0m# of splitters: 30
13:16:03 [0m[33m[WARN] [0m# of splitters: 30
13:16:03 [0m[33m[WARN] [0m# of splitters: 29
13:16:03 [0m[33m[WARN] [0m# of splitters: 29
13:16:03 [0m[33m[WARN] [0m# of splitters: 28
13:16:03 [0m[33m[WARN] [0m# of splitters: 28
13:16:03 [0m[33m[WARN] [0m# of splitters: 26
13:16:03 [0m[33m[WARN] [0m# of splitters: 8
13:16:03 [0m[33m[WARN] [0m# of splitters: 33
13:16:03 [0m[33m[WARN] [0m# of splitters: 8
13:16:03 [0m[33m[WARN] [0m# of splitters: 32
13:16:03 [0m[33m[WARN] [0m# of splitters: 23
13:16:03 [0m[33m[WARN] [0m# of splitters: 31
13:16:03 [0m[33m[WARN] [0m# of splitters: 22
13:16:03 [0m[33m[WARN] [0m# of splitters: 30
13:16:03 [0m[33m[WARN] [0m# of splitters: 21
13:16:03 [0m[33m[WARN] [0m# of splitters: 29
13:16:03 [0m[33m[WARN] [0m# of splitters: 21
13:16:03 [0m[33m[WARN] [0m# of splitters: 28
13:16:03 [0m[33m[WARN] [0m# of splitters: 20
13:16:03 [0m[33m[WARN] [0m# of splitters: 27
13:16:03 [0m[33m[WARN] [0m# of splitters: 19
13:16:03 [0m[33m[WARN] [0m# of splitters: 26
13:16:03 [0m[33m[WARN] [0m# of splitters: 19
13:16:03 [0m[33m[WARN] [0m# of splitters: 25
13:16:03 [0m[33m[WARN] [0m# of splitters: 18
13:16:03 [0m[33m[WARN] [0m# of splitters: 24
13:16:03 [0m[33m[WARN] [0m# of splitters: 18
13:16:03 [0m[33m[WARN] [0m# of splitters: 23
13:16:03 [0m[33m[WARN] [0m# of splitters: 18
13:16:03 [0m[33m[WARN] [0m# of splitters: 22
13:16:03 [0m[33m[WARN] [0m# of splitters: 18
13:16:03 [0m[33m[WARN] [0m# of splitters: 21
13:16:03 [0m[33m[WARN] [0m# of splitters: 26
13:16:03 [0m[33m[WARN] [0m# of splitters: 16
13:16:03 [0m[33m[WARN] [0m# of splitters: 33
13:16:03 [0m[33m[WARN] [0m# of splitters: 16
13:16:03 [0m[33m[WARN] [0m# of splitters: 32
13:16:03 [0m[33m[WARN] [0m# of splitters: 31
13:16:03 [0m[33m[WARN] [0m# of splitters: 31
13:16:03 [0m[33m[WARN] [0m# of splitters: 12
13:16:03 [0m[33m[WARN] [0m# of splitters: 8
13:16:03 [0m[33m[WARN] [0m# of splitters: 15
13:16:03 [0m[33m[WARN] [0m# of splitters: 7
13:16:03 [0m[33m[WARN] [0m# of splitters: 14
13:16:03 [0m[33m[WARN] [0m# of splitters: 6
13:16:03 [0m[33m[WARN] [0m# of splitters: 13
13:16:03 [0m[33m[WARN] [0m# of splitters: 25
13:16:03 [0m[33m[WARN] [0m# of splitters: 16
13:16:03 [0m[33m[WARN] [0m# of splitters: 34
13:16:03 [0m[33m[WARN] [0m# of splitters: 31
13:16:03 [0m[33m[WARN] [0m# of splitters: 31
13:16:03 [0m[33m[WARN] [0m# of splitters: 12
13:16:03 [0m[33m[WARN] [0m# of splitters: 7
13:16:03 [0m[33m[WARN] [0m# of splitters: 15
13:16:03 [0m[33m[WARN] [0m# of splitters: 7
13:16:03 [0m[33m[WARN] [0m# of splitters: 14
13:16:03 [0m[33m[WARN] [0m# of splitters: 7
13:16:03 [0m[33m[WARN] [0m# of splitters: 13
13:16:03 [0m[33m[WARN] [0m# of splitters: 24
13:16:03 [0m[33m[WARN] [0m# of splitters: 23
13:16:03 [0m[33m[WARN] [0m# of splitters: 22
13:16:03 [0m[33m[WARN] [0m# of splitters: 30
13:16:03 [0m[33m[WARN] [0m# of splitters: 22
13:16:03 [0m[33m[WARN] [0m# of splitters: 29
13:16:03 [0m[33m[WARN] [0m# of splitters: 23
13:16:03 [0m[33m[WARN] [0m# of splitters: 30
13:16:03 [0m[33m[WARN] [0m# of splitters: 30
13:16:03 [0m[33m[WARN] [0m# of splitters: 22
13:16:03 [0m[33m[WARN] [0m# of splitters: 22
13:16:03 [0m[33m[WARN] [0m# of splitters: 29
13:16:03 [0m[33m[WARN] [0m# of splitters: 22
13:16:03 [0m[33m[WARN] [0m# of splitters: 28
13:16:03 [0m[33m[WARN] [0m# of splitters: 22
13:16:03 [0m[33m[WARN] [0m# of splitters: 27
13:16:03 [0m[33m[WARN] [0m# of splitters: 22
13:16:03 [0m[33m[WARN] [0m# of splitters: 29
13:16:03 [0m[33m[WARN] [0m# of splitters: 29
13:16:03 [0m[33m[WARN] [0m# of splitters: 21
13:16:03 [0m[33m[WARN] [0m# of splitters: 21
13:16:03 [0m[33m[WARN] [0m# of splitters: 28
13:16:03 [0m[33m[WARN] [0m# of splitters: 21
13:16:03 [0m[33m[WARN] [0m# of splitters: 27
13:16:03 [0m[33m[WARN] [0m# of splitters: 21
13:16:03 [0m[33m[WARN] [0m# of splitters: 20
13:16:03 [0m[33m[WARN] [0m# of splitters: 20
13:16:03 [0m[33m[WARN] [0m# of splitters: 27
13:16:03 [0m[33m[WARN] [0m# of splitters: 20
13:16:03 [0m[33m[WARN] [0m# of splitters: 19
13:16:03 [0m[33m[WARN] [0m# of splitters: 20
13:16:03 [0m[33m[WARN] [0m# of splitters: 26
13:16:03 [0m[33m[WARN] [0m# of splitters: 20
13:16:03 [0m[33m[WARN] [0m# of splitters: 25
13:16:03 [0m[33m[WARN] [0m# of splitters: 19
13:16:03 [0m[33m[WARN] [0m# of splitters: 18
13:16:03 [0m[33m[WARN] [0m# of splitters: 19
13:16:03 [0m[33m[WARN] [0m# of splitters: 25
13:16:03 [0m[33m[WARN] [0m# of splitters: 19
13:16:03 [0m[33m[WARN] [0m# of splitters: 24
13:16:03 [0m[33m[WARN] [0m# of splitters: 19
13:16:03 [0m[33m[WARN] [0m# of splitters: 23
13:16:03 [0m[33m[WARN] [0m# of splitters: 19
13:16:03 [0m[33m[WARN] [0m# of splitters: 22
13:16:03 [0m[33m[WARN] [0m# of splitters: 18
13:16:03 [0m[33m[WARN] [0m# of splitters: 17
13:16:03 [0m[33m[WARN] [0m# of splitters: 18
13:16:03 [0m[33m[WARN] [0m# of splitters: 24
13:16:03 [0m[33m[WARN] [0m# of splitters: 18
13:16:03 [0m[33m[WARN] [0m# of splitters: 23
13:16:03 [0m[33m[WARN] [0m# of splitters: 17
13:16:03 [0m[33m[WARN] [0m# of splitters: 16
13:16:03 [0m[33m[WARN] [0m# of splitters: 17
13:16:03 [0m[33m[WARN] [0m# of splitters: 23
13:16:03 [0m[33m[WARN] [0m# of splitters: 17
13:16:03 [0m[33m[WARN] [0m# of splitters: 22
13:16:03 [0m[33m[WARN] [0m# of splitters: 17
13:16:03 [0m[33m[WARN] [0m# of splitters: 21
13:16:03 [0m[33m[WARN] [0m# of splitters: 17
13:16:03 [0m[33m[WARN] [0m# of splitters: 20
13:16:03 [0m[33m[WARN] [0m# of splitters: 16
13:16:03 [0m[33m[WARN] [0m# of splitters: 15
13:16:03 [0m[33m[WARN] [0m# of splitters: 17
13:16:03 [0m[33m[WARN] [0m# of splitters: 22
13:16:03 [0m[33m[WARN] [0m# of splitters: 15
13:16:03 [0m[33m[WARN] [0m# of splitters: 14
13:16:03 [0m[33m[WARN] [0m# of splitters: 16
13:16:03 [0m[33m[WARN] [0m# of splitters: 21
13:16:03 [0m[33m[WARN] [0m# of splitters: 16
13:16:03 [0m[33m[WARN] [0m# of splitters: 20
13:16:03 [0m[33m[WARN] [0m# of splitters: 16
13:16:03 [0m[33m[WARN] [0m# of splitters: 19
13:16:03 [0m[33m[WARN] [0m# of splitters: 14
13:16:03 [0m[33m[WARN] [0m# of splitters: 13
13:16:03 [0m[33m[WARN] [0m# of splitters: 15
13:16:03 [0m[33m[WARN] [0m# of splitters: 20
13:16:03 [0m[33m[WARN] [0m# of splitters: 15
13:16:03 [0m[33m[WARN] [0m# of splitters: 19
13:16:03 [0m[33m[WARN] [0m# of splitters: 13
13:16:03 [0m[33m[WARN] [0m# of splitters: 12
13:16:03 [0m[33m[WARN] [0m# of splitters: 14
13:16:03 [0m[33m[WARN] [0m# of splitters: 19
13:16:03 [0m[33m[WARN] [0m# of splitters: 14
13:16:03 [0m[33m[WARN] [0m# of splitters: 18
13:16:03 [0m[33m[WARN] [0m# of splitters: 14
13:16:04 [0m[33m[WARN] [0m# of splitters: 17
13:16:04 [0m[33m[WARN] [0m# of splitters: 12
13:16:04 [0m[33m[WARN] [0m# of splitters: 11
13:16:04 [0m[33m[WARN] [0m# of splitters: 14
13:16:04 [0m[33m[WARN] [0m# of splitters: 18
13:16:04 [0m[33m[WARN] [0m# of splitters: 14
13:16:04 [0m[33m[WARN] [0m# of splitters: 17
13:16:04 [0m[33m[WARN] [0m# of splitters: 11
13:16:04 [0m[33m[WARN] [0m# of splitters: 10
13:16:04 [0m[33m[WARN] [0m# of splitters: 13
13:16:04 [0m[33m[WARN] [0m# of splitters: 17
13:16:04 [0m[33m[WARN] [0m# of splitters: 13
13:16:04 [0m[33m[WARN] [0m# of splitters: 16
13:16:04 [0m[33m[WARN] [0m# of splitters: 10
13:16:04 [0m[33m[WARN] [0m# of splitters: 6
13:16:04 [0m[33m[WARN] [0m# of splitters: 7
13:16:04 [0m[33m[WARN] [0m# of splitters: 7
13:16:04 [0m[33m[WARN] [0m# of splitters: 6
13:16:04 [0m[33m[WARN] [0m# of splitters: 6
13:16:04 [0m[33m[WARN] [0m# of splitters: 5
13:16:04 [0m[33m[WARN] [0m# of splitters: 5
13:16:04 [0m[33m[WARN] [0m# of splitters: 4
13:16:04 [0m[33m[WARN] [0m# of splitters: 4
13:16:04 [0m[33m[WARN] [0m# of splitters: 3
13:16:04 [0m[33m[WARN] [0m# of splitters: 3
13:16:04 [0m[33m[WARN] [0m# of splitters: 2
13:16:04 [0m[33m[WARN] [0m# of splitters: 2
13:16:04 [0m[33m[WARN] [0mproved: (max ?ts_ph_Nat_0 (S ?ts_ph_Nat_0)) => (max (S ?ts_ph_Nat_0) ?ts_ph_Nat_0)
13:16:04 [0m[33m[WARN] [0mproved: (max (S ?ts_ph_Nat_0) ?ts_ph_Nat_0) => (max ?ts_ph_Nat_0 (S ?ts_ph_Nat_0))
13:16:04 [0m[33m[WARN] [0m# of splitters: 20
13:16:04 [0m[33m[WARN] [0m# of splitters: 27
13:16:04 [0m[33m[WARN] [0m# of splitters: 26
13:16:04 [0m[33m[WARN] [0m# of splitters: 34
13:16:04 [0m[33m[WARN] [0m# of splitters: 8
13:16:04 [0m[33m[WARN] [0m# of splitters: 33
13:16:04 [0m[33m[WARN] [0m# of splitters: 8
13:16:04 [0m[33m[WARN] [0m# of splitters: 32
13:16:04 [0m[33m[WARN] [0m# of splitters: 24
13:16:04 [0m[33m[WARN] [0m# of splitters: 31
13:16:04 [0m[33m[WARN] [0m# of splitters: 23
13:16:04 [0m[33m[WARN] [0m# of splitters: 30
13:16:04 [0m[33m[WARN] [0m# of splitters: 22
13:16:04 [0m[33m[WARN] [0m# of splitters: 29
13:16:04 [0m[33m[WARN] [0m# of splitters: 21
13:16:04 [0m[33m[WARN] [0m# of splitters: 28
13:16:04 [0m[33m[WARN] [0m# of splitters: 21
13:16:04 [0m[33m[WARN] [0m# of splitters: 27
13:16:04 [0m[33m[WARN] [0m# of splitters: 20
13:16:04 [0m[33m[WARN] [0m# of splitters: 26
13:16:04 [0m[33m[WARN] [0m# of splitters: 19
13:16:04 [0m[33m[WARN] [0m# of splitters: 25
13:16:04 [0m[33m[WARN] [0m# of splitters: 18
13:16:04 [0m[33m[WARN] [0m# of splitters: 24
13:16:04 [0m[33m[WARN] [0m# of splitters: 18
13:16:04 [0m[33m[WARN] [0m# of splitters: 23
13:16:04 [0m[33m[WARN] [0m# of splitters: 17
13:16:04 [0m[33m[WARN] [0m# of splitters: 22
13:16:04 [0m[33m[WARN] [0m# of splitters: 16
13:16:04 [0m[33m[WARN] [0m# of splitters: 21
13:16:04 [0m[33m[WARN] [0m# of splitters: 15
13:16:04 [0m[33m[WARN] [0m# of splitters: 20
13:16:04 [0m[33m[WARN] [0m# of splitters: 14
13:16:04 [0m[33m[WARN] [0m# of splitters: 19
13:16:04 [0m[33m[WARN] [0m# of splitters: 14
13:16:04 [0m[33m[WARN] [0m# of splitters: 18
13:16:04 [0m[33m[WARN] [0m# of splitters: 27
13:16:04 [0m[33m[WARN] [0m# of splitters: 17
13:16:04 [0m[33m[WARN] [0m# of splitters: 34
13:16:04 [0m[33m[WARN] [0m# of splitters: 17
13:16:04 [0m[33m[WARN] [0m# of splitters: 33
13:16:04 [0m[33m[WARN] [0m# of splitters: 32
13:16:04 [0m[33m[WARN] [0m# of splitters: 32
13:16:04 [0m[33m[WARN] [0m# of splitters: 31
13:16:04 [0m[33m[WARN] [0m# of splitters: 31
13:16:04 [0m[33m[WARN] [0m# of splitters: 30
13:16:04 [0m[33m[WARN] [0m# of splitters: 30
13:16:04 [0m[33m[WARN] [0m# of splitters: 29
13:16:04 [0m[33m[WARN] [0m# of splitters: 29
13:16:04 [0m[33m[WARN] [0m# of splitters: 28
13:16:04 [0m[33m[WARN] [0m# of splitters: 28
13:16:04 [0m[33m[WARN] [0m# of splitters: 27
13:16:04 [0m[33m[WARN] [0m# of splitters: 27
13:16:04 [0m[33m[WARN] [0m# of splitters: 26
13:16:04 [0m[33m[WARN] [0m# of splitters: 26
13:16:04 [0m[33m[WARN] [0m# of splitters: 25
13:16:04 [0m[33m[WARN] [0m# of splitters: 25
13:16:04 [0m[33m[WARN] [0m# of splitters: 24
13:16:04 [0m[33m[WARN] [0m# of splitters: 24
13:16:04 [0m[33m[WARN] [0m# of splitters: 23
13:16:04 [0m[33m[WARN] [0m# of splitters: 23
13:16:04 [0m[33m[WARN] [0m# of splitters: 26
13:16:04 [0m[33m[WARN] [0m# of splitters: 8
13:16:04 [0m[33m[WARN] [0m# of splitters: 33
13:16:04 [0m[33m[WARN] [0m# of splitters: 8
13:16:04 [0m[33m[WARN] [0m# of splitters: 32
13:16:04 [0m[33m[WARN] [0m# of splitters: 23
13:16:04 [0m[33m[WARN] [0m# of splitters: 31
13:16:04 [0m[33m[WARN] [0m# of splitters: 23
13:16:04 [0m[33m[WARN] [0m# of splitters: 30
13:16:04 [0m[33m[WARN] [0m# of splitters: 23
13:16:04 [0m[33m[WARN] [0m# of splitters: 29
13:16:04 [0m[33m[WARN] [0m# of splitters: 26
13:16:04 [0m[33m[WARN] [0m# of splitters: 16
13:16:04 [0m[33m[WARN] [0m# of splitters: 33
13:16:04 [0m[33m[WARN] [0m# of splitters: 16
13:16:04 [0m[33m[WARN] [0m# of splitters: 32
13:16:04 [0m[33m[WARN] [0m# of splitters: 31
13:16:04 [0m[33m[WARN] [0m# of splitters: 31
13:16:04 [0m[33m[WARN] [0m# of splitters: 30
13:16:04 [0m[33m[WARN] [0m# of splitters: 30
13:16:04 [0m[33m[WARN] [0m# of splitters: 12
13:16:04 [0m[33m[WARN] [0m# of splitters: 7
13:16:04 [0m[33m[WARN] [0m# of splitters: 15
13:16:04 [0m[33m[WARN] [0m# of splitters: 25
13:16:04 [0m[33m[WARN] [0m# of splitters: 16
13:16:04 [0m[33m[WARN] [0m# of splitters: 34
13:16:04 [0m[33m[WARN] [0m# of splitters: 12
13:16:04 [0m[33m[WARN] [0m# of splitters: 7
13:16:04 [0m[33m[WARN] [0m# of splitters: 15
13:16:04 [0m[33m[WARN] [0m# of splitters: 7
13:16:04 [0m[33m[WARN] [0m# of splitters: 14
13:16:04 [0m[33m[WARN] [0m# of splitters: 24
13:16:04 [0m[33m[WARN] [0m# of splitters: 23
13:16:04 [0m[33m[WARN] [0m# of splitters: 22
13:16:04 [0m[33m[WARN] [0m# of splitters: 30
13:16:04 [0m[33m[WARN] [0m# of splitters: 22
13:16:04 [0m[33m[WARN] [0m# of splitters: 29
13:16:04 [0m[33m[WARN] [0m# of splitters: 23
13:16:04 [0m[33m[WARN] [0m# of splitters: 22
13:16:04 [0m[33m[WARN] [0m# of splitters: 22
13:16:04 [0m[33m[WARN] [0m# of splitters: 29
13:16:04 [0m[33m[WARN] [0m# of splitters: 22
13:16:04 [0m[33m[WARN] [0m# of splitters: 28
13:16:05 [0m[33m[WARN] [0m# of splitters: 22
13:16:05 [0m[33m[WARN] [0m# of splitters: 27
13:16:05 [0m[33m[WARN] [0m# of splitters: 22
13:16:05 [0m[33m[WARN] [0m# of splitters: 29
13:16:05 [0m[33m[WARN] [0m# of splitters: 29
13:16:05 [0m[33m[WARN] [0m# of splitters: 28
13:16:05 [0m[33m[WARN] [0m# of splitters: 28
13:16:05 [0m[33m[WARN] [0m# of splitters: 21
13:16:05 [0m[33m[WARN] [0m# of splitters: 21
13:16:05 [0m[33m[WARN] [0m# of splitters: 28
13:16:05 [0m[33m[WARN] [0m# of splitters: 21
13:16:05 [0m[33m[WARN] [0m# of splitters: 20
13:16:05 [0m[33m[WARN] [0m# of splitters: 20
13:16:05 [0m[33m[WARN] [0m# of splitters: 27
13:16:05 [0m[33m[WARN] [0m# of splitters: 20
13:16:05 [0m[33m[WARN] [0m# of splitters: 26
13:16:05 [0m[33m[WARN] [0m# of splitters: 20
13:16:05 [0m[33m[WARN] [0m# of splitters: 25
13:16:05 [0m[33m[WARN] [0m# of splitters: 20
13:16:05 [0m[33m[WARN] [0m# of splitters: 19
13:16:05 [0m[33m[WARN] [0m# of splitters: 26
13:16:05 [0m[33m[WARN] [0m# of splitters: 20
13:16:05 [0m[33m[WARN] [0m# of splitters: 19
13:16:05 [0m[33m[WARN] [0m# of splitters: 25
13:16:05 [0m[33m[WARN] [0m# of splitters: 19
13:16:05 [0m[33m[WARN] [0m# of splitters: 24
13:16:05 [0m[33m[WARN] [0m# of splitters: 19
13:16:05 [0m[33m[WARN] [0m# of splitters: 23
13:16:05 [0m[33m[WARN] [0m# of splitters: 19
13:16:05 [0m[33m[WARN] [0m# of splitters: 22
13:16:05 [0m[33m[WARN] [0m# of splitters: 19
13:16:05 [0m[33m[WARN] [0m# of splitters: 18
13:16:05 [0m[33m[WARN] [0m# of splitters: 25
13:16:05 [0m[33m[WARN] [0m# of splitters: 19
13:16:05 [0m[33m[WARN] [0m# of splitters: 18
13:16:05 [0m[33m[WARN] [0m# of splitters: 24
13:16:05 [0m[33m[WARN] [0m# of splitters: 18
13:16:05 [0m[33m[WARN] [0m# of splitters: 23
13:16:05 [0m[33m[WARN] [0m# of splitters: 18
13:16:05 [0m[33m[WARN] [0m# of splitters: 22
13:16:05 [0m[33m[WARN] [0m# of splitters: 18
13:16:05 [0m[33m[WARN] [0m# of splitters: 17
13:16:05 [0m[33m[WARN] [0m# of splitters: 24
13:16:05 [0m[33m[WARN] [0m# of splitters: 18
13:16:05 [0m[33m[WARN] [0m# of splitters: 17
13:16:05 [0m[33m[WARN] [0m# of splitters: 23
13:16:05 [0m[33m[WARN] [0m# of splitters: 17
13:16:05 [0m[33m[WARN] [0m# of splitters: 22
13:16:05 [0m[33m[WARN] [0m# of splitters: 17
13:16:05 [0m[33m[WARN] [0m# of splitters: 21
13:16:05 [0m[33m[WARN] [0m# of splitters: 17
13:16:05 [0m[33m[WARN] [0m# of splitters: 20
13:16:05 [0m[33m[WARN] [0m# of splitters: 17
13:16:05 [0m[33m[WARN] [0m# of splitters: 16
13:16:05 [0m[33m[WARN] [0m# of splitters: 23
13:16:05 [0m[33m[WARN] [0m# of splitters: 18
13:16:05 [0m[33m[WARN] [0m# of splitters: 17
13:16:05 [0m[33m[WARN] [0m# of splitters: 22
13:16:05 [0m[33m[WARN] [0m# of splitters: 17
13:16:05 [0m[33m[WARN] [0m# of splitters: 21
13:16:05 [0m[33m[WARN] [0m# of splitters: 17
13:16:05 [0m[33m[WARN] [0m# of splitters: 20
13:16:05 [0m[33m[WARN] [0m# of splitters: 16
13:16:05 [0m[33m[WARN] [0m# of splitters: 15
13:16:05 [0m[33m[WARN] [0m# of splitters: 22
13:16:05 [0m[33m[WARN] [0m# of splitters: 18
13:16:05 [0m[33m[WARN] [0m# of splitters: 17
13:16:05 [0m[33m[WARN] [0m# of splitters: 21
13:16:05 [0m[33m[WARN] [0m# of splitters: 17
13:16:05 [0m[33m[WARN] [0m# of splitters: 20
13:16:05 [0m[33m[WARN] [0m# of splitters: 15
13:16:05 [0m[33m[WARN] [0m# of splitters: 6
13:16:05 [0m[33m[WARN] [0m# of splitters: 7
13:16:05 [0m[33m[WARN] [0m# of splitters: 7
13:16:05 [0m[33m[WARN] [0m# of splitters: 6
13:16:05 [0m[33m[WARN] [0m# of splitters: 6
13:16:05 [0m[33m[WARN] [0m# of splitters: 5
13:16:05 [0m[33m[WARN] [0m# of splitters: 5
13:16:05 [0m[33m[WARN] [0m# of splitters: 4
13:16:05 [0m[33m[WARN] [0m# of splitters: 4
13:16:05 [0m[33m[WARN] [0mproved: (max ?ts_ph_Nat_0 (S Z)) => (max (S Z) ?ts_ph_Nat_0)
13:16:05 [0m[33m[WARN] [0mproved: (max (S Z) ?ts_ph_Nat_0) => (max ?ts_ph_Nat_0 (S Z))
13:16:05 [0m[33m[WARN] [0m# of splitters: 20
13:16:05 [0m[33m[WARN] [0m# of splitters: 27
13:16:05 [0m[33m[WARN] [0m# of splitters: 8
13:16:05 [0m[33m[WARN] [0m# of splitters: 34
13:16:05 [0m[33m[WARN] [0m# of splitters: 8
13:16:05 [0m[33m[WARN] [0m# of splitters: 33
13:16:05 [0m[33m[WARN] [0m# of splitters: 24
13:16:05 [0m[33m[WARN] [0m# of splitters: 32
13:16:05 [0m[33m[WARN] [0m# of splitters: 23
13:16:05 [0m[33m[WARN] [0m# of splitters: 31
13:16:05 [0m[33m[WARN] [0m# of splitters: 22
13:16:05 [0m[33m[WARN] [0m# of splitters: 30
13:16:05 [0m[33m[WARN] [0m# of splitters: 22
13:16:05 [0m[33m[WARN] [0m# of splitters: 29
13:16:05 [0m[33m[WARN] [0m# of splitters: 21
13:16:05 [0m[33m[WARN] [0m# of splitters: 28
13:16:05 [0m[33m[WARN] [0m# of splitters: 21
13:16:05 [0m[33m[WARN] [0m# of splitters: 27
13:16:05 [0m[33m[WARN] [0m# of splitters: 27
13:16:05 [0m[33m[WARN] [0m# of splitters: 17
13:16:05 [0m[33m[WARN] [0m# of splitters: 34
13:16:05 [0m[33m[WARN] [0m# of splitters: 17
13:16:05 [0m[33m[WARN] [0m# of splitters: 33
13:16:05 [0m[33m[WARN] [0m# of splitters: 32
13:16:06 [0m[33m[WARN] [0m# of splitters: 32
13:16:06 [0m[33m[WARN] [0m# of splitters: 31
13:16:06 [0m[33m[WARN] [0m# of splitters: 31
13:16:06 [0m[33m[WARN] [0m# of splitters: 26
13:16:06 [0m[33m[WARN] [0m# of splitters: 8
13:16:06 [0m[33m[WARN] [0m# of splitters: 33
13:16:06 [0m[33m[WARN] [0m# of splitters: 8
13:16:06 [0m[33m[WARN] [0m# of splitters: 32
13:16:06 [0m[33m[WARN] [0m# of splitters: 23
13:16:06 [0m[33m[WARN] [0m# of splitters: 31
13:16:06 [0m[33m[WARN] [0m# of splitters: 22
13:16:06 [0m[33m[WARN] [0m# of splitters: 30
13:16:06 [0m[33m[WARN] [0m# of splitters: 21
13:16:06 [0m[33m[WARN] [0m# of splitters: 29
13:16:06 [0m[33m[WARN] [0m# of splitters: 21
13:16:06 [0m[33m[WARN] [0m# of splitters: 28
13:16:06 [0m[33m[WARN] [0m# of splitters: 20
13:16:06 [0m[33m[WARN] [0m# of splitters: 27
13:16:06 [0m[33m[WARN] [0m# of splitters: 19
13:16:06 [0m[33m[WARN] [0m# of splitters: 26
13:16:06 [0m[33m[WARN] [0m# of splitters: 19
13:16:06 [0m[33m[WARN] [0m# of splitters: 25
13:16:06 [0m[33m[WARN] [0m# of splitters: 18
13:16:06 [0m[33m[WARN] [0m# of splitters: 24
13:16:06 [0m[33m[WARN] [0m# of splitters: 18
13:16:06 [0m[33m[WARN] [0m# of splitters: 23
13:16:06 [0m[33m[WARN] [0m# of splitters: 17
13:16:06 [0m[33m[WARN] [0m# of splitters: 22
13:16:06 [0m[33m[WARN] [0m# of splitters: 17
13:16:06 [0m[33m[WARN] [0m# of splitters: 21
13:16:06 [0m[33m[WARN] [0m# of splitters: 26
13:16:06 [0m[33m[WARN] [0m# of splitters: 16
13:16:06 [0m[33m[WARN] [0m# of splitters: 33
13:16:06 [0m[33m[WARN] [0m# of splitters: 16
13:16:06 [0m[33m[WARN] [0m# of splitters: 32
13:16:06 [0m[33m[WARN] [0m# of splitters: 31
13:16:06 [0m[33m[WARN] [0m# of splitters: 31
13:16:06 [0m[33m[WARN] [0m# of splitters: 30
13:16:06 [0m[33m[WARN] [0m# of splitters: 30
13:16:06 [0m[33m[WARN] [0m# of splitters: 29
13:16:06 [0m[33m[WARN] [0m# of splitters: 29
13:16:06 [0m[33m[WARN] [0m# of splitters: 28
13:16:06 [0m[33m[WARN] [0m# of splitters: 28
13:16:06 [0m[33m[WARN] [0m# of splitters: 27
13:16:06 [0m[33m[WARN] [0m# of splitters: 27
13:16:06 [0m[33m[WARN] [0m# of splitters: 26
13:16:06 [0m[33m[WARN] [0m# of splitters: 26
13:16:06 [0m[33m[WARN] [0m# of splitters: 25
13:16:06 [0m[33m[WARN] [0m# of splitters: 25
13:16:06 [0m[33m[WARN] [0m# of splitters: 12
13:16:06 [0m[33m[WARN] [0m# of splitters: 7
13:16:06 [0m[33m[WARN] [0m# of splitters: 15
13:16:06 [0m[33m[WARN] [0m# of splitters: 7
13:16:06 [0m[33m[WARN] [0m# of splitters: 14
13:16:06 [0m[33m[WARN] [0m# of splitters: 25
13:16:06 [0m[33m[WARN] [0m# of splitters: 16
13:16:06 [0m[33m[WARN] [0m# of splitters: 34
13:16:06 [0m[33m[WARN] [0m# of splitters: 31
13:16:06 [0m[33m[WARN] [0m# of splitters: 31
13:16:06 [0m[33m[WARN] [0m# of splitters: 30
13:16:06 [0m[33m[WARN] [0m# of splitters: 30
13:16:06 [0m[33m[WARN] [0m# of splitters: 12
13:16:06 [0m[33m[WARN] [0m# of splitters: 7
13:16:06 [0m[33m[WARN] [0m# of splitters: 15
13:16:06 [0m[33m[WARN] [0m# of splitters: 7
13:16:06 [0m[33m[WARN] [0m# of splitters: 14
13:16:06 [0m[33m[WARN] [0m# of splitters: 7
13:16:06 [0m[33m[WARN] [0m# of splitters: 13
13:16:06 [0m[33m[WARN] [0m# of splitters: 24
13:16:06 [0m[33m[WARN] [0m# of splitters: 23
13:16:06 [0m[33m[WARN] [0m# of splitters: 23
13:16:06 [0m[33m[WARN] [0m# of splitters: 30
13:16:06 [0m[33m[WARN] [0m# of splitters: 23
13:16:06 [0m[33m[WARN] [0m# of splitters: 29
13:16:06 [0m[33m[WARN] [0m# of splitters: 23
13:16:06 [0m[33m[WARN] [0m# of splitters: 28
13:16:06 [0m[33m[WARN] [0m# of splitters: 23
13:16:06 [0m[33m[WARN] [0m# of splitters: 27
13:16:06 [0m[33m[WARN] [0m# of splitters: 23
13:16:06 [0m[33m[WARN] [0m# of splitters: 22
13:16:06 [0m[33m[WARN] [0m# of splitters: 22
13:16:06 [0m[33m[WARN] [0m# of splitters: 29
13:16:06 [0m[33m[WARN] [0m# of splitters: 22
13:16:06 [0m[33m[WARN] [0m# of splitters: 28
13:16:06 [0m[33m[WARN] [0m# of splitters: 22
13:16:06 [0m[33m[WARN] [0m# of splitters: 29
13:16:06 [0m[33m[WARN] [0m# of splitters: 29
13:16:06 [0m[33m[WARN] [0m# of splitters: 21
13:16:06 [0m[33m[WARN] [0m# of splitters: 21
13:16:06 [0m[33m[WARN] [0m# of splitters: 28
13:16:06 [0m[33m[WARN] [0m# of splitters: 21
13:16:06 [0m[33m[WARN] [0m# of splitters: 27
13:16:06 [0m[33m[WARN] [0m# of splitters: 21
13:16:06 [0m[33m[WARN] [0m# of splitters: 20
13:16:06 [0m[33m[WARN] [0m# of splitters: 20
13:16:06 [0m[33m[WARN] [0m# of splitters: 27
13:16:06 [0m[33m[WARN] [0m# of splitters: 20
13:16:06 [0m[33m[WARN] [0m# of splitters: 26
13:16:06 [0m[33m[WARN] [0m# of splitters: 20
13:16:06 [0m[33m[WARN] [0m# of splitters: 25
13:16:06 [0m[33m[WARN] [0m# of splitters: 20
13:16:06 [0m[33m[WARN] [0m# of splitters: 19
13:16:06 [0m[33m[WARN] [0m# of splitters: 20
13:16:06 [0m[33m[WARN] [0m# of splitters: 26
13:16:06 [0m[33m[WARN] [0m# of splitters: 20
13:16:06 [0m[33m[WARN] [0m# of splitters: 25
13:16:06 [0m[33m[WARN] [0m# of splitters: 19
13:16:06 [0m[33m[WARN] [0m# of splitters: 18
13:16:06 [0m[33m[WARN] [0m# of splitters: 25
13:16:06 [0m[33m[WARN] [0m# of splitters: 19
13:16:06 [0m[33m[WARN] [0m# of splitters: 18
13:16:06 [0m[33m[WARN] [0m# of splitters: 24
13:16:06 [0m[33m[WARN] [0m# of splitters: 18
13:16:06 [0m[33m[WARN] [0m# of splitters: 23
13:16:07 [0m[33m[WARN] [0m# of splitters: 18
13:16:07 [0m[33m[WARN] [0m# of splitters: 22
13:16:07 [0m[33m[WARN] [0m# of splitters: 18
13:16:07 [0m[33m[WARN] [0m# of splitters: 21
13:16:07 [0m[33m[WARN] [0m# of splitters: 18
13:16:07 [0m[33m[WARN] [0m# of splitters: 17
13:16:07 [0m[33m[WARN] [0m# of splitters: 24
13:16:07 [0m[33m[WARN] [0m# of splitters: 18
13:16:07 [0m[33m[WARN] [0m# of splitters: 17
13:16:07 [0m[33m[WARN] [0m# of splitters: 23
13:16:07 [0m[33m[WARN] [0m# of splitters: 17
13:16:07 [0m[33m[WARN] [0m# of splitters: 22
13:16:07 [0m[33m[WARN] [0m# of splitters: 17
13:16:07 [0m[33m[WARN] [0m# of splitters: 21
13:16:07 [0m[33m[WARN] [0m# of splitters: 17
13:16:07 [0m[33m[WARN] [0m# of splitters: 20
13:16:07 [0m[33m[WARN] [0m# of splitters: 17
13:16:07 [0m[33m[WARN] [0m# of splitters: 16
13:16:07 [0m[33m[WARN] [0m# of splitters: 23
13:16:07 [0m[33m[WARN] [0m# of splitters: 18
13:16:07 [0m[33m[WARN] [0m# of splitters: 17
13:16:07 [0m[33m[WARN] [0m# of splitters: 22
13:16:07 [0m[33m[WARN] [0m# of splitters: 17
13:16:07 [0m[33m[WARN] [0m# of splitters: 21
13:16:07 [0m[33m[WARN] [0m# of splitters: 17
13:16:07 [0m[33m[WARN] [0m# of splitters: 20
13:16:07 [0m[33m[WARN] [0m# of splitters: 16
13:16:07 [0m[33m[WARN] [0m# of splitters: 15
13:16:07 [0m[33m[WARN] [0m# of splitters: 22
13:16:07 [0m[33m[WARN] [0m# of splitters: 18
13:16:07 [0m[33m[WARN] [0m# of splitters: 17
13:16:07 [0m[33m[WARN] [0m# of splitters: 21
13:16:07 [0m[33m[WARN] [0m# of splitters: 17
13:16:07 [0m[33m[WARN] [0m# of splitters: 20
13:16:07 [0m[33m[WARN] [0m# of splitters: 15
13:16:07 [0m[33m[WARN] [0m# of splitters: 6
13:16:07 [0m[33m[WARN] [0m# of splitters: 7
13:16:07 [0m[33m[WARN] [0m# of splitters: 7
13:16:07 [0m[33m[WARN] [0m# of splitters: 6
13:16:07 [0m[33m[WARN] [0m# of splitters: 6
13:16:07 [0m[33m[WARN] [0m# of splitters: 5
13:16:07 [0m[33m[WARN] [0m# of splitters: 5
13:16:07 [0m[33m[WARN] [0m# of splitters: 4
13:16:07 [0m[33m[WARN] [0m# of splitters: 4
13:16:07 [0m[33m[WARN] [0m# of splitters: 3
13:16:07 [0m[33m[WARN] [0m# of splitters: 3
13:16:07 [0m[33m[WARN] [0m# of splitters: 2
13:16:07 [0m[33m[WARN] [0m# of splitters: 2
13:16:07 [0m[33m[WARN] [0m# of splitters: 31
13:16:07 [0m[33m[WARN] [0m# of splitters: 28
13:16:07 [0m[33m[WARN] [0m# of splitters: 42
13:16:07 [0m[33m[WARN] [0m# of splitters: 27
13:16:07 [0m[33m[WARN] [0m# of splitters: 41
13:16:07 [0m[33m[WARN] [0m# of splitters: 33
13:16:07 [0m[33m[WARN] [0m# of splitters: 40
13:16:07 [0m[33m[WARN] [0m# of splitters: 32
13:16:07 [0m[33m[WARN] [0m# of splitters: 39
13:16:07 [0m[33m[WARN] [0m# of splitters: 38
13:16:07 [0m[33m[WARN] [0m# of splitters: 38
13:16:07 [0m[33m[WARN] [0m# of splitters: 37
13:16:07 [0m[33m[WARN] [0m# of splitters: 37
13:16:07 [0m[33m[WARN] [0m# of splitters: 36
13:16:08 [0m[33m[WARN] [0m# of splitters: 36
13:16:08 [0m[33m[WARN] [0m# of splitters: 35
13:16:08 [0m[33m[WARN] [0m# of splitters: 35
13:16:08 [0m[33m[WARN] [0m# of splitters: 34
13:16:08 [0m[33m[WARN] [0m# of splitters: 34
13:16:08 [0m[33m[WARN] [0m# of splitters: 33
13:16:08 [0m[33m[WARN] [0m# of splitters: 33
13:16:08 [0m[33m[WARN] [0m# of splitters: 32
13:16:08 [0m[33m[WARN] [0m# of splitters: 32
13:16:08 [0m[33m[WARN] [0m# of splitters: 31
13:16:08 [0m[33m[WARN] [0m# of splitters: 31
13:16:08 [0m[33m[WARN] [0m# of splitters: 30
13:16:08 [0m[33m[WARN] [0m# of splitters: 30
13:16:08 [0m[33m[WARN] [0m# of splitters: 29
13:16:08 [0m[33m[WARN] [0m# of splitters: 29
13:16:08 [0m[33m[WARN] [0m# of splitters: 12
13:16:08 [0m[33m[WARN] [0m# of splitters: 15
13:16:08 [0m[33m[WARN] [0m# of splitters: 16
13:16:08 [0m[33m[WARN] [0m# of splitters: 14
13:16:08 [0m[33m[WARN] [0m# of splitters: 14
13:16:08 [0m[33m[WARN] [0m# of splitters: 13
13:16:08 [0m[33m[WARN] [0m# of splitters: 13
13:16:08 [0m[33m[WARN] [0m# of splitters: 12
13:16:08 [0m[33m[WARN] [0m# of splitters: 12
13:16:08 [0m[33m[WARN] [0m# of splitters: 11
13:16:08 [0m[33m[WARN] [0m# of splitters: 11
13:16:08 [0m[33m[WARN] [0m# of splitters: 10
13:16:08 [0m[33m[WARN] [0m# of splitters: 10
13:16:08 [0m[33m[WARN] [0m# of splitters: 9
13:16:08 [0m[33m[WARN] [0m# of splitters: 9
13:16:08 [0m[33m[WARN] [0m# of splitters: 8
13:16:08 [0m[33m[WARN] [0m# of splitters: 8
13:16:08 [0m[33m[WARN] [0mproved: (max ?ts_ph_Nat_0 ?ts_ph_Nat_1) => (max ?ts_ph_Nat_1 ?ts_ph_Nat_0)
13:16:08 [0m[33m[WARN] [0mproved: (max ?ts_ph_Nat_1 ?ts_ph_Nat_0) => (max ?ts_ph_Nat_0 ?ts_ph_Nat_1)
13:16:08 [0m[33m[WARN] [0m# of splitters: 15
13:16:08 [0m[33m[WARN] [0m# of splitters: 20
13:16:08 [0m[33m[WARN] [0m# of splitters: 8
13:16:08 [0m[33m[WARN] [0m# of splitters: 25
13:16:08 [0m[33m[WARN] [0m# of splitters: 8
13:16:08 [0m[33m[WARN] [0m# of splitters: 24
13:16:08 [0m[33m[WARN] [0m# of splitters: 16
13:16:08 [0m[33m[WARN] [0m# of splitters: 23
13:16:08 [0m[33m[WARN] [0m# of splitters: 15
13:16:08 [0m[33m[WARN] [0m# of splitters: 22
13:16:08 [0m[33m[WARN] [0m# of splitters: 14
13:16:08 [0m[33m[WARN] [0m# of splitters: 21
13:16:08 [0m[33m[WARN] [0m# of splitters: 13
13:16:08 [0m[33m[WARN] [0m# of splitters: 20
13:16:08 [0m[33m[WARN] [0m# of splitters: 20
13:16:08 [0m[33m[WARN] [0m# of splitters: 16
13:16:08 [0m[33m[WARN] [0m# of splitters: 25
13:16:08 [0m[33m[WARN] [0m# of splitters: 16
13:16:08 [0m[33m[WARN] [0m# of splitters: 24
13:16:08 [0m[33m[WARN] [0m# of splitters: 23
13:16:08 [0m[33m[WARN] [0m# of splitters: 23
13:16:08 [0m[33m[WARN] [0m# of splitters: 22
13:16:08 [0m[33m[WARN] [0m# of splitters: 22
13:16:08 [0m[33m[WARN] [0m# of splitters: 21
13:16:08 [0m[33m[WARN] [0m# of splitters: 21
13:16:08 [0m[33m[WARN] [0m# of splitters: 20
13:16:08 [0m[33m[WARN] [0m# of splitters: 20
13:16:08 [0m[33m[WARN] [0m# of splitters: 19
13:16:08 [0m[33m[WARN] [0m# of splitters: 19
13:16:08 [0m[33m[WARN] [0m# of splitters: 18
13:16:08 [0m[33m[WARN] [0m# of splitters: 18
13:16:08 [0m[33m[WARN] [0m# of splitters: 12
13:16:08 [0m[33m[WARN] [0m# of splitters: 7
13:16:08 [0m[33m[WARN] [0m# of splitters: 15
13:16:08 [0m[33m[WARN] [0m# of splitters: 7
13:16:08 [0m[33m[WARN] [0m# of splitters: 14
13:16:08 [0m[33m[WARN] [0m# of splitters: 19
13:16:08 [0m[33m[WARN] [0m# of splitters: 16
13:16:08 [0m[33m[WARN] [0m# of splitters: 25
13:16:08 [0m[33m[WARN] [0m# of splitters: 12
13:16:08 [0m[33m[WARN] [0m# of splitters: 8
13:16:08 [0m[33m[WARN] [0m# of splitters: 15
13:16:08 [0m[33m[WARN] [0m# of splitters: 7
13:16:08 [0m[33m[WARN] [0m# of splitters: 14
13:16:08 [0m[33m[WARN] [0m# of splitters: 6
13:16:08 [0m[33m[WARN] [0m# of splitters: 13
13:16:08 [0m[33m[WARN] [0m# of splitters: 6
13:16:08 [0m[33m[WARN] [0m# of splitters: 12
13:16:08 [0m[33m[WARN] [0m# of splitters: 6
13:16:08 [0m[33m[WARN] [0m# of splitters: 11
13:16:08 [0m[33m[WARN] [0m# of splitters: 6
13:16:08 [0m[33m[WARN] [0m# of splitters: 10
13:16:08 [0m[33m[WARN] [0m# of splitters: 18
13:16:08 [0m[33m[WARN] [0m# of splitters: 17
13:16:08 [0m[33m[WARN] [0m# of splitters: 15
13:16:08 [0m[33m[WARN] [0m# of splitters: 22
13:16:08 [0m[33m[WARN] [0m# of splitters: 15
13:16:08 [0m[33m[WARN] [0m# of splitters: 21
13:16:08 [0m[33m[WARN] [0m# of splitters: 15
13:16:08 [0m[33m[WARN] [0m# of splitters: 20
13:16:08 [0m[33m[WARN] [0m# of splitters: 15
13:16:08 [0m[33m[WARN] [0m# of splitters: 19
13:16:08 [0m[33m[WARN] [0m# of splitters: 15
13:16:08 [0m[33m[WARN] [0m# of splitters: 18
13:16:08 [0m[33m[WARN] [0m# of splitters: 17
13:16:08 [0m[33m[WARN] [0m# of splitters: 16
13:16:09 [0m[33m[WARN] [0m# of splitters: 14
13:16:09 [0m[33m[WARN] [0m# of splitters: 21
13:16:09 [0m[33m[WARN] [0m# of splitters: 14
13:16:09 [0m[33m[WARN] [0m# of splitters: 20
13:16:09 [0m[33m[WARN] [0m# of splitters: 16
13:16:09 [0m[33m[WARN] [0m# of splitters: 21
13:16:09 [0m[33m[WARN] [0m# of splitters: 21
13:16:09 [0m[33m[WARN] [0m# of splitters: 15
13:16:09 [0m[33m[WARN] [0m# of splitters: 13
13:16:09 [0m[33m[WARN] [0m# of splitters: 20
13:16:09 [0m[33m[WARN] [0m# of splitters: 13
13:16:09 [0m[33m[WARN] [0m# of splitters: 19
13:16:09 [0m[33m[WARN] [0m# of splitters: 15
13:16:09 [0m[33m[WARN] [0m# of splitters: 14
13:16:09 [0m[33m[WARN] [0m# of splitters: 13
13:16:09 [0m[33m[WARN] [0m# of splitters: 19
13:16:09 [0m[33m[WARN] [0m# of splitters: 13
13:16:09 [0m[33m[WARN] [0m# of splitters: 18
13:16:09 [0m[33m[WARN] [0m# of splitters: 14
13:16:09 [0m[33m[WARN] [0m# of splitters: 13
13:16:09 [0m[33m[WARN] [0m# of splitters: 12
13:16:09 [0m[33m[WARN] [0m# of splitters: 18
13:16:09 [0m[33m[WARN] [0m# of splitters: 12
13:16:09 [0m[33m[WARN] [0m# of splitters: 17
13:16:09 [0m[33m[WARN] [0m# of splitters: 12
13:16:09 [0m[33m[WARN] [0m# of splitters: 16
13:16:09 [0m[33m[WARN] [0m# of splitters: 12
13:16:09 [0m[33m[WARN] [0m# of splitters: 15
13:16:09 [0m[33m[WARN] [0m# of splitters: 13
13:16:09 [0m[33m[WARN] [0m# of splitters: 12
13:16:09 [0m[33m[WARN] [0m# of splitters: 11
13:16:09 [0m[33m[WARN] [0m# of splitters: 17
13:16:09 [0m[33m[WARN] [0m# of splitters: 11
13:16:09 [0m[33m[WARN] [0m# of splitters: 16
13:16:09 [0m[33m[WARN] [0m# of splitters: 12
13:16:09 [0m[33m[WARN] [0m# of splitters: 11
13:16:09 [0m[33m[WARN] [0m# of splitters: 16
13:16:09 [0m[33m[WARN] [0m# of splitters: 11
13:16:09 [0m[33m[WARN] [0m# of splitters: 10
13:16:09 [0m[33m[WARN] [0m# of splitters: 15
13:16:09 [0m[33m[WARN] [0m# of splitters: 10
13:16:09 [0m[33m[WARN] [0m# of splitters: 14
13:16:09 [0m[33m[WARN] [0m# of splitters: 10
13:16:09 [0m[33m[WARN] [0m# of splitters: 13
13:16:09 [0m[33m[WARN] [0m# of splitters: 11
13:16:09 [0m[33m[WARN] [0m# of splitters: 10
13:16:09 [0m[33m[WARN] [0m# of splitters: 15
13:16:09 [0m[33m[WARN] [0m# of splitters: 10
13:16:09 [0m[33m[WARN] [0m# of splitters: 9
13:16:09 [0m[33m[WARN] [0m# of splitters: 14
13:16:09 [0m[33m[WARN] [0m# of splitters: 9
13:16:09 [0m[33m[WARN] [0m# of splitters: 13
13:16:09 [0m[33m[WARN] [0m# of splitters: 9
13:16:09 [0m[33m[WARN] [0m# of splitters: 12
13:16:09 [0m[33m[WARN] [0m# of splitters: 10
13:16:09 [0m[33m[WARN] [0m# of splitters: 9
13:16:09 [0m[33m[WARN] [0m# of splitters: 14
13:16:09 [0m[33m[WARN] [0m# of splitters: 10
13:16:09 [0m[33m[WARN] [0m# of splitters: 9
13:16:09 [0m[33m[WARN] [0m# of splitters: 13
13:16:09 [0m[33m[WARN] [0m# of splitters: 9
13:16:09 [0m[33m[WARN] [0m# of splitters: 12
13:16:09 [0m[33m[WARN] [0m# of splitters: 9
proved: (height (mirror ?ts_ph_Tree_0)) => (height ?ts_ph_Tree_0)
proved: (height ?ts_ph_Tree_0) => (height (mirror ?ts_ph_Tree_0))
13:16:09 [0m[33m[WARN] [0mFound all lemmas
done in 722659
