Collecting statistics
(-2 Z ?y) => Z
(-2 (S ?z) Z) => (S ?z)
(S ?z) => (-2 (S ?z) Z)
(-2 (S ?z) (S ?x2)) => (-2 ?z ?x2)
(-2 ?z ?x2) => (-2 (S ?z) (S ?x2))
(+2 Z ?y) => ?y
(+2 (S ?z) ?y) => (S (+2 ?z ?y))
(S (+2 ?z ?y)) => (+2 (S ?z) ?y)
(-2 ?autovar6 Z) => (potential_split ?autovar6 Z (S (param_Nat_0 ?autovar6))) if Cond(var: ?autovar6, pat: Z) Cond(var: ?autovar6, pat: (S ?param_0))
(-2 ?autovar6 (S ?autovar3)) => (potential_split ?autovar6 Z (S (param_Nat_0 ?autovar6))) if Cond(var: ?autovar6, pat: Z) Cond(var: ?autovar6, pat: (S ?param_0))
(-2 (S ?autovar4) ?autovar7) => (potential_split ?autovar7 Z (S (param_Nat_0 ?autovar7))) if Cond(var: ?autovar7, pat: Z) Cond(var: ?autovar7, pat: (S ?param_0))
(-2 (S ?autovar5) ?autovar7) => (potential_split ?autovar7 Z (S (param_Nat_0 ?autovar7))) if Cond(var: ?autovar7, pat: Z) Cond(var: ?autovar7, pat: (S ?param_0))
 ex is: Z
 ex is: (S Z)
 ex is: (S (S Z))
 ex is: Z
 ex is: (S Z)
 ex is: (S (S Z))
Running TheSy on datatypes: Nat dict: -2 +2 Z S
13:04:03 [0m[33m[WARN] [0m# of splitters: 1
Starting depth 1
13:04:03 [0m[33m[WARN] [0m# of splitters: 2
13:04:03 [0m[33m[WARN] [0m# of splitters: 1
13:04:03 [0m[33m[WARN] [0m# of splitters: 1
13:04:03 [0m[33m[WARN] [0m# of splitters: 1
13:04:03 [0m[33m[WARN] [0mproved: (-2 ?ts_ph_Nat_0 Z) => ?ts_ph_Nat_0
13:04:03 [0m[33m[WARN] [0m# of splitters: 1
13:04:03 [0m[33m[WARN] [0m# of splitters: 1
13:04:03 [0m[33m[WARN] [0m# of splitters: 1
13:04:03 [0m[33m[WARN] [0mproved: (-2 ?ts_ph_Nat_0 Z) => (+2 ?ts_ph_Nat_0 Z)
13:04:03 [0m[33m[WARN] [0mproved: (+2 ?ts_ph_Nat_0 Z) => (-2 ?ts_ph_Nat_0 Z)
13:04:03 [0m[33m[WARN] [0m# of splitters: 3
13:04:03 [0m[33m[WARN] [0m# of splitters: 3
13:04:03 [0m[33m[WARN] [0m# of splitters: 2
13:04:03 [0m[33m[WARN] [0m# of splitters: 1
13:04:03 [0m[33m[WARN] [0m# of splitters: 1
13:04:03 [0m[33m[WARN] [0m# of splitters: 3
13:04:03 [0m[33m[WARN] [0m# of splitters: 2
13:04:03 [0m[33m[WARN] [0m# of splitters: 2
13:04:03 [0m[33m[WARN] [0m# of splitters: 1
13:04:03 [0m[33m[WARN] [0m# of splitters: 1
13:04:03 [0m[33m[WARN] [0m# of splitters: 1
13:04:03 [0m[33m[WARN] [0m# of splitters: 2
13:04:03 [0m[33m[WARN] [0m# of splitters: 1
13:04:03 [0m[33m[WARN] [0m# of splitters: 1
13:04:03 [0m[33m[WARN] [0m# of splitters: 2
13:04:03 [0m[33m[WARN] [0m# of splitters: 1
13:04:03 [0m[33m[WARN] [0m# of splitters: 1
13:04:03 [0m[33m[WARN] [0m# of splitters: 1
13:04:03 [0m[33m[WARN] [0m# of splitters: 7
13:04:03 [0m[33m[WARN] [0m# of splitters: 8
13:04:03 [0m[33m[WARN] [0m# of splitters: 6
13:04:03 [0m[33m[WARN] [0m# of splitters: 9
13:04:03 [0m[33m[WARN] [0m# of splitters: 6
13:04:03 [0m[33m[WARN] [0m# of splitters: 8
13:04:03 [0m[33m[WARN] [0m# of splitters: 3
13:04:03 [0m[33m[WARN] [0m# of splitters: 8
13:04:04 [0m[33m[WARN] [0m# of splitters: 9
13:04:04 [0m[33m[WARN] [0m# of splitters: 9
13:04:04 [0m[33m[WARN] [0m# of splitters: 8
13:04:04 [0m[33m[WARN] [0m# of splitters: 8
13:04:04 [0m[33m[WARN] [0m# of splitters: 5
13:04:04 [0m[33m[WARN] [0m# of splitters: 7
13:04:04 [0m[33m[WARN] [0m# of splitters: 6
13:04:04 [0m[33m[WARN] [0m# of splitters: 6
13:04:04 [0m[33m[WARN] [0m# of splitters: 5
13:04:04 [0m[33m[WARN] [0m# of splitters: 5
13:04:04 [0m[33m[WARN] [0m# of splitters: 4
13:04:04 [0m[33m[WARN] [0m# of splitters: 4
13:04:04 [0m[33m[WARN] [0m# of splitters: 3
13:04:04 [0m[33m[WARN] [0m# of splitters: 3
13:04:04 [0m[33m[WARN] [0m# of splitters: 7
13:04:04 [0m[33m[WARN] [0m# of splitters: 5
13:04:05 [0m[33m[WARN] [0m# of splitters: 9
13:04:05 [0m[33m[WARN] [0m# of splitters: 4
13:04:05 [0m[33m[WARN] [0m# of splitters: 7
13:04:05 [0m[33m[WARN] [0m# of splitters: 4
13:04:05 [0m[33m[WARN] [0m# of splitters: 6
13:04:05 [0m[33m[WARN] [0m# of splitters: 7
13:04:05 [0m[33m[WARN] [0m# of splitters: 8
13:04:05 [0m[33m[WARN] [0m# of splitters: 9
13:04:05 [0m[33m[WARN] [0m# of splitters: 7
13:04:05 [0m[33m[WARN] [0m# of splitters: 7
13:04:05 [0m[33m[WARN] [0m# of splitters: 6
13:04:05 [0m[33m[WARN] [0m# of splitters: 6
13:04:05 [0m[33m[WARN] [0m# of splitters: 5
13:04:05 [0m[33m[WARN] [0m# of splitters: 5
13:04:05 [0m[33m[WARN] [0m# of splitters: 6
13:04:05 [0m[33m[WARN] [0m# of splitters: 5
13:04:06 [0m[33m[WARN] [0m# of splitters: 8
13:04:06 [0m[33m[WARN] [0m# of splitters: 4
13:04:06 [0m[33m[WARN] [0m# of splitters: 6
13:04:06 [0m[33m[WARN] [0m# of splitters: 4
13:04:06 [0m[33m[WARN] [0m# of splitters: 5
13:04:06 [0m[33m[WARN] [0m# of splitters: 3
13:04:06 [0m[33m[WARN] [0m# of splitters: 4
13:04:06 [0m[33m[WARN] [0m# of splitters: 2
13:04:06 [0m[33m[WARN] [0m# of splitters: 3
13:04:06 [0m[33m[WARN] [0m# of splitters: 6
13:04:06 [0m[33m[WARN] [0m# of splitters: 7
13:04:06 [0m[33m[WARN] [0m# of splitters: 8
13:04:06 [0m[33m[WARN] [0m# of splitters: 6
13:04:06 [0m[33m[WARN] [0m# of splitters: 6
13:04:06 [0m[33m[WARN] [0m# of splitters: 5
13:04:06 [0m[33m[WARN] [0m# of splitters: 5
13:04:06 [0m[33m[WARN] [0m# of splitters: 4
13:04:06 [0m[33m[WARN] [0m# of splitters: 4
13:04:06 [0m[33m[WARN] [0m# of splitters: 5
13:04:06 [0m[33m[WARN] [0m# of splitters: 4
13:04:06 [0m[33m[WARN] [0m# of splitters: 6
13:04:06 [0m[33m[WARN] [0m# of splitters: 4
13:04:06 [0m[33m[WARN] [0m# of splitters: 5
13:04:06 [0m[33m[WARN] [0m# of splitters: 3
13:04:06 [0m[33m[WARN] [0m# of splitters: 4
13:04:06 [0m[33m[WARN] [0m# of splitters: 2
13:04:06 [0m[33m[WARN] [0m# of splitters: 3
13:04:06 [0m[33m[WARN] [0m# of splitters: 6
13:04:06 [0m[33m[WARN] [0m# of splitters: 7
13:04:06 [0m[33m[WARN] [0m# of splitters: 7
13:04:06 [0m[33m[WARN] [0m# of splitters: 6
13:04:07 [0m[33m[WARN] [0m# of splitters: 7
13:04:07 [0m[33m[WARN] [0m# of splitters: 4
13:04:07 [0m[33m[WARN] [0m# of splitters: 3
13:04:07 [0m[33m[WARN] [0m# of splitters: 5
13:04:07 [0m[33m[WARN] [0m# of splitters: 2
13:04:07 [0m[33m[WARN] [0m# of splitters: 4
13:04:07 [0m[33m[WARN] [0m# of splitters: 4
13:04:07 [0m[33m[WARN] [0m# of splitters: 5
13:04:07 [0m[33m[WARN] [0m# of splitters: 5
13:04:07 [0m[33m[WARN] [0m# of splitters: 3
13:04:07 [0m[33m[WARN] [0m# of splitters: 3
13:04:07 [0m[33m[WARN] [0m# of splitters: 4
13:04:07 [0m[33m[WARN] [0m# of splitters: 2
13:04:07 [0m[33m[WARN] [0m# of splitters: 4
13:04:07 [0m[33m[WARN] [0m# of splitters: 3
13:04:07 [0m[33m[WARN] [0m# of splitters: 5
13:04:07 [0m[33m[WARN] [0m# of splitters: 5
13:04:07 [0m[33m[WARN] [0m# of splitters: 2
13:04:07 [0m[33m[WARN] [0m# of splitters: 2
13:04:07 [0m[33m[WARN] [0m# of splitters: 3
13:04:07 [0m[33m[WARN] [0m# of splitters: 3
13:04:07 [0m[33m[WARN] [0m# of splitters: 2
13:04:07 [0m[33m[WARN] [0m# of splitters: 2
13:04:07 [0m[33m[WARN] [0m# of splitters: 1
13:04:07 [0m[33m[WARN] [0m# of splitters: 1
13:04:07 [0m[33m[WARN] [0m# of splitters: 2
13:04:07 [0m[33m[WARN] [0m# of splitters: 1
13:04:07 [0m[33m[WARN] [0m# of splitters: 1
13:04:07 [0m[33m[WARN] [0m# of splitters: 1
13:04:07 [0m[33m[WARN] [0m# of splitters: 1
13:04:07 [0m[33m[WARN] [0m# of splitters: 1
13:04:07 [0m[33m[WARN] [0m# of splitters: 1
13:04:07 [0m[33m[WARN] [0m# of splitters: 2
13:04:07 [0m[33m[WARN] [0m# of splitters: 2
13:04:07 [0m[33m[WARN] [0m# of splitters: 2
13:04:07 [0m[33m[WARN] [0m# of splitters: 1
13:04:07 [0m[33m[WARN] [0m# of splitters: 1
13:04:07 [0m[33m[WARN] [0mproved: (-2 ?ts_ph_Nat_0 ?ts_ph_Nat_0) => Z
13:04:07 [0m[33m[WARN] [0m# of splitters: 3
13:04:07 [0m[33m[WARN] [0m# of splitters: 3
13:04:07 [0m[33m[WARN] [0m# of splitters: 2
13:04:07 [0m[33m[WARN] [0m# of splitters: 1
13:04:07 [0m[33m[WARN] [0m# of splitters: 1
13:04:07 [0m[33m[WARN] [0m# of splitters: 3
13:04:07 [0m[33m[WARN] [0m# of splitters: 2
13:04:07 [0m[33m[WARN] [0m# of splitters: 2
13:04:07 [0m[33m[WARN] [0m# of splitters: 1
13:04:07 [0m[33m[WARN] [0m# of splitters: 1
13:04:07 [0m[33m[WARN] [0m# of splitters: 1
13:04:07 [0m[33m[WARN] [0m# of splitters: 2
13:04:07 [0m[33m[WARN] [0m# of splitters: 1
13:04:07 [0m[33m[WARN] [0m# of splitters: 1
13:04:07 [0m[33m[WARN] [0m# of splitters: 2
13:04:07 [0m[33m[WARN] [0m# of splitters: 1
13:04:07 [0m[33m[WARN] [0m# of splitters: 1
13:04:07 [0m[33m[WARN] [0m# of splitters: 1
13:04:07 [0m[33m[WARN] [0m# of splitters: 7
13:04:07 [0m[33m[WARN] [0m# of splitters: 8
13:04:07 [0m[33m[WARN] [0m# of splitters: 6
13:04:07 [0m[33m[WARN] [0m# of splitters: 9
13:04:07 [0m[33m[WARN] [0m# of splitters: 6
13:04:08 [0m[33m[WARN] [0m# of splitters: 8
13:04:08 [0m[33m[WARN] [0m# of splitters: 3
13:04:08 [0m[33m[WARN] [0m# of splitters: 8
13:04:08 [0m[33m[WARN] [0m# of splitters: 9
13:04:08 [0m[33m[WARN] [0m# of splitters: 9
13:04:08 [0m[33m[WARN] [0m# of splitters: 8
13:04:08 [0m[33m[WARN] [0m# of splitters: 8
13:04:08 [0m[33m[WARN] [0m# of splitters: 5
13:04:08 [0m[33m[WARN] [0m# of splitters: 7
13:04:08 [0m[33m[WARN] [0m# of splitters: 6
13:04:08 [0m[33m[WARN] [0m# of splitters: 6
13:04:09 [0m[33m[WARN] [0m# of splitters: 5
13:04:09 [0m[33m[WARN] [0m# of splitters: 5
13:04:09 [0m[33m[WARN] [0m# of splitters: 4
13:04:09 [0m[33m[WARN] [0m# of splitters: 4
13:04:09 [0m[33m[WARN] [0m# of splitters: 3
13:04:09 [0m[33m[WARN] [0m# of splitters: 3
13:04:09 [0m[33m[WARN] [0m# of splitters: 2
13:04:09 [0m[33m[WARN] [0m# of splitters: 3
13:04:09 [0m[33m[WARN] [0m# of splitters: 7
13:04:09 [0m[33m[WARN] [0m# of splitters: 6
13:04:09 [0m[33m[WARN] [0m# of splitters: 8
13:04:09 [0m[33m[WARN] [0m# of splitters: 5
13:04:09 [0m[33m[WARN] [0m# of splitters: 8
13:04:09 [0m[33m[WARN] [0m# of splitters: 4
13:04:09 [0m[33m[WARN] [0m# of splitters: 6
13:04:09 [0m[33m[WARN] [0m# of splitters: 3
13:04:09 [0m[33m[WARN] [0m# of splitters: 5
13:04:09 [0m[33m[WARN] [0m# of splitters: 7
13:04:09 [0m[33m[WARN] [0m# of splitters: 8
13:04:09 [0m[33m[WARN] [0m# of splitters: 8
13:04:10 [0m[33m[WARN] [0m# of splitters: 7
13:04:10 [0m[33m[WARN] [0m# of splitters: 8
13:04:10 [0m[33m[WARN] [0m# of splitters: 6
13:04:10 [0m[33m[WARN] [0m# of splitters: 6
13:04:10 [0m[33m[WARN] [0m# of splitters: 5
13:04:10 [0m[33m[WARN] [0m# of splitters: 5
13:04:10 [0m[33m[WARN] [0m# of splitters: 4
13:04:10 [0m[33m[WARN] [0m# of splitters: 4
13:04:10 [0m[33m[WARN] [0m# of splitters: 3
13:04:10 [0m[33m[WARN] [0m# of splitters: 3
13:04:10 [0m[33m[WARN] [0m# of splitters: 6
13:04:10 [0m[33m[WARN] [0m# of splitters: 5
13:04:10 [0m[33m[WARN] [0m# of splitters: 8
13:04:10 [0m[33m[WARN] [0m# of splitters: 4
13:04:10 [0m[33m[WARN] [0m# of splitters: 6
13:04:10 [0m[33m[WARN] [0m# of splitters: 4
13:04:10 [0m[33m[WARN] [0m# of splitters: 5
13:04:10 [0m[33m[WARN] [0m# of splitters: 3
13:04:10 [0m[33m[WARN] [0m# of splitters: 4
13:04:10 [0m[33m[WARN] [0m# of splitters: 2
13:04:10 [0m[33m[WARN] [0m# of splitters: 4
13:04:10 [0m[33m[WARN] [0m# of splitters: 6
13:04:10 [0m[33m[WARN] [0m# of splitters: 7
13:04:10 [0m[33m[WARN] [0m# of splitters: 8
13:04:10 [0m[33m[WARN] [0m# of splitters: 6
13:04:10 [0m[33m[WARN] [0m# of splitters: 6
13:04:10 [0m[33m[WARN] [0m# of splitters: 5
13:04:10 [0m[33m[WARN] [0m# of splitters: 5
13:04:10 [0m[33m[WARN] [0m# of splitters: 5
13:04:10 [0m[33m[WARN] [0m# of splitters: 4
13:04:11 [0m[33m[WARN] [0m# of splitters: 6
13:04:11 [0m[33m[WARN] [0m# of splitters: 3
13:04:11 [0m[33m[WARN] [0m# of splitters: 5
13:04:11 [0m[33m[WARN] [0m# of splitters: 2
13:04:11 [0m[33m[WARN] [0m# of splitters: 4
13:04:11 [0m[33m[WARN] [0m# of splitters: 6
13:04:11 [0m[33m[WARN] [0m# of splitters: 7
13:04:11 [0m[33m[WARN] [0m# of splitters: 7
13:04:11 [0m[33m[WARN] [0m# of splitters: 6
13:04:11 [0m[33m[WARN] [0m# of splitters: 7
13:04:11 [0m[33m[WARN] [0m# of splitters: 5
13:04:11 [0m[33m[WARN] [0m# of splitters: 5
13:04:11 [0m[33m[WARN] [0m# of splitters: 4
13:04:11 [0m[33m[WARN] [0m# of splitters: 5
13:04:11 [0m[33m[WARN] [0m# of splitters: 4
13:04:11 [0m[33m[WARN] [0m# of splitters: 3
13:04:11 [0m[33m[WARN] [0m# of splitters: 5
13:04:11 [0m[33m[WARN] [0m# of splitters: 2
13:04:11 [0m[33m[WARN] [0m# of splitters: 4
13:04:11 [0m[33m[WARN] [0m# of splitters: 4
13:04:11 [0m[33m[WARN] [0m# of splitters: 5
13:04:11 [0m[33m[WARN] [0m# of splitters: 5
13:04:11 [0m[33m[WARN] [0m# of splitters: 3
13:04:11 [0m[33m[WARN] [0m# of splitters: 3
13:04:11 [0m[33m[WARN] [0m# of splitters: 4
13:04:11 [0m[33m[WARN] [0m# of splitters: 2
13:04:11 [0m[33m[WARN] [0m# of splitters: 4
13:04:11 [0m[33m[WARN] [0m# of splitters: 3
13:04:11 [0m[33m[WARN] [0m# of splitters: 5
13:04:11 [0m[33m[WARN] [0m# of splitters: 5
13:04:11 [0m[33m[WARN] [0m# of splitters: 2
13:04:11 [0m[33m[WARN] [0m# of splitters: 3
13:04:11 [0m[33m[WARN] [0m# of splitters: 4
13:04:12 [0m[33m[WARN] [0m# of splitters: 4
13:04:12 [0m[33m[WARN] [0m# of splitters: 2
13:04:12 [0m[33m[WARN] [0m# of splitters: 2
13:04:12 [0m[33m[WARN] [0m# of splitters: 1
13:04:12 [0m[33m[WARN] [0m# of splitters: 1
13:04:12 [0m[33m[WARN] [0m# of splitters: 2
13:04:12 [0m[33m[WARN] [0m# of splitters: 1
13:04:12 [0m[33m[WARN] [0m# of splitters: 1
13:04:12 [0m[33m[WARN] [0m# of splitters: 1
13:04:12 [0m[33m[WARN] [0m# of splitters: 1
13:04:12 [0m[33m[WARN] [0m# of splitters: 1
13:04:12 [0m[33m[WARN] [0m# of splitters: 1
13:04:12 [0m[33m[WARN] [0m# of splitters: 7
13:04:12 [0m[33m[WARN] [0m# of splitters: 5
13:04:12 [0m[33m[WARN] [0m# of splitters: 3
13:04:12 [0m[33m[WARN] [0m# of splitters: 6
13:04:12 [0m[33m[WARN] [0m# of splitters: 3
13:04:12 [0m[33m[WARN] [0m# of splitters: 5
13:04:12 [0m[33m[WARN] [0m# of splitters: 2
13:04:12 [0m[33m[WARN] [0m# of splitters: 4
13:04:12 [0m[33m[WARN] [0m# of splitters: 2
13:04:12 [0m[33m[WARN] [0m# of splitters: 3
13:04:12 [0m[33m[WARN] [0m# of splitters: 1
13:04:12 [0m[33m[WARN] [0m# of splitters: 2
13:04:12 [0m[33m[WARN] [0m# of splitters: 8
13:04:12 [0m[33m[WARN] [0m# of splitters: 6
13:04:12 [0m[33m[WARN] [0m# of splitters: 10
13:04:12 [0m[33m[WARN] [0m# of splitters: 8
13:04:12 [0m[33m[WARN] [0m# of splitters: 8
13:04:12 [0m[33m[WARN] [0m# of splitters: 7
13:04:12 [0m[33m[WARN] [0m# of splitters: 7
13:04:12 [0m[33m[WARN] [0m# of splitters: 6
13:04:12 [0m[33m[WARN] [0m# of splitters: 6
13:04:12 [0m[33m[WARN] [0m# of splitters: 5
13:04:12 [0m[33m[WARN] [0m# of splitters: 5
13:04:12 [0m[33m[WARN] [0m# of splitters: 4
13:04:12 [0m[33m[WARN] [0m# of splitters: 4
13:04:12 [0m[33m[WARN] [0m# of splitters: 3
13:04:12 [0m[33m[WARN] [0m# of splitters: 3
13:04:12 [0m[33m[WARN] [0m# of splitters: 2
13:04:12 [0m[33m[WARN] [0m# of splitters: 3
13:04:12 [0m[33m[WARN] [0m# of splitters: 4
13:04:12 [0m[33m[WARN] [0m# of splitters: 3
13:04:12 [0m[33m[WARN] [0m# of splitters: 5
13:04:13 [0m[33m[WARN] [0m# of splitters: 2
13:04:13 [0m[33m[WARN] [0m# of splitters: 4
13:04:13 [0m[33m[WARN] [0m# of splitters: 1
13:04:13 [0m[33m[WARN] [0m# of splitters: 3
13:04:13 [0m[33m[WARN] [0m# of splitters: 8
13:04:13 [0m[33m[WARN] [0m# of splitters: 8
13:04:13 [0m[33m[WARN] [0m# of splitters: 7
13:04:13 [0m[33m[WARN] [0m# of splitters: 7
13:04:13 [0m[33m[WARN] [0m# of splitters: 4
13:04:13 [0m[33m[WARN] [0m# of splitters: 7
13:04:13 [0m[33m[WARN] [0m# of splitters: 5
13:04:13 [0m[33m[WARN] [0m# of splitters: 5
13:04:13 [0m[33m[WARN] [0m# of splitters: 4
13:04:13 [0m[33m[WARN] [0m# of splitters: 4
13:04:13 [0m[33m[WARN] [0m# of splitters: 3
13:04:13 [0m[33m[WARN] [0m# of splitters: 3
13:04:13 [0m[33m[WARN] [0m# of splitters: 3
13:04:13 [0m[33m[WARN] [0m# of splitters: 3
13:04:13 [0m[33m[WARN] [0m# of splitters: 6
13:04:13 [0m[33m[WARN] [0m# of splitters: 5
13:04:13 [0m[33m[WARN] [0m# of splitters: 7
13:04:13 [0m[33m[WARN] [0m# of splitters: 4
13:04:13 [0m[33m[WARN] [0m# of splitters: 6
13:04:13 [0m[33m[WARN] [0m# of splitters: 4
13:04:13 [0m[33m[WARN] [0m# of splitters: 5
13:04:13 [0m[33m[WARN] [0m# of splitters: 3
13:04:13 [0m[33m[WARN] [0m# of splitters: 4
13:04:13 [0m[33m[WARN] [0m# of splitters: 2
13:04:13 [0m[33m[WARN] [0m# of splitters: 3
13:04:13 [0m[33m[WARN] [0m# of splitters: 2
13:04:13 [0m[33m[WARN] [0m# of splitters: 3
13:04:13 [0m[33m[WARN] [0m# of splitters: 6
13:04:13 [0m[33m[WARN] [0m# of splitters: 7
13:04:13 [0m[33m[WARN] [0m# of splitters: 7
13:04:13 [0m[33m[WARN] [0m# of splitters: 6
13:04:14 [0m[33m[WARN] [0m# of splitters: 6
13:04:14 [0m[33m[WARN] [0m# of splitters: 5
13:04:14 [0m[33m[WARN] [0m# of splitters: 5
13:04:14 [0m[33m[WARN] [0m# of splitters: 4
13:04:14 [0m[33m[WARN] [0m# of splitters: 4
13:04:14 [0m[33m[WARN] [0m# of splitters: 3
13:04:14 [0m[33m[WARN] [0m# of splitters: 3
13:04:14 [0m[33m[WARN] [0m# of splitters: 5
13:04:14 [0m[33m[WARN] [0m# of splitters: 4
13:04:14 [0m[33m[WARN] [0m# of splitters: 6
13:04:14 [0m[33m[WARN] [0m# of splitters: 3
13:04:14 [0m[33m[WARN] [0m# of splitters: 5
13:04:14 [0m[33m[WARN] [0m# of splitters: 2
13:04:14 [0m[33m[WARN] [0m# of splitters: 4
13:04:14 [0m[33m[WARN] [0m# of splitters: 5
13:04:14 [0m[33m[WARN] [0m# of splitters: 6
13:04:14 [0m[33m[WARN] [0m# of splitters: 6
13:04:14 [0m[33m[WARN] [0m# of splitters: 4
13:04:14 [0m[33m[WARN] [0m# of splitters: 3
13:04:14 [0m[33m[WARN] [0m# of splitters: 5
13:04:14 [0m[33m[WARN] [0m# of splitters: 2
13:04:14 [0m[33m[WARN] [0m# of splitters: 4
13:04:14 [0m[33m[WARN] [0m# of splitters: 4
13:04:14 [0m[33m[WARN] [0m# of splitters: 5
13:04:14 [0m[33m[WARN] [0m# of splitters: 5
13:04:14 [0m[33m[WARN] [0m# of splitters: 3
13:04:14 [0m[33m[WARN] [0m# of splitters: 3
13:04:14 [0m[33m[WARN] [0m# of splitters: 5
13:04:14 [0m[33m[WARN] [0m# of splitters: 3
13:04:14 [0m[33m[WARN] [0m# of splitters: 5
13:04:14 [0m[33m[WARN] [0m# of splitters: 5
13:04:14 [0m[33m[WARN] [0m# of splitters: 2
13:04:14 [0m[33m[WARN] [0m# of splitters: 3
13:04:14 [0m[33m[WARN] [0m# of splitters: 2
13:04:14 [0m[33m[WARN] [0m# of splitters: 2
13:04:14 [0m[33m[WARN] [0m# of splitters: 2
13:04:14 [0m[33m[WARN] [0m# of splitters: 1
13:04:14 [0m[33m[WARN] [0m# of splitters: 1
13:04:14 [0m[33m[WARN] [0m# of splitters: 2
13:04:14 [0m[33m[WARN] [0m# of splitters: 2
13:04:14 [0m[33m[WARN] [0m# of splitters: 2
13:04:14 [0m[33m[WARN] [0m# of splitters: 1
13:04:14 [0m[33m[WARN] [0m# of splitters: 1
Starting depth 2
13:04:14 [0m[33m[WARN] [0m# of splitters: 96
13:04:14 [0m[33m[WARN] [0m# of splitters: 76
13:04:15 [0m[33m[WARN] [0m# of splitters: 146
13:04:17 [0m[33m[WARN] [0m# of splitters: 38
13:04:17 [0m[33m[WARN] [0m# of splitters: 147
13:04:18 [0m[33m[WARN] [0m# of splitters: 133
13:04:18 [0m[33m[WARN] [0m# of splitters: 133
13:04:19 [0m[33m[WARN] [0m# of splitters: 132
13:04:20 [0m[33m[WARN] [0m# of splitters: 132
13:04:20 [0m[33m[WARN] [0m# of splitters: 125
13:04:21 [0m[33m[WARN] [0m# of splitters: 131
13:04:22 [0m[33m[WARN] [0m# of splitters: 147
13:04:24 [0m[33m[WARN] [0m# of splitters: 110
13:04:25 [0m[33m[WARN] [0m# of splitters: 126
13:04:25 [0m[33m[WARN] [0m# of splitters: 129
13:04:26 [0m[33m[WARN] [0m# of splitters: 122
13:04:27 [0m[33m[WARN] [0m# of splitters: 128
13:04:27 [0m[33m[WARN] [0m# of splitters: 101
13:04:28 [0m[33m[WARN] [0m# of splitters: 124
13:04:29 [0m[33m[WARN] [0m# of splitters: 120
13:04:30 [0m[33m[WARN] [0m# of splitters: 126
13:04:30 [0m[33m[WARN] [0m# of splitters: 115
13:04:31 [0m[33m[WARN] [0m# of splitters: 122
13:04:31 [0m[33m[WARN] [0m# of splitters: 121
13:04:31 [0m[33m[WARN] [0m# of splitters: 124
13:04:31 [0m[33m[WARN] [0m# of splitters: 117
13:04:32 [0m[33m[WARN] [0m# of splitters: 123
13:04:32 [0m[33m[WARN] [0m# of splitters: 116
13:04:33 [0m[33m[WARN] [0m# of splitters: 122
13:04:33 [0m[33m[WARN] [0m# of splitters: 12
13:04:33 [0m[33m[WARN] [0m# of splitters: 121
13:04:33 [0m[33m[WARN] [0m# of splitters: 12
13:04:33 [0m[33m[WARN] [0m# of splitters: 120
13:04:34 [0m[33m[WARN] [0m# of splitters: 12
13:04:34 [0m[33m[WARN] [0m# of splitters: 117
13:04:35 [0m[33m[WARN] [0m# of splitters: 118
13:04:35 [0m[33m[WARN] [0m# of splitters: 118
13:04:36 [0m[33m[WARN] [0m# of splitters: 117
13:04:37 [0m[33m[WARN] [0m# of splitters: 117
13:04:37 [0m[33m[WARN] [0m# of splitters: 116
13:04:38 [0m[33m[WARN] [0m# of splitters: 116
13:04:38 [0m[33m[WARN] [0m# of splitters: 115
13:04:38 [0m[33m[WARN] [0m# of splitters: 115
13:04:38 [0m[33m[WARN] [0m# of splitters: 114
13:04:39 [0m[33m[WARN] [0m# of splitters: 114
13:04:39 [0m[33m[WARN] [0m# of splitters: 113
13:04:40 [0m[33m[WARN] [0m# of splitters: 113
13:04:40 [0m[33m[WARN] [0m# of splitters: 112
13:04:41 [0m[33m[WARN] [0m# of splitters: 112
13:04:41 [0m[33m[WARN] [0m# of splitters: 111
13:04:42 [0m[33m[WARN] [0m# of splitters: 111
13:04:42 [0m[33m[WARN] [0m# of splitters: 110
13:04:43 [0m[33m[WARN] [0m# of splitters: 110
13:04:43 [0m[33m[WARN] [0m# of splitters: 109
13:04:43 [0m[33m[WARN] [0m# of splitters: 109
13:04:43 [0m[33m[WARN] [0m# of splitters: 108
13:04:44 [0m[33m[WARN] [0m# of splitters: 108
13:04:45 [0m[33m[WARN] [0m# of splitters: 107
13:04:45 [0m[33m[WARN] [0m# of splitters: 107
13:04:45 [0m[33m[WARN] [0m# of splitters: 106
13:04:45 [0m[33m[WARN] [0m# of splitters: 106
13:04:45 [0m[33m[WARN] [0m# of splitters: 105
13:04:45 [0m[33m[WARN] [0m# of splitters: 105
13:04:45 [0m[33m[WARN] [0m# of splitters: 104
13:04:45 [0m[33m[WARN] [0m# of splitters: 104
13:04:45 [0m[33m[WARN] [0m# of splitters: 103
13:04:46 [0m[33m[WARN] [0m# of splitters: 103
13:04:46 [0m[33m[WARN] [0m# of splitters: 102
13:04:46 [0m[33m[WARN] [0m# of splitters: 102
13:04:46 [0m[33m[WARN] [0m# of splitters: 101
13:04:46 [0m[33m[WARN] [0m# of splitters: 101
13:04:46 [0m[33m[WARN] [0m# of splitters: 100
13:04:47 [0m[33m[WARN] [0m# of splitters: 100
13:04:47 [0m[33m[WARN] [0m# of splitters: 99
13:04:47 [0m[33m[WARN] [0m# of splitters: 99
13:04:47 [0m[33m[WARN] [0m# of splitters: 98
13:04:48 [0m[33m[WARN] [0m# of splitters: 98
13:04:48 [0m[33m[WARN] [0m# of splitters: 97
13:04:48 [0m[33m[WARN] [0m# of splitters: 97
13:04:48 [0m[33m[WARN] [0m# of splitters: 96
13:04:49 [0m[33m[WARN] [0m# of splitters: 96
13:04:49 [0m[33m[WARN] [0m# of splitters: 95
13:04:49 [0m[33m[WARN] [0m# of splitters: 95
13:04:49 [0m[33m[WARN] [0m# of splitters: 94
13:04:50 [0m[33m[WARN] [0m# of splitters: 94
13:04:50 [0m[33m[WARN] [0m# of splitters: 93
13:04:50 [0m[33m[WARN] [0m# of splitters: 93
13:04:50 [0m[33m[WARN] [0m# of splitters: 92
13:04:50 [0m[33m[WARN] [0m# of splitters: 92
13:04:50 [0m[33m[WARN] [0m# of splitters: 91
13:04:50 [0m[33m[WARN] [0m# of splitters: 91
13:04:50 [0m[33m[WARN] [0m# of splitters: 90
13:04:51 [0m[33m[WARN] [0m# of splitters: 90
13:04:51 [0m[33m[WARN] [0m# of splitters: 89
13:04:51 [0m[33m[WARN] [0m# of splitters: 89
13:04:51 [0m[33m[WARN] [0m# of splitters: 88
13:04:51 [0m[33m[WARN] [0m# of splitters: 88
13:04:51 [0m[33m[WARN] [0m# of splitters: 87
13:04:52 [0m[33m[WARN] [0m# of splitters: 87
13:04:52 [0m[33m[WARN] [0m# of splitters: 86
13:04:52 [0m[33m[WARN] [0m# of splitters: 86
13:04:52 [0m[33m[WARN] [0m# of splitters: 85
13:04:52 [0m[33m[WARN] [0m# of splitters: 85
13:04:52 [0m[33m[WARN] [0m# of splitters: 84
13:04:52 [0m[33m[WARN] [0m# of splitters: 84
13:04:52 [0m[33m[WARN] [0m# of splitters: 83
13:04:53 [0m[33m[WARN] [0m# of splitters: 83
13:04:53 [0m[33m[WARN] [0m# of splitters: 82
13:04:53 [0m[33m[WARN] [0m# of splitters: 82
13:04:53 [0m[33m[WARN] [0m# of splitters: 81
13:04:53 [0m[33m[WARN] [0m# of splitters: 81
13:04:53 [0m[33m[WARN] [0m# of splitters: 80
13:04:54 [0m[33m[WARN] [0m# of splitters: 80
13:04:54 [0m[33m[WARN] [0m# of splitters: 79
13:04:54 [0m[33m[WARN] [0m# of splitters: 79
13:04:54 [0m[33m[WARN] [0m# of splitters: 78
13:04:54 [0m[33m[WARN] [0m# of splitters: 78
13:04:54 [0m[33m[WARN] [0m# of splitters: 77
13:04:54 [0m[33m[WARN] [0m# of splitters: 77
13:04:54 [0m[33m[WARN] [0m# of splitters: 76
13:04:55 [0m[33m[WARN] [0m# of splitters: 76
13:04:55 [0m[33m[WARN] [0m# of splitters: 75
13:04:55 [0m[33m[WARN] [0m# of splitters: 75
13:04:55 [0m[33m[WARN] [0m# of splitters: 74
13:04:55 [0m[33m[WARN] [0m# of splitters: 74
13:04:55 [0m[33m[WARN] [0m# of splitters: 73
13:04:55 [0m[33m[WARN] [0m# of splitters: 73
13:04:55 [0m[33m[WARN] [0m# of splitters: 72
13:04:56 [0m[33m[WARN] [0m# of splitters: 72
13:04:56 [0m[33m[WARN] [0m# of splitters: 71
13:04:56 [0m[33m[WARN] [0m# of splitters: 71
13:04:56 [0m[33m[WARN] [0m# of splitters: 70
13:04:56 [0m[33m[WARN] [0m# of splitters: 70
13:04:56 [0m[33m[WARN] [0m# of splitters: 69
13:04:57 [0m[33m[WARN] [0m# of splitters: 69
13:04:57 [0m[33m[WARN] [0m# of splitters: 68
13:04:57 [0m[33m[WARN] [0m# of splitters: 68
13:04:57 [0m[33m[WARN] [0m# of splitters: 67
13:04:57 [0m[33m[WARN] [0m# of splitters: 67
13:04:57 [0m[33m[WARN] [0m# of splitters: 66
13:04:57 [0m[33m[WARN] [0m# of splitters: 66
13:04:57 [0m[33m[WARN] [0m# of splitters: 65
13:04:58 [0m[33m[WARN] [0m# of splitters: 65
13:04:58 [0m[33m[WARN] [0m# of splitters: 64
13:04:58 [0m[33m[WARN] [0m# of splitters: 64
13:04:58 [0m[33m[WARN] [0m# of splitters: 63
13:04:58 [0m[33m[WARN] [0m# of splitters: 63
13:04:58 [0m[33m[WARN] [0m# of splitters: 62
13:04:58 [0m[33m[WARN] [0m# of splitters: 62
13:04:58 [0m[33m[WARN] [0m# of splitters: 2
13:04:58 [0m[33m[WARN] [0m# of splitters: 2
13:04:58 [0m[33m[WARN] [0m# of splitters: 2
13:04:58 [0m[33m[WARN] [0m# of splitters: 1
13:04:58 [0m[33m[WARN] [0m# of splitters: 1
13:04:58 [0m[33m[WARN] [0m# of splitters: 6
13:04:58 [0m[33m[WARN] [0m# of splitters: 5
13:04:59 [0m[33m[WARN] [0m# of splitters: 9
13:04:59 [0m[33m[WARN] [0m# of splitters: 4
13:04:59 [0m[33m[WARN] [0m# of splitters: 8
13:04:59 [0m[33m[WARN] [0m# of splitters: 6
13:04:59 [0m[33m[WARN] [0m# of splitters: 6
13:04:59 [0m[33m[WARN] [0m# of splitters: 5
13:04:59 [0m[33m[WARN] [0m# of splitters: 5
13:04:59 [0m[33m[WARN] [0m# of splitters: 4
13:04:59 [0m[33m[WARN] [0m# of splitters: 4
13:04:59 [0m[33m[WARN] [0m# of splitters: 3
13:04:59 [0m[33m[WARN] [0m# of splitters: 3
13:04:59 [0m[33m[WARN] [0mproved: (+2 ?ts_ph_Nat_0 (S ?ts_ph_Nat_1)) => (S (+2 ?ts_ph_Nat_0 ?ts_ph_Nat_1))
13:04:59 [0m[33m[WARN] [0mproved: (S (+2 ?ts_ph_Nat_0 ?ts_ph_Nat_1)) => (+2 ?ts_ph_Nat_0 (S ?ts_ph_Nat_1))
13:04:59 [0m[33m[WARN] [0m# of splitters: 3
13:04:59 [0m[33m[WARN] [0m# of splitters: 3
13:04:59 [0m[33m[WARN] [0m# of splitters: 2
13:04:59 [0m[33m[WARN] [0m# of splitters: 3
13:04:59 [0m[33m[WARN] [0m# of splitters: 2
13:04:59 [0m[33m[WARN] [0m# of splitters: 2
13:04:59 [0m[33m[WARN] [0m# of splitters: 1
13:04:59 [0m[33m[WARN] [0m# of splitters: 1
13:04:59 [0m[33m[WARN] [0m# of splitters: 1
13:04:59 [0m[33m[WARN] [0m# of splitters: 2
13:04:59 [0m[33m[WARN] [0m# of splitters: 1
13:04:59 [0m[33m[WARN] [0m# of splitters: 1
13:04:59 [0m[33m[WARN] [0m# of splitters: 2
13:04:59 [0m[33m[WARN] [0m# of splitters: 1
13:04:59 [0m[33m[WARN] [0m# of splitters: 1
13:04:59 [0m[33m[WARN] [0m# of splitters: 1
13:04:59 [0m[33m[WARN] [0m# of splitters: 9
13:04:59 [0m[33m[WARN] [0m# of splitters: 3
13:04:59 [0m[33m[WARN] [0m# of splitters: 8
13:04:59 [0m[33m[WARN] [0m# of splitters: 6
13:05:00 [0m[33m[WARN] [0m# of splitters: 10
13:05:00 [0m[33m[WARN] [0m# of splitters: 3
13:05:00 [0m[33m[WARN] [0m# of splitters: 8
13:05:00 [0m[33m[WARN] [0m# of splitters: 5
13:05:00 [0m[33m[WARN] [0m# of splitters: 6
13:05:00 [0m[33m[WARN] [0m# of splitters: 6
13:05:00 [0m[33m[WARN] [0m# of splitters: 6
13:05:00 [0m[33m[WARN] [0m# of splitters: 5
13:05:00 [0m[33m[WARN] [0m# of splitters: 5
13:05:00 [0m[33m[WARN] [0m# of splitters: 4
13:05:00 [0m[33m[WARN] [0m# of splitters: 4
13:05:00 [0m[33m[WARN] [0m# of splitters: 3
13:05:01 [0m[33m[WARN] [0m# of splitters: 3
13:05:01 [0m[33m[WARN] [0m# of splitters: 2
13:05:01 [0m[33m[WARN] [0m# of splitters: 3
13:05:01 [0m[33m[WARN] [0m# of splitters: 6
13:05:01 [0m[33m[WARN] [0m# of splitters: 4
13:05:01 [0m[33m[WARN] [0m# of splitters: 6
13:05:01 [0m[33m[WARN] [0m# of splitters: 3
13:05:01 [0m[33m[WARN] [0m# of splitters: 5
13:05:01 [0m[33m[WARN] [0m# of splitters: 2
13:05:01 [0m[33m[WARN] [0m# of splitters: 4
13:05:01 [0m[33m[WARN] [0m# of splitters: 2
13:05:01 [0m[33m[WARN] [0m# of splitters: 3
13:05:01 [0m[33m[WARN] [0m# of splitters: 1
13:05:01 [0m[33m[WARN] [0m# of splitters: 2
13:05:01 [0m[33m[WARN] [0m# of splitters: 1
13:05:01 [0m[33m[WARN] [0m# of splitters: 2
13:05:01 [0m[33m[WARN] [0m# of splitters: 9
13:05:01 [0m[33m[WARN] [0m# of splitters: 9
13:05:02 [0m[33m[WARN] [0m# of splitters: 8
13:05:02 [0m[33m[WARN] [0m# of splitters: 8
13:05:02 [0m[33m[WARN] [0m# of splitters: 5
13:05:02 [0m[33m[WARN] [0m# of splitters: 6
13:05:02 [0m[33m[WARN] [0m# of splitters: 4
13:05:02 [0m[33m[WARN] [0m# of splitters: 5
13:05:02 [0m[33m[WARN] [0m# of splitters: 2
13:05:02 [0m[33m[WARN] [0m# of splitters: 5
13:05:02 [0m[33m[WARN] [0m# of splitters: 4
13:05:02 [0m[33m[WARN] [0m# of splitters: 4
13:05:02 [0m[33m[WARN] [0m# of splitters: 1
13:05:02 [0m[33m[WARN] [0m# of splitters: 3
13:05:02 [0m[33m[WARN] [0m# of splitters: 3
13:05:02 [0m[33m[WARN] [0m# of splitters: 4
13:05:02 [0m[33m[WARN] [0m# of splitters: 3
13:05:02 [0m[33m[WARN] [0m# of splitters: 3
13:05:02 [0m[33m[WARN] [0m# of splitters: 3
13:05:03 [0m[33m[WARN] [0m# of splitters: 2
13:05:03 [0m[33m[WARN] [0m# of splitters: 1
13:05:03 [0m[33m[WARN] [0m# of splitters: 7
13:05:03 [0m[33m[WARN] [0m# of splitters: 6
13:05:03 [0m[33m[WARN] [0m# of splitters: 7
13:05:03 [0m[33m[WARN] [0m# of splitters: 7
13:05:03 [0m[33m[WARN] [0m# of splitters: 7
13:05:03 [0m[33m[WARN] [0m# of splitters: 6
13:05:03 [0m[33m[WARN] [0m# of splitters: 5
13:05:03 [0m[33m[WARN] [0m# of splitters: 5
13:05:03 [0m[33m[WARN] [0m# of splitters: 5
13:05:03 [0m[33m[WARN] [0m# of splitters: 4
13:05:04 [0m[33m[WARN] [0m# of splitters: 4
13:05:04 [0m[33m[WARN] [0m# of splitters: 3
13:05:04 [0m[33m[WARN] [0m# of splitters: 4
13:05:04 [0m[33m[WARN] [0m# of splitters: 6
13:05:04 [0m[33m[WARN] [0m# of splitters: 3
13:05:04 [0m[33m[WARN] [0m# of splitters: 6
13:05:04 [0m[33m[WARN] [0m# of splitters: 4
13:05:04 [0m[33m[WARN] [0m# of splitters: 6
13:05:04 [0m[33m[WARN] [0m# of splitters: 4
13:05:04 [0m[33m[WARN] [0m# of splitters: 5
13:05:04 [0m[33m[WARN] [0m# of splitters: 3
13:05:04 [0m[33m[WARN] [0m# of splitters: 4
13:05:04 [0m[33m[WARN] [0m# of splitters: 2
13:05:04 [0m[33m[WARN] [0m# of splitters: 3
13:05:04 [0m[33m[WARN] [0m# of splitters: 2
13:05:04 [0m[33m[WARN] [0m# of splitters: 3
13:05:04 [0m[33m[WARN] [0m# of splitters: 6
13:05:04 [0m[33m[WARN] [0m# of splitters: 5
13:05:04 [0m[33m[WARN] [0m# of splitters: 6
13:05:04 [0m[33m[WARN] [0m# of splitters: 6
13:05:04 [0m[33m[WARN] [0m# of splitters: 6
13:05:04 [0m[33m[WARN] [0m# of splitters: 5
13:05:05 [0m[33m[WARN] [0m# of splitters: 5
13:05:05 [0m[33m[WARN] [0m# of splitters: 4
13:05:05 [0m[33m[WARN] [0m# of splitters: 4
13:05:05 [0m[33m[WARN] [0m# of splitters: 3
13:05:05 [0m[33m[WARN] [0m# of splitters: 3
13:05:05 [0m[33m[WARN] [0m# of splitters: 2
13:05:05 [0m[33m[WARN] [0m# of splitters: 3
13:05:05 [0m[33m[WARN] [0m# of splitters: 3
13:05:05 [0m[33m[WARN] [0m# of splitters: 2
13:05:05 [0m[33m[WARN] [0m# of splitters: 4
13:05:05 [0m[33m[WARN] [0m# of splitters: 2
13:05:05 [0m[33m[WARN] [0m# of splitters: 3
13:05:05 [0m[33m[WARN] [0m# of splitters: 1
13:05:05 [0m[33m[WARN] [0m# of splitters: 2
13:05:05 [0m[33m[WARN] [0m# of splitters: 6
13:05:05 [0m[33m[WARN] [0m# of splitters: 7
13:05:05 [0m[33m[WARN] [0m# of splitters: 7
13:05:05 [0m[33m[WARN] [0m# of splitters: 6
13:05:05 [0m[33m[WARN] [0m# of splitters: 6
13:05:05 [0m[33m[WARN] [0m# of splitters: 4
13:05:05 [0m[33m[WARN] [0m# of splitters: 4
13:05:05 [0m[33m[WARN] [0m# of splitters: 4
13:05:06 [0m[33m[WARN] [0m# of splitters: 4
13:05:06 [0m[33m[WARN] [0m# of splitters: 3
13:05:06 [0m[33m[WARN] [0m# of splitters: 3
13:05:06 [0m[33m[WARN] [0m# of splitters: 4
13:05:06 [0m[33m[WARN] [0m# of splitters: 4
13:05:06 [0m[33m[WARN] [0m# of splitters: 5
13:05:06 [0m[33m[WARN] [0m# of splitters: 3
13:05:06 [0m[33m[WARN] [0m# of splitters: 4
13:05:06 [0m[33m[WARN] [0m# of splitters: 2
13:05:06 [0m[33m[WARN] [0m# of splitters: 3
13:05:06 [0m[33m[WARN] [0m# of splitters: 4
13:05:06 [0m[33m[WARN] [0m# of splitters: 5
13:05:06 [0m[33m[WARN] [0m# of splitters: 5
13:05:06 [0m[33m[WARN] [0m# of splitters: 3
13:05:06 [0m[33m[WARN] [0m# of splitters: 3
13:05:06 [0m[33m[WARN] [0m# of splitters: 4
13:05:06 [0m[33m[WARN] [0m# of splitters: 2
13:05:06 [0m[33m[WARN] [0m# of splitters: 4
13:05:06 [0m[33m[WARN] [0m# of splitters: 3
13:05:06 [0m[33m[WARN] [0m# of splitters: 5
13:05:06 [0m[33m[WARN] [0m# of splitters: 5
13:05:06 [0m[33m[WARN] [0m# of splitters: 3
13:05:06 [0m[33m[WARN] [0m# of splitters: 3
13:05:06 [0m[33m[WARN] [0m# of splitters: 4
13:05:06 [0m[33m[WARN] [0m# of splitters: 2
13:05:06 [0m[33m[WARN] [0m# of splitters: 4
13:05:06 [0m[33m[WARN] [0m# of splitters: 3
13:05:06 [0m[33m[WARN] [0m# of splitters: 5
13:05:06 [0m[33m[WARN] [0m# of splitters: 5
13:05:06 [0m[33m[WARN] [0m# of splitters: 2
13:05:07 [0m[33m[WARN] [0m# of splitters: 2
13:05:07 [0m[33m[WARN] [0m# of splitters: 3
13:05:07 [0m[33m[WARN] [0m# of splitters: 3
13:05:07 [0m[33m[WARN] [0m# of splitters: 4
13:05:07 [0m[33m[WARN] [0m# of splitters: 3
proved: (-2 (+2 ?ts_ph_Nat_1 ?ts_ph_Nat_0) ?ts_ph_Nat_0) => ?ts_ph_Nat_1
13:05:07 [0m[33m[WARN] [0mFound all lemmas
done in 63747
