16:57:26 [0m[33m[WARN] [0mCollecting statistics
16:57:26 [0m[33m[WARN] [0mproof mode false
(butlast nil) => nil
nil => (butlast nil)
(butlast (cons ?y nil)) => nil
(butlast (cons ?y (cons ?x2 ?x3))) => (cons ?y (butlast (cons ?x2 ?x3)))
(cons ?y (butlast (cons ?x2 ?x3))) => (butlast (cons ?y (cons ?x2 ?x3)))
(++ nil ?y0) => ?y0
(++ (cons ?z ?xs) ?y1) => (cons ?z (++ ?xs ?y1))
(cons ?z (++ ?xs ?y1)) => (++ (cons ?z ?xs) ?y1)
16:57:26 [0m[33m[WARN] [0m ex is: nil
16:57:26 [0m[33m[WARN] [0m ex is: (cons autovar_sk_0 nil)
16:57:26 [0m[33m[WARN] [0m ex is: (cons autovar_sk_1 (cons autovar_sk_0 nil))
16:57:26 [0m[33m[WARN] [0mProof mode: false
16:57:26 [0m[33m[WARN] [0m ex is: nil
16:57:26 [0m[33m[WARN] [0m ex is: (cons autovar_sk_0 nil)
16:57:26 [0m[33m[WARN] [0m ex is: (cons autovar_sk_1 (cons autovar_sk_0 nil))
16:57:26 [0m[33m[WARN] [0mProof mode: false
16:57:26 [0m[33m[WARN] [0mproved: (++ ?ts_ph_list_0 nil) => ?ts_ph_list_0
16:57:26 [0m[33m[WARN] [0mproved: (++ (++ ?ts_ph_list_0 ?ts_ph_list_1) ?ts_ph_list_2) => (++ ?ts_ph_list_0 (++ ?ts_ph_list_1 ?ts_ph_list_2))
16:57:26 [0m[33m[WARN] [0mproved: (++ ?ts_ph_list_0 (++ ?ts_ph_list_1 ?ts_ph_list_2)) => (++ (++ ?ts_ph_list_0 ?ts_ph_list_1) ?ts_ph_list_2)
done in 216
