12:26:55 [WARN] Collecting statistics
12:26:55 [WARN]  ex is: Z
12:26:55 [WARN]  ex is: (S Z)
12:26:55 [WARN]  ex is: (S (S Z))
12:26:55 [WARN] Proof mode: false
12:26:55 [WARN]  ex is: Z
12:26:55 [WARN]  ex is: (S Z)
12:26:55 [WARN]  ex is: (S (S Z))
12:26:55 [WARN] Proof mode: false
12:26:55 [WARN] proved: (-2 ?ts_ph_Nat_0 Z) => ?ts_ph_Nat_0
12:26:55 [WARN] proved: (-2 ?ts_ph_Nat_0 Z) => (+2 ?ts_ph_Nat_0 Z)
12:26:55 [WARN] proved: (+2 ?ts_ph_Nat_0 Z) => (-2 ?ts_ph_Nat_0 Z)
12:26:55 [WARN] proved: (-2 ?ts_ph_Nat_0 ?ts_ph_Nat_0) => Z
12:30:40 [WARN] proved: (+2 ?ts_ph_Nat_0 (S Z)) => (S ?ts_ph_Nat_0)
12:30:40 [WARN] proved: (S ?ts_ph_Nat_0) => (+2 ?ts_ph_Nat_0 (S Z))
12:30:40 [WARN] proved: (-2 ?ts_ph_Nat_0 (S ?ts_ph_Nat_0)) => Z
12:30:40 [WARN] generalized case_split proof as: (+2 (+2 ?ts_ph_Nat_0 ?ts_ph_Nat_1) ?ts_ph_Nat_2) -- (+2 ?ts_ph_Nat_0 (+2 ?ts_ph_Nat_1 ?ts_ph_Nat_2))
12:30:40 [WARN] proved: (+2 (+2 ?ts_ph_Nat_0 ?ts_ph_Nat_1) ?ts_ph_Nat_2) => (+2 ?ts_ph_Nat_0 (+2 ?ts_ph_Nat_1 ?ts_ph_Nat_2))
12:30:40 [WARN] proved: (+2 ?ts_ph_Nat_0 (+2 ?ts_ph_Nat_1 ?ts_ph_Nat_2)) => (+2 (+2 ?ts_ph_Nat_0 ?ts_ph_Nat_1) ?ts_ph_Nat_2)
12:30:40 [WARN] proved: (-2 ?ts_ph_Nat_0 (+2 ?ts_ph_Nat_0 ?ts_ph_Nat_1)) => Z
12:30:40 [WARN] proved: (-2 (S ?ts_ph_Nat_0) (+2 ?ts_ph_Nat_0 ?ts_ph_Nat_1)) => (-2 (S Z) ?ts_ph_Nat_1)
12:30:44 [WARN] proved: (-2 (+2 ?ts_ph_Nat_0 ?ts_ph_Nat_1) (S ?ts_ph_Nat_0)) => (-2 ?ts_ph_Nat_1 (S Z))
12:30:44 [WARN] proved: (-2 (S Z) (+2 ?ts_ph_Nat_0 ?ts_ph_Nat_0)) => (-2 (S ?ts_ph_Nat_0) (+2 ?ts_ph_Nat_0 ?ts_ph_Nat_0))
12:30:44 [WARN] proved: (-2 (S ?ts_ph_Nat_0) (+2 ?ts_ph_Nat_0 ?ts_ph_Nat_0)) => (-2 (S Z) (+2 ?ts_ph_Nat_0 ?ts_ph_Nat_0))
12:30:44 [WARN] proved: (+2 ?ts_ph_Nat_0 ?ts_ph_Nat_1) => (+2 ?ts_ph_Nat_1 ?ts_ph_Nat_0)
12:30:44 [WARN] proved: (+2 ?ts_ph_Nat_1 ?ts_ph_Nat_0) => (+2 ?ts_ph_Nat_0 ?ts_ph_Nat_1)
12:30:45 [WARN] proved: (-2 ?ts_ph_Nat_1 (S ?ts_ph_Nat_0)) => (-2 (-2 ?ts_ph_Nat_1 ?ts_ph_Nat_0) (S Z))
12:30:45 [WARN] proved: (-2 (-2 ?ts_ph_Nat_1 ?ts_ph_Nat_0) (S Z)) => (-2 ?ts_ph_Nat_1 (S ?ts_ph_Nat_0))
12:30:48 [WARN] proved: (-2 (-2 ?ts_ph_Nat_1 ?ts_ph_Nat_0) ?ts_ph_Nat_1) => Z
12:30:54 [WARN] proved: (-2 (-2 ?ts_ph_Nat_1 ?ts_ph_Nat_0) ?ts_ph_Nat_0) => (-2 ?ts_ph_Nat_1 (+2 ?ts_ph_Nat_0 ?ts_ph_Nat_0))
12:30:54 [WARN] proved: (-2 ?ts_ph_Nat_1 (+2 ?ts_ph_Nat_0 ?ts_ph_Nat_0)) => (-2 (-2 ?ts_ph_Nat_1 ?ts_ph_Nat_0) ?ts_ph_Nat_0)
12:31:05 [WARN] proved: (-2 ?ts_ph_Nat_1 ?ts_ph_Nat_0) => (-2 (+2 ?ts_ph_Nat_1 ?ts_ph_Nat_1) (+2 ?ts_ph_Nat_0 ?ts_ph_Nat_1))
12:31:05 [WARN] proved: (-2 (+2 ?ts_ph_Nat_1 ?ts_ph_Nat_1) (+2 ?ts_ph_Nat_0 ?ts_ph_Nat_1)) => (-2 ?ts_ph_Nat_1 ?ts_ph_Nat_0)
