22:54:05 [WARN] Collecting statistics
22:54:05 [WARN]  ex is: Z
22:54:05 [WARN]  ex is: (S Z)
22:54:05 [WARN]  ex is: (S (S Z))
22:54:05 [WARN] Proof mode: false
22:54:05 [WARN]  ex is: Z
22:54:05 [WARN]  ex is: (S Z)
22:54:05 [WARN]  ex is: (S (S Z))
22:54:05 [WARN] Proof mode: false
22:54:05 [WARN] proved: (-2 ?ts_ph_Nat_0 ?ts_ph_Nat_0) => Z
22:54:05 [WARN] proved: (-2 ?ts_ph_Nat_0 Z) => ?ts_ph_Nat_0
22:54:05 [WARN] proved: (+2 ?ts_ph_Nat_0 Z) => (-2 ?ts_ph_Nat_0 Z)
22:54:05 [WARN] proved: (-2 ?ts_ph_Nat_0 Z) => (+2 ?ts_ph_Nat_0 Z)
23:00:22 [WARN] proved: (S (+2 ?ts_ph_Nat_0 ?ts_ph_Nat_1)) => (+2 ?ts_ph_Nat_0 (S ?ts_ph_Nat_1))
23:00:22 [WARN] proved: (+2 ?ts_ph_Nat_0 (S ?ts_ph_Nat_1)) => (S (+2 ?ts_ph_Nat_0 ?ts_ph_Nat_1))
23:00:24 [WARN] proved: (+2 (+2 ?ts_ph_Nat_0 ?ts_ph_Nat_1) ?ts_ph_Nat_0) => (+2 ?ts_ph_Nat_0 (+2 ?ts_ph_Nat_1 ?ts_ph_Nat_0))
23:00:24 [WARN] proved: (+2 ?ts_ph_Nat_0 (+2 ?ts_ph_Nat_1 ?ts_ph_Nat_0)) => (+2 (+2 ?ts_ph_Nat_0 ?ts_ph_Nat_1) ?ts_ph_Nat_0)
23:00:26 [WARN] proved: (+2 (+2 ?ts_ph_Nat_0 ?ts_ph_Nat_0) ?ts_ph_Nat_1) => (+2 ?ts_ph_Nat_0 (+2 ?ts_ph_Nat_0 ?ts_ph_Nat_1))
23:00:26 [WARN] proved: (+2 ?ts_ph_Nat_0 (+2 ?ts_ph_Nat_0 ?ts_ph_Nat_1)) => (+2 (+2 ?ts_ph_Nat_0 ?ts_ph_Nat_0) ?ts_ph_Nat_1)
23:00:28 [WARN] proved: (-2 (S ?ts_ph_Nat_0) (+2 ?ts_ph_Nat_0 ?ts_ph_Nat_1)) => (-2 (S Z) ?ts_ph_Nat_1)
23:01:02 [WARN] proved: (-2 (+2 ?ts_ph_Nat_0 ?ts_ph_Nat_1) (S ?ts_ph_Nat_0)) => (-2 ?ts_ph_Nat_1 (S Z))
23:01:03 [WARN] proved: (-2 (S Z) ?ts_ph_Nat_0) => (-2 (S Z) (+2 ?ts_ph_Nat_0 ?ts_ph_Nat_0))
23:01:03 [WARN] proved: (-2 (S Z) (+2 ?ts_ph_Nat_0 ?ts_ph_Nat_0)) => (-2 (S Z) ?ts_ph_Nat_0)
23:01:17 [WARN] proved: (-2 (+2 ?ts_ph_Nat_0 ?ts_ph_Nat_1) (+2 ?ts_ph_Nat_0 ?ts_ph_Nat_0)) => (-2 ?ts_ph_Nat_1 ?ts_ph_Nat_0)
23:01:17 [WARN] proved: (-2 ?ts_ph_Nat_1 ?ts_ph_Nat_0) => (-2 (+2 ?ts_ph_Nat_0 ?ts_ph_Nat_1) (+2 ?ts_ph_Nat_0 ?ts_ph_Nat_0))
