12:07:30 [0m[33m[WARN] [0mCollecting statistics
(<=2 Z ?y) => true
(<=2 (S ?z) Z) => false
(<=2 (S ?z) (S ?x2)) => (<=2 ?z ?x2)
(<=2 ?z ?x2) => (<=2 (S ?z) (S ?x2))
(+2 Z ?y) => ?y
(+2 (S ?z) ?y) => (S (+2 ?z ?y))
(S (+2 ?z ?y)) => (+2 (S ?z) ?y)
Searcher: (<=2 ?autovar6 Z)
Searcher: (<=2 ?autovar6 (S ?autovar3))
Searcher: (<=2 (S ?autovar4) ?autovar7)
Searcher: (<=2 (S ?autovar5) ?autovar7)
12:07:30 [0m[33m[WARN] [0m ex is: Z
12:07:30 [0m[33m[WARN] [0m ex is: (S Z)
12:07:30 [0m[33m[WARN] [0m ex is: (S (S Z))
12:07:30 [0m[33m[WARN] [0mProof mode: false
12:07:30 [0m[33m[WARN] [0m ex is: Z
12:07:30 [0m[33m[WARN] [0m ex is: (S Z)
12:07:30 [0m[33m[WARN] [0m ex is: (S (S Z))
12:07:30 [0m[33m[WARN] [0mProof mode: false
12:07:30 [0m[33m[WARN] [0mproved: (<=2 ?ts_ph_Nat_0 ?ts_ph_Nat_0) => true
12:07:30 [0m[33m[WARN] [0mproved: (+2 ?ts_ph_Nat_0 Z) => ?ts_ph_Nat_0
12:07:30 [0m[33m[WARN] [0mproved: (S (+2 ?ts_ph_Nat_0 ?ts_ph_Nat_1)) => (+2 ?ts_ph_Nat_0 (S ?ts_ph_Nat_1))
12:07:30 [0m[33m[WARN] [0mproved: (+2 ?ts_ph_Nat_0 (S ?ts_ph_Nat_1)) => (S (+2 ?ts_ph_Nat_0 ?ts_ph_Nat_1))
12:07:30 [0m[33m[WARN] [0mproved: (<=2 (S ?ts_ph_Nat_0) ?ts_ph_Nat_0) => false
12:07:30 [0m[33m[WARN] [0mgeneralized case_split proof as: (+2 (+2 ?ts_ph_Nat_0 ?ts_ph_Nat_1) ?ts_ph_Nat_2) -- (+2 ?ts_ph_Nat_0 (+2 ?ts_ph_Nat_1 ?ts_ph_Nat_2))
12:07:30 [0m[33m[WARN] [0mproved: (+2 (+2 ?ts_ph_Nat_0 ?ts_ph_Nat_1) ?ts_ph_Nat_2) => (+2 ?ts_ph_Nat_0 (+2 ?ts_ph_Nat_1 ?ts_ph_Nat_2))
12:07:30 [0m[33m[WARN] [0mproved: (+2 ?ts_ph_Nat_0 (+2 ?ts_ph_Nat_1 ?ts_ph_Nat_2)) => (+2 (+2 ?ts_ph_Nat_0 ?ts_ph_Nat_1) ?ts_ph_Nat_2)
12:07:30 [0m[33m[WARN] [0mproved: (<=2 ?ts_ph_Nat_0 (+2 ?ts_ph_Nat_0 ?ts_ph_Nat_1)) => true
12:07:30 [0m[33m[WARN] [0mproved: (<=2 ?ts_ph_Nat_0 (+2 ?ts_ph_Nat_0 ?ts_ph_Nat_1)) => (<=2 ?ts_ph_Nat_0 (S ?ts_ph_Nat_0))
12:07:30 [0m[33m[WARN] [0mproved: (<=2 (+2 ?ts_ph_Nat_0 ?ts_ph_Nat_1) ?ts_ph_Nat_0) => (<=2 ?ts_ph_Nat_1 Z)
12:07:30 [0m[33m[WARN] [0mproved: (<=2 (+2 ?ts_ph_Nat_0 ?ts_ph_Nat_0) Z) => (<=2 ?ts_ph_Nat_0 Z)
12:07:30 [0m[33m[WARN] [0mproved: (<=2 ?ts_ph_Nat_0 Z) => (<=2 (+2 ?ts_ph_Nat_0 ?ts_ph_Nat_0) Z)
12:07:30 [0m[33m[WARN] [0mproved: (<=2 (+2 ?ts_ph_Nat_0 ?ts_ph_Nat_1) (S ?ts_ph_Nat_0)) => (<=2 ?ts_ph_Nat_1 (S Z))
12:07:30 [0m[33m[WARN] [0mproved: (<=2 (S ?ts_ph_Nat_0) (+2 ?ts_ph_Nat_0 ?ts_ph_Nat_1)) => (<=2 (S Z) ?ts_ph_Nat_1)
12:07:35 [0m[33m[WARN] [0mproved: (<=2 (+2 ?ts_ph_Nat_0 ?ts_ph_Nat_0) (S Z)) => (<=2 ?ts_ph_Nat_0 Z)
12:07:35 [0m[33m[WARN] [0mproved: (<=2 ?ts_ph_Nat_0 Z) => (<=2 (+2 ?ts_ph_Nat_0 ?ts_ph_Nat_0) (S Z))
12:07:49 [0m[33m[WARN] [0mproved: (<=2 (S Z) ?ts_ph_Nat_0) => (<=2 (S Z) (+2 ?ts_ph_Nat_0 ?ts_ph_Nat_0))
12:07:49 [0m[33m[WARN] [0mproved: (<=2 (S Z) (+2 ?ts_ph_Nat_0 ?ts_ph_Nat_0)) => (<=2 (S Z) ?ts_ph_Nat_0)
12:07:51 [0m[33m[WARN] [0mproved: (<=2 ?ts_ph_Nat_0 ?ts_ph_Nat_1) => (<=2 (+2 ?ts_ph_Nat_0 ?ts_ph_Nat_0) (+2 ?ts_ph_Nat_0 ?ts_ph_Nat_1))
12:07:51 [0m[33m[WARN] [0mproved: (<=2 (+2 ?ts_ph_Nat_0 ?ts_ph_Nat_0) (+2 ?ts_ph_Nat_0 ?ts_ph_Nat_1)) => (<=2 ?ts_ph_Nat_0 ?ts_ph_Nat_1)
12:08:58 [0m[33m[WARN] [0mproved: (<=2 ?ts_ph_Nat_1 ?ts_ph_Nat_0) => (<=2 (+2 ?ts_ph_Nat_0 ?ts_ph_Nat_1) (+2 ?ts_ph_Nat_0 ?ts_ph_Nat_0))
12:08:59 [0m[33m[WARN] [0mproved: (<=2 (+2 ?ts_ph_Nat_0 ?ts_ph_Nat_1) (+2 ?ts_ph_Nat_0 ?ts_ph_Nat_0)) => (<=2 ?ts_ph_Nat_1 ?ts_ph_Nat_0)
12:09:00 [0m[33m[WARN] [0mproved: (+2 ?ts_ph_Nat_0 ?ts_ph_Nat_1) => (+2 ?ts_ph_Nat_1 ?ts_ph_Nat_0)
12:09:00 [0m[33m[WARN] [0mproved: (+2 ?ts_ph_Nat_1 ?ts_ph_Nat_0) => (+2 ?ts_ph_Nat_0 ?ts_ph_Nat_1)
done in 93268
