12:09:38 [WARN] Collecting statistics
12:09:38 [WARN]  ex is: Z
12:09:38 [WARN]  ex is: (S Z)
12:09:38 [WARN]  ex is: (S (S Z))
12:09:38 [WARN]  ex is: nil
12:09:38 [WARN]  ex is: (cons autovar_Nat_0 nil)
12:09:38 [WARN]  ex is: (cons autovar_Nat_1 (cons autovar_Nat_0 nil))
12:09:38 [WARN] Proof mode: false
12:09:38 [WARN]  ex is: Z
12:09:38 [WARN]  ex is: (S Z)
12:09:38 [WARN]  ex is: (S (S Z))
12:09:38 [WARN]  ex is: nil
12:09:38 [WARN]  ex is: (cons autovar_Nat_0 nil)
12:09:38 [WARN]  ex is: (cons autovar_Nat_1 (cons autovar_Nat_0 nil))
12:09:38 [WARN] Proof mode: false
12:09:38 [WARN] proved: (<=2 ?ts_ph_Nat_0 ?ts_ph_Nat_0) => true
12:09:38 [WARN] proved: (== Z ?ts_ph_Nat_0) => (<=2 ?ts_ph_Nat_0 Z)
12:09:38 [WARN] proved: (<=2 ?ts_ph_Nat_0 Z) => (== Z ?ts_ph_Nat_0)
12:09:38 [WARN] proved: (== ?ts_ph_Nat_0 Z) => (<=2 ?ts_ph_Nat_0 Z)
12:09:38 [WARN] proved: (<=2 ?ts_ph_Nat_0 Z) => (== ?ts_ph_Nat_0 Z)
12:09:38 [WARN] proved: (== ?ts_ph_Nat_0 ?ts_ph_Nat_0) => true
12:09:46 [WARN] proved: (<=2 (S ?ts_ph_Nat_0) ?ts_ph_Nat_0) => false
12:09:46 [WARN] proved: (== ?ts_ph_Nat_0 (S ?ts_ph_Nat_0)) => false
12:09:46 [WARN] proved: (<=2 (S ?ts_ph_Nat_0) ?ts_ph_Nat_0) => (== (S ?ts_ph_Nat_0) ?ts_ph_Nat_0)
12:09:46 [WARN] proved: (== (S ?ts_ph_Nat_0) ?ts_ph_Nat_0) => (<=2 (S ?ts_ph_Nat_0) ?ts_ph_Nat_0)
12:09:46 [WARN] proved: (== (S Z) ?ts_ph_Nat_0) => (== ?ts_ph_Nat_0 (S Z))
12:09:46 [WARN] proved: (== ?ts_ph_Nat_0 (S Z)) => (== (S Z) ?ts_ph_Nat_0)
12:09:46 [WARN] proved: (== ?ts_ph_Nat_0 ?ts_ph_Nat_1) => (== ?ts_ph_Nat_1 ?ts_ph_Nat_0)
12:09:46 [WARN] proved: (== ?ts_ph_Nat_1 ?ts_ph_Nat_0) => (== ?ts_ph_Nat_0 ?ts_ph_Nat_1)
12:09:46 [WARN] proved: (<=2 ?ts_ph_Nat_0 (S ?ts_ph_Nat_0)) => true
