12:10:01 [WARN] Collecting statistics
12:10:01 [WARN]  ex is: Z
12:10:01 [WARN]  ex is: (S Z)
12:10:01 [WARN]  ex is: (S (S Z))
12:10:01 [WARN]  ex is: nil
12:10:01 [WARN]  ex is: (cons autovar_Nat_0 nil)
12:10:01 [WARN]  ex is: (cons autovar_Nat_1 (cons autovar_Nat_0 nil))
12:10:01 [WARN] Proof mode: false
12:10:01 [WARN]  ex is: Z
12:10:01 [WARN]  ex is: (S Z)
12:10:01 [WARN]  ex is: (S (S Z))
12:10:01 [WARN]  ex is: nil
12:10:01 [WARN]  ex is: (cons autovar_Nat_0 nil)
12:10:01 [WARN]  ex is: (cons autovar_Nat_1 (cons autovar_Nat_0 nil))
12:10:01 [WARN] Proof mode: false
12:10:01 [WARN] proved: (++ ?ts_ph_list_0 nil) => ?ts_ph_list_0
12:10:01 [WARN] proved: (<=2 ?ts_ph_Nat_0 ?ts_ph_Nat_0) => true
12:10:01 [WARN] proved: (<=2 ?ts_ph_Nat_0 ?ts_ph_Nat_0) => (== ?ts_ph_Nat_0 ?ts_ph_Nat_0)
12:10:01 [WARN] proved: (== ?ts_ph_Nat_0 ?ts_ph_Nat_0) => (<=2 ?ts_ph_Nat_0 ?ts_ph_Nat_0)
12:10:01 [WARN] proved: (== ?ts_ph_Nat_0 Z) => (== Z ?ts_ph_Nat_0)
12:10:01 [WARN] proved: (== Z ?ts_ph_Nat_0) => (== ?ts_ph_Nat_0 Z)
12:10:01 [WARN] proved: (<=2 ?ts_ph_Nat_0 Z) => (== Z ?ts_ph_Nat_0)
12:10:01 [WARN] proved: (== Z ?ts_ph_Nat_0) => (<=2 ?ts_ph_Nat_0 Z)
12:10:08 [WARN] proved: (<=2 ?ts_ph_Nat_0 (S ?ts_ph_Nat_0)) => true
12:10:08 [WARN] proved: (== ?ts_ph_Nat_0 (S Z)) => (== (S Z) ?ts_ph_Nat_0)
12:10:08 [WARN] proved: (== (S Z) ?ts_ph_Nat_0) => (== ?ts_ph_Nat_0 (S Z))
12:10:08 [WARN] proved: (<=2 (S ?ts_ph_Nat_0) ?ts_ph_Nat_0) => false
12:10:08 [WARN] proved: (== (S ?ts_ph_Nat_0) ?ts_ph_Nat_0) => false
12:10:08 [WARN] proved: (== ?ts_ph_Nat_0 (S ?ts_ph_Nat_0)) => (<=2 (S ?ts_ph_Nat_0) ?ts_ph_Nat_0)
12:10:08 [WARN] proved: (<=2 (S ?ts_ph_Nat_0) ?ts_ph_Nat_0) => (== ?ts_ph_Nat_0 (S ?ts_ph_Nat_0))
12:10:08 [WARN] proved: (== ?ts_ph_Nat_1 ?ts_ph_Nat_0) => (== ?ts_ph_Nat_0 ?ts_ph_Nat_1)
12:10:08 [WARN] proved: (== ?ts_ph_Nat_0 ?ts_ph_Nat_1) => (== ?ts_ph_Nat_1 ?ts_ph_Nat_0)
12:10:08 [WARN] proved: (++ ?ts_ph_list_0 (++ ?ts_ph_list_1 ?ts_ph_list_2)) => (++ (++ ?ts_ph_list_0 ?ts_ph_list_1) ?ts_ph_list_2)
12:10:08 [WARN] proved: (++ (++ ?ts_ph_list_0 ?ts_ph_list_1) ?ts_ph_list_2) => (++ ?ts_ph_list_0 (++ ?ts_ph_list_1 ?ts_ph_list_2))
