12:09:03 [WARN] Collecting statistics
12:09:03 [WARN]  ex is: Z
12:09:03 [WARN]  ex is: (S Z)
12:09:03 [WARN]  ex is: (S (S Z))
12:09:03 [WARN]  ex is: nil
12:09:03 [WARN]  ex is: (cons autovar_Nat_0 nil)
12:09:03 [WARN]  ex is: (cons autovar_Nat_1 (cons autovar_Nat_0 nil))
12:09:03 [WARN] Proof mode: false
12:09:03 [WARN]  ex is: Z
12:09:03 [WARN]  ex is: (S Z)
12:09:03 [WARN]  ex is: (S (S Z))
12:09:03 [WARN]  ex is: nil
12:09:03 [WARN]  ex is: (cons autovar_Nat_0 nil)
12:09:03 [WARN]  ex is: (cons autovar_Nat_1 (cons autovar_Nat_0 nil))
12:09:03 [WARN] Proof mode: false
12:09:03 [WARN] proved: (<2 ?ts_ph_Nat_0 ?ts_ph_Nat_0) => false
12:09:03 [WARN] proved: (drop ?ts_ph_Nat_0 nil) => nil
12:09:05 [WARN] proved: (<2 (S ?ts_ph_Nat_0) ?ts_ph_Nat_0) => false
12:09:05 [WARN] proved: (drop (len ?ts_ph_list_0) ?ts_ph_list_0) => nil
12:09:05 [WARN] proved: (last ?ts_ph_list_0) => (last (cons Z ?ts_ph_list_0))
12:09:05 [WARN] proved: (last (cons Z ?ts_ph_list_0)) => (last ?ts_ph_list_0)
12:09:05 [WARN] proved: (drop ?ts_ph_Nat_0 (cons Z ?ts_ph_list_1)) => (drop ?ts_ph_Nat_0 (cons ?ts_ph_Nat_0 ?ts_ph_list_1))
12:09:05 [WARN] proved: (drop ?ts_ph_Nat_0 (cons ?ts_ph_Nat_0 ?ts_ph_list_1)) => (drop ?ts_ph_Nat_0 (cons Z ?ts_ph_list_1))
12:09:05 [WARN] proved: (<2 ?ts_ph_Nat_0 (S ?ts_ph_Nat_0)) => true
12:09:05 [WARN] proved: (drop (S Z) (drop ?ts_ph_Nat_0 ?ts_ph_list_1)) => (drop (S ?ts_ph_Nat_0) ?ts_ph_list_1)
12:09:05 [WARN] proved: (drop (S ?ts_ph_Nat_0) ?ts_ph_list_1) => (drop (S Z) (drop ?ts_ph_Nat_0 ?ts_ph_list_1))
12:09:05 [WARN] proved: (drop ?ts_ph_Nat_1 (drop ?ts_ph_Nat_0 ?ts_ph_list_1)) => (drop ?ts_ph_Nat_0 (drop ?ts_ph_Nat_1 ?ts_ph_list_1))
12:09:05 [WARN] proved: (drop ?ts_ph_Nat_0 (drop ?ts_ph_Nat_1 ?ts_ph_list_1)) => (drop ?ts_ph_Nat_1 (drop ?ts_ph_Nat_0 ?ts_ph_list_1))
