12:07:30 [WARN] Collecting statistics
12:07:30 [WARN]  ex is: Z
12:07:30 [WARN]  ex is: (S Z)
12:07:30 [WARN]  ex is: (S (S Z))
12:07:30 [WARN] Proof mode: false
12:07:30 [WARN]  ex is: Z
12:07:30 [WARN]  ex is: (S Z)
12:07:30 [WARN]  ex is: (S (S Z))
12:07:30 [WARN] Proof mode: false
12:07:30 [WARN] proved: (max ?ts_ph_Nat_0 ?ts_ph_Nat_0) => ?ts_ph_Nat_0
12:07:30 [WARN] proved: (<=2 ?ts_ph_Nat_0 ?ts_ph_Nat_0) => true
12:07:30 [WARN] proved: (== ?ts_ph_Nat_0 ?ts_ph_Nat_0) => true
12:07:30 [WARN] proved: (max ?ts_ph_Nat_0 Z) => ?ts_ph_Nat_0
12:07:30 [WARN] proved: (== Z ?ts_ph_Nat_0) => (<=2 ?ts_ph_Nat_0 Z)
12:07:30 [WARN] proved: (<=2 ?ts_ph_Nat_0 Z) => (== Z ?ts_ph_Nat_0)
12:07:30 [WARN] proved: (== ?ts_ph_Nat_0 Z) => (<=2 ?ts_ph_Nat_0 Z)
12:07:30 [WARN] proved: (<=2 ?ts_ph_Nat_0 Z) => (== ?ts_ph_Nat_0 Z)
12:07:31 [WARN] proved: (max (S Z) ?ts_ph_Nat_0) => (max ?ts_ph_Nat_0 (S Z))
12:07:31 [WARN] proved: (max ?ts_ph_Nat_0 (S Z)) => (max (S Z) ?ts_ph_Nat_0)
12:07:31 [WARN] proved: (<=2 ?ts_ph_Nat_0 (S ?ts_ph_Nat_0)) => true
12:07:31 [WARN] proved: (== ?ts_ph_Nat_0 (S Z)) => (== (S Z) ?ts_ph_Nat_0)
12:07:31 [WARN] proved: (== (S Z) ?ts_ph_Nat_0) => (== ?ts_ph_Nat_0 (S Z))
12:07:31 [WARN] proved: (== (S ?ts_ph_Nat_0) ?ts_ph_Nat_0) => false
12:07:31 [WARN] proved: (<=2 (S ?ts_ph_Nat_0) ?ts_ph_Nat_0) => false
12:07:31 [WARN] proved: (S ?ts_ph_Nat_0) => (max ?ts_ph_Nat_0 (S ?ts_ph_Nat_0))
12:07:31 [WARN] proved: (max ?ts_ph_Nat_0 (S ?ts_ph_Nat_0)) => (S ?ts_ph_Nat_0)
12:07:31 [WARN] proved: (S ?ts_ph_Nat_0) => (max (S ?ts_ph_Nat_0) ?ts_ph_Nat_0)
12:07:31 [WARN] proved: (max (S ?ts_ph_Nat_0) ?ts_ph_Nat_0) => (S ?ts_ph_Nat_0)
12:07:31 [WARN] proved: (== (S ?ts_ph_Nat_0) ?ts_ph_Nat_0) => (== ?ts_ph_Nat_0 (S ?ts_ph_Nat_0))
12:07:31 [WARN] proved: (== ?ts_ph_Nat_0 (S ?ts_ph_Nat_0)) => (== (S ?ts_ph_Nat_0) ?ts_ph_Nat_0)
12:07:31 [WARN] proved: (max ?ts_ph_Nat_1 ?ts_ph_Nat_0) => (max ?ts_ph_Nat_0 ?ts_ph_Nat_1)
12:07:31 [WARN] proved: (max ?ts_ph_Nat_0 ?ts_ph_Nat_1) => (max ?ts_ph_Nat_1 ?ts_ph_Nat_0)
12:07:31 [WARN] proved: (== ?ts_ph_Nat_1 ?ts_ph_Nat_0) => (== ?ts_ph_Nat_0 ?ts_ph_Nat_1)
12:07:31 [WARN] proved: (== ?ts_ph_Nat_0 ?ts_ph_Nat_1) => (== ?ts_ph_Nat_1 ?ts_ph_Nat_0)
12:07:31 [WARN] proved: (<=2 ?ts_ph_Nat_1 (max ?ts_ph_Nat_0 ?ts_ph_Nat_1)) => true
12:07:31 [WARN] proved: (<=2 ?ts_ph_Nat_0 ?ts_ph_Nat_1) => (<=2 (max ?ts_ph_Nat_0 ?ts_ph_Nat_1) ?ts_ph_Nat_1)
12:07:31 [WARN] proved: (<=2 (max ?ts_ph_Nat_0 ?ts_ph_Nat_1) ?ts_ph_Nat_1) => (<=2 ?ts_ph_Nat_0 ?ts_ph_Nat_1)
12:07:33 [WARN] proved: (<=2 ?ts_ph_Nat_0 ?ts_ph_Nat_1) => (== ?ts_ph_Nat_1 (max ?ts_ph_Nat_0 ?ts_ph_Nat_1))
12:07:33 [WARN] proved: (== ?ts_ph_Nat_1 (max ?ts_ph_Nat_0 ?ts_ph_Nat_1)) => (<=2 ?ts_ph_Nat_0 ?ts_ph_Nat_1)
12:07:33 [WARN] proved: (max ?ts_ph_Nat_0 ?ts_ph_Nat_1) => (max ?ts_ph_Nat_1 (max ?ts_ph_Nat_0 ?ts_ph_Nat_1))
12:07:33 [WARN] proved: (max ?ts_ph_Nat_1 (max ?ts_ph_Nat_0 ?ts_ph_Nat_1)) => (max ?ts_ph_Nat_0 ?ts_ph_Nat_1)
12:07:34 [WARN] proved: (<=2 (S ?ts_ph_Nat_0) (max ?ts_ph_Nat_0 ?ts_ph_Nat_1)) => (<=2 (S ?ts_ph_Nat_0) ?ts_ph_Nat_1)
12:07:34 [WARN] proved: (<=2 (S ?ts_ph_Nat_0) ?ts_ph_Nat_1) => (<=2 (S ?ts_ph_Nat_0) (max ?ts_ph_Nat_0 ?ts_ph_Nat_1))
12:07:34 [WARN] proved: (max (S ?ts_ph_Nat_0) (max ?ts_ph_Nat_0 ?ts_ph_Nat_1)) => (max ?ts_ph_Nat_1 (S ?ts_ph_Nat_0))
12:07:34 [WARN] proved: (max ?ts_ph_Nat_1 (S ?ts_ph_Nat_0)) => (max (S ?ts_ph_Nat_0) (max ?ts_ph_Nat_0 ?ts_ph_Nat_1))
12:07:48 [WARN] proved: (== ?ts_ph_Nat_1 (S ?ts_ph_Nat_0)) => (== (S ?ts_ph_Nat_0) (max ?ts_ph_Nat_0 ?ts_ph_Nat_1))
12:07:48 [WARN] proved: (== (S ?ts_ph_Nat_0) (max ?ts_ph_Nat_0 ?ts_ph_Nat_1)) => (== ?ts_ph_Nat_1 (S ?ts_ph_Nat_0))
