12:07:46 [0m[33m[WARN] [0mCollecting statistics
(max Z ?y) => ?y
(max (S ?z) Z) => (S ?z)
(S ?z) => (max (S ?z) Z)
(max (S ?z) (S ?x2)) => (S (max ?z ?x2))
(S (max ?z ?x2)) => (max (S ?z) (S ?x2))
Searcher: (max ?autovar6 Z)
Searcher: (max ?autovar6 (S ?autovar3))
Searcher: (max (S ?autovar4) ?autovar7)
Searcher: (max (S ?autovar5) ?autovar7)
12:07:46 [0m[33m[WARN] [0m ex is: Z
12:07:46 [0m[33m[WARN] [0m ex is: (S Z)
12:07:46 [0m[33m[WARN] [0m ex is: (S (S Z))
12:07:46 [0m[33m[WARN] [0mProof mode: false
12:07:46 [0m[33m[WARN] [0m ex is: Z
12:07:46 [0m[33m[WARN] [0m ex is: (S Z)
12:07:46 [0m[33m[WARN] [0m ex is: (S (S Z))
12:07:46 [0m[33m[WARN] [0mProof mode: false
12:07:46 [0m[33m[WARN] [0mproved: (max ?ts_ph_Nat_0 Z) => ?ts_ph_Nat_0
12:07:46 [0m[33m[WARN] [0mproved: (max ?ts_ph_Nat_0 ?ts_ph_Nat_0) => (max ?ts_ph_Nat_0 Z)
12:07:46 [0m[33m[WARN] [0mproved: (max ?ts_ph_Nat_0 Z) => (max ?ts_ph_Nat_0 ?ts_ph_Nat_0)
12:26:55 [0m[33m[WARN] [0mproved: (max ?ts_ph_Nat_0 (S ?ts_ph_Nat_1)) => (max (S ?ts_ph_Nat_1) ?ts_ph_Nat_0)
12:26:55 [0m[33m[WARN] [0mproved: (max (S ?ts_ph_Nat_1) ?ts_ph_Nat_0) => (max ?ts_ph_Nat_0 (S ?ts_ph_Nat_1))
12:26:55 [0m[33m[WARN] [0mproved: (max ?ts_ph_Nat_0 ?ts_ph_Nat_1) => (max ?ts_ph_Nat_1 ?ts_ph_Nat_0)
12:26:55 [0m[33m[WARN] [0mproved: (max ?ts_ph_Nat_1 ?ts_ph_Nat_0) => (max ?ts_ph_Nat_0 ?ts_ph_Nat_1)
12:26:55 [0m[33m[WARN] [0mproved: (max ?ts_ph_Nat_0 (S ?ts_ph_Nat_0)) => (S ?ts_ph_Nat_0)
12:26:55 [0m[33m[WARN] [0mproved: (S ?ts_ph_Nat_0) => (max ?ts_ph_Nat_0 (S ?ts_ph_Nat_0))
12:26:55 [0m[33m[WARN] [0mproved: (max ?ts_ph_Nat_0 ?ts_ph_Nat_1) => (max ?ts_ph_Nat_1 (max ?ts_ph_Nat_0 ?ts_ph_Nat_1))
12:26:55 [0m[33m[WARN] [0mproved: (max ?ts_ph_Nat_1 (max ?ts_ph_Nat_0 ?ts_ph_Nat_1)) => (max ?ts_ph_Nat_0 ?ts_ph_Nat_1)
done in 1149020
