12:08:03 [WARN] Collecting statistics
12:08:03 [WARN]  ex is: nil
12:08:03 [WARN]  ex is: (cons autovar_sk_0 nil)
12:08:03 [WARN]  ex is: (cons autovar_sk_1 (cons autovar_sk_0 nil))
12:08:03 [WARN]  ex is: Z
12:08:03 [WARN]  ex is: (S Z)
12:08:03 [WARN]  ex is: (S (S Z))
12:08:03 [WARN] Proof mode: false
12:08:03 [WARN]  ex is: nil
12:08:03 [WARN]  ex is: (cons autovar_sk_0 nil)
12:08:03 [WARN]  ex is: (cons autovar_sk_1 (cons autovar_sk_0 nil))
12:08:03 [WARN]  ex is: Z
12:08:03 [WARN]  ex is: (S Z)
12:08:03 [WARN]  ex is: (S (S Z))
12:08:03 [WARN] Proof mode: false
12:08:03 [WARN] proved: (drop ?ts_ph_Nat_0 nil) => nil
12:08:03 [WARN] proved: (drop (S Z) (drop ?ts_ph_Nat_0 ?ts_ph_list_1)) => (drop (S ?ts_ph_Nat_0) ?ts_ph_list_1)
12:08:03 [WARN] proved: (drop (S ?ts_ph_Nat_0) ?ts_ph_list_1) => (drop (S Z) (drop ?ts_ph_Nat_0 ?ts_ph_list_1))
12:08:03 [WARN] proved: (drop ?ts_ph_Nat_1 (drop ?ts_ph_Nat_0 ?ts_ph_list_1)) => (drop ?ts_ph_Nat_0 (drop ?ts_ph_Nat_1 ?ts_ph_list_1))
12:08:03 [WARN] proved: (drop ?ts_ph_Nat_0 (drop ?ts_ph_Nat_1 ?ts_ph_list_1)) => (drop ?ts_ph_Nat_1 (drop ?ts_ph_Nat_0 ?ts_ph_list_1))
