18:05:01 [WARN] Collecting statistics
18:05:01 [WARN]  ex is: Z
18:05:01 [WARN]  ex is: (S Z)
18:05:01 [WARN]  ex is: (S (S Z))
18:05:01 [WARN] Proof mode: false
18:05:01 [WARN]  ex is: Z
18:05:01 [WARN]  ex is: (S Z)
18:05:01 [WARN]  ex is: (S (S Z))
18:05:01 [WARN] Proof mode: false
18:05:01 [WARN] proved: (-2 ?ts_ph_Nat_0 Z) => ?ts_ph_Nat_0
18:05:01 [WARN] proved: (+2 ?ts_ph_Nat_0 Z) => (-2 ?ts_ph_Nat_0 Z)
18:05:01 [WARN] proved: (-2 ?ts_ph_Nat_0 Z) => (+2 ?ts_ph_Nat_0 Z)
18:05:01 [WARN] proved: (-2 ?ts_ph_Nat_0 ?ts_ph_Nat_0) => Z
18:08:44 [WARN] proved: (+2 ?ts_ph_Nat_0 (S ?ts_ph_Nat_1)) => (S (+2 ?ts_ph_Nat_0 ?ts_ph_Nat_1))
18:08:44 [WARN] proved: (S (+2 ?ts_ph_Nat_0 ?ts_ph_Nat_1)) => (+2 ?ts_ph_Nat_0 (S ?ts_ph_Nat_1))
18:08:44 [WARN] proved: (-2 ?ts_ph_Nat_0 (S ?ts_ph_Nat_0)) => Z
18:08:44 [WARN] proved: (-2 (S ?ts_ph_Nat_0) ?ts_ph_Nat_0) => (S Z)
18:08:45 [WARN] generalized case_split proof as: (+2 (+2 ?ts_ph_Nat_0 ?ts_ph_Nat_1) ?ts_ph_Nat_2) -- (+2 ?ts_ph_Nat_0 (+2 ?ts_ph_Nat_1 ?ts_ph_Nat_2))
18:08:45 [WARN] proved: (+2 (+2 ?ts_ph_Nat_0 ?ts_ph_Nat_1) ?ts_ph_Nat_2) => (+2 ?ts_ph_Nat_0 (+2 ?ts_ph_Nat_1 ?ts_ph_Nat_2))
18:08:45 [WARN] proved: (+2 ?ts_ph_Nat_0 (+2 ?ts_ph_Nat_1 ?ts_ph_Nat_2)) => (+2 (+2 ?ts_ph_Nat_0 ?ts_ph_Nat_1) ?ts_ph_Nat_2)
18:08:45 [WARN] proved: (-2 ?ts_ph_Nat_0 (+2 ?ts_ph_Nat_0 ?ts_ph_Nat_1)) => Z
18:08:45 [WARN] proved: (-2 (S Z) ?ts_ph_Nat_0) => (-2 (S Z) (+2 ?ts_ph_Nat_0 ?ts_ph_Nat_0))
18:08:45 [WARN] proved: (-2 (S Z) (+2 ?ts_ph_Nat_0 ?ts_ph_Nat_0)) => (-2 (S Z) ?ts_ph_Nat_0)
18:08:49 [WARN] proved: (-2 (S ?ts_ph_Nat_0) (+2 ?ts_ph_Nat_0 ?ts_ph_Nat_0)) => (-2 (S Z) (+2 ?ts_ph_Nat_0 ?ts_ph_Nat_0))
18:08:49 [WARN] proved: (-2 (S Z) (+2 ?ts_ph_Nat_0 ?ts_ph_Nat_0)) => (-2 (S ?ts_ph_Nat_0) (+2 ?ts_ph_Nat_0 ?ts_ph_Nat_0))
18:08:50 [WARN] proved: (+2 ?ts_ph_Nat_0 ?ts_ph_Nat_1) => (+2 ?ts_ph_Nat_1 ?ts_ph_Nat_0)
18:08:50 [WARN] proved: (+2 ?ts_ph_Nat_1 ?ts_ph_Nat_0) => (+2 ?ts_ph_Nat_0 ?ts_ph_Nat_1)
18:08:51 [WARN] proved: (-2 (+2 ?ts_ph_Nat_0 ?ts_ph_Nat_1) ?ts_ph_Nat_0) => ?ts_ph_Nat_1
18:08:57 [WARN] proved: (-2 (S ?ts_ph_Nat_1) (+2 ?ts_ph_Nat_0 ?ts_ph_Nat_1)) => (-2 (S Z) ?ts_ph_Nat_0)
18:09:08 [WARN] proved: (-2 (+2 ?ts_ph_Nat_0 ?ts_ph_Nat_1) (S ?ts_ph_Nat_1)) => (-2 ?ts_ph_Nat_0 (S Z))
18:13:25 [WARN] proved: (-2 ?ts_ph_Nat_1 (S ?ts_ph_Nat_0)) => (-2 (-2 ?ts_ph_Nat_1 ?ts_ph_Nat_0) (S Z))
18:13:25 [WARN] proved: (-2 (-2 ?ts_ph_Nat_1 ?ts_ph_Nat_0) (S Z)) => (-2 ?ts_ph_Nat_1 (S ?ts_ph_Nat_0))
18:31:54 [WARN] proved: (-2 (-2 ?ts_ph_Nat_1 ?ts_ph_Nat_0) ?ts_ph_Nat_1) => Z
18:51:27 [WARN] proved: (-2 ?ts_ph_Nat_1 ?ts_ph_Nat_0) => (-2 (+2 ?ts_ph_Nat_0 ?ts_ph_Nat_1) (+2 ?ts_ph_Nat_0 ?ts_ph_Nat_0))
18:51:27 [WARN] proved: (-2 (+2 ?ts_ph_Nat_0 ?ts_ph_Nat_1) (+2 ?ts_ph_Nat_0 ?ts_ph_Nat_0)) => (-2 ?ts_ph_Nat_1 ?ts_ph_Nat_0)
