12:09:05 [WARN] Collecting statistics
12:09:05 [WARN]  ex is: nil
12:09:05 [WARN]  ex is: (cons autovar_sk_0 nil)
12:09:05 [WARN]  ex is: (cons autovar_sk_1 (cons autovar_sk_0 nil))
12:09:05 [WARN] Proof mode: false
12:09:05 [WARN]  ex is: nil
12:09:05 [WARN]  ex is: (cons autovar_sk_0 nil)
12:09:05 [WARN]  ex is: (cons autovar_sk_1 (cons autovar_sk_0 nil))
12:09:05 [WARN] Proof mode: false
12:09:05 [WARN] proved: (butlastConcat nil ?ts_ph_list_0) => (butlast ?ts_ph_list_0)
12:09:05 [WARN] proved: (butlast ?ts_ph_list_0) => (butlastConcat nil ?ts_ph_list_0)
12:09:05 [WARN] proved: (++ ?ts_ph_list_0 nil) => ?ts_ph_list_0
12:09:06 [WARN] proved: (butlastConcat ?ts_ph_list_0 ?ts_ph_list_0) => (++ ?ts_ph_list_0 (butlast ?ts_ph_list_0))
12:09:06 [WARN] proved: (++ ?ts_ph_list_0 (butlast ?ts_ph_list_0)) => (butlastConcat ?ts_ph_list_0 ?ts_ph_list_0)
12:09:06 [WARN] generalized case_split proof as: (++ (++ ?ts_ph_list_0 ?ts_ph_list_1) ?ts_ph_list_2) -- (++ ?ts_ph_list_0 (++ ?ts_ph_list_1 ?ts_ph_list_2))
12:09:06 [WARN] proved: (++ (++ ?ts_ph_list_0 ?ts_ph_list_1) ?ts_ph_list_2) => (++ ?ts_ph_list_0 (++ ?ts_ph_list_1 ?ts_ph_list_2))
12:09:06 [WARN] proved: (++ ?ts_ph_list_0 (++ ?ts_ph_list_1 ?ts_ph_list_2)) => (++ (++ ?ts_ph_list_0 ?ts_ph_list_1) ?ts_ph_list_2)
12:09:06 [WARN] proved: (butlastConcat (cons ?ts_ph_sk_1 nil) ?ts_ph_list_0) => (butlast (cons ?ts_ph_sk_1 ?ts_ph_list_0))
12:09:06 [WARN] proved: (butlast (cons ?ts_ph_sk_1 ?ts_ph_list_0)) => (butlastConcat (cons ?ts_ph_sk_1 nil) ?ts_ph_list_0)
12:09:07 [WARN] proved: (butlastConcat (++ ?ts_ph_list_0 ?ts_ph_list_1) ?ts_ph_list_0) => (++ ?ts_ph_list_0 (butlastConcat ?ts_ph_list_1 ?ts_ph_list_0))
12:09:07 [WARN] proved: (++ ?ts_ph_list_0 (butlastConcat ?ts_ph_list_1 ?ts_ph_list_0)) => (butlastConcat (++ ?ts_ph_list_0 ?ts_ph_list_1) ?ts_ph_list_0)
12:09:11 [WARN] proved: (++ (butlast ?ts_ph_list_0) (butlast ?ts_ph_list_0)) => (butlastConcat (butlast ?ts_ph_list_0) ?ts_ph_list_0)
12:09:11 [WARN] proved: (butlastConcat (butlast ?ts_ph_list_0) ?ts_ph_list_0) => (++ (butlast ?ts_ph_list_0) (butlast ?ts_ph_list_0))
