12:08:41 [WARN] Collecting statistics
12:08:41 [WARN]  ex is: Z
12:08:41 [WARN]  ex is: (S Z)
12:08:41 [WARN]  ex is: (S (S Z))
12:08:41 [WARN]  ex is: nil
12:08:41 [WARN]  ex is: (cons autovar_Nat_0 nil)
12:08:41 [WARN]  ex is: (cons autovar_Nat_1 (cons autovar_Nat_0 nil))
12:08:41 [WARN] Proof mode: false
12:08:41 [WARN]  ex is: Z
12:08:41 [WARN]  ex is: (S Z)
12:08:41 [WARN]  ex is: (S (S Z))
12:08:41 [WARN]  ex is: nil
12:08:41 [WARN]  ex is: (cons autovar_Nat_0 nil)
12:08:41 [WARN]  ex is: (cons autovar_Nat_1 (cons autovar_Nat_0 nil))
12:08:41 [WARN] Proof mode: false
12:08:41 [WARN] proved: (<=2 ?ts_ph_Nat_0 ?ts_ph_Nat_0) => true
12:16:15 [WARN] proved: (sorted (cons Z ?ts_ph_list_0)) => (sorted ?ts_ph_list_0)
12:16:15 [WARN] proved: (sorted ?ts_ph_list_0) => (sorted (cons Z ?ts_ph_list_0))
12:16:15 [WARN] proved: (<=2 ?ts_ph_Nat_0 (S ?ts_ph_Nat_0)) => true
12:16:15 [WARN] proved: (<=2 (S ?ts_ph_Nat_0) ?ts_ph_Nat_0) => false
12:16:15 [WARN] proved: (&& (<=2 ?ts_ph_Nat_0 Z) false) => false
12:16:15 [WARN] proved: (&& (<=2 ?ts_ph_Nat_0 Z) true) => (<=2 ?ts_ph_Nat_0 Z)
12:16:15 [WARN] proved: (<=2 ?ts_ph_Nat_0 Z) => (&& (<=2 ?ts_ph_Nat_0 Z) true)
12:16:15 [WARN] proved: (&& (<=2 ?ts_ph_Nat_0 Z) (<=2 ?ts_ph_Nat_1 ?ts_ph_Nat_0)) => (&& (<=2 ?ts_ph_Nat_0 Z) (<=2 ?ts_ph_Nat_1 Z))
12:16:15 [WARN] proved: (&& (<=2 ?ts_ph_Nat_0 Z) (<=2 ?ts_ph_Nat_1 Z)) => (&& (<=2 ?ts_ph_Nat_0 Z) (<=2 ?ts_ph_Nat_1 ?ts_ph_Nat_0))
12:16:15 [WARN] proved: (&& (<=2 ?ts_ph_Nat_0 Z) (<=2 ?ts_ph_Nat_0 ?ts_ph_Nat_1)) => (<=2 ?ts_ph_Nat_0 Z)
12:16:16 [WARN] proved: (&& (<=2 ?ts_ph_Nat_0 ?ts_ph_Nat_1) false) => false
12:18:42 [WARN] proved: (&& (<=2 ?ts_ph_Nat_0 ?ts_ph_Nat_1) true) => (<=2 ?ts_ph_Nat_0 ?ts_ph_Nat_1)
12:18:42 [WARN] proved: (<=2 ?ts_ph_Nat_0 ?ts_ph_Nat_1) => (&& (<=2 ?ts_ph_Nat_0 ?ts_ph_Nat_1) true)
12:21:14 [WARN] proved: (<=2 ?ts_ph_Nat_0 ?ts_ph_Nat_1) => (&& (<=2 ?ts_ph_Nat_0 ?ts_ph_Nat_1) (<=2 ?ts_ph_Nat_0 ?ts_ph_Nat_1))
12:21:14 [WARN] proved: (&& (<=2 ?ts_ph_Nat_0 ?ts_ph_Nat_1) (<=2 ?ts_ph_Nat_0 ?ts_ph_Nat_1)) => (<=2 ?ts_ph_Nat_0 ?ts_ph_Nat_1)
