Collecting statistics
(== Z Z) => true
(== Z (S ?z)) => false
(== (S ?x2) Z) => false
(== (S ?x2) (S ?y2)) => (== ?x2 ?y2)
(== ?x2 ?y2) => (== (S ?x2) (S ?y2))
(count ?x nil) => Z
(count ?x (cons ?z ?ys)) => (count ?x ?ys)
(count ?x (cons ?z ?ys)) => (S (count ?x ?ys))
(+2 Z ?y) => ?y
(+2 (S ?z) ?y) => (S (+2 ?z ?y))
(S (+2 ?z ?y)) => (+2 (S ?z) ?y)
(== ?autovar7 Z) => (potential_split ?autovar7 Z (S (param_Nat_0 ?autovar7))) if Cond(var: ?autovar7, pat: Z) Cond(var: ?autovar7, pat: (S ?param_0))
(== ?autovar7 (S ?autovar1)) => (potential_split ?autovar7 Z (S (param_Nat_0 ?autovar7))) if Cond(var: ?autovar7, pat: Z) Cond(var: ?autovar7, pat: (S ?param_0))
(== ?autovar7 Z) => (potential_split ?autovar7 Z (S (param_Nat_0 ?autovar7))) if Cond(var: ?autovar7, pat: Z) Cond(var: ?autovar7, pat: (S ?param_0))
(== ?autovar7 (S ?autovar4)) => (potential_split ?autovar7 Z (S (param_Nat_0 ?autovar7))) if Cond(var: ?autovar7, pat: Z) Cond(var: ?autovar7, pat: (S ?param_0))
(== Z ?autovar8) => (potential_split ?autovar8 Z (S (param_Nat_0 ?autovar8))) if Cond(var: ?autovar8, pat: Z) Cond(var: ?autovar8, pat: (S ?param_0))
(== Z ?autovar8) => (potential_split ?autovar8 Z (S (param_Nat_0 ?autovar8))) if Cond(var: ?autovar8, pat: Z) Cond(var: ?autovar8, pat: (S ?param_0))
(== (S ?autovar5) ?autovar8) => (potential_split ?autovar8 Z (S (param_Nat_0 ?autovar8))) if Cond(var: ?autovar8, pat: Z) Cond(var: ?autovar8, pat: (S ?param_0))
(== (S ?autovar6) ?autovar8) => (potential_split ?autovar8 Z (S (param_Nat_0 ?autovar8))) if Cond(var: ?autovar8, pat: Z) Cond(var: ?autovar8, pat: (S ?param_0))
 ex is: Z
 ex is: (S Z)
 ex is: (S (S Z))
 ex is: nil
 ex is: (cons autovar_Nat_0 nil)
 ex is: (cons autovar_Nat_1 (cons autovar_Nat_0 nil))
 ex is: Z
 ex is: (S Z)
 ex is: (S (S Z))
 ex is: nil
 ex is: (cons autovar_Nat_0 nil)
 ex is: (cons autovar_Nat_1 (cons autovar_Nat_0 nil))
Running TheSy on datatypes: list Nat dict: == count +2 Z S nil cons
Starting depth 1
16:19:53 [0m[33m[WARN] [0m# of splitters: 2
16:19:53 [0m[33m[WARN] [0m# of splitters: 1
16:19:53 [0m[33m[WARN] [0m# of splitters: 2
16:19:53 [0m[33m[WARN] [0mproved: (+2 ?ts_ph_Nat_0 Z) => ?ts_ph_Nat_0
16:19:53 [0m[33m[WARN] [0mproved: (== ?ts_ph_Nat_0 Z) => (== Z ?ts_ph_Nat_0)
16:19:53 [0m[33m[WARN] [0mproved: (== Z ?ts_ph_Nat_0) => (== ?ts_ph_Nat_0 Z)
16:19:53 [0m[33m[WARN] [0mproved: (== ?ts_ph_Nat_0 ?ts_ph_Nat_0) => true

Starting depth 2
16:19:54 [0m[33m[WARN] [0m# of splitters: 24
16:19:54 [0m[33m[WARN] [0m# of splitters: 16
16:19:54 [0m[33m[WARN] [0m# of splitters: 24
16:19:55 [0m[33m[WARN] [0m# of splitters: 15
16:19:55 [0m[33m[WARN] [0m# of splitters: 23
16:19:55 [0m[33m[WARN] [0m# of splitters: 21
16:19:55 [0m[33m[WARN] [0m# of splitters: 22
16:19:56 [0m[33m[WARN] [0m# of splitters: 20
16:19:56 [0m[33m[WARN] [0m# of splitters: 21
16:19:56 [0m[33m[WARN] [0m# of splitters: 19
16:19:57 [0m[33m[WARN] [0m# of splitters: 20
16:19:57 [0m[33m[WARN] [0m# of splitters: 18
16:19:57 [0m[33m[WARN] [0m# of splitters: 19
16:19:58 [0m[33m[WARN] [0m# of splitters: 17
16:19:58 [0m[33m[WARN] [0m# of splitters: 18
16:19:59 [0m[33m[WARN] [0m# of splitters: 16
16:19:59 [0m[33m[WARN] [0m# of splitters: 17
16:19:59 [0m[33m[WARN] [0m# of splitters: 15
16:20:00 [0m[33m[WARN] [0m# of splitters: 16
16:20:00 [0m[33m[WARN] [0m# of splitters: 14
16:20:00 [0m[33m[WARN] [0m# of splitters: 15
16:20:01 [0m[33m[WARN] [0m# of splitters: 13
16:20:01 [0m[33m[WARN] [0m# of splitters: 14
16:20:02 [0m[33m[WARN] [0m# of splitters: 12
16:20:02 [0m[33m[WARN] [0m# of splitters: 13
16:20:02 [0m[33m[WARN] [0m# of splitters: 11
16:20:03 [0m[33m[WARN] [0m# of splitters: 12
16:20:03 [0m[33m[WARN] [0m# of splitters: 10
16:20:03 [0m[33m[WARN] [0m# of splitters: 11
16:20:03 [0m[33m[WARN] [0m# of splitters: 9
16:20:03 [0m[33m[WARN] [0m# of splitters: 10
16:20:03 [0m[33m[WARN] [0m# of splitters: 8
16:20:04 [0m[33m[WARN] [0m# of splitters: 9
16:20:04 [0m[33m[WARN] [0m# of splitters: 7
16:20:04 [0m[33m[WARN] [0m# of splitters: 8
16:20:05 [0m[33m[WARN] [0m# of splitters: 6
16:20:05 [0m[33m[WARN] [0m# of splitters: 7
16:20:05 [0m[33m[WARN] [0mproved: (+2 ?ts_ph_Nat_0 (S Z)) => (S ?ts_ph_Nat_0)
16:20:05 [0m[33m[WARN] [0mproved: (S ?ts_ph_Nat_0) => (+2 ?ts_ph_Nat_0 (S Z))
16:20:05 [0m[33m[WARN] [0m# of splitters: 1
16:20:05 [0m[33m[WARN] [0m# of splitters: 1
16:20:05 [0m[33m[WARN] [0mproved: (== (S ?ts_ph_Nat_0) ?ts_ph_Nat_0) => false
16:20:05 [0m[33m[WARN] [0m# of splitters: 1
16:20:05 [0m[33m[WARN] [0m# of splitters: 1
16:20:05 [0m[33m[WARN] [0mproved: (== ?ts_ph_Nat_0 (S ?ts_ph_Nat_0)) => false
16:20:05 [0m[33m[WARN] [0m# of splitters: 1
16:20:05 [0m[33m[WARN] [0mproved: (== (S Z) ?ts_ph_Nat_0) => (== ?ts_ph_Nat_0 (S Z))
16:20:05 [0m[33m[WARN] [0mproved: (== ?ts_ph_Nat_0 (S Z)) => (== (S Z) ?ts_ph_Nat_0)
generalizing (+2 ts_ph_Nat_0 (+2 ts_ph_Nat_1 ts_ph_Nat_1)) = (+2 (+2 ts_ph_Nat_0 ts_ph_Nat_1) ts_ph_Nat_1)
generalized as case_split
16:20:05 [0m[33m[WARN] [0mproved: (+2 ?ts_ph_Nat_0 (+2 ?ts_ph_Nat_1 ?ts_ph_Nat_2)) => (+2 (+2 ?ts_ph_Nat_0 ?ts_ph_Nat_1) ?ts_ph_Nat_2)
16:20:05 [0m[33m[WARN] [0mproved: (+2 (+2 ?ts_ph_Nat_0 ?ts_ph_Nat_1) ?ts_ph_Nat_2) => (+2 ?ts_ph_Nat_0 (+2 ?ts_ph_Nat_1 ?ts_ph_Nat_2))
16:20:05 [0m[33m[WARN] [0m# of splitters: 1
16:20:05 [0m[33m[WARN] [0m# of splitters: 1
16:20:05 [0m[33m[WARN] [0m# of splitters: 3
16:20:05 [0m[33m[WARN] [0mproved: (== ?ts_ph_Nat_0 (+2 ?ts_ph_Nat_0 ?ts_ph_Nat_1)) => (== Z ?ts_ph_Nat_1)
16:20:05 [0m[33m[WARN] [0m# of splitters: 1
16:20:05 [0m[33m[WARN] [0m# of splitters: 1
16:20:05 [0m[33m[WARN] [0m# of splitters: 3
16:20:05 [0m[33m[WARN] [0mproved: (== (+2 ?ts_ph_Nat_0 ?ts_ph_Nat_1) ?ts_ph_Nat_0) => (== ?ts_ph_Nat_0 (+2 ?ts_ph_Nat_0 ?ts_ph_Nat_1))
16:20:05 [0m[33m[WARN] [0mproved: (== ?ts_ph_Nat_0 (+2 ?ts_ph_Nat_0 ?ts_ph_Nat_1)) => (== (+2 ?ts_ph_Nat_0 ?ts_ph_Nat_1) ?ts_ph_Nat_0)
16:20:05 [0m[33m[WARN] [0mproved: (== Z (+2 ?ts_ph_Nat_0 ?ts_ph_Nat_0)) => (== Z ?ts_ph_Nat_0)
16:20:05 [0m[33m[WARN] [0mproved: (== Z ?ts_ph_Nat_0) => (== Z (+2 ?ts_ph_Nat_0 ?ts_ph_Nat_0))
16:20:05 [0m[33m[WARN] [0m# of splitters: 1
16:20:05 [0m[33m[WARN] [0m# of splitters: 3
16:20:05 [0m[33m[WARN] [0m# of splitters: 2
16:20:05 [0m[33m[WARN] [0m# of splitters: 1
16:20:05 [0m[33m[WARN] [0m# of splitters: 6
16:20:05 [0m[33m[WARN] [0m# of splitters: 2
16:20:05 [0m[33m[WARN] [0m# of splitters: 2
16:20:05 [0m[33m[WARN] [0mproved: (== (S ?ts_ph_Nat_0) (+2 ?ts_ph_Nat_0 ?ts_ph_Nat_1)) => (== ?ts_ph_Nat_1 (S Z))
16:20:05 [0m[33m[WARN] [0m# of splitters: 28
16:20:05 [0m[33m[WARN] [0m# of splitters: 6
16:20:05 [0m[33m[WARN] [0m# of splitters: 18
16:20:05 [0m[33m[WARN] [0m# of splitters: 23
16:20:05 [0m[33m[WARN] [0mproved: (== (S Z) (+2 ?ts_ph_Nat_0 ?ts_ph_Nat_0)) => false
16:20:05 [0m[33m[WARN] [0m# of splitters: 71
16:20:05 [0m[33m[WARN] [0m# of splitters: 11
16:20:05 [0m[33m[WARN] [0m# of splitters: 1
16:20:05 [0m[33m[WARN] [0m# of splitters: 55
16:20:06 [0m[33m[WARN] [0m# of splitters: 80
16:20:06 [0m[33m[WARN] [0m# of splitters: 38
16:20:06 [0m[33m[WARN] [0m# of splitters: 40
16:20:06 [0m[33m[WARN] [0m# of splitters: 1
16:20:06 [0m[33m[WARN] [0m# of splitters: 28
16:20:06 [0m[33m[WARN] [0m# of splitters: 4
16:20:06 [0m[33m[WARN] [0m# of splitters: 20
16:20:06 [0m[33m[WARN] [0m# of splitters: 15
16:20:06 [0m[33m[WARN] [0m# of splitters: 13
16:20:06 [0m[33m[WARN] [0mproved: (== ?ts_ph_Nat_0 (S Z)) => (== (+2 ?ts_ph_Nat_0 ?ts_ph_Nat_0) (S ?ts_ph_Nat_0))
16:20:06 [0m[33m[WARN] [0mproved: (== (+2 ?ts_ph_Nat_0 ?ts_ph_Nat_0) (S ?ts_ph_Nat_0)) => (== ?ts_ph_Nat_0 (S Z))
16:20:06 [0m[33m[WARN] [0m# of splitters: 3
16:20:06 [0m[33m[WARN] [0m# of splitters: 12
16:20:07 [0m[33m[WARN] [0m# of splitters: 13
16:20:07 [0m[33m[WARN] [0m# of splitters: 1
16:20:07 [0m[33m[WARN] [0m# of splitters: 7
16:20:07 [0m[33m[WARN] [0m# of splitters: 8
16:20:07 [0m[33m[WARN] [0m# of splitters: 3
16:20:07 [0m[33m[WARN] [0m# of splitters: 12
16:20:07 [0m[33m[WARN] [0m# of splitters: 13
16:20:07 [0m[33m[WARN] [0m# of splitters: 1
generalizing (+2 (+2 ts_ph_Nat_0 ts_ph_Nat_1) ts_ph_Nat_1) = (+2 ts_ph_Nat_0 (+2 ts_ph_Nat_1 ts_ph_Nat_1))
generalized as case_split
16:20:07 [0m[33m[WARN] [0m# of splitters: 36
16:20:07 [0m[33m[WARN] [0m# of splitters: 2
16:20:07 [0m[33m[WARN] [0m# of splitters: 70
16:20:08 [0m[33m[WARN] [0m# of splitters: 2
16:20:08 [0m[33m[WARN] [0m# of splitters: 55
16:20:09 [0m[33m[WARN] [0m# of splitters: 3
16:20:09 [0m[33m[WARN] [0m# of splitters: 45
16:20:10 [0m[33m[WARN] [0m# of splitters: 6
16:20:11 [0m[33m[WARN] [0m# of splitters: 36
16:20:12 [0m[33m[WARN] [0m# of splitters: 96
16:20:16 [0m[33m[WARN] [0m# of splitters: 36
16:20:16 [0m[33m[WARN] [0m# of splitters: 95
16:20:23 [0m[33m[WARN] [0m# of splitters: 35
16:20:23 [0m[33m[WARN] [0m# of splitters: 103
16:20:44 [0m[33m[WARN] [0m# of splitters: 28
16:20:44 [0m[33m[WARN] [0m# of splitters: 36
16:20:44 [0m[33m[WARN] [0m# of splitters: 2
16:20:44 [0m[33m[WARN] [0m# of splitters: 70
16:20:46 [0m[33m[WARN] [0m# of splitters: 2
16:20:46 [0m[33m[WARN] [0m# of splitters: 55
16:20:47 [0m[33m[WARN] [0m# of splitters: 3
16:20:47 [0m[33m[WARN] [0m# of splitters: 45
16:20:47 [0m[33m[WARN] [0m# of splitters: 6
16:20:47 [0m[33m[WARN] [0m# of splitters: 36
16:20:48 [0m[33m[WARN] [0m# of splitters: 16
16:20:48 [0m[33m[WARN] [0m# of splitters: 29
16:20:49 [0m[33m[WARN] [0m# of splitters: 37
16:20:57 [0m[33m[WARN] [0m# of splitters: 24
16:20:57 [0m[33m[WARN] [0m# of splitters: 94
16:21:03 [0m[33m[WARN] [0m# of splitters: 34
16:21:03 [0m[33m[WARN] [0m# of splitters: 93
16:21:07 [0m[33m[WARN] [0m# of splitters: 33
16:21:08 [0m[33m[WARN] [0m# of splitters: 92
16:21:08 [0m[33m[WARN] [0m# of splitters: 32
16:21:08 [0m[33m[WARN] [0m# of splitters: 101
16:21:26 [0m[33m[WARN] [0m# of splitters: 26
16:21:26 [0m[33m[WARN] [0m# of splitters: 81
16:21:53 [0m[33m[WARN] [0m# of splitters: 25
16:21:53 [0m[33m[WARN] [0m# of splitters: 110
16:22:05 [0m[33m[WARN] [0m# of splitters: 22
16:22:05 [0m[33m[WARN] [0m# of splitters: 52
16:22:05 [0m[33m[WARN] [0m# of splitters: 2
16:22:05 [0m[33m[WARN] [0m# of splitters: 69
16:22:05 [0m[33m[WARN] [0m# of splitters: 2
16:22:06 [0m[33m[WARN] [0m# of splitters: 51
16:22:06 [0m[33m[WARN] [0m# of splitters: 3
16:22:06 [0m[33m[WARN] [0m# of splitters: 43
16:22:06 [0m[33m[WARN] [0m# of splitters: 6
16:22:06 [0m[33m[WARN] [0m# of splitters: 36
16:22:06 [0m[33m[WARN] [0m# of splitters: 17
16:22:08 [0m[33m[WARN] [0m# of splitters: 27
16:22:08 [0m[33m[WARN] [0m# of splitters: 25
16:22:11 [0m[33m[WARN] [0m# of splitters: 27
16:22:11 [0m[33m[WARN] [0m# of splitters: 65
16:22:14 [0m[33m[WARN] [0m# of splitters: 31
16:22:14 [0m[33m[WARN] [0m# of splitters: 64
16:22:14 [0m[33m[WARN] [0m# of splitters: 30
16:22:14 [0m[33m[WARN] [0m# of splitters: 41
16:22:21 [0m[33m[WARN] [0m# of splitters: 28
16:22:21 [0m[33m[WARN] [0m# of splitters: 63
16:22:21 [0m[33m[WARN] [0m# of splitters: 29
16:22:22 [0m[33m[WARN] [0m# of splitters: 41
16:22:29 [0m[33m[WARN] [0m# of splitters: 28
16:22:29 [0m[33m[WARN] [0m# of splitters: 37
16:22:43 [0m[33m[WARN] [0m# of splitters: 29
16:22:43 [0m[33m[WARN] [0m# of splitters: 29
16:22:50 [0m[33m[WARN] [0m# of splitters: 23
16:22:50 [0m[33m[WARN] [0m# of splitters: 39
16:22:50 [0m[33m[WARN] [0m# of splitters: 26
16:22:50 [0m[33m[WARN] [0m# of splitters: 27
16:22:50 [0m[33m[WARN] [0m# of splitters: 21
16:22:50 [0m[33m[WARN] [0m# of splitters: 82
16:22:58 [0m[33m[WARN] [0m# of splitters: 24
16:22:58 [0m[33m[WARN] [0m# of splitters: 27
16:22:58 [0m[33m[WARN] [0m# of splitters: 21
16:22:58 [0m[33m[WARN] [0m# of splitters: 66
16:22:58 [0m[33m[WARN] [0m# of splitters: 37
16:22:59 [0m[33m[WARN] [0m# of splitters: 69
16:23:00 [0m[33m[WARN] [0m# of splitters: 32
16:23:01 [0m[33m[WARN] [0m# of splitters: 54
16:23:01 [0m[33m[WARN] [0m# of splitters: 64
16:23:12 [0m[33m[WARN] [0m# of splitters: 43
16:23:12 [0m[33m[WARN] [0m# of splitters: 64
16:23:44 [0m[33m[WARN] [0m# of splitters: 43
16:23:46 [0m[33m[WARN] [0m# of splitters: 63
16:23:59 [0m[33m[WARN] [0m# of splitters: 42
16:24:01 [0m[33m[WARN] [0m# of splitters: 41
16:24:03 [0m[33m[WARN] [0m# of splitters: 45
16:24:03 [0m[33m[WARN] [0m# of splitters: 82
16:24:23 [0m[33m[WARN] [0m# of splitters: 40
16:24:24 [0m[33m[WARN] [0m# of splitters: 48
16:24:26 [0m[33m[WARN] [0m# of splitters: 43
16:24:27 [0m[33m[WARN] [0m# of splitters: 48
16:24:29 [0m[33m[WARN] [0m# of splitters: 43
16:24:30 [0m[33m[WARN] [0m# of splitters: 66
16:24:30 [0m[33m[WARN] [0m# of splitters: 37
16:24:31 [0m[33m[WARN] [0m# of splitters: 69
16:24:37 [0m[33m[WARN] [0m# of splitters: 32
16:24:38 [0m[33m[WARN] [0m# of splitters: 54
16:24:39 [0m[33m[WARN] [0m# of splitters: 64
16:25:12 [0m[33m[WARN] [0m# of splitters: 43
16:25:12 [0m[33m[WARN] [0m# of splitters: 85
16:25:23 [0m[33m[WARN] [0m# of splitters: 43
16:25:23 [0m[33m[WARN] [0m# of splitters: 51
16:25:27 [0m[33m[WARN] [0m# of splitters: 46
16:25:30 [0m[33m[WARN] [0m# of splitters: 50
16:25:34 [0m[33m[WARN] [0m# of splitters: 45
16:25:34 [0m[33m[WARN] [0m# of splitters: 84
16:25:34 [0m[33m[WARN] [0m# of splitters: 26
16:25:34 [0m[33m[WARN] [0m# of splitters: 76
16:25:35 [0m[33m[WARN] [0m# of splitters: 52
16:25:37 [0m[33m[WARN] [0m# of splitters: 58
16:25:38 [0m[33m[WARN] [0m# of splitters: 51
16:25:39 [0m[33m[WARN] [0m# of splitters: 57
16:25:42 [0m[33m[WARN] [0m# of splitters: 50
16:25:43 [0m[33m[WARN] [0m# of splitters: 56
16:25:43 [0m[33m[WARN] [0m# of splitters: 59
16:25:47 [0m[33m[WARN] [0m# of splitters: 50
16:25:48 [0m[33m[WARN] [0m# of splitters: 59
16:25:55 [0m[33m[WARN] [0m# of splitters: 50
16:25:55 [0m[33m[WARN] [0m# of splitters: 42
16:25:55 [0m[33m[WARN] [0m# of splitters: 63
16:25:55 [0m[33m[WARN] [0m# of splitters: 52
16:25:57 [0m[33m[WARN] [0m# of splitters: 53
16:25:59 [0m[33m[WARN] [0m# of splitters: 52
16:26:01 [0m[33m[WARN] [0m# of splitters: 53
16:26:02 [0m[33m[WARN] [0m# of splitters: 3
16:26:02 [0m[33m[WARN] [0m# of splitters: 1
16:26:02 [0m[33m[WARN] [0m# of splitters: 20
16:26:02 [0m[33m[WARN] [0m# of splitters: 2
16:26:02 [0m[33m[WARN] [0m# of splitters: 4
16:26:02 [0m[33m[WARN] [0m# of splitters: 5
16:26:02 [0m[33m[WARN] [0m# of splitters: 3
16:26:02 [0m[33m[WARN] [0mproved: (== (+2 ?ts_ph_Nat_0 ?ts_ph_Nat_1) (S ?ts_ph_Nat_0)) => (== ?ts_ph_Nat_1 (S Z))

16:26:02 [0m[33m[WARN] [0mproved: (+2 ?ts_ph_Nat_1 ?ts_ph_Nat_0) => (+2 ?ts_ph_Nat_0 ?ts_ph_Nat_1)
16:26:02 [0m[33m[WARN] [0mproved: (+2 ?ts_ph_Nat_0 ?ts_ph_Nat_1) => (+2 ?ts_ph_Nat_1 ?ts_ph_Nat_0)

16:26:02 [0m[33m[WARN] [0m# of splitters: 1
16:26:02 [0m[33m[WARN] [0m# of splitters: 2
16:26:02 [0m[33m[WARN] [0m# of splitters: 1
16:26:03 [0m[33m[WARN] [0m# of splitters: 1
16:26:03 [0m[33m[WARN] [0m# of splitters: 5
16:26:03 [0m[33m[WARN] [0m# of splitters: 1
16:26:03 [0m[33m[WARN] [0mproved: (== (+2 ?ts_ph_Nat_0 ?ts_ph_Nat_0) (+2 ?ts_ph_Nat_0 ?ts_ph_Nat_1)) => (== ?ts_ph_Nat_0 ?ts_ph_Nat_1)
16:26:03 [0m[33m[WARN] [0mproved: (== ?ts_ph_Nat_0 ?ts_ph_Nat_1) => (== (+2 ?ts_ph_Nat_0 ?ts_ph_Nat_0) (+2 ?ts_ph_Nat_0 ?ts_ph_Nat_1))

16:26:14 [0m[33m[WARN] [0m# of splitters: 62
16:26:14 [0m[33m[WARN] [0m# of splitters: 26
16:26:33 [0m[33m[WARN] [0m# of splitters: 210
16:26:51 [0m[33m[WARN] [0m# of splitters: 21
16:27:08 [0m[33m[WARN] [0m# of splitters: 21
16:27:09 [0m[33m[WARN] [0m# of splitters: 22
16:27:55 [0m[33m[WARN] [0mStopped case split due to node limit
16:27:59 [0m[33m[WARN] [0mStopped case split due to node limit
16:28:00 [0m[33m[WARN] [0m# of splitters: 20
16:28:12 [0m[33m[WARN] [0m# of splitters: 48
16:28:50 [0m[33m[WARN] [0m# of splitters: 19
16:28:51 [0m[33m[WARN] [0m# of splitters: 56
16:28:51 [0m[33m[WARN] [0m# of splitters: 19
16:29:11 [0m[33m[WARN] [0m# of splitters: 46
16:30:36 [0m[33m[WARN] [0m# of splitters: 17
16:30:37 [0m[33m[WARN] [0m# of splitters: 55
16:30:37 [0m[33m[WARN] [0m# of splitters: 18
16:31:02 [0m[33m[WARN] [0m# of splitters: 20
16:31:20 [0m[33m[WARN] [0m# of splitters: 17
16:31:21 [0m[33m[WARN] [0m# of splitters: 19
16:31:51 [0m[33m[WARN] [0m# of splitters: 16
16:32:01 [0m[33m[WARN] [0m# of splitters: 44
16:32:01 [0m[33m[WARN] [0m# of splitters: 58
16:32:05 [0m[33m[WARN] [0m# of splitters: 70
16:32:17 [0m[33m[WARN] [0m# of splitters: 62
16:32:18 [0m[33m[WARN] [0m# of splitters: 53
16:32:18 [0m[33m[WARN] [0m# of splitters: 19
16:32:44 [0m[33m[WARN] [0m# of splitters: 51
16:32:44 [0m[33m[WARN] [0m# of splitters: 86
16:33:16 [0m[33m[WARN] [0m# of splitters: 52
16:33:17 [0m[33m[WARN] [0m# of splitters: 85
16:33:49 [0m[33m[WARN] [0m# of splitters: 51
16:33:49 [0m[33m[WARN] [0m# of splitters: 93
16:35:11 [0m[33m[WARN] [0m# of splitters: 51
16:35:11 [0m[33m[WARN] [0m# of splitters: 110
16:35:40 [0m[33m[WARN] [0m# of splitters: 50
16:35:40 [0m[33m[WARN] [0m# of splitters: 18
16:35:52 [0m[33m[WARN] [0m# of splitters: 49
16:37:00 [0m[33m[WARN] [0m# of splitters: 23
16:37:40 [0m[33m[WARN] [0mStopped case split due to node limit
16:37:44 [0m[33m[WARN] [0mStopped case split due to node limit
16:37:48 [0m[33m[WARN] [0mStopped case split due to node limit
16:37:49 [0m[33m[WARN] [0m# of splitters: 49
16:37:49 [0m[33m[WARN] [0m# of splitters: 105
16:37:49 [0m[33m[WARN] [0m# of splitters: 144
16:38:14 [0m[33m[WARN] [0m# of splitters: 35
16:39:23 [0m[33m[WARN] [0m# of splitters: 163
16:39:46 [0m[33m[WARN] [0m# of splitters: 29
16:40:04 [0m[33m[WARN] [0m# of splitters: 134
16:40:08 [0m[33m[WARN] [0m# of splitters: 29
16:41:09 [0m[33m[WARN] [0m# of splitters: 153
16:41:20 [0m[33m[WARN] [0m# of splitters: 27
16:45:01 [0m[33m[WARN] [0mStopped case split due to node limit
16:45:45 [0m[33m[WARN] [0mStopped case split due to node limit
16:45:56 [0m[33m[WARN] [0m# of splitters: 134
16:46:03 [0m[33m[WARN] [0m# of splitters: 24
16:46:47 [0m[33m[WARN] [0m# of splitters: 168
16:48:14 [0m[33m[WARN] [0m# of splitters: 23
16:48:15 [0m[33m[WARN] [0m# of splitters: 34
16:48:37 [0m[33m[WARN] [0mStopped case split due to node limit
16:48:37 [0m[33m[WARN] [0m# of splitters: 24
16:48:38 [0m[33m[WARN] [0m# of splitters: 163
16:49:06 [0m[33m[WARN] [0m# of splitters: 26
16:49:06 [0m[33m[WARN] [0m# of splitters: 133
16:49:30 [0m[33m[WARN] [0m# of splitters: 23
16:49:31 [0m[33m[WARN] [0m# of splitters: 132
16:49:37 [0m[33m[WARN] [0m# of splitters: 22
16:50:28 [0m[33m[WARN] [0m# of splitters: 131
16:50:34 [0m[33m[WARN] [0m# of splitters: 21
16:50:35 [0m[33m[WARN] [0m# of splitters: 31
16:50:35 [0m[33m[WARN] [0m# of splitters: 21
16:51:30 [0m[33m[WARN] [0m# of splitters: 32
16:52:33 [0m[33m[WARN] [0m# of splitters: 24
16:54:40 [0m[33m[WARN] [0m# of splitters: 17
16:55:05 [0m[33m[WARN] [0mStopped case split due to node limit
16:55:07 [0m[33m[WARN] [0mStopped case split due to node limit
16:55:09 [0m[33m[WARN] [0mStopped case split due to node limit
16:55:09 [0m[33m[WARN] [0m# of splitters: 24
16:55:25 [0m[33m[WARN] [0mproved: (== (+2 ?ts_ph_Nat_0 ?ts_ph_Nat_1) (+2 ?ts_ph_Nat_0 ?ts_ph_Nat_0)) => (== ?ts_ph_Nat_1 ?ts_ph_Nat_0)
16:55:25 [0m[33m[WARN] [0mproved: (== ?ts_ph_Nat_1 ?ts_ph_Nat_0) => (== (+2 ?ts_ph_Nat_0 ?ts_ph_Nat_1) (+2 ?ts_ph_Nat_0 ?ts_ph_Nat_0))

17:06:48 [0m[33m[WARN] [0m# of splitters: 14
17:06:48 [0m[33m[WARN] [0m# of splitters: 8
17:07:06 [0m[33m[WARN] [0m# of splitters: 12
17:07:07 [0m[33m[WARN] [0m# of splitters: 8
17:07:15 [0m[33m[WARN] [0m# of splitters: 13
17:07:15 [0m[33m[WARN] [0m# of splitters: 9
17:07:28 [0m[33m[WARN] [0m# of splitters: 11
17:07:29 [0m[33m[WARN] [0m# of splitters: 10
17:07:50 [0m[33m[WARN] [0mStopped case split due to node limit
17:07:53 [0m[33m[WARN] [0mStopped case split due to node limit
17:07:54 [0m[33m[WARN] [0m# of splitters: 10
17:07:55 [0m[33m[WARN] [0m# of splitters: 14
17:08:15 [0m[33m[WARN] [0m# of splitters: 10
done in 2901694
