12:07:30 [WARN] Collecting statistics
12:07:30 [WARN]  ex is: Z
12:07:30 [WARN]  ex is: (S Z)
12:07:30 [WARN]  ex is: (S (S Z))
12:07:30 [WARN] Proof mode: false
12:07:30 [WARN]  ex is: Z
12:07:30 [WARN]  ex is: (S Z)
12:07:30 [WARN]  ex is: (S (S Z))
12:07:30 [WARN] Proof mode: false
12:07:30 [WARN] proved: (max ?ts_ph_Nat_0 ?ts_ph_Nat_0) => ?ts_ph_Nat_0
12:07:30 [WARN] proved: (max ?ts_ph_Nat_0 Z) => ?ts_ph_Nat_0
12:26:23 [WARN] proved: (max (S Z) ?ts_ph_Nat_0) => (max ?ts_ph_Nat_0 (S Z))
12:26:23 [WARN] proved: (max ?ts_ph_Nat_0 (S Z)) => (max (S Z) ?ts_ph_Nat_0)
12:26:23 [WARN] proved: (max ?ts_ph_Nat_1 ?ts_ph_Nat_0) => (max ?ts_ph_Nat_0 ?ts_ph_Nat_1)
12:26:23 [WARN] proved: (max ?ts_ph_Nat_0 ?ts_ph_Nat_1) => (max ?ts_ph_Nat_1 ?ts_ph_Nat_0)
12:26:23 [WARN] proved: (S ?ts_ph_Nat_0) => (max ?ts_ph_Nat_0 (S ?ts_ph_Nat_0))
12:26:23 [WARN] proved: (max ?ts_ph_Nat_0 (S ?ts_ph_Nat_0)) => (S ?ts_ph_Nat_0)
12:26:23 [WARN] proved: (max ?ts_ph_Nat_0 ?ts_ph_Nat_1) => (max ?ts_ph_Nat_1 (max ?ts_ph_Nat_0 ?ts_ph_Nat_1))
12:26:23 [WARN] proved: (max ?ts_ph_Nat_1 (max ?ts_ph_Nat_0 ?ts_ph_Nat_1)) => (max ?ts_ph_Nat_0 ?ts_ph_Nat_1)
12:26:23 [WARN] proved: (max (max ?ts_ph_Nat_0 ?ts_ph_Nat_1) (S ?ts_ph_Nat_0)) => (max ?ts_ph_Nat_1 (S ?ts_ph_Nat_0))
12:26:23 [WARN] proved: (max ?ts_ph_Nat_1 (S ?ts_ph_Nat_0)) => (max (max ?ts_ph_Nat_0 ?ts_ph_Nat_1) (S ?ts_ph_Nat_0))
