12:07:30 [0m[33m[WARN] [0mCollecting statistics
(min Z ?y) => Z
(min (S ?z) Z) => Z
(min (S ?z) (S ?y1)) => (S (min ?z ?y1))
(S (min ?z ?y1)) => (min (S ?z) (S ?y1))
Searcher: (min ?autovar6 Z)
Searcher: (min ?autovar6 (S ?autovar3))
Searcher: (min (S ?autovar4) ?autovar7)
Searcher: (min (S ?autovar5) ?autovar7)
12:07:30 [0m[33m[WARN] [0m ex is: Z
12:07:30 [0m[33m[WARN] [0m ex is: (S Z)
12:07:30 [0m[33m[WARN] [0m ex is: (S (S Z))
12:07:30 [0m[33m[WARN] [0mProof mode: false
12:07:30 [0m[33m[WARN] [0m ex is: Z
12:07:30 [0m[33m[WARN] [0m ex is: (S Z)
12:07:30 [0m[33m[WARN] [0m ex is: (S (S Z))
12:07:30 [0m[33m[WARN] [0mProof mode: false
12:07:30 [0m[33m[WARN] [0mproved: (min ?ts_ph_Nat_0 ?ts_ph_Nat_0) => ?ts_ph_Nat_0
12:07:30 [0m[33m[WARN] [0mproved: (min ?ts_ph_Nat_0 Z) => Z
12:07:46 [0m[33m[WARN] [0mproved: (min ?ts_ph_Nat_0 (S ?ts_ph_Nat_0)) => ?ts_ph_Nat_0
12:07:46 [0m[33m[WARN] [0mproved: (min ?ts_ph_Nat_0 (S Z)) => (min (S Z) ?ts_ph_Nat_0)
12:07:46 [0m[33m[WARN] [0mproved: (min (S Z) ?ts_ph_Nat_0) => (min ?ts_ph_Nat_0 (S Z))
12:07:46 [0m[33m[WARN] [0mproved: (min ?ts_ph_Nat_0 ?ts_ph_Nat_1) => (min ?ts_ph_Nat_1 ?ts_ph_Nat_0)
12:07:46 [0m[33m[WARN] [0mproved: (min ?ts_ph_Nat_1 ?ts_ph_Nat_0) => (min ?ts_ph_Nat_0 ?ts_ph_Nat_1)
12:07:46 [0m[33m[WARN] [0mproved: (min ?ts_ph_Nat_0 ?ts_ph_Nat_1) => (min ?ts_ph_Nat_1 (min ?ts_ph_Nat_0 ?ts_ph_Nat_1))
12:07:46 [0m[33m[WARN] [0mproved: (min ?ts_ph_Nat_1 (min ?ts_ph_Nat_0 ?ts_ph_Nat_1)) => (min ?ts_ph_Nat_0 ?ts_ph_Nat_1)
12:07:46 [0m[33m[WARN] [0mproved: (min ?ts_ph_Nat_0 ?ts_ph_Nat_1) => (min (min ?ts_ph_Nat_0 ?ts_ph_Nat_1) (S ?ts_ph_Nat_1))
12:07:46 [0m[33m[WARN] [0mproved: (min (min ?ts_ph_Nat_0 ?ts_ph_Nat_1) (S ?ts_ph_Nat_1)) => (min ?ts_ph_Nat_0 ?ts_ph_Nat_1)
done in 16566
