13:07:31 [WARN] Collecting statistics
13:07:31 [WARN]  ex is: Z
13:07:31 [WARN]  ex is: (S Z)
13:07:31 [WARN]  ex is: (S (S Z))
13:07:31 [WARN]  ex is: nil
13:07:31 [WARN]  ex is: (cons autovar_Nat_0 nil)
13:07:31 [WARN]  ex is: (cons autovar_Nat_1 (cons autovar_Nat_0 nil))
13:07:31 [WARN] Proof mode: false
13:07:31 [WARN]  ex is: Z
13:07:31 [WARN]  ex is: (S Z)
13:07:31 [WARN]  ex is: (S (S Z))
13:07:31 [WARN]  ex is: nil
13:07:31 [WARN]  ex is: (cons autovar_Nat_0 nil)
13:07:31 [WARN]  ex is: (cons autovar_Nat_1 (cons autovar_Nat_0 nil))
13:07:31 [WARN] Proof mode: false
13:07:31 [WARN] proved: (++ ?ts_ph_list_0 nil) => ?ts_ph_list_0
13:07:31 [WARN] generalized case_split proof as: (++ ?ts_ph_list_0 (++ ?ts_ph_list_1 ?ts_ph_list_2)) -- (++ (++ ?ts_ph_list_0 ?ts_ph_list_1) ?ts_ph_list_2)
13:07:31 [WARN] proved: (++ ?ts_ph_list_0 (++ ?ts_ph_list_1 ?ts_ph_list_2)) => (++ (++ ?ts_ph_list_0 ?ts_ph_list_1) ?ts_ph_list_2)
13:07:31 [WARN] proved: (++ (++ ?ts_ph_list_0 ?ts_ph_list_1) ?ts_ph_list_2) => (++ ?ts_ph_list_0 (++ ?ts_ph_list_1 ?ts_ph_list_2))
13:07:31 [WARN] proved: (last ?ts_ph_list_0) => (last (cons Z ?ts_ph_list_0))
13:07:31 [WARN] proved: (last (cons Z ?ts_ph_list_0)) => (last ?ts_ph_list_0)
