21:18:49 [WARN] Collecting statistics
21:18:49 [WARN]  ex is: Z
21:18:49 [WARN]  ex is: (S Z)
21:18:49 [WARN]  ex is: (S (S Z))
21:18:49 [WARN] Proof mode: false
21:18:49 [WARN]  ex is: Z
21:18:49 [WARN]  ex is: (S Z)
21:18:49 [WARN]  ex is: (S (S Z))
21:18:49 [WARN] Proof mode: false
21:18:49 [WARN] proved: (min ?ts_ph_Nat_0 ?ts_ph_Nat_0) => ?ts_ph_Nat_0
21:18:49 [WARN] proved: (min ?ts_ph_Nat_0 Z) => Z
21:18:49 [WARN] proved: (<=2 ?ts_ph_Nat_0 Z) => (== Z ?ts_ph_Nat_0)
21:18:49 [WARN] proved: (== Z ?ts_ph_Nat_0) => (<=2 ?ts_ph_Nat_0 Z)
21:18:49 [WARN] proved: (== ?ts_ph_Nat_0 Z) => (== Z ?ts_ph_Nat_0)
21:18:49 [WARN] proved: (== Z ?ts_ph_Nat_0) => (== ?ts_ph_Nat_0 Z)
21:18:49 [WARN] proved: (== ?ts_ph_Nat_0 ?ts_ph_Nat_0) => true
21:18:49 [WARN] proved: (== ?ts_ph_Nat_0 ?ts_ph_Nat_0) => (<=2 ?ts_ph_Nat_0 ?ts_ph_Nat_0)
21:18:49 [WARN] proved: (<=2 ?ts_ph_Nat_0 ?ts_ph_Nat_0) => (== ?ts_ph_Nat_0 ?ts_ph_Nat_0)
21:28:39 [WARN] proved: (min ?ts_ph_Nat_0 (S ?ts_ph_Nat_0)) => ?ts_ph_Nat_0
21:28:39 [WARN] proved: (min ?ts_ph_Nat_0 (S ?ts_ph_Nat_0)) => (min (S ?ts_ph_Nat_0) ?ts_ph_Nat_0)
21:28:39 [WARN] proved: (min (S ?ts_ph_Nat_0) ?ts_ph_Nat_0) => (min ?ts_ph_Nat_0 (S ?ts_ph_Nat_0))
21:28:39 [WARN] proved: (== ?ts_ph_Nat_0 (S Z)) => (== (S Z) ?ts_ph_Nat_0)
21:28:39 [WARN] proved: (== (S Z) ?ts_ph_Nat_0) => (== ?ts_ph_Nat_0 (S Z))
21:28:39 [WARN] proved: (<=2 ?ts_ph_Nat_0 (S ?ts_ph_Nat_0)) => true
21:28:39 [WARN] proved: (<=2 (S ?ts_ph_Nat_0) ?ts_ph_Nat_0) => false
21:28:39 [WARN] proved: (<=2 (S ?ts_ph_Nat_0) ?ts_ph_Nat_0) => (== (S ?ts_ph_Nat_0) ?ts_ph_Nat_0)
21:28:39 [WARN] proved: (== (S ?ts_ph_Nat_0) ?ts_ph_Nat_0) => (<=2 (S ?ts_ph_Nat_0) ?ts_ph_Nat_0)
21:28:39 [WARN] proved: (min ?ts_ph_Nat_0 (S Z)) => (min (S Z) ?ts_ph_Nat_0)
21:28:39 [WARN] proved: (min (S Z) ?ts_ph_Nat_0) => (min ?ts_ph_Nat_0 (S Z))
21:28:39 [WARN] proved: (min ?ts_ph_Nat_1 ?ts_ph_Nat_0) => (min ?ts_ph_Nat_0 ?ts_ph_Nat_1)
21:28:39 [WARN] proved: (min ?ts_ph_Nat_0 ?ts_ph_Nat_1) => (min ?ts_ph_Nat_1 ?ts_ph_Nat_0)
21:28:39 [WARN] proved: (== ?ts_ph_Nat_0 ?ts_ph_Nat_1) => (== ?ts_ph_Nat_1 ?ts_ph_Nat_0)
21:28:39 [WARN] proved: (== ?ts_ph_Nat_1 ?ts_ph_Nat_0) => (== ?ts_ph_Nat_0 ?ts_ph_Nat_1)
21:28:39 [WARN] proved: (min ?ts_ph_Nat_0 ?ts_ph_Nat_1) => (min ?ts_ph_Nat_1 (min ?ts_ph_Nat_0 ?ts_ph_Nat_1))
21:28:39 [WARN] proved: (min ?ts_ph_Nat_1 (min ?ts_ph_Nat_0 ?ts_ph_Nat_1)) => (min ?ts_ph_Nat_0 ?ts_ph_Nat_1)
21:28:39 [WARN] proved: (<=2 ?ts_ph_Nat_1 ?ts_ph_Nat_0) => (== ?ts_ph_Nat_1 (min ?ts_ph_Nat_0 ?ts_ph_Nat_1))
21:28:39 [WARN] proved: (== ?ts_ph_Nat_1 (min ?ts_ph_Nat_0 ?ts_ph_Nat_1)) => (<=2 ?ts_ph_Nat_1 ?ts_ph_Nat_0)
21:34:02 [WARN] proved: (== (min ?ts_ph_Nat_0 ?ts_ph_Nat_1) (S ?ts_ph_Nat_1)) => false
21:47:04 [WARN] proved: (<=2 (min ?ts_ph_Nat_0 ?ts_ph_Nat_1) (S ?ts_ph_Nat_1)) => true
21:52:00 [WARN] proved: (<=2 (S ?ts_ph_Nat_1) (min ?ts_ph_Nat_0 ?ts_ph_Nat_1)) => false
21:52:02 [WARN] proved: (min ?ts_ph_Nat_0 ?ts_ph_Nat_1) => (min (min ?ts_ph_Nat_0 ?ts_ph_Nat_1) (S ?ts_ph_Nat_1))
21:52:02 [WARN] proved: (min (min ?ts_ph_Nat_0 ?ts_ph_Nat_1) (S ?ts_ph_Nat_1)) => (min ?ts_ph_Nat_0 ?ts_ph_Nat_1)
