12:09:49 [WARN] Collecting statistics
12:09:49 [WARN]  ex is: Z
12:09:49 [WARN]  ex is: (S Z)
12:09:49 [WARN]  ex is: (S (S Z))
12:09:49 [WARN]  ex is: nil
12:09:49 [WARN]  ex is: (cons autovar_Nat_0 nil)
12:09:49 [WARN]  ex is: (cons autovar_Nat_1 (cons autovar_Nat_0 nil))
12:09:49 [WARN] Proof mode: false
12:09:49 [WARN]  ex is: Z
12:09:49 [WARN]  ex is: (S Z)
12:09:49 [WARN]  ex is: (S (S Z))
12:09:49 [WARN]  ex is: nil
12:09:49 [WARN]  ex is: (cons autovar_Nat_0 nil)
12:09:49 [WARN]  ex is: (cons autovar_Nat_1 (cons autovar_Nat_0 nil))
12:09:49 [WARN] Proof mode: false
12:09:49 [WARN] proved: (++ ?ts_ph_list_0 nil) => ?ts_ph_list_0
12:09:50 [WARN] proved: (last (cons Z ?ts_ph_list_0)) => (last ?ts_ph_list_0)
12:09:50 [WARN] proved: (last ?ts_ph_list_0) => (last (cons Z ?ts_ph_list_0))
12:09:50 [WARN] proved: (++ ?ts_ph_list_0 (++ ?ts_ph_list_1 ?ts_ph_list_2)) => (++ (++ ?ts_ph_list_0 ?ts_ph_list_1) ?ts_ph_list_2)
12:09:50 [WARN] proved: (++ (++ ?ts_ph_list_0 ?ts_ph_list_1) ?ts_ph_list_2) => (++ ?ts_ph_list_0 (++ ?ts_ph_list_1 ?ts_ph_list_2))
