13:26:23 [0m[33m[WARN] [0mCollecting statistics
(-2 Z ?y) => Z
(-2 (S ?z) Z) => (S ?z)
(S ?z) => (-2 (S ?z) Z)
(-2 (S ?z) (S ?x2)) => (-2 ?z ?x2)
(-2 ?z ?x2) => (-2 (S ?z) (S ?x2))
(len nil) => Z
Z => (len nil)
(len (cons ?y0 ?xs)) => (S (len ?xs))
(drop Z ?y1) => ?y1
(drop (S ?z) nil) => nil
(drop (S ?z) (cons ?x22 ?x3)) => (drop ?z ?x3)
(++ nil ?y3) => ?y3
(++ (cons ?z5 ?xs) ?y4) => (cons ?z5 (++ ?xs ?y4))
(cons ?z5 (++ ?xs ?y4)) => (++ (cons ?z5 ?xs) ?y4)
Searcher: (drop ?autovar7 nil)
Searcher: (drop ?autovar7 (cons ?autovar3 ?autovar4))
Searcher: (drop (S ?autovar5) ?autovar8)
Searcher: (drop (S ?autovar6) ?autovar8)
Searcher: (-2 ?autovar6 Z)
Searcher: (-2 ?autovar6 (S ?autovar3))
Searcher: (-2 (S ?autovar4) ?autovar7)
Searcher: (-2 (S ?autovar5) ?autovar7)
13:26:23 [0m[33m[WARN] [0m ex is: nil
13:26:23 [0m[33m[WARN] [0m ex is: (cons autovar_sk_0 nil)
13:26:23 [0m[33m[WARN] [0m ex is: (cons autovar_sk_1 (cons autovar_sk_0 nil))
13:26:23 [0m[33m[WARN] [0m ex is: Z
13:26:23 [0m[33m[WARN] [0m ex is: (S Z)
13:26:23 [0m[33m[WARN] [0m ex is: (S (S Z))
13:26:23 [0m[33m[WARN] [0mProof mode: false
13:26:23 [0m[33m[WARN] [0m ex is: nil
13:26:23 [0m[33m[WARN] [0m ex is: (cons autovar_sk_0 nil)
13:26:23 [0m[33m[WARN] [0m ex is: (cons autovar_sk_1 (cons autovar_sk_0 nil))
13:26:23 [0m[33m[WARN] [0m ex is: Z
13:26:23 [0m[33m[WARN] [0m ex is: (S Z)
13:26:23 [0m[33m[WARN] [0m ex is: (S (S Z))
13:26:23 [0m[33m[WARN] [0mProof mode: false
13:26:23 [0m[33m[WARN] [0mproved: (-2 ?ts_ph_Nat_0 Z) => ?ts_ph_Nat_0
13:26:23 [0m[33m[WARN] [0mproved: (drop ?ts_ph_Nat_0 nil) => nil
13:26:23 [0m[33m[WARN] [0mproved: (-2 ?ts_ph_Nat_0 ?ts_ph_Nat_0) => Z
13:26:23 [0m[33m[WARN] [0mproved: (++ ?ts_ph_list_0 nil) => ?ts_ph_list_0
13:26:28 [0m[33m[WARN] [0mproved: (-2 ?ts_ph_Nat_0 (S ?ts_ph_Nat_0)) => Z
13:26:28 [0m[33m[WARN] [0mgeneralized case_split proof as: (++ ?ts_ph_list_0 (++ ?ts_ph_list_1 ?ts_ph_list_2)) -- (++ (++ ?ts_ph_list_0 ?ts_ph_list_1) ?ts_ph_list_2)
13:26:28 [0m[33m[WARN] [0mproved: (++ ?ts_ph_list_0 (++ ?ts_ph_list_1 ?ts_ph_list_2)) => (++ (++ ?ts_ph_list_0 ?ts_ph_list_1) ?ts_ph_list_2)
13:26:28 [0m[33m[WARN] [0mproved: (++ (++ ?ts_ph_list_0 ?ts_ph_list_1) ?ts_ph_list_2) => (++ ?ts_ph_list_0 (++ ?ts_ph_list_1 ?ts_ph_list_2))
13:26:28 [0m[33m[WARN] [0mproved: (drop (len ?ts_ph_list_0) (++ ?ts_ph_list_0 ?ts_ph_list_1)) => ?ts_ph_list_1
13:26:28 [0m[33m[WARN] [0mproved: (-2 (len ?ts_ph_list_0) ?ts_ph_Nat_0) => (len (drop ?ts_ph_Nat_0 ?ts_ph_list_0))
13:26:28 [0m[33m[WARN] [0mproved: (len (drop ?ts_ph_Nat_0 ?ts_ph_list_0)) => (-2 (len ?ts_ph_list_0) ?ts_ph_Nat_0)
13:26:28 [0m[33m[WARN] [0mproved: (-2 (S ?ts_ph_Nat_0) ?ts_ph_Nat_0) => (S Z)
13:26:28 [0m[33m[WARN] [0mproved: (drop (S ?ts_ph_Nat_0) ?ts_ph_list_1) => (drop (S Z) (drop ?ts_ph_Nat_0 ?ts_ph_list_1))
13:26:28 [0m[33m[WARN] [0mproved: (drop (S Z) (drop ?ts_ph_Nat_0 ?ts_ph_list_1)) => (drop (S ?ts_ph_Nat_0) ?ts_ph_list_1)
13:26:29 [0m[33m[WARN] [0mproved: (drop ?ts_ph_Nat_1 (drop ?ts_ph_Nat_0 ?ts_ph_list_1)) => (drop ?ts_ph_Nat_0 (drop ?ts_ph_Nat_1 ?ts_ph_list_1))
13:26:29 [0m[33m[WARN] [0mproved: (drop ?ts_ph_Nat_0 (drop ?ts_ph_Nat_1 ?ts_ph_list_1)) => (drop ?ts_ph_Nat_1 (drop ?ts_ph_Nat_0 ?ts_ph_list_1))
13:26:29 [0m[33m[WARN] [0mproved: (-2 (-2 ?ts_ph_Nat_1 ?ts_ph_Nat_0) (S Z)) => (-2 ?ts_ph_Nat_1 (S ?ts_ph_Nat_0))
13:26:29 [0m[33m[WARN] [0mproved: (-2 ?ts_ph_Nat_1 (S ?ts_ph_Nat_0)) => (-2 (-2 ?ts_ph_Nat_1 ?ts_ph_Nat_0) (S Z))
13:26:47 [0m[33m[WARN] [0mproved: (-2 (-2 ?ts_ph_Nat_1 ?ts_ph_Nat_0) ?ts_ph_Nat_1) => Z
done in 80447
