12:29:51 [WARN] Collecting statistics
12:29:51 [WARN]  ex is: Z
12:29:51 [WARN]  ex is: (S Z)
12:29:51 [WARN]  ex is: (S (S Z))
12:29:51 [WARN]  ex is: nil
12:29:51 [WARN]  ex is: (cons autovar_Nat_0 nil)
12:29:51 [WARN]  ex is: (cons autovar_Nat_1 (cons autovar_Nat_0 nil))
12:29:51 [WARN] Proof mode: false
12:29:51 [WARN]  ex is: Z
12:29:51 [WARN]  ex is: (S Z)
12:29:51 [WARN]  ex is: (S (S Z))
12:29:51 [WARN]  ex is: nil
12:29:51 [WARN]  ex is: (cons autovar_Nat_0 nil)
12:29:51 [WARN]  ex is: (cons autovar_Nat_1 (cons autovar_Nat_0 nil))
12:29:51 [WARN] Proof mode: false
12:29:51 [WARN] proved: (+2 ?ts_ph_Nat_0 Z) => ?ts_ph_Nat_0
12:29:51 [WARN] proved: (== Z ?ts_ph_Nat_0) => (== ?ts_ph_Nat_0 Z)
12:29:51 [WARN] proved: (== ?ts_ph_Nat_0 Z) => (== Z ?ts_ph_Nat_0)
12:29:51 [WARN] proved: (== ?ts_ph_Nat_0 ?ts_ph_Nat_0) => true
12:29:56 [WARN] proved: (S (+2 ?ts_ph_Nat_0 ?ts_ph_Nat_1)) => (+2 ?ts_ph_Nat_0 (S ?ts_ph_Nat_1))
12:29:56 [WARN] proved: (+2 ?ts_ph_Nat_0 (S ?ts_ph_Nat_1)) => (S (+2 ?ts_ph_Nat_0 ?ts_ph_Nat_1))
12:29:56 [WARN] proved: (== ?ts_ph_Nat_0 (S ?ts_ph_Nat_0)) => false
12:29:56 [WARN] proved: (== (S ?ts_ph_Nat_0) ?ts_ph_Nat_0) => false
12:29:56 [WARN] proved: (== (S Z) ?ts_ph_Nat_0) => (== ?ts_ph_Nat_0 (S Z))
12:29:56 [WARN] proved: (== ?ts_ph_Nat_0 (S Z)) => (== (S Z) ?ts_ph_Nat_0)
12:29:56 [WARN] proved: (== (+2 ?ts_ph_Nat_0 ?ts_ph_Nat_1) ?ts_ph_Nat_0) => (== ?ts_ph_Nat_0 (+2 ?ts_ph_Nat_0 ?ts_ph_Nat_1))
12:29:56 [WARN] proved: (== ?ts_ph_Nat_0 (+2 ?ts_ph_Nat_0 ?ts_ph_Nat_1)) => (== (+2 ?ts_ph_Nat_0 ?ts_ph_Nat_1) ?ts_ph_Nat_0)
12:29:56 [WARN] proved: (== Z ?ts_ph_Nat_0) => (== Z (+2 ?ts_ph_Nat_0 ?ts_ph_Nat_0))
12:29:56 [WARN] proved: (== Z (+2 ?ts_ph_Nat_0 ?ts_ph_Nat_0)) => (== Z ?ts_ph_Nat_0)
12:29:57 [WARN] proved: (+2 (+2 ?ts_ph_Nat_0 ?ts_ph_Nat_0) (S ?ts_ph_Nat_1)) => (+2 (S ?ts_ph_Nat_0) (+2 ?ts_ph_Nat_0 ?ts_ph_Nat_1))
12:29:57 [WARN] proved: (+2 (S ?ts_ph_Nat_0) (+2 ?ts_ph_Nat_0 ?ts_ph_Nat_1)) => (+2 (+2 ?ts_ph_Nat_0 ?ts_ph_Nat_0) (S ?ts_ph_Nat_1))
12:29:58 [WARN] proved: (== (+2 ?ts_ph_Nat_0 ?ts_ph_Nat_0) (S Z)) => false
