13:07:32 [0m[33m[WARN] [0mCollecting statistics
(map2 ?x nil) => nil
(map2 ?x (cons ?z ?xs)) => (cons (apply1 ?x ?z) (map2 ?x ?xs))
(cons (apply1 ?x ?z) (map2 ?x ?xs)) => (map2 ?x (cons ?z ?xs))
(drop Z ?y) => ?y
(drop (S ?z0) nil) => nil
(drop (S ?z1) (cons ?x2 ?x3)) => (drop ?z1 ?x3)
Searcher: (drop ?autovar7 nil)
Searcher: (drop ?autovar7 (cons ?autovar3 ?autovar4))
Searcher: (drop (S ?autovar5) ?autovar8)
Searcher: (drop (S ?autovar6) ?autovar8)
13:07:32 [0m[33m[WARN] [0m ex is: nil
13:07:32 [0m[33m[WARN] [0m ex is: (cons autovar_sk_0 nil)
13:07:32 [0m[33m[WARN] [0m ex is: (cons autovar_sk_1 (cons autovar_sk_0 nil))
13:07:32 [0m[33m[WARN] [0m ex is: Z
13:07:32 [0m[33m[WARN] [0m ex is: (S Z)
13:07:32 [0m[33m[WARN] [0m ex is: (S (S Z))
13:07:32 [0m[33m[WARN] [0mProof mode: false
13:07:32 [0m[33m[WARN] [0m ex is: nil
13:07:32 [0m[33m[WARN] [0m ex is: (cons autovar_sk_0 nil)
13:07:32 [0m[33m[WARN] [0m ex is: (cons autovar_sk_1 (cons autovar_sk_0 nil))
13:07:32 [0m[33m[WARN] [0m ex is: Z
13:07:32 [0m[33m[WARN] [0m ex is: (S Z)
13:07:32 [0m[33m[WARN] [0m ex is: (S (S Z))
13:07:32 [0m[33m[WARN] [0mProof mode: false
13:07:32 [0m[33m[WARN] [0mproved: (drop ?ts_ph_Nat_0 nil) => nil
13:07:32 [0m[33m[WARN] [0mproved: (map2 ?ts_ph_fun1_1 (drop ?ts_ph_Nat_1 ?ts_ph_list_0)) => (drop ?ts_ph_Nat_1 (map2 ?ts_ph_fun1_1 ?ts_ph_list_0))
13:07:32 [0m[33m[WARN] [0mproved: (drop ?ts_ph_Nat_1 (map2 ?ts_ph_fun1_1 ?ts_ph_list_0)) => (map2 ?ts_ph_fun1_1 (drop ?ts_ph_Nat_1 ?ts_ph_list_0))
13:07:32 [0m[33m[WARN] [0mproved: (drop (S Z) (drop ?ts_ph_Nat_0 ?ts_ph_list_1)) => (drop (S ?ts_ph_Nat_0) ?ts_ph_list_1)
13:07:32 [0m[33m[WARN] [0mproved: (drop (S ?ts_ph_Nat_0) ?ts_ph_list_1) => (drop (S Z) (drop ?ts_ph_Nat_0 ?ts_ph_list_1))
13:07:32 [0m[33m[WARN] [0mproved: (drop ?ts_ph_Nat_1 (drop ?ts_ph_Nat_0 ?ts_ph_list_1)) => (drop ?ts_ph_Nat_0 (drop ?ts_ph_Nat_1 ?ts_ph_list_1))
13:07:32 [0m[33m[WARN] [0mproved: (drop ?ts_ph_Nat_0 (drop ?ts_ph_Nat_1 ?ts_ph_list_1)) => (drop ?ts_ph_Nat_1 (drop ?ts_ph_Nat_0 ?ts_ph_list_1))
done in 499
