12:07:30 [WARN] Collecting statistics
12:07:30 [WARN]  ex is: nil
12:07:30 [WARN]  ex is: (cons autovar_sk_0 nil)
12:07:30 [WARN]  ex is: (cons autovar_sk_1 (cons autovar_sk_0 nil))
12:07:30 [WARN]  ex is: Z
12:07:30 [WARN]  ex is: (S Z)
12:07:30 [WARN]  ex is: (S (S Z))
12:07:30 [WARN] Proof mode: false
12:07:30 [WARN]  ex is: nil
12:07:30 [WARN]  ex is: (cons autovar_sk_0 nil)
12:07:30 [WARN]  ex is: (cons autovar_sk_1 (cons autovar_sk_0 nil))
12:07:30 [WARN]  ex is: Z
12:07:30 [WARN]  ex is: (S Z)
12:07:30 [WARN]  ex is: (S (S Z))
12:07:30 [WARN] Proof mode: false
12:07:30 [WARN] proved: (drop ?ts_ph_Nat_0 nil) => nil
12:07:30 [WARN] proved: (drop (S ?ts_ph_Nat_1) ?ts_ph_list_0) => (drop (S Z) (drop ?ts_ph_Nat_1 ?ts_ph_list_0))
12:07:30 [WARN] proved: (drop (S Z) (drop ?ts_ph_Nat_1 ?ts_ph_list_0)) => (drop (S ?ts_ph_Nat_1) ?ts_ph_list_0)
12:07:30 [WARN] proved: (drop ?ts_ph_Nat_0 (drop ?ts_ph_Nat_1 ?ts_ph_list_1)) => (drop ?ts_ph_Nat_1 (drop ?ts_ph_Nat_0 ?ts_ph_list_1))
12:07:30 [WARN] proved: (drop ?ts_ph_Nat_1 (drop ?ts_ph_Nat_0 ?ts_ph_list_1)) => (drop ?ts_ph_Nat_0 (drop ?ts_ph_Nat_1 ?ts_ph_list_1))
