Collecting statistics
(== Z Z) => true
(== Z (S ?z)) => false
(== (S ?x2) Z) => false
(== (S ?x2) (S ?y2)) => (== ?x2 ?y2)
(== ?x2 ?y2) => (== (S ?x2) (S ?y2))
(count ?x nil) => Z
(count ?x (cons ?z ?ys)) => (count ?x ?ys)
(count ?x (cons ?z ?ys)) => (S (count ?x ?ys))
(+2 Z ?y) => ?y
(+2 (S ?z) ?y) => (S (+2 ?z ?y))
(S (+2 ?z ?y)) => (+2 (S ?z) ?y)
(== ?autovar7 Z) => (potential_split ?autovar7 Z (S (param_Nat_0 ?autovar7))) if Cond(var: ?autovar7, pat: Z) Cond(var: ?autovar7, pat: (S ?param_0))
(== ?autovar7 (S ?autovar1)) => (potential_split ?autovar7 Z (S (param_Nat_0 ?autovar7))) if Cond(var: ?autovar7, pat: Z) Cond(var: ?autovar7, pat: (S ?param_0))
(== ?autovar7 Z) => (potential_split ?autovar7 Z (S (param_Nat_0 ?autovar7))) if Cond(var: ?autovar7, pat: Z) Cond(var: ?autovar7, pat: (S ?param_0))
(== ?autovar7 (S ?autovar4)) => (potential_split ?autovar7 Z (S (param_Nat_0 ?autovar7))) if Cond(var: ?autovar7, pat: Z) Cond(var: ?autovar7, pat: (S ?param_0))
(== Z ?autovar8) => (potential_split ?autovar8 Z (S (param_Nat_0 ?autovar8))) if Cond(var: ?autovar8, pat: Z) Cond(var: ?autovar8, pat: (S ?param_0))
(== Z ?autovar8) => (potential_split ?autovar8 Z (S (param_Nat_0 ?autovar8))) if Cond(var: ?autovar8, pat: Z) Cond(var: ?autovar8, pat: (S ?param_0))
(== (S ?autovar5) ?autovar8) => (potential_split ?autovar8 Z (S (param_Nat_0 ?autovar8))) if Cond(var: ?autovar8, pat: Z) Cond(var: ?autovar8, pat: (S ?param_0))
(== (S ?autovar6) ?autovar8) => (potential_split ?autovar8 Z (S (param_Nat_0 ?autovar8))) if Cond(var: ?autovar8, pat: Z) Cond(var: ?autovar8, pat: (S ?param_0))
 ex is: Z
 ex is: (S Z)
 ex is: (S (S Z))
 ex is: nil
 ex is: (cons autovar_Nat_0 nil)
 ex is: (cons autovar_Nat_1 (cons autovar_Nat_0 nil))
 ex is: Z
 ex is: (S Z)
 ex is: (S (S Z))
 ex is: nil
 ex is: (cons autovar_Nat_0 nil)
 ex is: (cons autovar_Nat_1 (cons autovar_Nat_0 nil))
Running TheSy on datatypes: list Nat dict: == count +2 Z S nil cons
Starting depth 1
16:19:53 [0m[33m[WARN] [0m# of splitters: 2
16:19:53 [0m[33m[WARN] [0m# of splitters: 1
16:19:53 [0m[33m[WARN] [0m# of splitters: 2
16:19:53 [0m[33m[WARN] [0mproved: (+2 ?ts_ph_Nat_0 Z) => ?ts_ph_Nat_0
16:19:53 [0m[33m[WARN] [0mproved: (== Z ?ts_ph_Nat_0) => (== ?ts_ph_Nat_0 Z)
16:19:53 [0m[33m[WARN] [0mproved: (== ?ts_ph_Nat_0 Z) => (== Z ?ts_ph_Nat_0)
16:19:53 [0m[33m[WARN] [0mproved: (== ?ts_ph_Nat_0 ?ts_ph_Nat_0) => true

Starting depth 2
16:19:53 [0m[33m[WARN] [0m# of splitters: 24
16:19:53 [0m[33m[WARN] [0m# of splitters: 16
16:19:53 [0m[33m[WARN] [0m# of splitters: 24
16:19:54 [0m[33m[WARN] [0m# of splitters: 15
16:19:54 [0m[33m[WARN] [0m# of splitters: 23
16:19:54 [0m[33m[WARN] [0m# of splitters: 21
16:19:55 [0m[33m[WARN] [0m# of splitters: 22
16:19:56 [0m[33m[WARN] [0m# of splitters: 20
16:19:56 [0m[33m[WARN] [0m# of splitters: 21
16:19:56 [0m[33m[WARN] [0m# of splitters: 19
16:19:57 [0m[33m[WARN] [0m# of splitters: 20
16:19:57 [0m[33m[WARN] [0m# of splitters: 18
16:19:57 [0m[33m[WARN] [0m# of splitters: 19
16:19:58 [0m[33m[WARN] [0m# of splitters: 17
16:19:58 [0m[33m[WARN] [0m# of splitters: 18
16:19:58 [0m[33m[WARN] [0m# of splitters: 16
16:19:59 [0m[33m[WARN] [0m# of splitters: 17
16:19:59 [0m[33m[WARN] [0m# of splitters: 15
16:19:59 [0m[33m[WARN] [0m# of splitters: 16
16:20:00 [0m[33m[WARN] [0m# of splitters: 14
16:20:01 [0m[33m[WARN] [0m# of splitters: 15
16:20:01 [0m[33m[WARN] [0m# of splitters: 13
16:20:01 [0m[33m[WARN] [0m# of splitters: 14
16:20:02 [0m[33m[WARN] [0m# of splitters: 12
16:20:02 [0m[33m[WARN] [0m# of splitters: 13
16:20:02 [0m[33m[WARN] [0m# of splitters: 11
16:20:02 [0m[33m[WARN] [0m# of splitters: 12
16:20:02 [0m[33m[WARN] [0m# of splitters: 10
16:20:03 [0m[33m[WARN] [0m# of splitters: 11
16:20:03 [0m[33m[WARN] [0m# of splitters: 9
16:20:03 [0m[33m[WARN] [0m# of splitters: 10
16:20:03 [0m[33m[WARN] [0m# of splitters: 8
16:20:04 [0m[33m[WARN] [0m# of splitters: 9
16:20:04 [0m[33m[WARN] [0m# of splitters: 7
16:20:04 [0m[33m[WARN] [0m# of splitters: 8
16:20:05 [0m[33m[WARN] [0m# of splitters: 6
16:20:05 [0m[33m[WARN] [0m# of splitters: 7
16:20:05 [0m[33m[WARN] [0m# of splitters: 5
16:20:05 [0m[33m[WARN] [0m# of splitters: 6
16:20:06 [0m[33m[WARN] [0m# of splitters: 4
16:20:06 [0m[33m[WARN] [0m# of splitters: 5
16:20:06 [0m[33m[WARN] [0mproved: (S (+2 ?ts_ph_Nat_0 ?ts_ph_Nat_1)) => (+2 ?ts_ph_Nat_0 (S ?ts_ph_Nat_1))
16:20:06 [0m[33m[WARN] [0mproved: (+2 ?ts_ph_Nat_0 (S ?ts_ph_Nat_1)) => (S (+2 ?ts_ph_Nat_0 ?ts_ph_Nat_1))
16:20:06 [0m[33m[WARN] [0m# of splitters: 1
16:20:06 [0m[33m[WARN] [0mproved: (== ?ts_ph_Nat_0 (S Z)) => (== (S Z) ?ts_ph_Nat_0)
16:20:06 [0m[33m[WARN] [0mproved: (== (S Z) ?ts_ph_Nat_0) => (== ?ts_ph_Nat_0 (S Z))
16:20:06 [0m[33m[WARN] [0m# of splitters: 1
16:20:06 [0m[33m[WARN] [0m# of splitters: 1
16:20:06 [0m[33m[WARN] [0mproved: (== ?ts_ph_Nat_0 (S ?ts_ph_Nat_0)) => false
16:20:06 [0m[33m[WARN] [0m# of splitters: 1
16:20:06 [0m[33m[WARN] [0m# of splitters: 1
16:20:06 [0m[33m[WARN] [0mproved: (== (S ?ts_ph_Nat_0) ?ts_ph_Nat_0) => (== ?ts_ph_Nat_0 (S ?ts_ph_Nat_0))
16:20:06 [0m[33m[WARN] [0mproved: (== ?ts_ph_Nat_0 (S ?ts_ph_Nat_0)) => (== (S ?ts_ph_Nat_0) ?ts_ph_Nat_0)
generalizing (+2 (+2 ts_ph_Nat_0 ts_ph_Nat_1) ts_ph_Nat_1) = (+2 ts_ph_Nat_0 (+2 ts_ph_Nat_1 ts_ph_Nat_1))
generalized as case_split
16:20:06 [0m[33m[WARN] [0mproved: (+2 (+2 ?ts_ph_Nat_0 ?ts_ph_Nat_1) ?ts_ph_Nat_2) => (+2 ?ts_ph_Nat_0 (+2 ?ts_ph_Nat_1 ?ts_ph_Nat_2))
16:20:06 [0m[33m[WARN] [0mproved: (+2 ?ts_ph_Nat_0 (+2 ?ts_ph_Nat_1 ?ts_ph_Nat_2)) => (+2 (+2 ?ts_ph_Nat_0 ?ts_ph_Nat_1) ?ts_ph_Nat_2)
16:20:06 [0m[33m[WARN] [0m# of splitters: 1
16:20:06 [0m[33m[WARN] [0mproved: (== ?ts_ph_Nat_0 (+2 ?ts_ph_Nat_0 ?ts_ph_Nat_1)) => (== (+2 ?ts_ph_Nat_0 ?ts_ph_Nat_1) ?ts_ph_Nat_0)
16:20:06 [0m[33m[WARN] [0mproved: (== (+2 ?ts_ph_Nat_0 ?ts_ph_Nat_1) ?ts_ph_Nat_0) => (== ?ts_ph_Nat_0 (+2 ?ts_ph_Nat_0 ?ts_ph_Nat_1))
16:20:06 [0m[33m[WARN] [0mproved: (== Z (+2 ?ts_ph_Nat_0 ?ts_ph_Nat_0)) => (== Z ?ts_ph_Nat_0)
16:20:06 [0m[33m[WARN] [0mproved: (== Z ?ts_ph_Nat_0) => (== Z (+2 ?ts_ph_Nat_0 ?ts_ph_Nat_0))
16:20:06 [0m[33m[WARN] [0m# of splitters: 8
16:20:06 [0m[33m[WARN] [0m# of splitters: 11
16:20:06 [0m[33m[WARN] [0m# of splitters: 56
16:20:09 [0m[33m[WARN] [0m# of splitters: 8
16:20:09 [0m[33m[WARN] [0m# of splitters: 11
16:20:09 [0m[33m[WARN] [0m# of splitters: 56
16:20:11 [0m[33m[WARN] [0m# of splitters: 1
16:20:11 [0m[33m[WARN] [0m# of splitters: 3
16:20:11 [0m[33m[WARN] [0m# of splitters: 2
16:20:11 [0m[33m[WARN] [0m# of splitters: 1
16:20:11 [0m[33m[WARN] [0m# of splitters: 4
16:20:11 [0m[33m[WARN] [0m# of splitters: 1
16:20:11 [0m[33m[WARN] [0mproved: (== (S ?ts_ph_Nat_0) (+2 ?ts_ph_Nat_0 ?ts_ph_Nat_1)) => (== (S Z) ?ts_ph_Nat_1)
16:20:11 [0m[33m[WARN] [0m# of splitters: 11
16:20:11 [0m[33m[WARN] [0m# of splitters: 70
16:20:12 [0m[33m[WARN] [0m# of splitters: 49
16:20:12 [0m[33m[WARN] [0m# of splitters: 1
16:20:12 [0m[33m[WARN] [0m# of splitters: 36
16:20:12 [0m[33m[WARN] [0m# of splitters: 4
16:20:12 [0m[33m[WARN] [0m# of splitters: 25
16:20:12 [0m[33m[WARN] [0m# of splitters: 9
16:20:12 [0m[33m[WARN] [0m# of splitters: 16
16:20:12 [0m[33m[WARN] [0mproved: (== (+2 ?ts_ph_Nat_0 ?ts_ph_Nat_0) (S ?ts_ph_Nat_0)) => (== (S Z) ?ts_ph_Nat_0)
16:20:12 [0m[33m[WARN] [0mproved: (== (S Z) ?ts_ph_Nat_0) => (== (+2 ?ts_ph_Nat_0 ?ts_ph_Nat_0) (S ?ts_ph_Nat_0))
16:20:12 [0m[33m[WARN] [0m# of splitters: 49
16:20:12 [0m[33m[WARN] [0m# of splitters: 18
16:20:12 [0m[33m[WARN] [0m# of splitters: 85
16:20:22 [0m[33m[WARN] [0mproved: (== (S Z) (+2 ?ts_ph_Nat_0 ?ts_ph_Nat_0)) => false
16:20:22 [0m[33m[WARN] [0m# of splitters: 1
16:20:22 [0m[33m[WARN] [0mproved: (== ?ts_ph_Nat_1 ?ts_ph_Nat_0) => (== ?ts_ph_Nat_0 ?ts_ph_Nat_1)
16:20:22 [0m[33m[WARN] [0mproved: (== ?ts_ph_Nat_0 ?ts_ph_Nat_1) => (== ?ts_ph_Nat_1 ?ts_ph_Nat_0)

16:20:22 [0m[33m[WARN] [0mproved: (+2 ?ts_ph_Nat_1 ?ts_ph_Nat_0) => (+2 ?ts_ph_Nat_0 ?ts_ph_Nat_1)
16:20:22 [0m[33m[WARN] [0mproved: (+2 ?ts_ph_Nat_0 ?ts_ph_Nat_1) => (+2 ?ts_ph_Nat_1 ?ts_ph_Nat_0)

16:20:22 [0m[33m[WARN] [0m# of splitters: 2
16:20:22 [0m[33m[WARN] [0m# of splitters: 2
16:20:23 [0m[33m[WARN] [0m# of splitters: 1
16:20:23 [0m[33m[WARN] [0mproved: (== (+2 ?ts_ph_Nat_0 ?ts_ph_Nat_1) (+2 ?ts_ph_Nat_0 ?ts_ph_Nat_0)) => (== ?ts_ph_Nat_0 ?ts_ph_Nat_1)
16:20:23 [0m[33m[WARN] [0mproved: (== ?ts_ph_Nat_0 ?ts_ph_Nat_1) => (== (+2 ?ts_ph_Nat_0 ?ts_ph_Nat_1) (+2 ?ts_ph_Nat_0 ?ts_ph_Nat_0))

done in 36740
