13:29:52 [0m[33m[WARN] [0mCollecting statistics
(== Z Z) => true
(== Z (S ?z)) => false
(== (S ?x2) Z) => false
(== (S ?x2) (S ?y2)) => (== ?x2 ?y2)
(== ?x2 ?y2) => (== (S ?x2) (S ?y2))
(delete ?x nil) => nil
(delete ?x (cons ?z ?xs)) => (cons ?z (delete ?x ?xs))
(delete ?x (cons ?z ?xs)) => (cons ?z (delete ?x ?xs))
(delete ?x (cons ?z ?xs)) => (delete ?x ?xs)
(<=2 Z ?y) => true
(<=2 (S ?z) Z) => false
(<=2 (S ?z) (S ?x2)) => (<=2 ?z ?x2)
(<=2 ?z ?x2) => (<=2 (S ?z) (S ?x2))
(len nil) => Z
Z => (len nil)
(len (cons ?y ?xs)) => (S (len ?xs))
Searcher: (== ?autovar7 Z)
Searcher: (== ?autovar7 (S ?autovar1))
Searcher: (== ?autovar7 Z)
Searcher: (== ?autovar7 (S ?autovar4))
Searcher: (== Z ?autovar8)
Searcher: (== Z ?autovar8)
Searcher: (== (S ?autovar5) ?autovar8)
Searcher: (== (S ?autovar6) ?autovar8)
Searcher: (<=2 ?autovar6 Z)
Searcher: (<=2 ?autovar6 (S ?autovar3))
Searcher: (<=2 (S ?autovar4) ?autovar7)
Searcher: (<=2 (S ?autovar5) ?autovar7)
13:29:52 [0m[33m[WARN] [0m ex is: Z
13:29:52 [0m[33m[WARN] [0m ex is: (S Z)
13:29:52 [0m[33m[WARN] [0m ex is: (S (S Z))
13:29:52 [0m[33m[WARN] [0m ex is: nil
13:29:52 [0m[33m[WARN] [0m ex is: (cons autovar_Nat_0 nil)
13:29:52 [0m[33m[WARN] [0m ex is: (cons autovar_Nat_1 (cons autovar_Nat_0 nil))
13:29:52 [0m[33m[WARN] [0mProof mode: false
13:29:52 [0m[33m[WARN] [0m ex is: Z
13:29:52 [0m[33m[WARN] [0m ex is: (S Z)
13:29:52 [0m[33m[WARN] [0m ex is: (S (S Z))
13:29:52 [0m[33m[WARN] [0m ex is: nil
13:29:52 [0m[33m[WARN] [0m ex is: (cons autovar_Nat_0 nil)
13:29:52 [0m[33m[WARN] [0m ex is: (cons autovar_Nat_1 (cons autovar_Nat_0 nil))
13:29:52 [0m[33m[WARN] [0mProof mode: false
13:29:52 [0m[33m[WARN] [0mproved: (== Z ?ts_ph_Nat_0) => (<=2 ?ts_ph_Nat_0 Z)
13:29:52 [0m[33m[WARN] [0mproved: (<=2 ?ts_ph_Nat_0 Z) => (== Z ?ts_ph_Nat_0)
13:29:52 [0m[33m[WARN] [0mproved: (== ?ts_ph_Nat_0 Z) => (<=2 ?ts_ph_Nat_0 Z)
13:29:52 [0m[33m[WARN] [0mproved: (<=2 ?ts_ph_Nat_0 Z) => (== ?ts_ph_Nat_0 Z)
13:29:52 [0m[33m[WARN] [0mproved: (<=2 ?ts_ph_Nat_0 ?ts_ph_Nat_0) => true
13:29:52 [0m[33m[WARN] [0mproved: (== ?ts_ph_Nat_0 ?ts_ph_Nat_0) => true
13:29:53 [0m[33m[WARN] [0mproved: (== ?ts_ph_Nat_0 (S ?ts_ph_Nat_0)) => false
13:29:53 [0m[33m[WARN] [0mproved: (== (S ?ts_ph_Nat_0) ?ts_ph_Nat_0) => (== ?ts_ph_Nat_0 (S ?ts_ph_Nat_0))
13:29:53 [0m[33m[WARN] [0mproved: (== ?ts_ph_Nat_0 (S ?ts_ph_Nat_0)) => (== (S ?ts_ph_Nat_0) ?ts_ph_Nat_0)
13:29:53 [0m[33m[WARN] [0mproved: (<=2 (S ?ts_ph_Nat_0) ?ts_ph_Nat_0) => (== ?ts_ph_Nat_0 (S ?ts_ph_Nat_0))
13:29:53 [0m[33m[WARN] [0mproved: (== ?ts_ph_Nat_0 (S ?ts_ph_Nat_0)) => (<=2 (S ?ts_ph_Nat_0) ?ts_ph_Nat_0)
13:29:53 [0m[33m[WARN] [0mproved: (== (S Z) ?ts_ph_Nat_0) => (== ?ts_ph_Nat_0 (S Z))
13:29:53 [0m[33m[WARN] [0mproved: (== ?ts_ph_Nat_0 (S Z)) => (== (S Z) ?ts_ph_Nat_0)
13:29:53 [0m[33m[WARN] [0mproved: (== ?ts_ph_Nat_0 ?ts_ph_Nat_1) => (== ?ts_ph_Nat_1 ?ts_ph_Nat_0)
13:29:53 [0m[33m[WARN] [0mproved: (== ?ts_ph_Nat_1 ?ts_ph_Nat_0) => (== ?ts_ph_Nat_0 ?ts_ph_Nat_1)
13:29:53 [0m[33m[WARN] [0mproved: (<=2 ?ts_ph_Nat_0 (S ?ts_ph_Nat_0)) => true
done in 707
