12:09:51 [WARN] Collecting statistics
12:09:51 [WARN]  ex is: nil
12:09:51 [WARN]  ex is: (cons autovar_sk_0 nil)
12:09:51 [WARN]  ex is: (cons autovar_sk_1 (cons autovar_sk_0 nil))
12:09:51 [WARN]  ex is: Z
12:09:51 [WARN]  ex is: (S Z)
12:09:51 [WARN]  ex is: (S (S Z))
12:09:51 [WARN] Proof mode: false
12:09:51 [WARN]  ex is: nil
12:09:51 [WARN]  ex is: (cons autovar_sk_0 nil)
12:09:51 [WARN]  ex is: (cons autovar_sk_1 (cons autovar_sk_0 nil))
12:09:51 [WARN]  ex is: Z
12:09:51 [WARN]  ex is: (S Z)
12:09:51 [WARN]  ex is: (S (S Z))
12:09:51 [WARN] Proof mode: false
12:09:51 [WARN] proved: (-2 ?ts_ph_Nat_0 Z) => ?ts_ph_Nat_0
12:09:51 [WARN] proved: (drop ?ts_ph_Nat_0 nil) => nil
12:09:51 [WARN] proved: (take ?ts_ph_Nat_0 nil) => nil
12:09:51 [WARN] proved: (-2 ?ts_ph_Nat_0 ?ts_ph_Nat_0) => Z
12:10:02 [WARN] proved: (-2 ?ts_ph_Nat_0 (S ?ts_ph_Nat_0)) => Z
12:10:02 [WARN] proved: (-2 (S ?ts_ph_Nat_0) ?ts_ph_Nat_0) => (S Z)
12:10:02 [WARN] proved: (drop ?ts_ph_Nat_0 (take ?ts_ph_Nat_0 ?ts_ph_list_0)) => nil
12:10:02 [WARN] proved: (take ?ts_ph_Nat_0 (take ?ts_ph_Nat_0 ?ts_ph_list_0)) => (take ?ts_ph_Nat_0 ?ts_ph_list_0)
12:10:02 [WARN] proved: (take ?ts_ph_Nat_0 ?ts_ph_list_0) => (take ?ts_ph_Nat_0 (take ?ts_ph_Nat_0 ?ts_ph_list_0))
12:10:03 [WARN] proved: (drop (S ?ts_ph_Nat_0) ?ts_ph_list_1) => (drop (S Z) (drop ?ts_ph_Nat_0 ?ts_ph_list_1))
12:10:03 [WARN] proved: (drop (S Z) (drop ?ts_ph_Nat_0 ?ts_ph_list_1)) => (drop (S ?ts_ph_Nat_0) ?ts_ph_list_1)
12:10:05 [WARN] proved: (drop ?ts_ph_Nat_0 (drop ?ts_ph_Nat_1 ?ts_ph_list_1)) => (drop ?ts_ph_Nat_1 (drop ?ts_ph_Nat_0 ?ts_ph_list_1))
12:10:05 [WARN] proved: (drop ?ts_ph_Nat_1 (drop ?ts_ph_Nat_0 ?ts_ph_list_1)) => (drop ?ts_ph_Nat_0 (drop ?ts_ph_Nat_1 ?ts_ph_list_1))
12:10:07 [WARN] proved: (-2 (-2 ?ts_ph_Nat_1 ?ts_ph_Nat_0) (S Z)) => (-2 ?ts_ph_Nat_1 (S ?ts_ph_Nat_0))
12:10:07 [WARN] proved: (-2 ?ts_ph_Nat_1 (S ?ts_ph_Nat_0)) => (-2 (-2 ?ts_ph_Nat_1 ?ts_ph_Nat_0) (S Z))
12:10:15 [WARN] proved: (take (S ?ts_ph_Nat_0) (take ?ts_ph_Nat_0 ?ts_ph_list_0)) => (take ?ts_ph_Nat_0 ?ts_ph_list_0)
12:10:15 [WARN] proved: (take ?ts_ph_Nat_0 ?ts_ph_list_0) => (take (S ?ts_ph_Nat_0) (take ?ts_ph_Nat_0 ?ts_ph_list_0))
