21:18:48 [WARN] Collecting statistics
21:18:48 [WARN]  ex is: Z
21:18:48 [WARN]  ex is: (S Z)
21:18:48 [WARN]  ex is: (S (S Z))
21:18:48 [WARN]  ex is: nil
21:18:48 [WARN]  ex is: (cons autovar_Nat_0 nil)
21:18:48 [WARN]  ex is: (cons autovar_Nat_1 (cons autovar_Nat_0 nil))
21:18:48 [WARN] Proof mode: false
21:18:48 [WARN]  ex is: Z
21:18:48 [WARN]  ex is: (S Z)
21:18:48 [WARN]  ex is: (S (S Z))
21:18:48 [WARN]  ex is: nil
21:18:48 [WARN]  ex is: (cons autovar_Nat_0 nil)
21:18:48 [WARN]  ex is: (cons autovar_Nat_1 (cons autovar_Nat_0 nil))
21:18:48 [WARN] Proof mode: false
21:18:48 [WARN] proved: (++ ?ts_ph_list_0 nil) => ?ts_ph_list_0
21:18:48 [WARN] proved: (== Z ?ts_ph_Nat_0) => (== ?ts_ph_Nat_0 Z)
21:18:48 [WARN] proved: (== ?ts_ph_Nat_0 Z) => (== Z ?ts_ph_Nat_0)
21:18:48 [WARN] proved: (== ?ts_ph_Nat_0 ?ts_ph_Nat_0) => true
21:18:49 [WARN] proved: (== (S Z) ?ts_ph_Nat_0) => (== ?ts_ph_Nat_0 (S Z))
21:18:49 [WARN] proved: (== ?ts_ph_Nat_0 (S Z)) => (== (S Z) ?ts_ph_Nat_0)
21:18:49 [WARN] proved: (== ?ts_ph_Nat_0 (S ?ts_ph_Nat_0)) => false
21:18:49 [WARN] proved: (== ?ts_ph_Nat_0 (S ?ts_ph_Nat_0)) => (== (S ?ts_ph_Nat_0) ?ts_ph_Nat_0)
21:18:49 [WARN] proved: (== (S ?ts_ph_Nat_0) ?ts_ph_Nat_0) => (== ?ts_ph_Nat_0 (S ?ts_ph_Nat_0))
21:18:49 [WARN] proved: (== ?ts_ph_Nat_0 ?ts_ph_Nat_1) => (== ?ts_ph_Nat_1 ?ts_ph_Nat_0)
21:18:49 [WARN] proved: (== ?ts_ph_Nat_1 ?ts_ph_Nat_0) => (== ?ts_ph_Nat_0 ?ts_ph_Nat_1)
21:18:49 [WARN] proved: (++ ?ts_ph_list_0 (++ ?ts_ph_list_1 ?ts_ph_list_2)) => (++ (++ ?ts_ph_list_0 ?ts_ph_list_1) ?ts_ph_list_2)
21:18:49 [WARN] proved: (++ (++ ?ts_ph_list_0 ?ts_ph_list_1) ?ts_ph_list_2) => (++ ?ts_ph_list_0 (++ ?ts_ph_list_1 ?ts_ph_list_2))
