12:26:55 [0m[33m[WARN] [0mCollecting statistics
(-2 Z ?y) => Z
(-2 (S ?z) Z) => (S ?z)
(S ?z) => (-2 (S ?z) Z)
(-2 (S ?z) (S ?x2)) => (-2 ?z ?x2)
(-2 ?z ?x2) => (-2 (S ?z) (S ?x2))
(+2 Z ?y) => ?y
(+2 (S ?z) ?y) => (S (+2 ?z ?y))
(S (+2 ?z ?y)) => (+2 (S ?z) ?y)
Searcher: (-2 ?autovar6 Z)
Searcher: (-2 ?autovar6 (S ?autovar3))
Searcher: (-2 (S ?autovar4) ?autovar7)
Searcher: (-2 (S ?autovar5) ?autovar7)
12:26:55 [0m[33m[WARN] [0m ex is: Z
12:26:55 [0m[33m[WARN] [0m ex is: (S Z)
12:26:55 [0m[33m[WARN] [0m ex is: (S (S Z))
12:26:55 [0m[33m[WARN] [0mProof mode: false
12:26:55 [0m[33m[WARN] [0m ex is: Z
12:26:55 [0m[33m[WARN] [0m ex is: (S Z)
12:26:55 [0m[33m[WARN] [0m ex is: (S (S Z))
12:26:55 [0m[33m[WARN] [0mProof mode: false
12:26:55 [0m[33m[WARN] [0mproved: (-2 ?ts_ph_Nat_0 Z) => ?ts_ph_Nat_0
12:26:55 [0m[33m[WARN] [0mproved: (-2 ?ts_ph_Nat_0 Z) => (+2 ?ts_ph_Nat_0 Z)
12:26:55 [0m[33m[WARN] [0mproved: (+2 ?ts_ph_Nat_0 Z) => (-2 ?ts_ph_Nat_0 Z)
12:26:55 [0m[33m[WARN] [0mproved: (-2 ?ts_ph_Nat_0 ?ts_ph_Nat_0) => Z
12:30:40 [0m[33m[WARN] [0mproved: (+2 ?ts_ph_Nat_0 (S Z)) => (S ?ts_ph_Nat_0)
12:30:40 [0m[33m[WARN] [0mproved: (S ?ts_ph_Nat_0) => (+2 ?ts_ph_Nat_0 (S Z))
12:30:40 [0m[33m[WARN] [0mproved: (-2 ?ts_ph_Nat_0 (S ?ts_ph_Nat_0)) => Z
12:30:40 [0m[33m[WARN] [0mgeneralized case_split proof as: (+2 (+2 ?ts_ph_Nat_0 ?ts_ph_Nat_1) ?ts_ph_Nat_2) -- (+2 ?ts_ph_Nat_0 (+2 ?ts_ph_Nat_1 ?ts_ph_Nat_2))
12:30:40 [0m[33m[WARN] [0mproved: (+2 (+2 ?ts_ph_Nat_0 ?ts_ph_Nat_1) ?ts_ph_Nat_2) => (+2 ?ts_ph_Nat_0 (+2 ?ts_ph_Nat_1 ?ts_ph_Nat_2))
12:30:40 [0m[33m[WARN] [0mproved: (+2 ?ts_ph_Nat_0 (+2 ?ts_ph_Nat_1 ?ts_ph_Nat_2)) => (+2 (+2 ?ts_ph_Nat_0 ?ts_ph_Nat_1) ?ts_ph_Nat_2)
12:30:40 [0m[33m[WARN] [0mproved: (-2 ?ts_ph_Nat_0 (+2 ?ts_ph_Nat_0 ?ts_ph_Nat_1)) => Z
12:30:40 [0m[33m[WARN] [0mproved: (-2 (S ?ts_ph_Nat_0) (+2 ?ts_ph_Nat_0 ?ts_ph_Nat_1)) => (-2 (S Z) ?ts_ph_Nat_1)
12:30:44 [0m[33m[WARN] [0mproved: (-2 (+2 ?ts_ph_Nat_0 ?ts_ph_Nat_1) (S ?ts_ph_Nat_0)) => (-2 ?ts_ph_Nat_1 (S Z))
12:30:44 [0m[33m[WARN] [0mproved: (-2 (S Z) (+2 ?ts_ph_Nat_0 ?ts_ph_Nat_0)) => (-2 (S ?ts_ph_Nat_0) (+2 ?ts_ph_Nat_0 ?ts_ph_Nat_0))
12:30:44 [0m[33m[WARN] [0mproved: (-2 (S ?ts_ph_Nat_0) (+2 ?ts_ph_Nat_0 ?ts_ph_Nat_0)) => (-2 (S Z) (+2 ?ts_ph_Nat_0 ?ts_ph_Nat_0))
12:30:44 [0m[33m[WARN] [0mproved: (+2 ?ts_ph_Nat_0 ?ts_ph_Nat_1) => (+2 ?ts_ph_Nat_1 ?ts_ph_Nat_0)
12:30:44 [0m[33m[WARN] [0mproved: (+2 ?ts_ph_Nat_1 ?ts_ph_Nat_0) => (+2 ?ts_ph_Nat_0 ?ts_ph_Nat_1)
12:30:45 [0m[33m[WARN] [0mproved: (-2 ?ts_ph_Nat_1 (S ?ts_ph_Nat_0)) => (-2 (-2 ?ts_ph_Nat_1 ?ts_ph_Nat_0) (S Z))
12:30:45 [0m[33m[WARN] [0mproved: (-2 (-2 ?ts_ph_Nat_1 ?ts_ph_Nat_0) (S Z)) => (-2 ?ts_ph_Nat_1 (S ?ts_ph_Nat_0))
12:30:48 [0m[33m[WARN] [0mproved: (-2 (-2 ?ts_ph_Nat_1 ?ts_ph_Nat_0) ?ts_ph_Nat_1) => Z
12:30:54 [0m[33m[WARN] [0mproved: (-2 (-2 ?ts_ph_Nat_1 ?ts_ph_Nat_0) ?ts_ph_Nat_0) => (-2 ?ts_ph_Nat_1 (+2 ?ts_ph_Nat_0 ?ts_ph_Nat_0))
12:30:54 [0m[33m[WARN] [0mproved: (-2 ?ts_ph_Nat_1 (+2 ?ts_ph_Nat_0 ?ts_ph_Nat_0)) => (-2 (-2 ?ts_ph_Nat_1 ?ts_ph_Nat_0) ?ts_ph_Nat_0)
12:31:05 [0m[33m[WARN] [0mproved: (-2 ?ts_ph_Nat_1 ?ts_ph_Nat_0) => (-2 (+2 ?ts_ph_Nat_1 ?ts_ph_Nat_1) (+2 ?ts_ph_Nat_0 ?ts_ph_Nat_1))
12:31:05 [0m[33m[WARN] [0mproved: (-2 (+2 ?ts_ph_Nat_1 ?ts_ph_Nat_1) (+2 ?ts_ph_Nat_0 ?ts_ph_Nat_1)) => (-2 ?ts_ph_Nat_1 ?ts_ph_Nat_0)
done in 505202
