21:18:48 [WARN] Collecting statistics
21:18:48 [WARN]  ex is: Z
21:18:48 [WARN]  ex is: (S Z)
21:18:48 [WARN]  ex is: (S (S Z))
21:18:48 [WARN] Proof mode: false
21:18:48 [WARN]  ex is: Z
21:18:48 [WARN]  ex is: (S Z)
21:18:48 [WARN]  ex is: (S (S Z))
21:18:48 [WARN] Proof mode: false
21:18:48 [WARN] proved: (+2 ?ts_ph_Nat_0 Z) => ?ts_ph_Nat_0
21:18:48 [WARN] proved: (<=2 ?ts_ph_Nat_0 ?ts_ph_Nat_0) => true
21:18:50 [WARN] proved: (<=2 ?ts_ph_Nat_0 (S ?ts_ph_Nat_0)) => true
21:18:50 [WARN] proved: (<=2 ?ts_ph_Nat_0 (+2 ?ts_ph_Nat_0 ?ts_ph_Nat_1)) => true
21:18:50 [WARN] proved: (<=2 ?ts_ph_Nat_0 Z) => (<=2 (+2 ?ts_ph_Nat_0 ?ts_ph_Nat_0) Z)
21:18:50 [WARN] proved: (<=2 (+2 ?ts_ph_Nat_0 ?ts_ph_Nat_0) Z) => (<=2 ?ts_ph_Nat_0 Z)
21:18:50 [WARN] proved: (<=2 (S ?ts_ph_Nat_0) (+2 ?ts_ph_Nat_0 ?ts_ph_Nat_1)) => (<=2 (S Z) ?ts_ph_Nat_1)
21:18:59 [WARN] proved: (<=2 (+2 ?ts_ph_Nat_0 ?ts_ph_Nat_0) (S Z)) => (<=2 ?ts_ph_Nat_0 Z)
21:18:59 [WARN] proved: (<=2 ?ts_ph_Nat_0 Z) => (<=2 (+2 ?ts_ph_Nat_0 ?ts_ph_Nat_0) (S Z))
21:58:42 [WARN] proved: (<=2 (S Z) (+2 ?ts_ph_Nat_0 ?ts_ph_Nat_0)) => (<=2 (S Z) ?ts_ph_Nat_0)
21:58:42 [WARN] proved: (<=2 (S Z) ?ts_ph_Nat_0) => (<=2 (S Z) (+2 ?ts_ph_Nat_0 ?ts_ph_Nat_0))
21:58:47 [WARN] proved: (+2 ?ts_ph_Nat_0 (S ?ts_ph_Nat_1)) => (S (+2 ?ts_ph_Nat_0 ?ts_ph_Nat_1))
21:58:47 [WARN] proved: (S (+2 ?ts_ph_Nat_0 ?ts_ph_Nat_1)) => (+2 ?ts_ph_Nat_0 (S ?ts_ph_Nat_1))
21:58:47 [WARN] proved: (+2 ?ts_ph_Nat_1 ?ts_ph_Nat_0) => (+2 ?ts_ph_Nat_0 ?ts_ph_Nat_1)
21:58:47 [WARN] proved: (+2 ?ts_ph_Nat_0 ?ts_ph_Nat_1) => (+2 ?ts_ph_Nat_1 ?ts_ph_Nat_0)
21:58:47 [WARN] proved: (+2 ?ts_ph_Nat_0 (+2 ?ts_ph_Nat_1 ?ts_ph_Nat_2)) => (+2 ?ts_ph_Nat_1 (+2 ?ts_ph_Nat_0 ?ts_ph_Nat_2))
21:58:47 [WARN] proved: (+2 ?ts_ph_Nat_1 (+2 ?ts_ph_Nat_0 ?ts_ph_Nat_2)) => (+2 ?ts_ph_Nat_0 (+2 ?ts_ph_Nat_1 ?ts_ph_Nat_2))
22:04:52 [WARN] proved: (<=2 (+2 ?ts_ph_Nat_0 ?ts_ph_Nat_1) ?ts_ph_Nat_0) => (<=2 ?ts_ph_Nat_1 Z)
22:13:04 [WARN] proved: (<=2 (+2 ?ts_ph_Nat_0 ?ts_ph_Nat_1) (S ?ts_ph_Nat_1)) => (<=2 ?ts_ph_Nat_0 (S Z))
