12:08:02 [WARN] Collecting statistics
12:08:02 [WARN]  ex is: Z
12:08:02 [WARN]  ex is: (S Z)
12:08:02 [WARN]  ex is: (S (S Z))
12:08:02 [WARN]  ex is: nil
12:08:02 [WARN]  ex is: (cons autovar_Nat_0 nil)
12:08:02 [WARN]  ex is: (cons autovar_Nat_1 (cons autovar_Nat_0 nil))
12:08:02 [WARN] Proof mode: false
12:08:02 [WARN]  ex is: Z
12:08:02 [WARN]  ex is: (S Z)
12:08:02 [WARN]  ex is: (S (S Z))
12:08:02 [WARN]  ex is: nil
12:08:02 [WARN]  ex is: (cons autovar_Nat_0 nil)
12:08:02 [WARN]  ex is: (cons autovar_Nat_1 (cons autovar_Nat_0 nil))
12:08:02 [WARN] Proof mode: false
12:08:02 [WARN] proved: (<2 ?ts_ph_Nat_0 ?ts_ph_Nat_0) => false
12:08:02 [WARN] proved: (== Z ?ts_ph_Nat_0) => (== ?ts_ph_Nat_0 Z)
12:08:02 [WARN] proved: (== ?ts_ph_Nat_0 Z) => (== Z ?ts_ph_Nat_0)
12:08:02 [WARN] proved: (== ?ts_ph_Nat_0 ?ts_ph_Nat_0) => true
12:08:03 [WARN] proved: (== ?ts_ph_Nat_0 (S Z)) => (== (S Z) ?ts_ph_Nat_0)
12:08:03 [WARN] proved: (== (S Z) ?ts_ph_Nat_0) => (== ?ts_ph_Nat_0 (S Z))
12:08:03 [WARN] proved: (== (S ?ts_ph_Nat_0) ?ts_ph_Nat_0) => false
12:08:03 [WARN] proved: (== ?ts_ph_Nat_0 (S ?ts_ph_Nat_0)) => false
12:08:03 [WARN] proved: (== ?ts_ph_Nat_0 (S ?ts_ph_Nat_0)) => (<2 (S ?ts_ph_Nat_0) ?ts_ph_Nat_0)
12:08:03 [WARN] proved: (<2 (S ?ts_ph_Nat_0) ?ts_ph_Nat_0) => (== ?ts_ph_Nat_0 (S ?ts_ph_Nat_0))
12:08:03 [WARN] proved: (<2 ?ts_ph_Nat_0 (S Z)) => (== Z ?ts_ph_Nat_0)
12:08:03 [WARN] proved: (== Z ?ts_ph_Nat_0) => (<2 ?ts_ph_Nat_0 (S Z))
12:08:03 [WARN] proved: (<2 ?ts_ph_Nat_0 (S ?ts_ph_Nat_0)) => true
12:08:03 [WARN] proved: (== ?ts_ph_Nat_1 ?ts_ph_Nat_0) => (== ?ts_ph_Nat_0 ?ts_ph_Nat_1)
12:08:03 [WARN] proved: (== ?ts_ph_Nat_0 ?ts_ph_Nat_1) => (== ?ts_ph_Nat_1 ?ts_ph_Nat_0)
