12:27:28 [WARN] Collecting statistics
12:27:28 [WARN]  ex is: nil
12:27:28 [WARN]  ex is: (cons autovar_sk_0 nil)
12:27:28 [WARN]  ex is: (cons autovar_sk_1 (cons autovar_sk_0 nil))
12:27:28 [WARN]  ex is: Z
12:27:28 [WARN]  ex is: (S Z)
12:27:28 [WARN]  ex is: (S (S Z))
12:27:28 [WARN] Proof mode: false
12:27:28 [WARN]  ex is: nil
12:27:28 [WARN]  ex is: (cons autovar_sk_0 nil)
12:27:28 [WARN]  ex is: (cons autovar_sk_1 (cons autovar_sk_0 nil))
12:27:28 [WARN]  ex is: Z
12:27:28 [WARN]  ex is: (S Z)
12:27:28 [WARN]  ex is: (S (S Z))
12:27:28 [WARN] Proof mode: false
12:27:28 [WARN] proved: (++ ?ts_ph_list_0 nil) => ?ts_ph_list_0
12:27:28 [WARN] proved: (-2 ?ts_ph_Nat_0 ?ts_ph_Nat_0) => Z
12:27:28 [WARN] proved: (-2 ?ts_ph_Nat_0 Z) => ?ts_ph_Nat_0
12:27:28 [WARN] proved: (take ?ts_ph_Nat_0 nil) => nil
12:27:48 [WARN] proved: (-2 ?ts_ph_Nat_0 (S ?ts_ph_Nat_0)) => Z
12:27:48 [WARN] generalized case_split proof as: (++ ?ts_ph_list_0 (++ ?ts_ph_list_1 ?ts_ph_list_2)) -- (++ (++ ?ts_ph_list_0 ?ts_ph_list_1) ?ts_ph_list_2)
12:27:48 [WARN] proved: (++ ?ts_ph_list_0 (++ ?ts_ph_list_1 ?ts_ph_list_2)) => (++ (++ ?ts_ph_list_0 ?ts_ph_list_1) ?ts_ph_list_2)
12:27:48 [WARN] proved: (++ (++ ?ts_ph_list_0 ?ts_ph_list_1) ?ts_ph_list_2) => (++ ?ts_ph_list_0 (++ ?ts_ph_list_1 ?ts_ph_list_2))
12:27:48 [WARN] proved: (take (len ?ts_ph_list_0) (++ ?ts_ph_list_0 ?ts_ph_list_1)) => ?ts_ph_list_0
12:27:48 [WARN] proved: (take (len ?ts_ph_list_0) (++ ?ts_ph_list_0 ?ts_ph_list_1)) => (take (len ?ts_ph_list_0) ?ts_ph_list_0)
12:27:48 [WARN] proved: (take (S Z) ?ts_ph_list_0) => (take (S Z) (++ ?ts_ph_list_0 ?ts_ph_list_0))
12:27:48 [WARN] proved: (take (S Z) (++ ?ts_ph_list_0 ?ts_ph_list_0)) => (take (S Z) ?ts_ph_list_0)
12:27:48 [WARN] proved: (-2 (S ?ts_ph_Nat_0) ?ts_ph_Nat_0) => (S Z)
12:27:49 [WARN] proved: (take ?ts_ph_Nat_0 (take ?ts_ph_Nat_0 ?ts_ph_list_0)) => (take ?ts_ph_Nat_0 ?ts_ph_list_0)
12:27:49 [WARN] proved: (take ?ts_ph_Nat_0 ?ts_ph_list_0) => (take ?ts_ph_Nat_0 (take ?ts_ph_Nat_0 ?ts_ph_list_0))
12:27:52 [WARN] proved: (-2 ?ts_ph_Nat_1 (S ?ts_ph_Nat_0)) => (-2 (-2 ?ts_ph_Nat_1 ?ts_ph_Nat_0) (S Z))
12:27:52 [WARN] proved: (-2 (-2 ?ts_ph_Nat_1 ?ts_ph_Nat_0) (S Z)) => (-2 ?ts_ph_Nat_1 (S ?ts_ph_Nat_0))
12:28:02 [WARN] proved: (take ?ts_ph_Nat_0 ?ts_ph_list_0) => (take (S ?ts_ph_Nat_0) (take ?ts_ph_Nat_0 ?ts_ph_list_0))
12:28:02 [WARN] proved: (take (S ?ts_ph_Nat_0) (take ?ts_ph_Nat_0 ?ts_ph_list_0)) => (take ?ts_ph_Nat_0 ?ts_ph_list_0)
12:28:27 [WARN] proved: (take (len ?ts_ph_list_0) (take ?ts_ph_Nat_0 ?ts_ph_list_0)) => (take (S ?ts_ph_Nat_0) (take ?ts_ph_Nat_0 ?ts_ph_list_0))
12:28:27 [WARN] proved: (take (S ?ts_ph_Nat_0) (take ?ts_ph_Nat_0 ?ts_ph_list_0)) => (take (len ?ts_ph_list_0) (take ?ts_ph_Nat_0 ?ts_ph_list_0))
