12:07:30 [WARN] Collecting statistics
12:07:30 [WARN]  ex is: Leaf
12:07:30 [WARN]  ex is: (Node Leaf autovar_sk_0 Leaf)
12:07:30 [WARN]  ex is: (Node (Node Leaf autovar_sk_0 Leaf) autovar_sk_1 (Node Leaf autovar_sk_0 Leaf))
12:07:30 [WARN]  ex is: Z
12:07:30 [WARN]  ex is: (S Z)
12:07:30 [WARN]  ex is: (S (S Z))
12:07:30 [WARN] Proof mode: false
12:07:30 [WARN]  ex is: Leaf
12:07:30 [WARN]  ex is: (Node Leaf autovar_sk_0 Leaf)
12:07:30 [WARN]  ex is: (Node (Node Leaf autovar_sk_0 Leaf) autovar_sk_1 (Node Leaf autovar_sk_0 Leaf))
12:07:30 [WARN]  ex is: Z
12:07:30 [WARN]  ex is: (S Z)
12:07:30 [WARN]  ex is: (S (S Z))
12:07:30 [WARN] Proof mode: false
12:07:30 [WARN] proved: (max ?ts_ph_Nat_0 Z) => ?ts_ph_Nat_0
12:07:30 [WARN] proved: (max ?ts_ph_Nat_0 ?ts_ph_Nat_0) => (max ?ts_ph_Nat_0 Z)
12:07:30 [WARN] proved: (max ?ts_ph_Nat_0 Z) => (max ?ts_ph_Nat_0 ?ts_ph_Nat_0)
12:27:08 [WARN] proved: (mirror (mirror ?ts_ph_Tree_0)) => ?ts_ph_Tree_0
12:27:08 [WARN] proved: (S ?ts_ph_Nat_0) => (max (S ?ts_ph_Nat_0) ?ts_ph_Nat_0)
12:27:08 [WARN] proved: (max (S ?ts_ph_Nat_0) ?ts_ph_Nat_0) => (S ?ts_ph_Nat_0)
12:27:08 [WARN] proved: (max ?ts_ph_Nat_0 (S Z)) => (max (S Z) ?ts_ph_Nat_0)
12:27:08 [WARN] proved: (max (S Z) ?ts_ph_Nat_0) => (max ?ts_ph_Nat_0 (S Z))
12:27:08 [WARN] proved: (max ?ts_ph_Nat_0 ?ts_ph_Nat_1) => (max ?ts_ph_Nat_1 ?ts_ph_Nat_0)
12:27:08 [WARN] proved: (max ?ts_ph_Nat_1 ?ts_ph_Nat_0) => (max ?ts_ph_Nat_0 ?ts_ph_Nat_1)
12:27:09 [WARN] proved: (height (mirror ?ts_ph_Tree_0)) => (height ?ts_ph_Tree_0)
12:27:09 [WARN] proved: (height ?ts_ph_Tree_0) => (height (mirror ?ts_ph_Tree_0))
12:27:09 [WARN] proved: (max ?ts_ph_Nat_0 ?ts_ph_Nat_1) => (max ?ts_ph_Nat_1 (max ?ts_ph_Nat_0 ?ts_ph_Nat_1))
12:27:09 [WARN] proved: (max ?ts_ph_Nat_1 (max ?ts_ph_Nat_0 ?ts_ph_Nat_1)) => (max ?ts_ph_Nat_0 ?ts_ph_Nat_1)
