13:07:31 [WARN] Collecting statistics
13:07:31 [WARN]  ex is: nil
13:07:31 [WARN]  ex is: (cons autovar_sk_0 nil)
13:07:31 [WARN]  ex is: (cons autovar_sk_1 (cons autovar_sk_0 nil))
13:07:31 [WARN]  ex is: Z
13:07:31 [WARN]  ex is: (S Z)
13:07:31 [WARN]  ex is: (S (S Z))
13:07:31 [WARN] Proof mode: false
13:07:31 [WARN]  ex is: nil
13:07:31 [WARN]  ex is: (cons autovar_sk_0 nil)
13:07:31 [WARN]  ex is: (cons autovar_sk_1 (cons autovar_sk_0 nil))
13:07:31 [WARN]  ex is: Z
13:07:31 [WARN]  ex is: (S Z)
13:07:31 [WARN]  ex is: (S (S Z))
13:07:31 [WARN] Proof mode: false
13:07:32 [WARN] proved: (-2 ?ts_ph_Nat_0 Z) => ?ts_ph_Nat_0
13:07:32 [WARN] proved: (drop ?ts_ph_Nat_0 nil) => nil
13:07:32 [WARN] proved: (-2 ?ts_ph_Nat_0 ?ts_ph_Nat_0) => Z
13:07:34 [WARN] proved: (-2 ?ts_ph_Nat_0 (S ?ts_ph_Nat_0)) => Z
13:07:34 [WARN] proved: (len (drop ?ts_ph_Nat_0 ?ts_ph_list_0)) => (-2 (len ?ts_ph_list_0) ?ts_ph_Nat_0)
13:07:34 [WARN] proved: (-2 (len ?ts_ph_list_0) ?ts_ph_Nat_0) => (len (drop ?ts_ph_Nat_0 ?ts_ph_list_0))
13:07:34 [WARN] proved: (-2 (S ?ts_ph_Nat_0) ?ts_ph_Nat_0) => (S Z)
13:07:34 [WARN] proved: (drop (len ?ts_ph_list_0) ?ts_ph_list_0) => nil
13:07:34 [WARN] proved: (-2 (-2 ?ts_ph_Nat_1 ?ts_ph_Nat_0) (S Z)) => (-2 ?ts_ph_Nat_1 (S ?ts_ph_Nat_0))
13:07:34 [WARN] proved: (-2 ?ts_ph_Nat_1 (S ?ts_ph_Nat_0)) => (-2 (-2 ?ts_ph_Nat_1 ?ts_ph_Nat_0) (S Z))
13:07:35 [WARN] proved: (-2 (-2 ?ts_ph_Nat_1 ?ts_ph_Nat_0) ?ts_ph_Nat_1) => Z
13:07:36 [WARN] proved: (drop (S Z) (drop ?ts_ph_Nat_0 ?ts_ph_list_1)) => (drop (S ?ts_ph_Nat_0) ?ts_ph_list_1)
13:07:36 [WARN] proved: (drop (S ?ts_ph_Nat_0) ?ts_ph_list_1) => (drop (S Z) (drop ?ts_ph_Nat_0 ?ts_ph_list_1))
13:07:39 [WARN] proved: (drop ?ts_ph_Nat_0 (drop ?ts_ph_Nat_1 ?ts_ph_list_1)) => (drop ?ts_ph_Nat_1 (drop ?ts_ph_Nat_0 ?ts_ph_list_1))
13:07:39 [WARN] proved: (drop ?ts_ph_Nat_1 (drop ?ts_ph_Nat_0 ?ts_ph_list_1)) => (drop ?ts_ph_Nat_0 (drop ?ts_ph_Nat_1 ?ts_ph_list_1))
