Collecting statistics
(max Z ?y) => ?y
(max (S ?z) Z) => (S ?z)
(S ?z) => (max (S ?z) Z)
(max (S ?z) (S ?x2)) => (S (max ?z ?x2))
(S (max ?z ?x2)) => (max (S ?z) (S ?x2))
(== Z Z) => true
(== Z (S ?z)) => false
(== (S ?x2) Z) => false
(== (S ?x2) (S ?y2)) => (== ?x2 ?y2)
(== ?x2 ?y2) => (== (S ?x2) (S ?y2))
(<=2 Z ?y) => true
(<=2 (S ?z) Z) => false
(<=2 (S ?z) (S ?x2)) => (<=2 ?z ?x2)
(<=2 ?z ?x2) => (<=2 (S ?z) (S ?x2))
(max ?autovar6 Z) => (potential_split ?autovar6 Z (S (param_Nat_0 ?autovar6))) if Cond(var: ?autovar6, pat: Z) Cond(var: ?autovar6, pat: (S ?param_0))
(max ?autovar6 (S ?autovar3)) => (potential_split ?autovar6 Z (S (param_Nat_0 ?autovar6))) if Cond(var: ?autovar6, pat: Z) Cond(var: ?autovar6, pat: (S ?param_0))
(max (S ?autovar4) ?autovar7) => (potential_split ?autovar7 Z (S (param_Nat_0 ?autovar7))) if Cond(var: ?autovar7, pat: Z) Cond(var: ?autovar7, pat: (S ?param_0))
(max (S ?autovar5) ?autovar7) => (potential_split ?autovar7 Z (S (param_Nat_0 ?autovar7))) if Cond(var: ?autovar7, pat: Z) Cond(var: ?autovar7, pat: (S ?param_0))
(== ?autovar7 Z) => (potential_split ?autovar7 Z (S (param_Nat_0 ?autovar7))) if Cond(var: ?autovar7, pat: Z) Cond(var: ?autovar7, pat: (S ?param_0))
(== ?autovar7 (S ?autovar1)) => (potential_split ?autovar7 Z (S (param_Nat_0 ?autovar7))) if Cond(var: ?autovar7, pat: Z) Cond(var: ?autovar7, pat: (S ?param_0))
(== ?autovar7 Z) => (potential_split ?autovar7 Z (S (param_Nat_0 ?autovar7))) if Cond(var: ?autovar7, pat: Z) Cond(var: ?autovar7, pat: (S ?param_0))
(== ?autovar7 (S ?autovar4)) => (potential_split ?autovar7 Z (S (param_Nat_0 ?autovar7))) if Cond(var: ?autovar7, pat: Z) Cond(var: ?autovar7, pat: (S ?param_0))
(== Z ?autovar8) => (potential_split ?autovar8 Z (S (param_Nat_0 ?autovar8))) if Cond(var: ?autovar8, pat: Z) Cond(var: ?autovar8, pat: (S ?param_0))
(== Z ?autovar8) => (potential_split ?autovar8 Z (S (param_Nat_0 ?autovar8))) if Cond(var: ?autovar8, pat: Z) Cond(var: ?autovar8, pat: (S ?param_0))
(== (S ?autovar5) ?autovar8) => (potential_split ?autovar8 Z (S (param_Nat_0 ?autovar8))) if Cond(var: ?autovar8, pat: Z) Cond(var: ?autovar8, pat: (S ?param_0))
(== (S ?autovar6) ?autovar8) => (potential_split ?autovar8 Z (S (param_Nat_0 ?autovar8))) if Cond(var: ?autovar8, pat: Z) Cond(var: ?autovar8, pat: (S ?param_0))
(<=2 ?autovar6 Z) => (potential_split ?autovar6 Z (S (param_Nat_0 ?autovar6))) if Cond(var: ?autovar6, pat: Z) Cond(var: ?autovar6, pat: (S ?param_0))
(<=2 ?autovar6 (S ?autovar3)) => (potential_split ?autovar6 Z (S (param_Nat_0 ?autovar6))) if Cond(var: ?autovar6, pat: Z) Cond(var: ?autovar6, pat: (S ?param_0))
(<=2 (S ?autovar4) ?autovar7) => (potential_split ?autovar7 Z (S (param_Nat_0 ?autovar7))) if Cond(var: ?autovar7, pat: Z) Cond(var: ?autovar7, pat: (S ?param_0))
(<=2 (S ?autovar5) ?autovar7) => (potential_split ?autovar7 Z (S (param_Nat_0 ?autovar7))) if Cond(var: ?autovar7, pat: Z) Cond(var: ?autovar7, pat: (S ?param_0))
 ex is: Z
 ex is: (S Z)
 ex is: (S (S Z))
 ex is: Z
 ex is: (S Z)
 ex is: (S (S Z))
Running TheSy on datatypes: Nat dict: max == <=2 Z S
16:19:58 [0m[33m[WARN] [0m# of splitters: 1
16:19:58 [0m[33m[WARN] [0m# of splitters: 1
16:19:58 [0m[33m[WARN] [0m# of splitters: 2
16:19:58 [0m[33m[WARN] [0m# of splitters: 1
16:19:58 [0m[33m[WARN] [0m# of splitters: 11
16:19:59 [0m[33m[WARN] [0m# of splitters: 1
16:19:59 [0m[33m[WARN] [0m# of splitters: 34
Starting depth 1
16:19:59 [0m[33m[WARN] [0m# of splitters: 2
16:19:59 [0m[33m[WARN] [0m# of splitters: 1
16:19:59 [0m[33m[WARN] [0m# of splitters: 1
16:19:59 [0m[33m[WARN] [0m# of splitters: 1
16:19:59 [0m[33m[WARN] [0mproved: (<=2 ?ts_ph_Nat_0 ?ts_ph_Nat_0) => true
16:19:59 [0m[33m[WARN] [0m# of splitters: 1
16:19:59 [0m[33m[WARN] [0m# of splitters: 1
16:19:59 [0m[33m[WARN] [0m# of splitters: 2
16:19:59 [0m[33m[WARN] [0m# of splitters: 1
16:19:59 [0m[33m[WARN] [0m# of splitters: 11
16:20:01 [0m[33m[WARN] [0m# of splitters: 1
16:20:01 [0m[33m[WARN] [0m# of splitters: 34
16:20:01 [0m[33m[WARN] [0mproved: (== Z ?ts_ph_Nat_0) => (<=2 ?ts_ph_Nat_0 Z)
16:20:01 [0m[33m[WARN] [0mproved: (<=2 ?ts_ph_Nat_0 Z) => (== Z ?ts_ph_Nat_0)
16:20:01 [0m[33m[WARN] [0m# of splitters: 1
16:20:01 [0m[33m[WARN] [0m# of splitters: 1
16:20:01 [0m[33m[WARN] [0m# of splitters: 2
16:20:01 [0m[33m[WARN] [0m# of splitters: 1
16:20:01 [0m[33m[WARN] [0m# of splitters: 11
16:20:03 [0m[33m[WARN] [0m# of splitters: 1
16:20:03 [0m[33m[WARN] [0m# of splitters: 34
16:20:03 [0m[33m[WARN] [0mproved: (== ?ts_ph_Nat_0 Z) => (<=2 ?ts_ph_Nat_0 Z)
16:20:03 [0m[33m[WARN] [0mproved: (<=2 ?ts_ph_Nat_0 Z) => (== ?ts_ph_Nat_0 Z)
16:20:03 [0m[33m[WARN] [0m# of splitters: 1
16:20:03 [0m[33m[WARN] [0m# of splitters: 1
16:20:03 [0m[33m[WARN] [0m# of splitters: 2
16:20:03 [0m[33m[WARN] [0m# of splitters: 1
16:20:03 [0m[33m[WARN] [0m# of splitters: 11
16:20:05 [0m[33m[WARN] [0m# of splitters: 1
16:20:05 [0m[33m[WARN] [0m# of splitters: 34
16:20:05 [0m[33m[WARN] [0mproved: (max ?ts_ph_Nat_0 ?ts_ph_Nat_0) => ?ts_ph_Nat_0
16:20:05 [0m[33m[WARN] [0m# of splitters: 1
16:20:05 [0m[33m[WARN] [0m# of splitters: 1
16:20:05 [0m[33m[WARN] [0m# of splitters: 2
16:20:05 [0m[33m[WARN] [0m# of splitters: 1
16:20:05 [0m[33m[WARN] [0m# of splitters: 5
16:20:05 [0m[33m[WARN] [0m# of splitters: 1
16:20:05 [0m[33m[WARN] [0m# of splitters: 33
16:20:05 [0m[33m[WARN] [0mproved: (max ?ts_ph_Nat_0 Z) => ?ts_ph_Nat_0
16:20:05 [0m[33m[WARN] [0m# of splitters: 1
16:20:05 [0m[33m[WARN] [0m# of splitters: 1
16:20:05 [0m[33m[WARN] [0m# of splitters: 2
16:20:05 [0m[33m[WARN] [0m# of splitters: 1
16:20:05 [0m[33m[WARN] [0m# of splitters: 4
16:20:05 [0m[33m[WARN] [0m# of splitters: 1
16:20:05 [0m[33m[WARN] [0m# of splitters: 33
16:20:05 [0m[33m[WARN] [0mproved: (== ?ts_ph_Nat_0 ?ts_ph_Nat_0) => true
16:20:05 [0m[33m[WARN] [0m# of splitters: 1
16:20:05 [0m[33m[WARN] [0m# of splitters: 1
proved: (== (max ?ts_ph_Nat_1 ?ts_ph_Nat_0) ?ts_ph_Nat_1) => (<=2 ?ts_ph_Nat_0 ?ts_ph_Nat_1)
proved: (<=2 ?ts_ph_Nat_0 ?ts_ph_Nat_1) => (== (max ?ts_ph_Nat_1 ?ts_ph_Nat_0) ?ts_ph_Nat_1)
16:20:05 [0m[33m[WARN] [0mFound all lemmas
done in 7238
