13:07:30 [WARN] Collecting statistics
13:07:30 [WARN]  ex is: (pair2 autovar_sk_0 autovar_sk_1)
13:07:30 [WARN]  ex is: nil2
13:07:30 [WARN]  ex is: (cons2 autovar_sk_0 nil2)
13:07:30 [WARN]  ex is: (cons2 autovar_sk_1 (cons2 autovar_sk_0 nil2))
13:07:30 [WARN]  ex is: nil
13:07:30 [WARN]  ex is: (cons autovar_pair_0 nil)
13:07:30 [WARN]  ex is: (cons autovar_pair_1 (cons autovar_pair_0 nil))
13:07:30 [WARN]  ex is: Z
13:07:30 [WARN]  ex is: (S Z)
13:07:30 [WARN]  ex is: (S (S Z))
13:07:30 [WARN] Proof mode: false
13:07:30 [WARN]  ex is: (pair2 autovar_sk_0 autovar_sk_1)
13:07:30 [WARN]  ex is: nil2
13:07:30 [WARN]  ex is: (cons2 autovar_sk_0 nil2)
13:07:30 [WARN]  ex is: (cons2 autovar_sk_1 (cons2 autovar_sk_0 nil2))
13:07:30 [WARN]  ex is: nil
13:07:30 [WARN]  ex is: (cons autovar_pair_0 nil)
13:07:30 [WARN]  ex is: (cons autovar_pair_1 (cons autovar_pair_0 nil))
13:07:30 [WARN]  ex is: Z
13:07:30 [WARN]  ex is: (S Z)
13:07:30 [WARN]  ex is: (S (S Z))
13:07:30 [WARN] Proof mode: false
13:07:31 [WARN] proved: (zip ?ts_ph_list2_0 nil2) => nil
13:07:31 [WARN] proved: (take ?ts_ph_Nat_0 nil) => nil
13:07:31 [WARN] proved: (take2 ?ts_ph_Nat_0 nil2) => nil2
13:09:56 [WARN] proved: (take2 ?ts_ph_Nat_1 ?ts_ph_list2_0) => (take2 ?ts_ph_Nat_1 (take2 ?ts_ph_Nat_1 ?ts_ph_list2_0))
13:09:56 [WARN] proved: (take2 ?ts_ph_Nat_1 (take2 ?ts_ph_Nat_1 ?ts_ph_list2_0)) => (take2 ?ts_ph_Nat_1 ?ts_ph_list2_0)
13:09:56 [WARN] proved: (take ?ts_ph_Nat_1 ?ts_ph_list_0) => (take ?ts_ph_Nat_1 (take ?ts_ph_Nat_1 ?ts_ph_list_0))
13:09:56 [WARN] proved: (take ?ts_ph_Nat_1 (take ?ts_ph_Nat_1 ?ts_ph_list_0)) => (take ?ts_ph_Nat_1 ?ts_ph_list_0)
13:09:59 [WARN] proved: (zip (take2 ?ts_ph_Nat_1 ?ts_ph_list2_0) ?ts_ph_list2_0) => (zip ?ts_ph_list2_0 (take2 ?ts_ph_Nat_1 ?ts_ph_list2_0))
13:09:59 [WARN] proved: (zip ?ts_ph_list2_0 (take2 ?ts_ph_Nat_1 ?ts_ph_list2_0)) => (zip (take2 ?ts_ph_Nat_1 ?ts_ph_list2_0) ?ts_ph_list2_0)
13:10:02 [WARN] proved: (zip (take2 ?ts_ph_Nat_1 ?ts_ph_list2_0) ?ts_ph_list2_0) => (take ?ts_ph_Nat_1 (zip ?ts_ph_list2_0 ?ts_ph_list2_0))
13:10:02 [WARN] proved: (take ?ts_ph_Nat_1 (zip ?ts_ph_list2_0 ?ts_ph_list2_0)) => (zip (take2 ?ts_ph_Nat_1 ?ts_ph_list2_0) ?ts_ph_list2_0)
13:10:20 [WARN] proved: (take2 (S ?ts_ph_Nat_1) (take2 ?ts_ph_Nat_1 ?ts_ph_list2_0)) => (take2 ?ts_ph_Nat_1 ?ts_ph_list2_0)
13:10:20 [WARN] proved: (take2 ?ts_ph_Nat_1 ?ts_ph_list2_0) => (take2 (S ?ts_ph_Nat_1) (take2 ?ts_ph_Nat_1 ?ts_ph_list2_0))
13:10:42 [WARN] proved: (take ?ts_ph_Nat_1 ?ts_ph_list_0) => (take (S ?ts_ph_Nat_1) (take ?ts_ph_Nat_1 ?ts_ph_list_0))
13:10:42 [WARN] proved: (take (S ?ts_ph_Nat_1) (take ?ts_ph_Nat_1 ?ts_ph_list_0)) => (take ?ts_ph_Nat_1 ?ts_ph_list_0)
13:12:49 [WARN] proved: (zip (take2 ?ts_ph_Nat_1 ?ts_ph_list2_0) ?ts_ph_list2_0) => (zip (take2 ?ts_ph_Nat_1 ?ts_ph_list2_0) (take2 ?ts_ph_Nat_1 ?ts_ph_list2_0))
13:12:49 [WARN] proved: (zip (take2 ?ts_ph_Nat_1 ?ts_ph_list2_0) (take2 ?ts_ph_Nat_1 ?ts_ph_list2_0)) => (zip (take2 ?ts_ph_Nat_1 ?ts_ph_list2_0) ?ts_ph_list2_0)
