Collecting statistics
(max Z ?y) => ?y
(max (S ?z) Z) => (S ?z)
(S ?z) => (max (S ?z) Z)
(max (S ?z) (S ?x2)) => (S (max ?z ?x2))
(S (max ?z ?x2)) => (max (S ?z) (S ?x2))
(mirror Leaf) => Leaf
Leaf => (mirror Leaf)
(mirror (Node ?l ?y0 ?r)) => (Node (mirror ?r) ?y0 (mirror ?l))
(Node (mirror ?r) ?y0 (mirror ?l)) => (mirror (Node ?l ?y0 ?r))
(height Leaf) => Z
Z => (height Leaf)
(height (Node ?l ?y1 ?r)) => (S (max (height ?l) (height ?r)))
(max ?autovar6 Z) => (potential_split ?autovar6 Z (S (param_Nat_0 ?autovar6))) if Cond(var: ?autovar6, pat: Z) Cond(var: ?autovar6, pat: (S ?param_0))
(max ?autovar6 (S ?autovar3)) => (potential_split ?autovar6 Z (S (param_Nat_0 ?autovar6))) if Cond(var: ?autovar6, pat: Z) Cond(var: ?autovar6, pat: (S ?param_0))
(max (S ?autovar4) ?autovar7) => (potential_split ?autovar7 Z (S (param_Nat_0 ?autovar7))) if Cond(var: ?autovar7, pat: Z) Cond(var: ?autovar7, pat: (S ?param_0))
(max (S ?autovar5) ?autovar7) => (potential_split ?autovar7 Z (S (param_Nat_0 ?autovar7))) if Cond(var: ?autovar7, pat: Z) Cond(var: ?autovar7, pat: (S ?param_0))
 ex is: Leaf
 ex is: (Node Leaf autovar_sk_0 Leaf)
 ex is: (Node (Node Leaf autovar_sk_0 Leaf) autovar_sk_1 (Node Leaf autovar_sk_0 Leaf))
 ex is: Z
 ex is: (S Z)
 ex is: (S (S Z))
 ex is: Leaf
 ex is: (Node Leaf autovar_sk_0 Leaf)
 ex is: (Node (Node Leaf autovar_sk_0 Leaf) autovar_sk_1 (Node Leaf autovar_sk_0 Leaf))
 ex is: Z
 ex is: (S Z)
 ex is: (S (S Z))
Running TheSy on datatypes: Tree Nat dict: mirror max height Leaf Node Z S
Starting depth 1
16:19:56 [0m[33m[WARN] [0m# of splitters: 2
16:19:56 [0m[33m[WARN] [0m# of splitters: 1
16:19:56 [0m[33m[WARN] [0m# of splitters: 1
16:19:56 [0m[33m[WARN] [0m# of splitters: 1
16:19:56 [0m[33m[WARN] [0mproved: (max ?ts_ph_Nat_0 ?ts_ph_Nat_0) => ?ts_ph_Nat_0
16:19:56 [0m[33m[WARN] [0mproved: (max ?ts_ph_Nat_0 Z) => ?ts_ph_Nat_0
Starting depth 2
16:19:56 [0m[33m[WARN] [0m# of splitters: 10
16:19:56 [0m[33m[WARN] [0m# of splitters: 7
16:19:56 [0m[33m[WARN] [0m# of splitters: 10
16:19:56 [0m[33m[WARN] [0m# of splitters: 4
16:19:56 [0m[33m[WARN] [0m# of splitters: 9
16:19:57 [0m[33m[WARN] [0m# of splitters: 5
16:19:57 [0m[33m[WARN] [0m# of splitters: 6
16:19:57 [0m[33m[WARN] [0m# of splitters: 8
16:19:57 [0m[33m[WARN] [0m# of splitters: 13
16:20:02 [0m[33m[WARN] [0m# of splitters: 8
16:20:02 [0m[33m[WARN] [0m# of splitters: 16
16:47:03 [0m[33m[WARN] [0m# of splitters: 2
16:47:03 [0m[33m[WARN] [0m# of splitters: 3
16:47:03 [0m[33m[WARN] [0m# of splitters: 1
16:47:03 [0m[33m[WARN] [0m# of splitters: 2
16:47:03 [0m[33m[WARN] [0m# of splitters: 1
16:47:03 [0m[33m[WARN] [0m# of splitters: 6
16:47:03 [0m[33m[WARN] [0m# of splitters: 9
16:47:03 [0m[33m[WARN] [0m# of splitters: 6
16:47:03 [0m[33m[WARN] [0m# of splitters: 13
16:47:03 [0m[33m[WARN] [0mproved: (mirror (mirror ?ts_ph_Tree_0)) => ?ts_ph_Tree_0
16:47:03 [0m[33m[WARN] [0m# of splitters: 1
16:47:03 [0m[33m[WARN] [0m# of splitters: 1
16:47:03 [0m[33m[WARN] [0mproved: (max (S ?ts_ph_Nat_0) ?ts_ph_Nat_0) => (S ?ts_ph_Nat_0)
16:47:03 [0m[33m[WARN] [0mproved: (S ?ts_ph_Nat_0) => (max (S ?ts_ph_Nat_0) ?ts_ph_Nat_0)
16:47:03 [0m[33m[WARN] [0m# of splitters: 20
16:47:03 [0m[33m[WARN] [0m# of splitters: 27
16:47:03 [0m[33m[WARN] [0m# of splitters: 26
16:47:03 [0m[33m[WARN] [0m# of splitters: 34
16:47:03 [0m[33m[WARN] [0m# of splitters: 8
16:47:03 [0m[33m[WARN] [0m# of splitters: 33
16:47:03 [0m[33m[WARN] [0m# of splitters: 8
16:47:03 [0m[33m[WARN] [0m# of splitters: 32
16:47:03 [0m[33m[WARN] [0m# of splitters: 21
16:47:03 [0m[33m[WARN] [0m# of splitters: 31
16:47:03 [0m[33m[WARN] [0m# of splitters: 22
16:47:03 [0m[33m[WARN] [0m# of splitters: 30
16:47:03 [0m[33m[WARN] [0m# of splitters: 21
16:47:03 [0m[33m[WARN] [0m# of splitters: 29
16:47:03 [0m[33m[WARN] [0m# of splitters: 18
16:47:03 [0m[33m[WARN] [0m# of splitters: 28
16:47:03 [0m[33m[WARN] [0m# of splitters: 20
16:47:03 [0m[33m[WARN] [0m# of splitters: 27
16:47:03 [0m[33m[WARN] [0m# of splitters: 27
16:47:03 [0m[33m[WARN] [0m# of splitters: 17
16:47:03 [0m[33m[WARN] [0m# of splitters: 34
16:47:03 [0m[33m[WARN] [0m# of splitters: 17
16:47:03 [0m[33m[WARN] [0m# of splitters: 33
16:47:03 [0m[33m[WARN] [0m# of splitters: 32
16:47:03 [0m[33m[WARN] [0m# of splitters: 32
16:47:03 [0m[33m[WARN] [0m# of splitters: 31
16:47:03 [0m[33m[WARN] [0m# of splitters: 31
16:47:03 [0m[33m[WARN] [0m# of splitters: 30
16:47:03 [0m[33m[WARN] [0m# of splitters: 30
16:47:03 [0m[33m[WARN] [0m# of splitters: 29
16:47:03 [0m[33m[WARN] [0m# of splitters: 29
16:47:03 [0m[33m[WARN] [0m# of splitters: 26
16:47:03 [0m[33m[WARN] [0m# of splitters: 8
16:47:03 [0m[33m[WARN] [0m# of splitters: 33
16:47:03 [0m[33m[WARN] [0m# of splitters: 8
16:47:03 [0m[33m[WARN] [0m# of splitters: 32
16:47:03 [0m[33m[WARN] [0m# of splitters: 23
16:47:03 [0m[33m[WARN] [0m# of splitters: 31
16:47:03 [0m[33m[WARN] [0m# of splitters: 23
16:47:03 [0m[33m[WARN] [0m# of splitters: 30
16:47:03 [0m[33m[WARN] [0m# of splitters: 26
16:47:03 [0m[33m[WARN] [0m# of splitters: 16
16:47:03 [0m[33m[WARN] [0m# of splitters: 33
16:47:03 [0m[33m[WARN] [0m# of splitters: 16
16:47:03 [0m[33m[WARN] [0m# of splitters: 32
16:47:03 [0m[33m[WARN] [0m# of splitters: 31
16:47:03 [0m[33m[WARN] [0m# of splitters: 31
16:47:03 [0m[33m[WARN] [0m# of splitters: 30
16:47:03 [0m[33m[WARN] [0m# of splitters: 30
16:47:03 [0m[33m[WARN] [0m# of splitters: 29
16:47:03 [0m[33m[WARN] [0m# of splitters: 29
16:47:03 [0m[33m[WARN] [0m# of splitters: 12
16:47:03 [0m[33m[WARN] [0m# of splitters: 6
16:47:03 [0m[33m[WARN] [0m# of splitters: 15
16:47:03 [0m[33m[WARN] [0m# of splitters: 25
16:47:03 [0m[33m[WARN] [0m# of splitters: 16
16:47:03 [0m[33m[WARN] [0m# of splitters: 34
16:47:03 [0m[33m[WARN] [0m# of splitters: 31
16:47:03 [0m[33m[WARN] [0m# of splitters: 31
16:47:03 [0m[33m[WARN] [0m# of splitters: 12
16:47:03 [0m[33m[WARN] [0m# of splitters: 6
16:47:03 [0m[33m[WARN] [0m# of splitters: 15
16:47:03 [0m[33m[WARN] [0m# of splitters: 6
16:47:03 [0m[33m[WARN] [0m# of splitters: 14
16:47:03 [0m[33m[WARN] [0m# of splitters: 6
16:47:03 [0m[33m[WARN] [0m# of splitters: 13
16:47:03 [0m[33m[WARN] [0m# of splitters: 6
16:47:03 [0m[33m[WARN] [0m# of splitters: 12
16:47:03 [0m[33m[WARN] [0m# of splitters: 24
16:47:03 [0m[33m[WARN] [0m# of splitters: 23
16:47:03 [0m[33m[WARN] [0m# of splitters: 22
16:47:03 [0m[33m[WARN] [0m# of splitters: 30
16:47:03 [0m[33m[WARN] [0m# of splitters: 19
16:47:03 [0m[33m[WARN] [0m# of splitters: 29
16:47:03 [0m[33m[WARN] [0m# of splitters: 23
16:47:03 [0m[33m[WARN] [0m# of splitters: 22
16:47:03 [0m[33m[WARN] [0m# of splitters: 22
16:47:03 [0m[33m[WARN] [0m# of splitters: 29
16:47:03 [0m[33m[WARN] [0m# of splitters: 22
16:47:03 [0m[33m[WARN] [0m# of splitters: 28
16:47:03 [0m[33m[WARN] [0m# of splitters: 22
16:47:03 [0m[33m[WARN] [0m# of splitters: 21
16:47:03 [0m[33m[WARN] [0m# of splitters: 21
16:47:03 [0m[33m[WARN] [0m# of splitters: 28
16:47:03 [0m[33m[WARN] [0m# of splitters: 21
16:47:03 [0m[33m[WARN] [0m# of splitters: 27
16:47:03 [0m[33m[WARN] [0m# of splitters: 21
16:47:03 [0m[33m[WARN] [0m# of splitters: 26
16:47:03 [0m[33m[WARN] [0m# of splitters: 21
16:47:03 [0m[33m[WARN] [0m# of splitters: 20
16:47:03 [0m[33m[WARN] [0m# of splitters: 20
16:47:03 [0m[33m[WARN] [0m# of splitters: 27
16:47:03 [0m[33m[WARN] [0m# of splitters: 20
16:47:03 [0m[33m[WARN] [0m# of splitters: 26
16:47:03 [0m[33m[WARN] [0m# of splitters: 20
16:47:03 [0m[33m[WARN] [0m# of splitters: 25
16:47:03 [0m[33m[WARN] [0m# of splitters: 20
16:47:03 [0m[33m[WARN] [0m# of splitters: 19
16:47:03 [0m[33m[WARN] [0m# of splitters: 17
16:47:03 [0m[33m[WARN] [0m# of splitters: 26
16:47:03 [0m[33m[WARN] [0m# of splitters: 17
16:47:03 [0m[33m[WARN] [0m# of splitters: 25
16:47:03 [0m[33m[WARN] [0m# of splitters: 17
16:47:03 [0m[33m[WARN] [0m# of splitters: 24
16:47:03 [0m[33m[WARN] [0m# of splitters: 17
16:47:03 [0m[33m[WARN] [0m# of splitters: 23
16:47:03 [0m[33m[WARN] [0m# of splitters: 19
16:47:03 [0m[33m[WARN] [0m# of splitters: 18
16:47:03 [0m[33m[WARN] [0m# of splitters: 19
16:47:03 [0m[33m[WARN] [0m# of splitters: 25
16:47:03 [0m[33m[WARN] [0m# of splitters: 19
16:47:03 [0m[33m[WARN] [0m# of splitters: 24
16:47:03 [0m[33m[WARN] [0m# of splitters: 18
16:47:03 [0m[33m[WARN] [0m# of splitters: 17
16:47:03 [0m[33m[WARN] [0m# of splitters: 18
16:47:03 [0m[33m[WARN] [0m# of splitters: 24
16:47:03 [0m[33m[WARN] [0m# of splitters: 18
16:47:03 [0m[33m[WARN] [0m# of splitters: 23
16:47:03 [0m[33m[WARN] [0m# of splitters: 17
16:47:03 [0m[33m[WARN] [0m# of splitters: 16
16:47:03 [0m[33m[WARN] [0m# of splitters: 17
16:47:03 [0m[33m[WARN] [0m# of splitters: 23
16:47:03 [0m[33m[WARN] [0m# of splitters: 17
16:47:03 [0m[33m[WARN] [0m# of splitters: 22
16:47:03 [0m[33m[WARN] [0m# of splitters: 17
16:47:03 [0m[33m[WARN] [0m# of splitters: 21
16:47:03 [0m[33m[WARN] [0m# of splitters: 16
16:47:03 [0m[33m[WARN] [0m# of splitters: 15
16:47:03 [0m[33m[WARN] [0m# of splitters: 14
16:47:03 [0m[33m[WARN] [0m# of splitters: 22
16:47:03 [0m[33m[WARN] [0m# of splitters: 15
16:47:03 [0m[33m[WARN] [0m# of splitters: 14
16:47:04 [0m[33m[WARN] [0m# of splitters: 16
16:47:04 [0m[33m[WARN] [0m# of splitters: 21
16:47:04 [0m[33m[WARN] [0m# of splitters: 16
16:47:04 [0m[33m[WARN] [0m# of splitters: 20
16:47:04 [0m[33m[WARN] [0m# of splitters: 14
16:47:04 [0m[33m[WARN] [0m# of splitters: 13
16:47:04 [0m[33m[WARN] [0m# of splitters: 15
16:47:04 [0m[33m[WARN] [0m# of splitters: 20
16:47:04 [0m[33m[WARN] [0m# of splitters: 15
16:47:04 [0m[33m[WARN] [0m# of splitters: 19
16:47:04 [0m[33m[WARN] [0m# of splitters: 13
16:47:04 [0m[33m[WARN] [0m# of splitters: 12
16:47:04 [0m[33m[WARN] [0m# of splitters: 14
16:47:04 [0m[33m[WARN] [0m# of splitters: 19
16:47:04 [0m[33m[WARN] [0m# of splitters: 14
16:47:04 [0m[33m[WARN] [0m# of splitters: 18
16:47:04 [0m[33m[WARN] [0m# of splitters: 14
16:47:04 [0m[33m[WARN] [0m# of splitters: 17
16:47:04 [0m[33m[WARN] [0m# of splitters: 12
16:47:04 [0m[33m[WARN] [0m# of splitters: 11
16:47:04 [0m[33m[WARN] [0m# of splitters: 18
16:47:04 [0m[33m[WARN] [0m# of splitters: 14
16:47:04 [0m[33m[WARN] [0m# of splitters: 13
16:47:04 [0m[33m[WARN] [0m# of splitters: 17
16:47:04 [0m[33m[WARN] [0m# of splitters: 13
16:47:04 [0m[33m[WARN] [0m# of splitters: 16
16:47:04 [0m[33m[WARN] [0m# of splitters: 11
16:47:04 [0m[33m[WARN] [0m# of splitters: 10
16:47:04 [0m[33m[WARN] [0m# of splitters: 17
16:47:04 [0m[33m[WARN] [0m# of splitters: 13
16:47:04 [0m[33m[WARN] [0m# of splitters: 12
16:47:04 [0m[33m[WARN] [0m# of splitters: 16
16:47:04 [0m[33m[WARN] [0m# of splitters: 12
16:47:04 [0m[33m[WARN] [0m# of splitters: 15
16:47:04 [0m[33m[WARN] [0m# of splitters: 10
16:47:04 [0m[33m[WARN] [0m# of splitters: 2
16:47:04 [0m[33m[WARN] [0m# of splitters: 2
16:47:04 [0m[33m[WARN] [0m# of splitters: 3
16:47:04 [0m[33m[WARN] [0m# of splitters: 1
16:47:04 [0m[33m[WARN] [0m# of splitters: 2
16:47:04 [0m[33m[WARN] [0mproved: (max ?ts_ph_Nat_0 (S ?ts_ph_Nat_0)) => (S ?ts_ph_Nat_0)
16:47:04 [0m[33m[WARN] [0mproved: (S ?ts_ph_Nat_0) => (max ?ts_ph_Nat_0 (S ?ts_ph_Nat_0))
16:47:04 [0m[33m[WARN] [0m# of splitters: 20
16:47:04 [0m[33m[WARN] [0m# of splitters: 27
16:47:04 [0m[33m[WARN] [0m# of splitters: 26
16:47:04 [0m[33m[WARN] [0m# of splitters: 34
16:47:04 [0m[33m[WARN] [0m# of splitters: 8
16:47:04 [0m[33m[WARN] [0m# of splitters: 33
16:47:04 [0m[33m[WARN] [0m# of splitters: 8
16:47:04 [0m[33m[WARN] [0m# of splitters: 32
16:47:04 [0m[33m[WARN] [0m# of splitters: 21
16:47:04 [0m[33m[WARN] [0m# of splitters: 31
16:47:04 [0m[33m[WARN] [0m# of splitters: 23
16:47:04 [0m[33m[WARN] [0m# of splitters: 30
16:47:04 [0m[33m[WARN] [0m# of splitters: 22
16:47:04 [0m[33m[WARN] [0m# of splitters: 29
16:47:04 [0m[33m[WARN] [0m# of splitters: 21
16:47:04 [0m[33m[WARN] [0m# of splitters: 28
16:47:04 [0m[33m[WARN] [0m# of splitters: 18
16:47:04 [0m[33m[WARN] [0m# of splitters: 27
16:47:04 [0m[33m[WARN] [0m# of splitters: 20
16:47:04 [0m[33m[WARN] [0m# of splitters: 26
16:47:04 [0m[33m[WARN] [0m# of splitters: 19
16:47:04 [0m[33m[WARN] [0m# of splitters: 25
16:47:04 [0m[33m[WARN] [0m# of splitters: 27
16:47:04 [0m[33m[WARN] [0m# of splitters: 34
16:47:04 [0m[33m[WARN] [0m# of splitters: 34
16:47:04 [0m[33m[WARN] [0m# of splitters: 16
16:47:04 [0m[33m[WARN] [0m# of splitters: 33
16:47:04 [0m[33m[WARN] [0m# of splitters: 16
16:47:04 [0m[33m[WARN] [0m# of splitters: 32
16:47:04 [0m[33m[WARN] [0m# of splitters: 31
16:47:04 [0m[33m[WARN] [0m# of splitters: 31
16:47:04 [0m[33m[WARN] [0m# of splitters: 30
16:47:04 [0m[33m[WARN] [0m# of splitters: 30
16:47:04 [0m[33m[WARN] [0m# of splitters: 29
16:47:04 [0m[33m[WARN] [0m# of splitters: 29
16:47:04 [0m[33m[WARN] [0m# of splitters: 28
16:47:04 [0m[33m[WARN] [0m# of splitters: 28
16:47:04 [0m[33m[WARN] [0m# of splitters: 27
16:47:04 [0m[33m[WARN] [0m# of splitters: 27
16:47:04 [0m[33m[WARN] [0m# of splitters: 26
16:47:04 [0m[33m[WARN] [0m# of splitters: 26
16:47:04 [0m[33m[WARN] [0m# of splitters: 25
16:47:04 [0m[33m[WARN] [0m# of splitters: 25
16:47:04 [0m[33m[WARN] [0m# of splitters: 24
16:47:04 [0m[33m[WARN] [0m# of splitters: 24
16:47:04 [0m[33m[WARN] [0m# of splitters: 26
16:47:04 [0m[33m[WARN] [0m# of splitters: 8
16:47:04 [0m[33m[WARN] [0m# of splitters: 33
16:47:04 [0m[33m[WARN] [0m# of splitters: 8
16:47:04 [0m[33m[WARN] [0m# of splitters: 32
16:47:04 [0m[33m[WARN] [0m# of splitters: 21
16:47:04 [0m[33m[WARN] [0m# of splitters: 31
16:47:04 [0m[33m[WARN] [0m# of splitters: 23
16:47:04 [0m[33m[WARN] [0m# of splitters: 30
16:47:04 [0m[33m[WARN] [0m# of splitters: 21
16:47:04 [0m[33m[WARN] [0m# of splitters: 29
16:47:04 [0m[33m[WARN] [0m# of splitters: 21
16:47:04 [0m[33m[WARN] [0m# of splitters: 28
16:47:04 [0m[33m[WARN] [0m# of splitters: 20
16:47:04 [0m[33m[WARN] [0m# of splitters: 27
16:47:04 [0m[33m[WARN] [0m# of splitters: 20
16:47:04 [0m[33m[WARN] [0m# of splitters: 26
16:47:04 [0m[33m[WARN] [0m# of splitters: 26
16:47:04 [0m[33m[WARN] [0m# of splitters: 16
16:47:04 [0m[33m[WARN] [0m# of splitters: 33
16:47:04 [0m[33m[WARN] [0m# of splitters: 16
16:47:04 [0m[33m[WARN] [0m# of splitters: 32
16:47:04 [0m[33m[WARN] [0m# of splitters: 31
16:47:04 [0m[33m[WARN] [0m# of splitters: 31
16:47:04 [0m[33m[WARN] [0m# of splitters: 30
16:47:04 [0m[33m[WARN] [0m# of splitters: 30
16:47:04 [0m[33m[WARN] [0m# of splitters: 29
16:47:04 [0m[33m[WARN] [0m# of splitters: 29
16:47:04 [0m[33m[WARN] [0m# of splitters: 12
16:47:04 [0m[33m[WARN] [0m# of splitters: 6
16:47:04 [0m[33m[WARN] [0m# of splitters: 15
16:47:04 [0m[33m[WARN] [0m# of splitters: 6
16:47:04 [0m[33m[WARN] [0m# of splitters: 14
16:47:04 [0m[33m[WARN] [0m# of splitters: 25
16:47:04 [0m[33m[WARN] [0m# of splitters: 16
16:47:04 [0m[33m[WARN] [0m# of splitters: 34
16:47:04 [0m[33m[WARN] [0m# of splitters: 31
16:47:04 [0m[33m[WARN] [0m# of splitters: 31
16:47:04 [0m[33m[WARN] [0m# of splitters: 30
16:47:04 [0m[33m[WARN] [0m# of splitters: 30
16:47:04 [0m[33m[WARN] [0m# of splitters: 29
16:47:04 [0m[33m[WARN] [0m# of splitters: 29
16:47:04 [0m[33m[WARN] [0m# of splitters: 12
16:47:04 [0m[33m[WARN] [0m# of splitters: 6
16:47:04 [0m[33m[WARN] [0m# of splitters: 15
16:47:04 [0m[33m[WARN] [0m# of splitters: 6
16:47:04 [0m[33m[WARN] [0m# of splitters: 14
16:47:04 [0m[33m[WARN] [0m# of splitters: 6
16:47:04 [0m[33m[WARN] [0m# of splitters: 13
16:47:04 [0m[33m[WARN] [0m# of splitters: 24
16:47:04 [0m[33m[WARN] [0m# of splitters: 23
16:47:04 [0m[33m[WARN] [0m# of splitters: 22
16:47:04 [0m[33m[WARN] [0m# of splitters: 30
16:47:04 [0m[33m[WARN] [0m# of splitters: 19
16:47:04 [0m[33m[WARN] [0m# of splitters: 29
16:47:04 [0m[33m[WARN] [0m# of splitters: 23
16:47:04 [0m[33m[WARN] [0m# of splitters: 22
16:47:04 [0m[33m[WARN] [0m# of splitters: 22
16:47:04 [0m[33m[WARN] [0m# of splitters: 29
16:47:04 [0m[33m[WARN] [0m# of splitters: 22
16:47:04 [0m[33m[WARN] [0m# of splitters: 28
16:47:04 [0m[33m[WARN] [0m# of splitters: 22
16:47:04 [0m[33m[WARN] [0m# of splitters: 27
16:47:04 [0m[33m[WARN] [0m# of splitters: 22
16:47:04 [0m[33m[WARN] [0m# of splitters: 26
16:47:04 [0m[33m[WARN] [0m# of splitters: 22
16:47:04 [0m[33m[WARN] [0m# of splitters: 21
16:47:04 [0m[33m[WARN] [0m# of splitters: 21
16:47:04 [0m[33m[WARN] [0m# of splitters: 28
16:47:04 [0m[33m[WARN] [0m# of splitters: 21
16:47:04 [0m[33m[WARN] [0m# of splitters: 27
16:47:04 [0m[33m[WARN] [0m# of splitters: 21
16:47:04 [0m[33m[WARN] [0m# of splitters: 26
16:47:04 [0m[33m[WARN] [0m# of splitters: 21
16:47:04 [0m[33m[WARN] [0m# of splitters: 20
16:47:04 [0m[33m[WARN] [0m# of splitters: 20
16:47:04 [0m[33m[WARN] [0m# of splitters: 27
16:47:04 [0m[33m[WARN] [0m# of splitters: 20
16:47:04 [0m[33m[WARN] [0m# of splitters: 26
16:47:04 [0m[33m[WARN] [0m# of splitters: 20
16:47:04 [0m[33m[WARN] [0m# of splitters: 25
16:47:04 [0m[33m[WARN] [0m# of splitters: 20
16:47:04 [0m[33m[WARN] [0m# of splitters: 24
16:47:04 [0m[33m[WARN] [0m# of splitters: 20
16:47:04 [0m[33m[WARN] [0m# of splitters: 23
16:47:04 [0m[33m[WARN] [0m# of splitters: 20
16:47:04 [0m[33m[WARN] [0m# of splitters: 19
16:47:04 [0m[33m[WARN] [0m# of splitters: 17
16:47:04 [0m[33m[WARN] [0m# of splitters: 26
16:47:04 [0m[33m[WARN] [0m# of splitters: 17
16:47:04 [0m[33m[WARN] [0m# of splitters: 25
16:47:04 [0m[33m[WARN] [0m# of splitters: 19
16:47:04 [0m[33m[WARN] [0m# of splitters: 18
16:47:04 [0m[33m[WARN] [0m# of splitters: 19
16:47:04 [0m[33m[WARN] [0m# of splitters: 25
16:47:04 [0m[33m[WARN] [0m# of splitters: 19
16:47:04 [0m[33m[WARN] [0m# of splitters: 24
16:47:04 [0m[33m[WARN] [0m# of splitters: 19
16:47:04 [0m[33m[WARN] [0m# of splitters: 23
16:47:04 [0m[33m[WARN] [0m# of splitters: 19
16:47:04 [0m[33m[WARN] [0m# of splitters: 22
16:47:04 [0m[33m[WARN] [0m# of splitters: 18
16:47:04 [0m[33m[WARN] [0m# of splitters: 17
16:47:04 [0m[33m[WARN] [0m# of splitters: 18
16:47:04 [0m[33m[WARN] [0m# of splitters: 24
16:47:04 [0m[33m[WARN] [0m# of splitters: 18
16:47:04 [0m[33m[WARN] [0m# of splitters: 23
16:47:04 [0m[33m[WARN] [0m# of splitters: 18
16:47:04 [0m[33m[WARN] [0m# of splitters: 22
16:47:04 [0m[33m[WARN] [0m# of splitters: 17
16:47:04 [0m[33m[WARN] [0m# of splitters: 16
16:47:04 [0m[33m[WARN] [0m# of splitters: 17
16:47:04 [0m[33m[WARN] [0m# of splitters: 23
16:47:04 [0m[33m[WARN] [0m# of splitters: 17
16:47:04 [0m[33m[WARN] [0m# of splitters: 22
16:47:04 [0m[33m[WARN] [0m# of splitters: 17
16:47:04 [0m[33m[WARN] [0m# of splitters: 21
16:47:04 [0m[33m[WARN] [0m# of splitters: 16
16:47:04 [0m[33m[WARN] [0m# of splitters: 15
16:47:04 [0m[33m[WARN] [0m# of splitters: 22
16:47:04 [0m[33m[WARN] [0m# of splitters: 17
16:47:04 [0m[33m[WARN] [0m# of splitters: 16
16:47:04 [0m[33m[WARN] [0m# of splitters: 21
16:47:04 [0m[33m[WARN] [0m# of splitters: 16
16:47:04 [0m[33m[WARN] [0m# of splitters: 20
16:47:04 [0m[33m[WARN] [0m# of splitters: 16
16:47:04 [0m[33m[WARN] [0m# of splitters: 19
16:47:04 [0m[33m[WARN] [0m# of splitters: 15
16:47:04 [0m[33m[WARN] [0m# of splitters: 14
16:47:04 [0m[33m[WARN] [0m# of splitters: 21
16:47:04 [0m[33m[WARN] [0m# of splitters: 16
16:47:04 [0m[33m[WARN] [0m# of splitters: 15
16:47:04 [0m[33m[WARN] [0m# of splitters: 20
16:47:04 [0m[33m[WARN] [0m# of splitters: 15
16:47:04 [0m[33m[WARN] [0m# of splitters: 19
16:47:04 [0m[33m[WARN] [0m# of splitters: 15
16:47:04 [0m[33m[WARN] [0m# of splitters: 18
16:47:04 [0m[33m[WARN] [0m# of splitters: 14
16:47:04 [0m[33m[WARN] [0m# of splitters: 13
16:47:04 [0m[33m[WARN] [0m# of splitters: 20
16:47:04 [0m[33m[WARN] [0m# of splitters: 15
16:47:04 [0m[33m[WARN] [0m# of splitters: 14
16:47:04 [0m[33m[WARN] [0m# of splitters: 19
16:47:04 [0m[33m[WARN] [0m# of splitters: 14
16:47:04 [0m[33m[WARN] [0m# of splitters: 18
16:47:04 [0m[33m[WARN] [0m# of splitters: 14
16:47:04 [0m[33m[WARN] [0m# of splitters: 17
16:47:04 [0m[33m[WARN] [0m# of splitters: 13
16:47:04 [0m[33m[WARN] [0m# of splitters: 12
16:47:04 [0m[33m[WARN] [0m# of splitters: 19
16:47:04 [0m[33m[WARN] [0m# of splitters: 15
16:47:04 [0m[33m[WARN] [0m# of splitters: 14
16:47:04 [0m[33m[WARN] [0m# of splitters: 18
16:47:04 [0m[33m[WARN] [0m# of splitters: 14
16:47:04 [0m[33m[WARN] [0m# of splitters: 17
16:47:04 [0m[33m[WARN] [0m# of splitters: 12
16:47:04 [0m[33m[WARN] [0m# of splitters: 11
16:47:05 [0m[33m[WARN] [0m# of splitters: 18
16:47:05 [0m[33m[WARN] [0m# of splitters: 14
16:47:05 [0m[33m[WARN] [0m# of splitters: 13
16:47:05 [0m[33m[WARN] [0m# of splitters: 17
16:47:05 [0m[33m[WARN] [0m# of splitters: 13
16:47:05 [0m[33m[WARN] [0m# of splitters: 16
16:47:05 [0m[33m[WARN] [0m# of splitters: 11
16:47:05 [0m[33m[WARN] [0m# of splitters: 2
16:47:05 [0m[33m[WARN] [0m# of splitters: 2
16:47:05 [0m[33m[WARN] [0m# of splitters: 2
16:47:05 [0m[33m[WARN] [0m# of splitters: 1
16:47:05 [0m[33m[WARN] [0m# of splitters: 2
16:47:05 [0m[33m[WARN] [0mproved: (max ?ts_ph_Nat_0 (S Z)) => (max (S Z) ?ts_ph_Nat_0)
16:47:05 [0m[33m[WARN] [0mproved: (max (S Z) ?ts_ph_Nat_0) => (max ?ts_ph_Nat_0 (S Z))
16:47:05 [0m[33m[WARN] [0m# of splitters: 20
16:47:05 [0m[33m[WARN] [0m# of splitters: 27
16:47:05 [0m[33m[WARN] [0m# of splitters: 26
16:47:05 [0m[33m[WARN] [0m# of splitters: 34
16:47:05 [0m[33m[WARN] [0m# of splitters: 8
16:47:05 [0m[33m[WARN] [0m# of splitters: 33
16:47:05 [0m[33m[WARN] [0m# of splitters: 8
16:47:05 [0m[33m[WARN] [0m# of splitters: 32
16:47:05 [0m[33m[WARN] [0m# of splitters: 21
16:47:05 [0m[33m[WARN] [0m# of splitters: 31
16:47:05 [0m[33m[WARN] [0m# of splitters: 22
16:47:05 [0m[33m[WARN] [0m# of splitters: 30
16:47:05 [0m[33m[WARN] [0m# of splitters: 19
16:47:05 [0m[33m[WARN] [0m# of splitters: 29
16:47:05 [0m[33m[WARN] [0m# of splitters: 19
16:47:05 [0m[33m[WARN] [0m# of splitters: 28
16:47:05 [0m[33m[WARN] [0m# of splitters: 27
16:47:05 [0m[33m[WARN] [0m# of splitters: 17
16:47:05 [0m[33m[WARN] [0m# of splitters: 34
16:47:05 [0m[33m[WARN] [0m# of splitters: 17
16:47:05 [0m[33m[WARN] [0m# of splitters: 33
16:47:05 [0m[33m[WARN] [0m# of splitters: 32
16:47:05 [0m[33m[WARN] [0m# of splitters: 32
16:47:05 [0m[33m[WARN] [0m# of splitters: 31
16:47:05 [0m[33m[WARN] [0m# of splitters: 31
16:47:05 [0m[33m[WARN] [0m# of splitters: 26
16:47:05 [0m[33m[WARN] [0m# of splitters: 8
16:47:05 [0m[33m[WARN] [0m# of splitters: 33
16:47:05 [0m[33m[WARN] [0m# of splitters: 8
16:47:05 [0m[33m[WARN] [0m# of splitters: 32
16:47:05 [0m[33m[WARN] [0m# of splitters: 21
16:47:05 [0m[33m[WARN] [0m# of splitters: 31
16:47:05 [0m[33m[WARN] [0m# of splitters: 23
16:47:05 [0m[33m[WARN] [0m# of splitters: 30
16:47:05 [0m[33m[WARN] [0m# of splitters: 22
16:47:05 [0m[33m[WARN] [0m# of splitters: 29
16:47:05 [0m[33m[WARN] [0m# of splitters: 21
16:47:05 [0m[33m[WARN] [0m# of splitters: 28
16:47:05 [0m[33m[WARN] [0m# of splitters: 18
16:47:05 [0m[33m[WARN] [0m# of splitters: 27
16:47:05 [0m[33m[WARN] [0m# of splitters: 20
16:47:05 [0m[33m[WARN] [0m# of splitters: 26
16:47:05 [0m[33m[WARN] [0m# of splitters: 19
16:47:05 [0m[33m[WARN] [0m# of splitters: 25
16:47:05 [0m[33m[WARN] [0m# of splitters: 18
16:47:05 [0m[33m[WARN] [0m# of splitters: 24
16:47:05 [0m[33m[WARN] [0m# of splitters: 26
16:47:05 [0m[33m[WARN] [0m# of splitters: 16
16:47:05 [0m[33m[WARN] [0m# of splitters: 33
16:47:05 [0m[33m[WARN] [0m# of splitters: 16
16:47:05 [0m[33m[WARN] [0m# of splitters: 32
16:47:05 [0m[33m[WARN] [0m# of splitters: 31
16:47:05 [0m[33m[WARN] [0m# of splitters: 31
16:47:05 [0m[33m[WARN] [0m# of splitters: 30
16:47:05 [0m[33m[WARN] [0m# of splitters: 30
16:47:05 [0m[33m[WARN] [0m# of splitters: 29
16:47:05 [0m[33m[WARN] [0m# of splitters: 29
16:47:05 [0m[33m[WARN] [0m# of splitters: 28
16:47:05 [0m[33m[WARN] [0m# of splitters: 28
16:47:05 [0m[33m[WARN] [0m# of splitters: 27
16:47:05 [0m[33m[WARN] [0m# of splitters: 27
16:47:05 [0m[33m[WARN] [0m# of splitters: 26
16:47:05 [0m[33m[WARN] [0m# of splitters: 26
16:47:05 [0m[33m[WARN] [0m# of splitters: 25
16:47:05 [0m[33m[WARN] [0m# of splitters: 25
16:47:05 [0m[33m[WARN] [0m# of splitters: 24
16:47:05 [0m[33m[WARN] [0m# of splitters: 24
16:47:05 [0m[33m[WARN] [0m# of splitters: 23
16:47:05 [0m[33m[WARN] [0m# of splitters: 23
16:47:05 [0m[33m[WARN] [0m# of splitters: 22
16:47:05 [0m[33m[WARN] [0m# of splitters: 22
16:47:05 [0m[33m[WARN] [0m# of splitters: 21
16:47:05 [0m[33m[WARN] [0m# of splitters: 21
16:47:05 [0m[33m[WARN] [0m# of splitters: 20
16:47:05 [0m[33m[WARN] [0m# of splitters: 20
16:47:05 [0m[33m[WARN] [0m# of splitters: 19
16:47:05 [0m[33m[WARN] [0m# of splitters: 19
16:47:05 [0m[33m[WARN] [0m# of splitters: 18
16:47:05 [0m[33m[WARN] [0m# of splitters: 18
16:47:05 [0m[33m[WARN] [0m# of splitters: 12
16:47:05 [0m[33m[WARN] [0m# of splitters: 6
16:47:05 [0m[33m[WARN] [0m# of splitters: 15
16:47:05 [0m[33m[WARN] [0m# of splitters: 6
16:47:05 [0m[33m[WARN] [0m# of splitters: 14
16:47:05 [0m[33m[WARN] [0m# of splitters: 6
16:47:05 [0m[33m[WARN] [0m# of splitters: 13
16:47:05 [0m[33m[WARN] [0m# of splitters: 25
16:47:05 [0m[33m[WARN] [0m# of splitters: 16
16:47:05 [0m[33m[WARN] [0m# of splitters: 34
16:47:05 [0m[33m[WARN] [0m# of splitters: 31
16:47:05 [0m[33m[WARN] [0m# of splitters: 31
16:47:05 [0m[33m[WARN] [0m# of splitters: 30
16:47:05 [0m[33m[WARN] [0m# of splitters: 30
16:47:05 [0m[33m[WARN] [0m# of splitters: 29
16:47:05 [0m[33m[WARN] [0m# of splitters: 29
16:47:05 [0m[33m[WARN] [0m# of splitters: 28
16:47:05 [0m[33m[WARN] [0m# of splitters: 28
16:47:05 [0m[33m[WARN] [0m# of splitters: 12
16:47:05 [0m[33m[WARN] [0m# of splitters: 6
16:47:05 [0m[33m[WARN] [0m# of splitters: 15
16:47:05 [0m[33m[WARN] [0m# of splitters: 6
16:47:05 [0m[33m[WARN] [0m# of splitters: 14
16:47:05 [0m[33m[WARN] [0m# of splitters: 24
16:47:05 [0m[33m[WARN] [0m# of splitters: 23
16:47:05 [0m[33m[WARN] [0m# of splitters: 20
16:47:05 [0m[33m[WARN] [0m# of splitters: 30
16:47:05 [0m[33m[WARN] [0m# of splitters: 20
16:47:05 [0m[33m[WARN] [0m# of splitters: 29
16:47:05 [0m[33m[WARN] [0m# of splitters: 20
16:47:05 [0m[33m[WARN] [0m# of splitters: 28
16:47:05 [0m[33m[WARN] [0m# of splitters: 23
16:47:05 [0m[33m[WARN] [0m# of splitters: 22
16:47:05 [0m[33m[WARN] [0m# of splitters: 22
16:47:05 [0m[33m[WARN] [0m# of splitters: 29
16:47:05 [0m[33m[WARN] [0m# of splitters: 22
16:47:05 [0m[33m[WARN] [0m# of splitters: 28
16:47:05 [0m[33m[WARN] [0m# of splitters: 22
16:47:05 [0m[33m[WARN] [0m# of splitters: 21
16:47:05 [0m[33m[WARN] [0m# of splitters: 21
16:47:05 [0m[33m[WARN] [0m# of splitters: 28
16:47:05 [0m[33m[WARN] [0m# of splitters: 21
16:47:05 [0m[33m[WARN] [0m# of splitters: 20
16:47:05 [0m[33m[WARN] [0m# of splitters: 20
16:47:05 [0m[33m[WARN] [0m# of splitters: 27
16:47:05 [0m[33m[WARN] [0m# of splitters: 20
16:47:05 [0m[33m[WARN] [0m# of splitters: 26
16:47:05 [0m[33m[WARN] [0m# of splitters: 20
16:47:05 [0m[33m[WARN] [0m# of splitters: 25
16:47:05 [0m[33m[WARN] [0m# of splitters: 20
16:47:05 [0m[33m[WARN] [0m# of splitters: 19
16:47:05 [0m[33m[WARN] [0m# of splitters: 17
16:47:05 [0m[33m[WARN] [0m# of splitters: 26
16:47:05 [0m[33m[WARN] [0m# of splitters: 17
16:47:05 [0m[33m[WARN] [0m# of splitters: 25
16:47:05 [0m[33m[WARN] [0m# of splitters: 19
16:47:05 [0m[33m[WARN] [0m# of splitters: 18
16:47:05 [0m[33m[WARN] [0m# of splitters: 25
16:47:05 [0m[33m[WARN] [0m# of splitters: 19
16:47:05 [0m[33m[WARN] [0m# of splitters: 18
16:47:05 [0m[33m[WARN] [0m# of splitters: 24
16:47:05 [0m[33m[WARN] [0m# of splitters: 18
16:47:05 [0m[33m[WARN] [0m# of splitters: 23
16:47:05 [0m[33m[WARN] [0m# of splitters: 18
16:47:05 [0m[33m[WARN] [0m# of splitters: 22
16:47:05 [0m[33m[WARN] [0m# of splitters: 18
16:47:05 [0m[33m[WARN] [0m# of splitters: 21
16:47:05 [0m[33m[WARN] [0m# of splitters: 18
16:47:05 [0m[33m[WARN] [0m# of splitters: 17
16:47:05 [0m[33m[WARN] [0m# of splitters: 24
16:47:05 [0m[33m[WARN] [0m# of splitters: 18
16:47:05 [0m[33m[WARN] [0m# of splitters: 17
16:47:05 [0m[33m[WARN] [0m# of splitters: 23
16:47:05 [0m[33m[WARN] [0m# of splitters: 17
16:47:05 [0m[33m[WARN] [0m# of splitters: 22
16:47:05 [0m[33m[WARN] [0m# of splitters: 17
16:47:05 [0m[33m[WARN] [0m# of splitters: 21
16:47:05 [0m[33m[WARN] [0m# of splitters: 17
16:47:06 [0m[33m[WARN] [0m# of splitters: 20
16:47:06 [0m[33m[WARN] [0m# of splitters: 17
16:47:06 [0m[33m[WARN] [0m# of splitters: 16
16:47:06 [0m[33m[WARN] [0m# of splitters: 23
16:47:06 [0m[33m[WARN] [0m# of splitters: 18
16:47:06 [0m[33m[WARN] [0m# of splitters: 14
16:47:06 [0m[33m[WARN] [0m# of splitters: 22
16:47:06 [0m[33m[WARN] [0m# of splitters: 14
16:47:06 [0m[33m[WARN] [0m# of splitters: 21
16:47:06 [0m[33m[WARN] [0m# of splitters: 14
16:47:06 [0m[33m[WARN] [0m# of splitters: 20
16:47:06 [0m[33m[WARN] [0m# of splitters: 16
16:47:06 [0m[33m[WARN] [0m# of splitters: 15
16:47:06 [0m[33m[WARN] [0m# of splitters: 22
16:47:06 [0m[33m[WARN] [0m# of splitters: 17
16:47:06 [0m[33m[WARN] [0m# of splitters: 16
16:47:06 [0m[33m[WARN] [0m# of splitters: 21
16:47:06 [0m[33m[WARN] [0m# of splitters: 16
16:47:06 [0m[33m[WARN] [0m# of splitters: 20
16:47:06 [0m[33m[WARN] [0m# of splitters: 16
16:47:06 [0m[33m[WARN] [0m# of splitters: 19
16:47:06 [0m[33m[WARN] [0m# of splitters: 15
16:47:06 [0m[33m[WARN] [0m# of splitters: 14
16:47:06 [0m[33m[WARN] [0m# of splitters: 21
16:47:06 [0m[33m[WARN] [0m# of splitters: 16
16:47:06 [0m[33m[WARN] [0m# of splitters: 15
16:47:06 [0m[33m[WARN] [0m# of splitters: 20
16:47:06 [0m[33m[WARN] [0m# of splitters: 15
16:47:06 [0m[33m[WARN] [0m# of splitters: 19
16:47:06 [0m[33m[WARN] [0m# of splitters: 15
16:47:06 [0m[33m[WARN] [0m# of splitters: 18
16:47:06 [0m[33m[WARN] [0m# of splitters: 14
16:47:06 [0m[33m[WARN] [0m# of splitters: 13
16:47:06 [0m[33m[WARN] [0m# of splitters: 20
16:47:06 [0m[33m[WARN] [0m# of splitters: 16
16:47:06 [0m[33m[WARN] [0m# of splitters: 15
16:47:06 [0m[33m[WARN] [0m# of splitters: 19
16:47:06 [0m[33m[WARN] [0m# of splitters: 15
16:47:06 [0m[33m[WARN] [0m# of splitters: 18
16:47:06 [0m[33m[WARN] [0m# of splitters: 13
16:47:06 [0m[33m[WARN] [0m# of splitters: 12
16:47:06 [0m[33m[WARN] [0m# of splitters: 15
16:47:06 [0m[33m[WARN] [0m# of splitters: 16
16:47:06 [0m[33m[WARN] [0m# of splitters: 14
16:47:06 [0m[33m[WARN] [0m# of splitters: 14
16:47:06 [0m[33m[WARN] [0m# of splitters: 13
16:47:06 [0m[33m[WARN] [0m# of splitters: 13
16:47:06 [0m[33m[WARN] [0m# of splitters: 12
16:47:06 [0m[33m[WARN] [0m# of splitters: 12
16:47:06 [0m[33m[WARN] [0m# of splitters: 11
16:47:06 [0m[33m[WARN] [0m# of splitters: 11
16:47:06 [0m[33m[WARN] [0m# of splitters: 10
16:47:06 [0m[33m[WARN] [0m# of splitters: 10
16:47:06 [0m[33m[WARN] [0m# of splitters: 9
16:47:06 [0m[33m[WARN] [0m# of splitters: 9
16:47:06 [0m[33m[WARN] [0m# of splitters: 8
16:47:06 [0m[33m[WARN] [0m# of splitters: 8
16:47:06 [0m[33m[WARN] [0m# of splitters: 7
16:47:06 [0m[33m[WARN] [0m# of splitters: 7
16:47:06 [0m[33m[WARN] [0m# of splitters: 6
16:47:06 [0m[33m[WARN] [0m# of splitters: 6
16:47:06 [0m[33m[WARN] [0m# of splitters: 5
16:47:06 [0m[33m[WARN] [0m# of splitters: 5
16:47:06 [0m[33m[WARN] [0m# of splitters: 4
16:47:06 [0m[33m[WARN] [0m# of splitters: 4
16:47:06 [0m[33m[WARN] [0mproved: (max ?ts_ph_Nat_0 ?ts_ph_Nat_1) => (max ?ts_ph_Nat_1 ?ts_ph_Nat_0)
16:47:06 [0m[33m[WARN] [0mproved: (max ?ts_ph_Nat_1 ?ts_ph_Nat_0) => (max ?ts_ph_Nat_0 ?ts_ph_Nat_1)
16:47:06 [0m[33m[WARN] [0m# of splitters: 15
16:47:06 [0m[33m[WARN] [0m# of splitters: 20
16:47:06 [0m[33m[WARN] [0m# of splitters: 8
16:47:06 [0m[33m[WARN] [0m# of splitters: 25
16:47:06 [0m[33m[WARN] [0m# of splitters: 8
16:47:06 [0m[33m[WARN] [0m# of splitters: 24
16:47:06 [0m[33m[WARN] [0m# of splitters: 16
16:47:06 [0m[33m[WARN] [0m# of splitters: 23
16:47:06 [0m[33m[WARN] [0m# of splitters: 15
16:47:06 [0m[33m[WARN] [0m# of splitters: 22
16:47:06 [0m[33m[WARN] [0m# of splitters: 14
16:47:06 [0m[33m[WARN] [0m# of splitters: 21
16:47:06 [0m[33m[WARN] [0m# of splitters: 14
16:47:06 [0m[33m[WARN] [0m# of splitters: 20
16:47:06 [0m[33m[WARN] [0m# of splitters: 13
16:47:06 [0m[33m[WARN] [0m# of splitters: 19
16:47:06 [0m[33m[WARN] [0m# of splitters: 12
16:47:06 [0m[33m[WARN] [0m# of splitters: 18
16:47:06 [0m[33m[WARN] [0m# of splitters: 20
16:47:06 [0m[33m[WARN] [0m# of splitters: 16
16:47:06 [0m[33m[WARN] [0m# of splitters: 25
16:47:06 [0m[33m[WARN] [0m# of splitters: 16
16:47:06 [0m[33m[WARN] [0m# of splitters: 24
16:47:06 [0m[33m[WARN] [0m# of splitters: 23
16:47:06 [0m[33m[WARN] [0m# of splitters: 23
16:47:06 [0m[33m[WARN] [0m# of splitters: 12
16:47:06 [0m[33m[WARN] [0m# of splitters: 7
16:47:06 [0m[33m[WARN] [0m# of splitters: 15
16:47:06 [0m[33m[WARN] [0m# of splitters: 7
16:47:06 [0m[33m[WARN] [0m# of splitters: 14
16:47:06 [0m[33m[WARN] [0m# of splitters: 7
16:47:06 [0m[33m[WARN] [0m# of splitters: 13
16:47:06 [0m[33m[WARN] [0m# of splitters: 7
16:47:06 [0m[33m[WARN] [0m# of splitters: 12
16:47:06 [0m[33m[WARN] [0m# of splitters: 19
16:47:06 [0m[33m[WARN] [0m# of splitters: 16
16:47:06 [0m[33m[WARN] [0m# of splitters: 25
16:47:06 [0m[33m[WARN] [0m# of splitters: 23
16:47:06 [0m[33m[WARN] [0m# of splitters: 23
16:47:06 [0m[33m[WARN] [0m# of splitters: 22
16:47:06 [0m[33m[WARN] [0m# of splitters: 22
16:47:06 [0m[33m[WARN] [0m# of splitters: 12
16:47:06 [0m[33m[WARN] [0m# of splitters: 8
16:47:06 [0m[33m[WARN] [0m# of splitters: 15
16:47:06 [0m[33m[WARN] [0m# of splitters: 7
16:47:06 [0m[33m[WARN] [0m# of splitters: 14
16:47:06 [0m[33m[WARN] [0m# of splitters: 18
16:47:06 [0m[33m[WARN] [0m# of splitters: 17
16:47:06 [0m[33m[WARN] [0m# of splitters: 15
16:47:06 [0m[33m[WARN] [0m# of splitters: 22
16:47:06 [0m[33m[WARN] [0m# of splitters: 15
16:47:06 [0m[33m[WARN] [0m# of splitters: 21
16:47:06 [0m[33m[WARN] [0m# of splitters: 15
16:47:06 [0m[33m[WARN] [0m# of splitters: 20
16:47:06 [0m[33m[WARN] [0m# of splitters: 15
16:47:06 [0m[33m[WARN] [0m# of splitters: 19
16:47:06 [0m[33m[WARN] [0m# of splitters: 15
16:47:06 [0m[33m[WARN] [0m# of splitters: 18
16:47:06 [0m[33m[WARN] [0m# of splitters: 17
16:47:06 [0m[33m[WARN] [0m# of splitters: 16
16:47:06 [0m[33m[WARN] [0m# of splitters: 14
16:47:06 [0m[33m[WARN] [0m# of splitters: 21
16:47:06 [0m[33m[WARN] [0m# of splitters: 14
16:47:06 [0m[33m[WARN] [0m# of splitters: 20
16:47:06 [0m[33m[WARN] [0m# of splitters: 14
16:47:06 [0m[33m[WARN] [0m# of splitters: 19
16:47:06 [0m[33m[WARN] [0m# of splitters: 16
16:47:06 [0m[33m[WARN] [0m# of splitters: 15
16:47:06 [0m[33m[WARN] [0m# of splitters: 13
16:47:06 [0m[33m[WARN] [0m# of splitters: 20
16:47:06 [0m[33m[WARN] [0m# of splitters: 13
16:47:06 [0m[33m[WARN] [0m# of splitters: 19
16:47:06 [0m[33m[WARN] [0m# of splitters: 15
16:47:06 [0m[33m[WARN] [0m# of splitters: 14
16:47:06 [0m[33m[WARN] [0m# of splitters: 13
16:47:06 [0m[33m[WARN] [0m# of splitters: 19
16:47:06 [0m[33m[WARN] [0m# of splitters: 14
16:47:06 [0m[33m[WARN] [0m# of splitters: 13
16:47:06 [0m[33m[WARN] [0m# of splitters: 12
16:47:06 [0m[33m[WARN] [0m# of splitters: 18
16:47:06 [0m[33m[WARN] [0m# of splitters: 13
16:47:06 [0m[33m[WARN] [0m# of splitters: 12
16:47:06 [0m[33m[WARN] [0m# of splitters: 11
16:47:06 [0m[33m[WARN] [0m# of splitters: 17
16:47:06 [0m[33m[WARN] [0m# of splitters: 11
16:47:06 [0m[33m[WARN] [0m# of splitters: 16
16:47:06 [0m[33m[WARN] [0m# of splitters: 11
16:47:06 [0m[33m[WARN] [0m# of splitters: 15
16:47:06 [0m[33m[WARN] [0m# of splitters: 12
16:47:06 [0m[33m[WARN] [0m# of splitters: 11
16:47:06 [0m[33m[WARN] [0m# of splitters: 11
16:47:06 [0m[33m[WARN] [0m# of splitters: 16
16:47:06 [0m[33m[WARN] [0m# of splitters: 11
16:47:06 [0m[33m[WARN] [0m# of splitters: 15
16:47:06 [0m[33m[WARN] [0m# of splitters: 11
16:47:06 [0m[33m[WARN] [0m# of splitters: 14
16:47:06 [0m[33m[WARN] [0m# of splitters: 11
16:47:06 [0m[33m[WARN] [0m# of splitters: 10
16:47:06 [0m[33m[WARN] [0m# of splitters: 10
16:47:06 [0m[33m[WARN] [0m# of splitters: 15
16:47:06 [0m[33m[WARN] [0m# of splitters: 10
16:47:06 [0m[33m[WARN] [0m# of splitters: 14
16:47:06 [0m[33m[WARN] [0m# of splitters: 10
16:47:06 [0m[33m[WARN] [0m# of splitters: 13
16:47:06 [0m[33m[WARN] [0m# of splitters: 10
16:47:06 [0m[33m[WARN] [0m# of splitters: 9
16:47:06 [0m[33m[WARN] [0m# of splitters: 9
16:47:06 [0m[33m[WARN] [0m# of splitters: 14
16:47:06 [0m[33m[WARN] [0m# of splitters: 9
16:47:06 [0m[33m[WARN] [0m# of splitters: 13
16:47:06 [0m[33m[WARN] [0m# of splitters: 9
16:47:06 [0m[33m[WARN] [0m# of splitters: 12
16:47:06 [0m[33m[WARN] [0m# of splitters: 9
16:47:06 [0m[33m[WARN] [0m# of splitters: 8
16:47:06 [0m[33m[WARN] [0m# of splitters: 13
16:47:06 [0m[33m[WARN] [0m# of splitters: 9
16:47:06 [0m[33m[WARN] [0m# of splitters: 8
16:47:06 [0m[33m[WARN] [0m# of splitters: 12
16:47:06 [0m[33m[WARN] [0m# of splitters: 8
16:47:06 [0m[33m[WARN] [0m# of splitters: 11
16:47:06 [0m[33m[WARN] [0m# of splitters: 8
proved: (height (mirror ?ts_ph_Tree_0)) => (height ?ts_ph_Tree_0)
proved: (height ?ts_ph_Tree_0) => (height (mirror ?ts_ph_Tree_0))
16:47:06 [0m[33m[WARN] [0mFound all lemmas
done in 1630625
