12:29:49 [0m[33m[WARN] [0mCollecting statistics
(max Z ?y) => ?y
(max (S ?z) Z) => (S ?z)
(S ?z) => (max (S ?z) Z)
(max (S ?z) (S ?x2)) => (S (max ?z ?x2))
(S (max ?z ?x2)) => (max (S ?z) (S ?x2))
(== Z Z) => true
(== Z (S ?z)) => false
(== (S ?x2) Z) => false
(== (S ?x2) (S ?y2)) => (== ?x2 ?y2)
(== ?x2 ?y2) => (== (S ?x2) (S ?y2))
(<=2 Z ?y) => true
(<=2 (S ?z) Z) => false
(<=2 (S ?z) (S ?x2)) => (<=2 ?z ?x2)
(<=2 ?z ?x2) => (<=2 (S ?z) (S ?x2))
Searcher: (max ?autovar6 Z)
Searcher: (max ?autovar6 (S ?autovar3))
Searcher: (max (S ?autovar4) ?autovar7)
Searcher: (max (S ?autovar5) ?autovar7)
Searcher: (== ?autovar7 Z)
Searcher: (== ?autovar7 (S ?autovar1))
Searcher: (== ?autovar7 Z)
Searcher: (== ?autovar7 (S ?autovar4))
Searcher: (== Z ?autovar8)
Searcher: (== Z ?autovar8)
Searcher: (== (S ?autovar5) ?autovar8)
Searcher: (== (S ?autovar6) ?autovar8)
Searcher: (<=2 ?autovar6 Z)
Searcher: (<=2 ?autovar6 (S ?autovar3))
Searcher: (<=2 (S ?autovar4) ?autovar7)
Searcher: (<=2 (S ?autovar5) ?autovar7)
12:29:49 [0m[33m[WARN] [0m ex is: Z
12:29:49 [0m[33m[WARN] [0m ex is: (S Z)
12:29:49 [0m[33m[WARN] [0m ex is: (S (S Z))
12:29:49 [0m[33m[WARN] [0mProof mode: false
12:29:49 [0m[33m[WARN] [0m ex is: Z
12:29:49 [0m[33m[WARN] [0m ex is: (S Z)
12:29:49 [0m[33m[WARN] [0m ex is: (S (S Z))
12:29:49 [0m[33m[WARN] [0mProof mode: false
12:29:49 [0m[33m[WARN] [0mproved: (== Z ?ts_ph_Nat_0) => (<=2 ?ts_ph_Nat_0 Z)
12:29:49 [0m[33m[WARN] [0mproved: (<=2 ?ts_ph_Nat_0 Z) => (== Z ?ts_ph_Nat_0)
12:29:50 [0m[33m[WARN] [0mproved: (== ?ts_ph_Nat_0 Z) => (<=2 ?ts_ph_Nat_0 Z)
12:29:50 [0m[33m[WARN] [0mproved: (<=2 ?ts_ph_Nat_0 Z) => (== ?ts_ph_Nat_0 Z)
12:29:50 [0m[33m[WARN] [0mproved: (max ?ts_ph_Nat_0 Z) => ?ts_ph_Nat_0
12:29:50 [0m[33m[WARN] [0mproved: (max ?ts_ph_Nat_0 Z) => (max ?ts_ph_Nat_0 ?ts_ph_Nat_0)
12:29:50 [0m[33m[WARN] [0mproved: (max ?ts_ph_Nat_0 ?ts_ph_Nat_0) => (max ?ts_ph_Nat_0 Z)
12:29:50 [0m[33m[WARN] [0mproved: (<=2 ?ts_ph_Nat_0 ?ts_ph_Nat_0) => true
12:29:50 [0m[33m[WARN] [0mproved: (== ?ts_ph_Nat_0 ?ts_ph_Nat_0) => true
12:29:50 [0m[33m[WARN] [0mproved: (== ?ts_ph_Nat_0 (S ?ts_ph_Nat_1)) => (== (S ?ts_ph_Nat_1) ?ts_ph_Nat_0)
12:29:50 [0m[33m[WARN] [0mproved: (== (S ?ts_ph_Nat_1) ?ts_ph_Nat_0) => (== ?ts_ph_Nat_0 (S ?ts_ph_Nat_1))
12:29:50 [0m[33m[WARN] [0mproved: (max (S ?ts_ph_Nat_1) ?ts_ph_Nat_0) => (max ?ts_ph_Nat_0 (S ?ts_ph_Nat_1))
12:29:50 [0m[33m[WARN] [0mproved: (max ?ts_ph_Nat_0 (S ?ts_ph_Nat_1)) => (max (S ?ts_ph_Nat_1) ?ts_ph_Nat_0)
12:29:50 [0m[33m[WARN] [0mproved: (<=2 ?ts_ph_Nat_0 (S ?ts_ph_Nat_0)) => true
12:29:50 [0m[33m[WARN] [0mproved: (<=2 (S ?ts_ph_Nat_0) ?ts_ph_Nat_0) => false
12:29:50 [0m[33m[WARN] [0mproved: (max (S ?ts_ph_Nat_0) ?ts_ph_Nat_0) => (S ?ts_ph_Nat_0)
12:29:50 [0m[33m[WARN] [0mproved: (S ?ts_ph_Nat_0) => (max (S ?ts_ph_Nat_0) ?ts_ph_Nat_0)
12:29:50 [0m[33m[WARN] [0mproved: (<=2 (S ?ts_ph_Nat_0) ?ts_ph_Nat_0) => (== (S ?ts_ph_Nat_0) ?ts_ph_Nat_0)
12:29:50 [0m[33m[WARN] [0mproved: (== (S ?ts_ph_Nat_0) ?ts_ph_Nat_0) => (<=2 (S ?ts_ph_Nat_0) ?ts_ph_Nat_0)
12:29:51 [0m[33m[WARN] [0mproved: (max ?ts_ph_Nat_1 ?ts_ph_Nat_0) => (max ?ts_ph_Nat_0 ?ts_ph_Nat_1)
12:29:51 [0m[33m[WARN] [0mproved: (max ?ts_ph_Nat_0 ?ts_ph_Nat_1) => (max ?ts_ph_Nat_1 ?ts_ph_Nat_0)
12:29:51 [0m[33m[WARN] [0mproved: (<=2 ?ts_ph_Nat_1 (max ?ts_ph_Nat_0 ?ts_ph_Nat_1)) => true
12:29:51 [0m[33m[WARN] [0mproved: (max ?ts_ph_Nat_0 ?ts_ph_Nat_1) => (max ?ts_ph_Nat_1 (max ?ts_ph_Nat_0 ?ts_ph_Nat_1))
12:29:51 [0m[33m[WARN] [0mproved: (max ?ts_ph_Nat_1 (max ?ts_ph_Nat_0 ?ts_ph_Nat_1)) => (max ?ts_ph_Nat_0 ?ts_ph_Nat_1)
12:29:51 [0m[33m[WARN] [0mproved: (<=2 (max ?ts_ph_Nat_0 ?ts_ph_Nat_1) ?ts_ph_Nat_1) => (== ?ts_ph_Nat_1 (max ?ts_ph_Nat_0 ?ts_ph_Nat_1))
12:29:51 [0m[33m[WARN] [0mproved: (== ?ts_ph_Nat_1 (max ?ts_ph_Nat_0 ?ts_ph_Nat_1)) => (<=2 (max ?ts_ph_Nat_0 ?ts_ph_Nat_1) ?ts_ph_Nat_1)
12:29:51 [0m[33m[WARN] [0mproved: (== ?ts_ph_Nat_0 (max ?ts_ph_Nat_0 ?ts_ph_Nat_1)) => (<=2 ?ts_ph_Nat_1 ?ts_ph_Nat_0)
12:29:51 [0m[33m[WARN] [0mproved: (<=2 ?ts_ph_Nat_1 ?ts_ph_Nat_0) => (== ?ts_ph_Nat_0 (max ?ts_ph_Nat_0 ?ts_ph_Nat_1))
done in 1886
