12:07:36 [0m[33m[WARN] [0mCollecting statistics
(-2 Z ?y) => Z
(-2 (S ?z) Z) => (S ?z)
(S ?z) => (-2 (S ?z) Z)
(-2 (S ?z) (S ?x2)) => (-2 ?z ?x2)
(-2 ?z ?x2) => (-2 (S ?z) (S ?x2))
(len nil) => Z
Z => (len nil)
(len (cons ?y0 ?xs)) => (S (len ?xs))
(butlast nil) => nil
nil => (butlast nil)
(butlast (cons ?y1 nil)) => nil
(butlast (cons ?y2 (cons ?x23 ?x3))) => (cons ?y2 (butlast (cons ?x23 ?x3)))
(cons ?y2 (butlast (cons ?x23 ?x3))) => (butlast (cons ?y2 (cons ?x23 ?x3)))
Searcher: (-2 ?autovar6 Z)
Searcher: (-2 ?autovar6 (S ?autovar3))
Searcher: (-2 (S ?autovar4) ?autovar7)
Searcher: (-2 (S ?autovar5) ?autovar7)
12:07:36 [0m[33m[WARN] [0m ex is: nil
12:07:36 [0m[33m[WARN] [0m ex is: (cons autovar_sk_0 nil)
12:07:36 [0m[33m[WARN] [0m ex is: (cons autovar_sk_1 (cons autovar_sk_0 nil))
12:07:36 [0m[33m[WARN] [0m ex is: Z
12:07:36 [0m[33m[WARN] [0m ex is: (S Z)
12:07:36 [0m[33m[WARN] [0m ex is: (S (S Z))
12:07:36 [0m[33m[WARN] [0mProof mode: false
12:07:36 [0m[33m[WARN] [0m ex is: nil
12:07:36 [0m[33m[WARN] [0m ex is: (cons autovar_sk_0 nil)
12:07:36 [0m[33m[WARN] [0m ex is: (cons autovar_sk_1 (cons autovar_sk_0 nil))
12:07:36 [0m[33m[WARN] [0m ex is: Z
12:07:36 [0m[33m[WARN] [0m ex is: (S Z)
12:07:36 [0m[33m[WARN] [0m ex is: (S (S Z))
12:07:36 [0m[33m[WARN] [0mProof mode: false
12:07:36 [0m[33m[WARN] [0mproved: (-2 ?ts_ph_Nat_0 Z) => ?ts_ph_Nat_0
12:07:36 [0m[33m[WARN] [0mproved: (-2 ?ts_ph_Nat_0 ?ts_ph_Nat_0) => Z
12:07:42 [0m[33m[WARN] [0mproved: (-2 ?ts_ph_Nat_0 (S ?ts_ph_Nat_0)) => Z
12:07:42 [0m[33m[WARN] [0mproved: (-2 (S ?ts_ph_Nat_0) ?ts_ph_Nat_0) => (S Z)
12:07:43 [0m[33m[WARN] [0mproved: (-2 (-2 ?ts_ph_Nat_1 ?ts_ph_Nat_0) (S Z)) => (-2 ?ts_ph_Nat_1 (S ?ts_ph_Nat_0))
12:07:43 [0m[33m[WARN] [0mproved: (-2 ?ts_ph_Nat_1 (S ?ts_ph_Nat_0)) => (-2 (-2 ?ts_ph_Nat_1 ?ts_ph_Nat_0) (S Z))
12:07:46 [0m[33m[WARN] [0mproved: (-2 (-2 ?ts_ph_Nat_1 ?ts_ph_Nat_0) ?ts_ph_Nat_1) => Z
done in 40041
