12:07:57 [WARN] Collecting statistics
12:07:57 [WARN]  ex is: (pair2 autovar_sk_0 autovar_sk_1)
12:07:57 [WARN]  ex is: nil2
12:07:57 [WARN]  ex is: (cons2 autovar_sk_0 nil2)
12:07:57 [WARN]  ex is: (cons2 autovar_sk_1 (cons2 autovar_sk_0 nil2))
12:07:57 [WARN]  ex is: nil
12:07:57 [WARN]  ex is: (cons autovar_pair_0 nil)
12:07:57 [WARN]  ex is: (cons autovar_pair_1 (cons autovar_pair_0 nil))
12:07:57 [WARN]  ex is: Z
12:07:57 [WARN]  ex is: (S Z)
12:07:57 [WARN]  ex is: (S (S Z))
12:07:57 [WARN] Proof mode: false
12:07:57 [WARN]  ex is: (pair2 autovar_sk_0 autovar_sk_1)
12:07:57 [WARN]  ex is: nil2
12:07:57 [WARN]  ex is: (cons2 autovar_sk_0 nil2)
12:07:57 [WARN]  ex is: (cons2 autovar_sk_1 (cons2 autovar_sk_0 nil2))
12:07:57 [WARN]  ex is: nil
12:07:57 [WARN]  ex is: (cons autovar_pair_0 nil)
12:07:57 [WARN]  ex is: (cons autovar_pair_1 (cons autovar_pair_0 nil))
12:07:57 [WARN]  ex is: Z
12:07:57 [WARN]  ex is: (S Z)
12:07:57 [WARN]  ex is: (S (S Z))
12:07:57 [WARN] Proof mode: false
12:07:57 [WARN] proved: (drop ?ts_ph_Nat_0 nil) => nil
12:07:57 [WARN] proved: (drop2 ?ts_ph_Nat_0 nil2) => nil2
12:07:57 [WARN] proved: (zip ?ts_ph_list2_0 nil2) => nil
12:08:00 [WARN] proved: (drop2 (S ?ts_ph_Nat_0) ?ts_ph_list2_1) => (drop2 (S Z) (drop2 ?ts_ph_Nat_0 ?ts_ph_list2_1))
12:08:00 [WARN] proved: (drop2 (S Z) (drop2 ?ts_ph_Nat_0 ?ts_ph_list2_1)) => (drop2 (S ?ts_ph_Nat_0) ?ts_ph_list2_1)
12:08:00 [WARN] proved: (drop2 ?ts_ph_Nat_0 (drop2 ?ts_ph_Nat_1 ?ts_ph_list2_1)) => (drop2 ?ts_ph_Nat_1 (drop2 ?ts_ph_Nat_0 ?ts_ph_list2_1))
12:08:00 [WARN] proved: (drop2 ?ts_ph_Nat_1 (drop2 ?ts_ph_Nat_0 ?ts_ph_list2_1)) => (drop2 ?ts_ph_Nat_0 (drop2 ?ts_ph_Nat_1 ?ts_ph_list2_1))
12:08:00 [WARN] proved: (drop (S ?ts_ph_Nat_1) ?ts_ph_list_0) => (drop (S Z) (drop ?ts_ph_Nat_1 ?ts_ph_list_0))
12:08:00 [WARN] proved: (drop (S Z) (drop ?ts_ph_Nat_1 ?ts_ph_list_0)) => (drop (S ?ts_ph_Nat_1) ?ts_ph_list_0)
12:08:00 [WARN] proved: (drop ?ts_ph_Nat_0 (drop ?ts_ph_Nat_1 ?ts_ph_list_1)) => (drop ?ts_ph_Nat_1 (drop ?ts_ph_Nat_0 ?ts_ph_list_1))
12:08:00 [WARN] proved: (drop ?ts_ph_Nat_1 (drop ?ts_ph_Nat_0 ?ts_ph_list_1)) => (drop ?ts_ph_Nat_0 (drop ?ts_ph_Nat_1 ?ts_ph_list_1))
12:08:00 [WARN] proved: (drop ?ts_ph_Nat_1 (zip ?ts_ph_list2_0 ?ts_ph_list2_0)) => (zip (drop2 ?ts_ph_Nat_1 ?ts_ph_list2_0) (drop2 ?ts_ph_Nat_1 ?ts_ph_list2_0))
12:08:00 [WARN] proved: (zip (drop2 ?ts_ph_Nat_1 ?ts_ph_list2_0) (drop2 ?ts_ph_Nat_1 ?ts_ph_list2_0)) => (drop ?ts_ph_Nat_1 (zip ?ts_ph_list2_0 ?ts_ph_list2_0))
