12:08:03 [WARN] Collecting statistics
12:08:03 [WARN]  ex is: nil
12:08:03 [WARN]  ex is: (cons autovar_sk_0 nil)
12:08:03 [WARN]  ex is: (cons autovar_sk_1 (cons autovar_sk_0 nil))
12:08:03 [WARN]  ex is: Z
12:08:03 [WARN]  ex is: (S Z)
12:08:03 [WARN]  ex is: (S (S Z))
12:08:03 [WARN] Proof mode: false
12:08:03 [WARN]  ex is: nil
12:08:03 [WARN]  ex is: (cons autovar_sk_0 nil)
12:08:03 [WARN]  ex is: (cons autovar_sk_1 (cons autovar_sk_0 nil))
12:08:03 [WARN]  ex is: Z
12:08:03 [WARN]  ex is: (S Z)
12:08:03 [WARN]  ex is: (S (S Z))
12:08:03 [WARN] Proof mode: false
12:08:04 [WARN] proved: (take ?ts_ph_Nat_0 nil) => nil
12:08:36 [WARN] proved: (take ?ts_ph_Nat_1 (take ?ts_ph_Nat_1 ?ts_ph_list_0)) => (take ?ts_ph_Nat_1 ?ts_ph_list_0)
12:08:36 [WARN] proved: (take ?ts_ph_Nat_1 ?ts_ph_list_0) => (take ?ts_ph_Nat_1 (take ?ts_ph_Nat_1 ?ts_ph_list_0))
12:08:37 [WARN] proved: (take (S ?ts_ph_Nat_1) (take ?ts_ph_Nat_1 ?ts_ph_list_0)) => (take ?ts_ph_Nat_1 ?ts_ph_list_0)
12:08:37 [WARN] proved: (take ?ts_ph_Nat_1 ?ts_ph_list_0) => (take (S ?ts_ph_Nat_1) (take ?ts_ph_Nat_1 ?ts_ph_list_0))
