19:01:30 [0m[33m[WARN] [0mCollecting statistics
(last nil) => Z
Z => (last nil)
(last (cons ?y nil)) => ?y
(last (cons ?y (cons ?x2 ?x3))) => (last (cons ?x2 ?x3))
19:01:30 [0m[33m[WARN] [0m ex is: Z
19:01:30 [0m[33m[WARN] [0m ex is: (S Z)
19:01:30 [0m[33m[WARN] [0m ex is: (S (S Z))
19:01:30 [0m[33m[WARN] [0m ex is: nil
19:01:30 [0m[33m[WARN] [0m ex is: (cons autovar_Nat_0 nil)
19:01:30 [0m[33m[WARN] [0m ex is: (cons autovar_Nat_1 (cons autovar_Nat_0 nil))
19:01:30 [0m[33m[WARN] [0mProof mode: false
19:01:30 [0m[33m[WARN] [0m ex is: Z
19:01:30 [0m[33m[WARN] [0m ex is: (S Z)
19:01:30 [0m[33m[WARN] [0m ex is: (S (S Z))
19:01:30 [0m[33m[WARN] [0m ex is: nil
19:01:30 [0m[33m[WARN] [0m ex is: (cons autovar_Nat_0 nil)
19:01:30 [0m[33m[WARN] [0m ex is: (cons autovar_Nat_1 (cons autovar_Nat_0 nil))
19:01:30 [0m[33m[WARN] [0mProof mode: false
19:01:30 [0m[33m[WARN] [0mproved: (last (cons Z ?ts_ph_list_0)) => (last ?ts_ph_list_0)
19:01:30 [0m[33m[WARN] [0mproved: (last ?ts_ph_list_0) => (last (cons Z ?ts_ph_list_0))
done in 6
