12:08:02 [WARN] Collecting statistics
12:08:02 [WARN]  ex is: nil
12:08:02 [WARN]  ex is: (cons autovar_sk_0 nil)
12:08:02 [WARN]  ex is: (cons autovar_sk_1 (cons autovar_sk_0 nil))
12:08:02 [WARN]  ex is: Z
12:08:02 [WARN]  ex is: (S Z)
12:08:02 [WARN]  ex is: (S (S Z))
12:08:02 [WARN] Proof mode: false
12:08:02 [WARN]  ex is: nil
12:08:02 [WARN]  ex is: (cons autovar_sk_0 nil)
12:08:02 [WARN]  ex is: (cons autovar_sk_1 (cons autovar_sk_0 nil))
12:08:02 [WARN]  ex is: Z
12:08:02 [WARN]  ex is: (S Z)
12:08:02 [WARN]  ex is: (S (S Z))
12:08:02 [WARN] Proof mode: false
12:08:02 [WARN] proved: (drop ?ts_ph_Nat_0 nil) => nil
12:08:02 [WARN] proved: (+2 ?ts_ph_Nat_0 Z) => ?ts_ph_Nat_0
12:08:03 [WARN] proved: (S (+2 ?ts_ph_Nat_0 ?ts_ph_Nat_1)) => (+2 ?ts_ph_Nat_0 (S ?ts_ph_Nat_1))
12:08:03 [WARN] proved: (+2 ?ts_ph_Nat_0 (S ?ts_ph_Nat_1)) => (S (+2 ?ts_ph_Nat_0 ?ts_ph_Nat_1))
12:08:03 [WARN] proved: (+2 (+2 ?ts_ph_Nat_0 ?ts_ph_Nat_0) ?ts_ph_Nat_1) => (+2 ?ts_ph_Nat_0 (+2 ?ts_ph_Nat_0 ?ts_ph_Nat_1))
12:08:03 [WARN] proved: (+2 ?ts_ph_Nat_0 (+2 ?ts_ph_Nat_0 ?ts_ph_Nat_1)) => (+2 (+2 ?ts_ph_Nat_0 ?ts_ph_Nat_0) ?ts_ph_Nat_1)
12:08:03 [WARN] proved: (+2 (+2 ?ts_ph_Nat_0 ?ts_ph_Nat_1) ?ts_ph_Nat_0) => (+2 ?ts_ph_Nat_0 (+2 ?ts_ph_Nat_1 ?ts_ph_Nat_0))
12:08:03 [WARN] proved: (+2 ?ts_ph_Nat_0 (+2 ?ts_ph_Nat_1 ?ts_ph_Nat_0)) => (+2 (+2 ?ts_ph_Nat_0 ?ts_ph_Nat_1) ?ts_ph_Nat_0)
12:08:03 [WARN] proved: (drop ?ts_ph_Nat_0 (cons ?ts_ph_sk_1 nil)) => (drop (+2 ?ts_ph_Nat_0 ?ts_ph_Nat_0) (cons ?ts_ph_sk_1 nil))
12:08:03 [WARN] proved: (drop (+2 ?ts_ph_Nat_0 ?ts_ph_Nat_0) (cons ?ts_ph_sk_1 nil)) => (drop ?ts_ph_Nat_0 (cons ?ts_ph_sk_1 nil))
12:08:03 [WARN] proved: (+2 ?ts_ph_Nat_0 ?ts_ph_Nat_1) => (+2 ?ts_ph_Nat_1 ?ts_ph_Nat_0)
12:08:03 [WARN] proved: (+2 ?ts_ph_Nat_1 ?ts_ph_Nat_0) => (+2 ?ts_ph_Nat_0 ?ts_ph_Nat_1)
12:08:03 [WARN] proved: (drop (+2 ?ts_ph_Nat_0 ?ts_ph_Nat_1) ?ts_ph_list_1) => (drop ?ts_ph_Nat_1 (drop ?ts_ph_Nat_0 ?ts_ph_list_1))
12:08:03 [WARN] proved: (drop ?ts_ph_Nat_1 (drop ?ts_ph_Nat_0 ?ts_ph_list_1)) => (drop (+2 ?ts_ph_Nat_0 ?ts_ph_Nat_1) ?ts_ph_list_1)
12:08:05 [WARN] proved: (+2 ?ts_ph_Nat_0 (+2 ?ts_ph_Nat_0 (+2 ?ts_ph_Nat_1 ?ts_ph_Nat_2))) => (+2 (+2 ?ts_ph_Nat_0 ?ts_ph_Nat_1) (+2 ?ts_ph_Nat_0 ?ts_ph_Nat_2))
12:08:05 [WARN] proved: (+2 (+2 ?ts_ph_Nat_0 ?ts_ph_Nat_1) (+2 ?ts_ph_Nat_0 ?ts_ph_Nat_2)) => (+2 ?ts_ph_Nat_0 (+2 ?ts_ph_Nat_0 (+2 ?ts_ph_Nat_1 ?ts_ph_Nat_2)))
