12:07:30 [WARN] Collecting statistics
12:07:30 [WARN]  ex is: Z
12:07:30 [WARN]  ex is: (S Z)
12:07:30 [WARN]  ex is: (S (S Z))
12:07:30 [WARN]  ex is: nil
12:07:30 [WARN]  ex is: (cons autovar_Nat_0 nil)
12:07:30 [WARN]  ex is: (cons autovar_Nat_1 (cons autovar_Nat_0 nil))
12:07:30 [WARN] Proof mode: false
12:07:30 [WARN]  ex is: Z
12:07:30 [WARN]  ex is: (S Z)
12:07:30 [WARN]  ex is: (S (S Z))
12:07:30 [WARN]  ex is: nil
12:07:30 [WARN]  ex is: (cons autovar_Nat_0 nil)
12:07:30 [WARN]  ex is: (cons autovar_Nat_1 (cons autovar_Nat_0 nil))
12:07:30 [WARN] Proof mode: false
12:07:30 [WARN] proved: (lastOfTwo nil ?ts_ph_list_0) => (last ?ts_ph_list_0)
12:07:30 [WARN] proved: (last ?ts_ph_list_0) => (lastOfTwo nil ?ts_ph_list_0)
12:07:30 [WARN] proved: (++ ?ts_ph_list_0 nil) => ?ts_ph_list_0
12:07:30 [WARN] proved: (lastOfTwo ?ts_ph_list_0 ?ts_ph_list_0) => (last ?ts_ph_list_0)
12:07:30 [WARN] proved: (last ?ts_ph_list_0) => (lastOfTwo ?ts_ph_list_0 ?ts_ph_list_0)
12:07:30 [WARN] proved: (last ?ts_ph_list_0) => (last (cons Z ?ts_ph_list_0))
12:07:30 [WARN] proved: (last (cons Z ?ts_ph_list_0)) => (last ?ts_ph_list_0)
12:07:30 [WARN] generalized case_split proof as: (++ (++ ?ts_ph_list_0 ?ts_ph_list_1) ?ts_ph_list_2) -- (++ ?ts_ph_list_0 (++ ?ts_ph_list_1 ?ts_ph_list_2))
12:07:30 [WARN] proved: (++ (++ ?ts_ph_list_0 ?ts_ph_list_1) ?ts_ph_list_2) => (++ ?ts_ph_list_0 (++ ?ts_ph_list_1 ?ts_ph_list_2))
12:07:30 [WARN] proved: (++ ?ts_ph_list_0 (++ ?ts_ph_list_1 ?ts_ph_list_2)) => (++ (++ ?ts_ph_list_0 ?ts_ph_list_1) ?ts_ph_list_2)
12:07:30 [WARN] generalized case_split proof as: (last (++ ?ts_ph_list_0 ?ts_ph_list_1)) -- (lastOfTwo ?ts_ph_list_1 (++ ?ts_ph_list_0 ?ts_ph_list_1))
12:07:30 [WARN] proved: (last (++ ?ts_ph_list_0 ?ts_ph_list_1)) => (lastOfTwo ?ts_ph_list_1 (++ ?ts_ph_list_0 ?ts_ph_list_1))
12:07:30 [WARN] proved: (lastOfTwo ?ts_ph_list_1 (++ ?ts_ph_list_0 ?ts_ph_list_1)) => (last (++ ?ts_ph_list_0 ?ts_ph_list_1))
12:07:30 [WARN] proved: (lastOfTwo ?ts_ph_list_0 (++ ?ts_ph_list_0 ?ts_ph_list_1)) => (last (++ ?ts_ph_list_0 ?ts_ph_list_1))
12:07:30 [WARN] proved: (last (++ ?ts_ph_list_0 ?ts_ph_list_1)) => (lastOfTwo ?ts_ph_list_0 (++ ?ts_ph_list_0 ?ts_ph_list_1))
12:07:30 [WARN] proved: (lastOfTwo (++ ?ts_ph_list_0 ?ts_ph_list_1) ?ts_ph_list_0) => (lastOfTwo ?ts_ph_list_1 ?ts_ph_list_0)
12:07:30 [WARN] proved: (lastOfTwo ?ts_ph_list_1 ?ts_ph_list_0) => (lastOfTwo (++ ?ts_ph_list_0 ?ts_ph_list_1) ?ts_ph_list_0)
12:07:30 [WARN] proved: (lastOfTwo (++ ?ts_ph_list_0 ?ts_ph_list_1) ?ts_ph_list_0) => (lastOfTwo (++ ?ts_ph_list_1 ?ts_ph_list_0) ?ts_ph_list_0)
12:07:30 [WARN] proved: (lastOfTwo (++ ?ts_ph_list_1 ?ts_ph_list_0) ?ts_ph_list_0) => (lastOfTwo (++ ?ts_ph_list_0 ?ts_ph_list_1) ?ts_ph_list_0)
12:07:30 [WARN] proved: (lastOfTwo (cons ?ts_ph_Nat_0 ?ts_ph_list_0) ?ts_ph_list_0) => (last (cons ?ts_ph_Nat_0 ?ts_ph_list_0))
12:07:30 [WARN] proved: (last (cons ?ts_ph_Nat_0 ?ts_ph_list_0)) => (lastOfTwo (cons ?ts_ph_Nat_0 ?ts_ph_list_0) ?ts_ph_list_0)
12:07:31 [WARN] proved: (lastOfTwo (cons ?ts_ph_Nat_0 nil) (++ ?ts_ph_list_0 ?ts_ph_list_1)) => (lastOfTwo (cons ?ts_ph_Nat_0 ?ts_ph_list_0) (++ ?ts_ph_list_0 ?ts_ph_list_1))
12:07:31 [WARN] proved: (lastOfTwo (cons ?ts_ph_Nat_0 ?ts_ph_list_0) (++ ?ts_ph_list_0 ?ts_ph_list_1)) => (lastOfTwo (cons ?ts_ph_Nat_0 nil) (++ ?ts_ph_list_0 ?ts_ph_list_1))
12:07:31 [WARN] generalized case_split proof as: (last (++ ?ts_ph_list_0 ?ts_ph_list_1)) -- (lastOfTwo (++ ?ts_ph_list_1 ?ts_ph_list_0) (++ ?ts_ph_list_0 ?ts_ph_list_1))
12:07:31 [WARN] proved: (last (++ ?ts_ph_list_0 ?ts_ph_list_1)) => (lastOfTwo (++ ?ts_ph_list_1 ?ts_ph_list_0) (++ ?ts_ph_list_0 ?ts_ph_list_1))
12:07:31 [WARN] proved: (lastOfTwo (++ ?ts_ph_list_1 ?ts_ph_list_0) (++ ?ts_ph_list_0 ?ts_ph_list_1)) => (last (++ ?ts_ph_list_0 ?ts_ph_list_1))
12:07:31 [WARN] proved: (last (++ ?ts_ph_list_0 ?ts_ph_list_1)) => (lastOfTwo (++ ?ts_ph_list_0 ?ts_ph_list_0) (++ ?ts_ph_list_0 ?ts_ph_list_1))
12:07:31 [WARN] proved: (lastOfTwo (++ ?ts_ph_list_0 ?ts_ph_list_0) (++ ?ts_ph_list_0 ?ts_ph_list_1)) => (last (++ ?ts_ph_list_0 ?ts_ph_list_1))
12:07:32 [WARN] proved: (lastOfTwo (++ ?ts_ph_list_1 ?ts_ph_list_0) (++ ?ts_ph_list_0 ?ts_ph_list_0)) => (lastOfTwo (++ ?ts_ph_list_0 ?ts_ph_list_1) (++ ?ts_ph_list_0 ?ts_ph_list_0))
12:07:32 [WARN] proved: (lastOfTwo (++ ?ts_ph_list_0 ?ts_ph_list_1) (++ ?ts_ph_list_0 ?ts_ph_list_0)) => (lastOfTwo (++ ?ts_ph_list_1 ?ts_ph_list_0) (++ ?ts_ph_list_0 ?ts_ph_list_0))
12:07:33 [WARN] proved: (lastOfTwo ?ts_ph_list_1 ?ts_ph_list_0) => (lastOfTwo (cons Z ?ts_ph_list_1) ?ts_ph_list_0)
12:07:33 [WARN] proved: (lastOfTwo (cons Z ?ts_ph_list_1) ?ts_ph_list_0) => (lastOfTwo ?ts_ph_list_1 ?ts_ph_list_0)
12:07:34 [WARN] proved: (last (cons ?ts_ph_Nat_1 (++ ?ts_ph_list_0 ?ts_ph_list_1))) => (lastOfTwo (cons ?ts_ph_Nat_1 ?ts_ph_list_1) (++ ?ts_ph_list_0 ?ts_ph_list_1))
12:07:34 [WARN] proved: (lastOfTwo (cons ?ts_ph_Nat_1 ?ts_ph_list_1) (++ ?ts_ph_list_0 ?ts_ph_list_1)) => (last (cons ?ts_ph_Nat_1 (++ ?ts_ph_list_0 ?ts_ph_list_1)))
12:07:37 [WARN] proved: (last (++ ?ts_ph_list_0 ?ts_ph_list_1)) => (lastOfTwo (++ ?ts_ph_list_1 ?ts_ph_list_1) (++ ?ts_ph_list_0 ?ts_ph_list_1))
12:07:37 [WARN] proved: (lastOfTwo (++ ?ts_ph_list_1 ?ts_ph_list_1) (++ ?ts_ph_list_0 ?ts_ph_list_1)) => (last (++ ?ts_ph_list_0 ?ts_ph_list_1))
12:07:46 [WARN] proved: (lastOfTwo (++ ?ts_ph_list_0 ?ts_ph_list_1) (++ ?ts_ph_list_0 ?ts_ph_list_0)) => (lastOfTwo ?ts_ph_list_1 (++ ?ts_ph_list_0 ?ts_ph_list_0))
12:07:46 [WARN] proved: (lastOfTwo ?ts_ph_list_1 (++ ?ts_ph_list_0 ?ts_ph_list_0)) => (lastOfTwo (++ ?ts_ph_list_0 ?ts_ph_list_1) (++ ?ts_ph_list_0 ?ts_ph_list_0))
