12:07:30 [0m[33m[WARN] [0mCollecting statistics
(drop Z ?y) => ?y
(drop (S ?z) nil) => nil
(drop (S ?z) (cons ?x2 ?x3)) => (drop ?z ?x3)
Searcher: (drop ?autovar7 nil)
Searcher: (drop ?autovar7 (cons ?autovar3 ?autovar4))
Searcher: (drop (S ?autovar5) ?autovar8)
Searcher: (drop (S ?autovar6) ?autovar8)
12:07:30 [0m[33m[WARN] [0m ex is: nil
12:07:30 [0m[33m[WARN] [0m ex is: (cons autovar_sk_0 nil)
12:07:30 [0m[33m[WARN] [0m ex is: (cons autovar_sk_1 (cons autovar_sk_0 nil))
12:07:30 [0m[33m[WARN] [0m ex is: Z
12:07:30 [0m[33m[WARN] [0m ex is: (S Z)
12:07:30 [0m[33m[WARN] [0m ex is: (S (S Z))
12:07:30 [0m[33m[WARN] [0mProof mode: false
12:07:30 [0m[33m[WARN] [0m ex is: nil
12:07:30 [0m[33m[WARN] [0m ex is: (cons autovar_sk_0 nil)
12:07:30 [0m[33m[WARN] [0m ex is: (cons autovar_sk_1 (cons autovar_sk_0 nil))
12:07:30 [0m[33m[WARN] [0m ex is: Z
12:07:30 [0m[33m[WARN] [0m ex is: (S Z)
12:07:30 [0m[33m[WARN] [0m ex is: (S (S Z))
12:07:30 [0m[33m[WARN] [0mProof mode: false
12:07:30 [0m[33m[WARN] [0mproved: (drop ?ts_ph_Nat_0 nil) => nil
12:07:30 [0m[33m[WARN] [0mproved: (drop (S ?ts_ph_Nat_1) ?ts_ph_list_0) => (drop (S Z) (drop ?ts_ph_Nat_1 ?ts_ph_list_0))
12:07:30 [0m[33m[WARN] [0mproved: (drop (S Z) (drop ?ts_ph_Nat_1 ?ts_ph_list_0)) => (drop (S ?ts_ph_Nat_1) ?ts_ph_list_0)
12:07:30 [0m[33m[WARN] [0mproved: (drop ?ts_ph_Nat_0 (drop ?ts_ph_Nat_1 ?ts_ph_list_1)) => (drop ?ts_ph_Nat_1 (drop ?ts_ph_Nat_0 ?ts_ph_list_1))
12:07:30 [0m[33m[WARN] [0mproved: (drop ?ts_ph_Nat_1 (drop ?ts_ph_Nat_0 ?ts_ph_list_1)) => (drop ?ts_ph_Nat_0 (drop ?ts_ph_Nat_1 ?ts_ph_list_1))
done in 127
