18:01:26 [0m[33m[WARN] [0mCollecting statistics
(zip nil2 ?y) => nil
(zip (cons2 ?z ?x2) nil2) => nil
(zip (cons2 ?z ?x2) (cons2 ?x3 ?x4)) => (cons (pair2 ?z ?x3) (zip ?x2 ?x4))
(cons (pair2 ?z ?x3) (zip ?x2 ?x4)) => (zip (cons2 ?z ?x2) (cons2 ?x3 ?x4))
(drop Z ?y0) => ?y0
(drop2 Z ?y) => ?y
(drop (S ?z1) nil) => nil
(drop2 (S ?z2) nil2) => nil2
(drop (S ?z3) (cons ?x24 ?x35)) => (drop ?z3 ?x35)
(drop2 (S ?z6) (cons2 ?x27 ?x38)) => (drop2 ?z6 ?x38)
Searcher: (zip ?autovar11 nil2)
Searcher: (zip ?autovar11 (cons2 ?autovar5 ?autovar6))
Searcher: (zip (cons2 ?autovar7 ?autovar8) ?autovar12)
Searcher: (zip (cons2 ?autovar9 ?autovar10) ?autovar12)
Searcher: (drop ?autovar7 nil)
Searcher: (drop ?autovar7 (cons ?autovar3 ?autovar4))
Searcher: (drop (S ?autovar5) ?autovar8)
Searcher: (drop (S ?autovar6) ?autovar8)
Searcher: (drop2 ?autovar7 nil2)
Searcher: (drop2 ?autovar7 (cons2 ?autovar3 ?autovar4))
Searcher: (drop2 (S ?autovar5) ?autovar8)
Searcher: (drop2 (S ?autovar6) ?autovar8)
18:01:26 [0m[33m[WARN] [0m ex is: (pair2 autovar_sk_0 autovar_sk_1)
18:01:26 [0m[33m[WARN] [0m ex is: nil2
18:01:26 [0m[33m[WARN] [0m ex is: (cons2 autovar_sk_0 nil2)
18:01:26 [0m[33m[WARN] [0m ex is: (cons2 autovar_sk_1 (cons2 autovar_sk_0 nil2))
18:01:26 [0m[33m[WARN] [0m ex is: nil
18:01:26 [0m[33m[WARN] [0m ex is: (cons autovar_pair_0 nil)
18:01:26 [0m[33m[WARN] [0m ex is: (cons autovar_pair_1 (cons autovar_pair_0 nil))
18:01:26 [0m[33m[WARN] [0m ex is: Z
18:01:26 [0m[33m[WARN] [0m ex is: (S Z)
18:01:26 [0m[33m[WARN] [0m ex is: (S (S Z))
18:01:26 [0m[33m[WARN] [0mProof mode: false
18:01:26 [0m[33m[WARN] [0m ex is: (pair2 autovar_sk_0 autovar_sk_1)
18:01:26 [0m[33m[WARN] [0m ex is: nil2
18:01:26 [0m[33m[WARN] [0m ex is: (cons2 autovar_sk_0 nil2)
18:01:26 [0m[33m[WARN] [0m ex is: (cons2 autovar_sk_1 (cons2 autovar_sk_0 nil2))
18:01:26 [0m[33m[WARN] [0m ex is: nil
18:01:26 [0m[33m[WARN] [0m ex is: (cons autovar_pair_0 nil)
18:01:26 [0m[33m[WARN] [0m ex is: (cons autovar_pair_1 (cons autovar_pair_0 nil))
18:01:26 [0m[33m[WARN] [0m ex is: Z
18:01:26 [0m[33m[WARN] [0m ex is: (S Z)
18:01:26 [0m[33m[WARN] [0m ex is: (S (S Z))
18:01:26 [0m[33m[WARN] [0mProof mode: false
18:01:26 [0m[33m[WARN] [0mproved: (zip ?ts_ph_list2_0 nil2) => nil
18:01:26 [0m[33m[WARN] [0mproved: (drop2 ?ts_ph_Nat_0 nil2) => nil2
18:01:26 [0m[33m[WARN] [0mproved: (drop ?ts_ph_Nat_0 nil) => nil
done in 53
