22:20:34 [WARN] Collecting statistics
22:20:34 [WARN]  ex is: Z
22:20:34 [WARN]  ex is: (S Z)
22:20:34 [WARN]  ex is: (S (S Z))
22:20:34 [WARN] Proof mode: false
22:20:34 [WARN]  ex is: Z
22:20:34 [WARN]  ex is: (S Z)
22:20:34 [WARN]  ex is: (S (S Z))
22:20:34 [WARN] Proof mode: false
22:20:34 [WARN] proved: (-2 ?ts_ph_Nat_0 ?ts_ph_Nat_0) => Z
22:20:34 [WARN] proved: (-2 ?ts_ph_Nat_0 Z) => ?ts_ph_Nat_0
22:20:34 [WARN] proved: (+2 ?ts_ph_Nat_0 Z) => ?ts_ph_Nat_0
22:20:46 [WARN] proved: (+2 ?ts_ph_Nat_0 (S ?ts_ph_Nat_1)) => (S (+2 ?ts_ph_Nat_0 ?ts_ph_Nat_1))
22:20:46 [WARN] proved: (S (+2 ?ts_ph_Nat_0 ?ts_ph_Nat_1)) => (+2 ?ts_ph_Nat_0 (S ?ts_ph_Nat_1))
22:20:46 [WARN] proved: (-2 ?ts_ph_Nat_0 (S ?ts_ph_Nat_0)) => Z
22:20:46 [WARN] generalized case_split proof as: (+2 (+2 ?ts_ph_Nat_0 ?ts_ph_Nat_1) ?ts_ph_Nat_2) -- (+2 ?ts_ph_Nat_0 (+2 ?ts_ph_Nat_1 ?ts_ph_Nat_2))
22:20:46 [WARN] proved: (+2 (+2 ?ts_ph_Nat_0 ?ts_ph_Nat_1) ?ts_ph_Nat_2) => (+2 ?ts_ph_Nat_0 (+2 ?ts_ph_Nat_1 ?ts_ph_Nat_2))
22:20:46 [WARN] proved: (+2 ?ts_ph_Nat_0 (+2 ?ts_ph_Nat_1 ?ts_ph_Nat_2)) => (+2 (+2 ?ts_ph_Nat_0 ?ts_ph_Nat_1) ?ts_ph_Nat_2)
22:20:46 [WARN] proved: (-2 ?ts_ph_Nat_0 (+2 ?ts_ph_Nat_0 ?ts_ph_Nat_1)) => Z
22:20:47 [WARN] proved: (-2 (S ?ts_ph_Nat_0) (+2 ?ts_ph_Nat_0 ?ts_ph_Nat_1)) => (-2 (S Z) ?ts_ph_Nat_1)
22:21:45 [WARN] proved: (-2 (+2 ?ts_ph_Nat_0 ?ts_ph_Nat_1) (S ?ts_ph_Nat_0)) => (-2 ?ts_ph_Nat_1 (S Z))
22:21:45 [WARN] proved: (-2 (S Z) (+2 ?ts_ph_Nat_0 ?ts_ph_Nat_0)) => (-2 (S ?ts_ph_Nat_0) (+2 ?ts_ph_Nat_0 ?ts_ph_Nat_0))
22:21:45 [WARN] proved: (-2 (S ?ts_ph_Nat_0) (+2 ?ts_ph_Nat_0 ?ts_ph_Nat_0)) => (-2 (S Z) (+2 ?ts_ph_Nat_0 ?ts_ph_Nat_0))
22:21:46 [WARN] proved: (-2 ?ts_ph_Nat_1 ?ts_ph_Nat_0) => (-2 (+2 ?ts_ph_Nat_0 ?ts_ph_Nat_1) (+2 ?ts_ph_Nat_0 ?ts_ph_Nat_0))
22:21:46 [WARN] proved: (-2 (+2 ?ts_ph_Nat_0 ?ts_ph_Nat_1) (+2 ?ts_ph_Nat_0 ?ts_ph_Nat_0)) => (-2 ?ts_ph_Nat_1 ?ts_ph_Nat_0)
