22:18:51 [0m[33m[WARN] [0mCollecting statistics
(last nil) => Z
Z => (last nil)
(last (cons ?y nil)) => ?y
(last (cons ?y (cons ?x2 ?x3))) => (last (cons ?x2 ?x3))
(++ nil ?y0) => ?y0
(++ (cons ?z ?xs) ?y1) => (cons ?z (++ ?xs ?y1))
(cons ?z (++ ?xs ?y1)) => (++ (cons ?z ?xs) ?y1)
22:18:51 [0m[33m[WARN] [0m ex is: Z
22:18:51 [0m[33m[WARN] [0m ex is: (S Z)
22:18:51 [0m[33m[WARN] [0m ex is: (S (S Z))
22:18:51 [0m[33m[WARN] [0m ex is: nil
22:18:51 [0m[33m[WARN] [0m ex is: (cons autovar_Nat_0 nil)
22:18:51 [0m[33m[WARN] [0m ex is: (cons autovar_Nat_1 (cons autovar_Nat_0 nil))
22:18:51 [0m[33m[WARN] [0mProof mode: false
22:18:51 [0m[33m[WARN] [0m ex is: Z
22:18:51 [0m[33m[WARN] [0m ex is: (S Z)
22:18:51 [0m[33m[WARN] [0m ex is: (S (S Z))
22:18:51 [0m[33m[WARN] [0m ex is: nil
22:18:51 [0m[33m[WARN] [0m ex is: (cons autovar_Nat_0 nil)
22:18:51 [0m[33m[WARN] [0m ex is: (cons autovar_Nat_1 (cons autovar_Nat_0 nil))
22:18:51 [0m[33m[WARN] [0mProof mode: false
22:18:51 [0m[33m[WARN] [0mproved: (++ ?ts_ph_list_0 nil) => ?ts_ph_list_0
22:18:51 [0m[33m[WARN] [0mgeneralized case_split proof as: (++ ?ts_ph_list_0 (++ ?ts_ph_list_1 ?ts_ph_list_2)) -- (++ (++ ?ts_ph_list_0 ?ts_ph_list_1) ?ts_ph_list_2)
22:18:51 [0m[33m[WARN] [0mproved: (++ ?ts_ph_list_0 (++ ?ts_ph_list_1 ?ts_ph_list_2)) => (++ (++ ?ts_ph_list_0 ?ts_ph_list_1) ?ts_ph_list_2)
22:18:51 [0m[33m[WARN] [0mproved: (++ (++ ?ts_ph_list_0 ?ts_ph_list_1) ?ts_ph_list_2) => (++ ?ts_ph_list_0 (++ ?ts_ph_list_1 ?ts_ph_list_2))
22:18:51 [0m[33m[WARN] [0mproved: (last ?ts_ph_list_0) => (last (cons Z ?ts_ph_list_0))
22:18:51 [0m[33m[WARN] [0mproved: (last (cons Z ?ts_ph_list_0)) => (last ?ts_ph_list_0)
done in 140
