21:18:48 [WARN] Collecting statistics
21:18:48 [WARN]  ex is: nil
21:18:48 [WARN]  ex is: (cons autovar_sk_0 nil)
21:18:48 [WARN]  ex is: (cons autovar_sk_1 (cons autovar_sk_0 nil))
21:18:48 [WARN]  ex is: Z
21:18:48 [WARN]  ex is: (S Z)
21:18:48 [WARN]  ex is: (S (S Z))
21:18:48 [WARN] Proof mode: false
21:18:48 [WARN]  ex is: nil
21:18:48 [WARN]  ex is: (cons autovar_sk_0 nil)
21:18:48 [WARN]  ex is: (cons autovar_sk_1 (cons autovar_sk_0 nil))
21:18:48 [WARN]  ex is: Z
21:18:48 [WARN]  ex is: (S Z)
21:18:48 [WARN]  ex is: (S (S Z))
21:18:48 [WARN] Proof mode: false
21:18:50 [WARN] proved: (drop ?ts_ph_Nat_0 nil) => nil
21:18:50 [WARN] proved: (take ?ts_ph_Nat_0 nil) => nil
21:18:50 [WARN] proved: (++ ?ts_ph_list_0 nil) => ?ts_ph_list_0
21:50:12 [WARN] proved: (take (S Z) ?ts_ph_list_0) => (take (S Z) (++ ?ts_ph_list_0 ?ts_ph_list_0))
21:50:12 [WARN] proved: (take (S Z) (++ ?ts_ph_list_0 ?ts_ph_list_0)) => (take (S Z) ?ts_ph_list_0)
21:50:12 [WARN] proved: (++ ?ts_ph_list_0 (++ ?ts_ph_list_1 ?ts_ph_list_2)) => (++ (++ ?ts_ph_list_0 ?ts_ph_list_1) ?ts_ph_list_2)
21:50:12 [WARN] proved: (++ (++ ?ts_ph_list_0 ?ts_ph_list_1) ?ts_ph_list_2) => (++ ?ts_ph_list_0 (++ ?ts_ph_list_1 ?ts_ph_list_2))
21:50:14 [WARN] proved: (drop ?ts_ph_Nat_1 (take ?ts_ph_Nat_1 ?ts_ph_list_0)) => nil
21:50:18 [WARN] proved: (take ?ts_ph_Nat_1 ?ts_ph_list_0) => (take ?ts_ph_Nat_1 (take ?ts_ph_Nat_1 ?ts_ph_list_0))
21:50:18 [WARN] proved: (take ?ts_ph_Nat_1 (take ?ts_ph_Nat_1 ?ts_ph_list_0)) => (take ?ts_ph_Nat_1 ?ts_ph_list_0)
21:50:24 [WARN] proved: (drop (S ?ts_ph_Nat_1) (take ?ts_ph_Nat_1 ?ts_ph_list_0)) => nil
21:50:36 [WARN] proved: (take (S ?ts_ph_Nat_1) (take ?ts_ph_Nat_1 ?ts_ph_list_0)) => (take ?ts_ph_Nat_1 ?ts_ph_list_0)
21:50:36 [WARN] proved: (take ?ts_ph_Nat_1 ?ts_ph_list_0) => (take (S ?ts_ph_Nat_1) (take ?ts_ph_Nat_1 ?ts_ph_list_0))
21:52:26 [WARN] proved: (drop (S Z) (drop ?ts_ph_Nat_1 ?ts_ph_list_0)) => (drop (S ?ts_ph_Nat_1) ?ts_ph_list_0)
21:52:26 [WARN] proved: (drop (S ?ts_ph_Nat_1) ?ts_ph_list_0) => (drop (S Z) (drop ?ts_ph_Nat_1 ?ts_ph_list_0))
