21:18:48 [WARN] Collecting statistics
21:18:48 [WARN]  ex is: Z
21:18:48 [WARN]  ex is: (S Z)
21:18:48 [WARN]  ex is: (S (S Z))
21:18:48 [WARN]  ex is: nil
21:18:48 [WARN]  ex is: (cons autovar_Nat_0 nil)
21:18:48 [WARN]  ex is: (cons autovar_Nat_1 (cons autovar_Nat_0 nil))
21:18:48 [WARN] Proof mode: false
21:18:48 [WARN]  ex is: Z
21:18:48 [WARN]  ex is: (S Z)
21:18:48 [WARN]  ex is: (S (S Z))
21:18:48 [WARN]  ex is: nil
21:18:48 [WARN]  ex is: (cons autovar_Nat_0 nil)
21:18:48 [WARN]  ex is: (cons autovar_Nat_1 (cons autovar_Nat_0 nil))
21:18:48 [WARN] Proof mode: false
21:18:48 [WARN] proved: (last ?ts_ph_list_0) => (lastOfTwo ?ts_ph_list_0 ?ts_ph_list_0)
21:18:48 [WARN] proved: (lastOfTwo ?ts_ph_list_0 ?ts_ph_list_0) => (last ?ts_ph_list_0)
21:18:48 [WARN] proved: (lastOfTwo nil ?ts_ph_list_0) => (lastOfTwo ?ts_ph_list_0 ?ts_ph_list_0)
21:18:48 [WARN] proved: (lastOfTwo ?ts_ph_list_0 ?ts_ph_list_0) => (lastOfTwo nil ?ts_ph_list_0)
21:18:48 [WARN] proved: (++ ?ts_ph_list_0 nil) => ?ts_ph_list_0
21:18:48 [WARN] proved: (last ?ts_ph_list_0) => (last (cons Z ?ts_ph_list_0))
21:18:48 [WARN] proved: (last (cons Z ?ts_ph_list_0)) => (last ?ts_ph_list_0)
21:18:48 [WARN] generalized case_split proof as: (++ (++ ?ts_ph_list_0 ?ts_ph_list_1) ?ts_ph_list_2) -- (++ ?ts_ph_list_0 (++ ?ts_ph_list_1 ?ts_ph_list_2))
21:18:48 [WARN] proved: (++ (++ ?ts_ph_list_0 ?ts_ph_list_1) ?ts_ph_list_2) => (++ ?ts_ph_list_0 (++ ?ts_ph_list_1 ?ts_ph_list_2))
21:18:48 [WARN] proved: (++ ?ts_ph_list_0 (++ ?ts_ph_list_1 ?ts_ph_list_2)) => (++ (++ ?ts_ph_list_0 ?ts_ph_list_1) ?ts_ph_list_2)
21:18:48 [WARN] generalized case_split proof as: (last (++ ?ts_ph_list_0 ?ts_ph_list_1)) -- (lastOfTwo ?ts_ph_list_1 (++ ?ts_ph_list_0 ?ts_ph_list_1))
21:18:48 [WARN] proved: (last (++ ?ts_ph_list_0 ?ts_ph_list_1)) => (lastOfTwo ?ts_ph_list_1 (++ ?ts_ph_list_0 ?ts_ph_list_1))
21:18:48 [WARN] proved: (lastOfTwo ?ts_ph_list_1 (++ ?ts_ph_list_0 ?ts_ph_list_1)) => (last (++ ?ts_ph_list_0 ?ts_ph_list_1))
21:18:48 [WARN] proved: (lastOfTwo (cons ?ts_ph_Nat_1 ?ts_ph_list_0) ?ts_ph_list_0) => (last (cons ?ts_ph_Nat_1 ?ts_ph_list_0))
21:18:48 [WARN] proved: (last (cons ?ts_ph_Nat_1 ?ts_ph_list_0)) => (lastOfTwo (cons ?ts_ph_Nat_1 ?ts_ph_list_0) ?ts_ph_list_0)
21:18:48 [WARN] proved: (lastOfTwo ?ts_ph_list_1 ?ts_ph_list_0) => (lastOfTwo (++ ?ts_ph_list_1 ?ts_ph_list_0) ?ts_ph_list_0)
21:18:48 [WARN] proved: (lastOfTwo (++ ?ts_ph_list_1 ?ts_ph_list_0) ?ts_ph_list_0) => (lastOfTwo ?ts_ph_list_1 ?ts_ph_list_0)
21:18:49 [WARN] generalized case_split proof as: (lastOfTwo ?ts_ph_list_0 (++ ?ts_ph_list_0 ?ts_ph_list_1)) -- (lastOfTwo ?ts_ph_list_1 (++ ?ts_ph_list_0 ?ts_ph_list_1))
21:18:49 [WARN] proved: (lastOfTwo ?ts_ph_list_0 (++ ?ts_ph_list_0 ?ts_ph_list_1)) => (lastOfTwo ?ts_ph_list_1 (++ ?ts_ph_list_0 ?ts_ph_list_1))
21:18:49 [WARN] proved: (lastOfTwo ?ts_ph_list_1 (++ ?ts_ph_list_0 ?ts_ph_list_1)) => (lastOfTwo ?ts_ph_list_0 (++ ?ts_ph_list_0 ?ts_ph_list_1))
21:18:49 [WARN] proved: (lastOfTwo (cons ?ts_ph_Nat_0 ?ts_ph_list_0) (++ ?ts_ph_list_0 ?ts_ph_list_1)) => (lastOfTwo (cons ?ts_ph_Nat_0 nil) (++ ?ts_ph_list_0 ?ts_ph_list_1))
21:18:49 [WARN] proved: (lastOfTwo (cons ?ts_ph_Nat_0 nil) (++ ?ts_ph_list_0 ?ts_ph_list_1)) => (lastOfTwo (cons ?ts_ph_Nat_0 ?ts_ph_list_0) (++ ?ts_ph_list_0 ?ts_ph_list_1))
21:18:49 [WARN] generalized case_split proof as: (last (++ ?ts_ph_list_0 ?ts_ph_list_1)) -- (lastOfTwo (++ ?ts_ph_list_1 ?ts_ph_list_0) (++ ?ts_ph_list_0 ?ts_ph_list_1))
21:18:49 [WARN] proved: (last (++ ?ts_ph_list_0 ?ts_ph_list_1)) => (lastOfTwo (++ ?ts_ph_list_1 ?ts_ph_list_0) (++ ?ts_ph_list_0 ?ts_ph_list_1))
21:18:49 [WARN] proved: (lastOfTwo (++ ?ts_ph_list_1 ?ts_ph_list_0) (++ ?ts_ph_list_0 ?ts_ph_list_1)) => (last (++ ?ts_ph_list_0 ?ts_ph_list_1))
21:18:50 [WARN] proved: (lastOfTwo (++ ?ts_ph_list_1 ?ts_ph_list_0) (++ ?ts_ph_list_0 ?ts_ph_list_0)) => (lastOfTwo ?ts_ph_list_1 (++ ?ts_ph_list_0 ?ts_ph_list_0))
21:18:50 [WARN] proved: (lastOfTwo ?ts_ph_list_1 (++ ?ts_ph_list_0 ?ts_ph_list_0)) => (lastOfTwo (++ ?ts_ph_list_1 ?ts_ph_list_0) (++ ?ts_ph_list_0 ?ts_ph_list_0))
21:18:50 [WARN] proved: (lastOfTwo (++ ?ts_ph_list_0 ?ts_ph_list_1) (++ ?ts_ph_list_0 ?ts_ph_list_0)) => (lastOfTwo ?ts_ph_list_1 (++ ?ts_ph_list_0 ?ts_ph_list_0))
21:18:50 [WARN] proved: (lastOfTwo ?ts_ph_list_1 (++ ?ts_ph_list_0 ?ts_ph_list_0)) => (lastOfTwo (++ ?ts_ph_list_0 ?ts_ph_list_1) (++ ?ts_ph_list_0 ?ts_ph_list_0))
21:18:50 [WARN] generalized case_split proof as: (lastOfTwo (++ ?ts_ph_list_0 ?ts_ph_list_0) (++ ?ts_ph_list_0 ?ts_ph_list_1)) -- (lastOfTwo ?ts_ph_list_1 (++ ?ts_ph_list_0 ?ts_ph_list_1))
21:18:50 [WARN] proved: (lastOfTwo (++ ?ts_ph_list_0 ?ts_ph_list_0) (++ ?ts_ph_list_0 ?ts_ph_list_1)) => (lastOfTwo ?ts_ph_list_1 (++ ?ts_ph_list_0 ?ts_ph_list_1))
21:18:50 [WARN] proved: (lastOfTwo ?ts_ph_list_1 (++ ?ts_ph_list_0 ?ts_ph_list_1)) => (lastOfTwo (++ ?ts_ph_list_0 ?ts_ph_list_0) (++ ?ts_ph_list_0 ?ts_ph_list_1))
21:18:52 [WARN] proved: (lastOfTwo ?ts_ph_list_1 ?ts_ph_list_0) => (lastOfTwo (++ ?ts_ph_list_0 ?ts_ph_list_1) ?ts_ph_list_0)
21:18:52 [WARN] proved: (lastOfTwo (++ ?ts_ph_list_0 ?ts_ph_list_1) ?ts_ph_list_0) => (lastOfTwo ?ts_ph_list_1 ?ts_ph_list_0)
21:18:53 [WARN] proved: (lastOfTwo ?ts_ph_list_1 ?ts_ph_list_0) => (lastOfTwo (cons Z ?ts_ph_list_1) ?ts_ph_list_0)
21:18:53 [WARN] proved: (lastOfTwo (cons Z ?ts_ph_list_1) ?ts_ph_list_0) => (lastOfTwo ?ts_ph_list_1 ?ts_ph_list_0)
21:18:55 [WARN] proved: (last (cons ?ts_ph_Nat_1 (++ ?ts_ph_list_0 ?ts_ph_list_1))) => (lastOfTwo (cons ?ts_ph_Nat_1 ?ts_ph_list_1) (++ ?ts_ph_list_0 ?ts_ph_list_1))
21:18:55 [WARN] proved: (lastOfTwo (cons ?ts_ph_Nat_1 ?ts_ph_list_1) (++ ?ts_ph_list_0 ?ts_ph_list_1)) => (last (cons ?ts_ph_Nat_1 (++ ?ts_ph_list_0 ?ts_ph_list_1)))
21:19:06 [WARN] proved: (last (++ ?ts_ph_list_0 ?ts_ph_list_1)) => (lastOfTwo (++ ?ts_ph_list_1 ?ts_ph_list_1) (++ ?ts_ph_list_0 ?ts_ph_list_1))
21:19:06 [WARN] proved: (lastOfTwo (++ ?ts_ph_list_1 ?ts_ph_list_1) (++ ?ts_ph_list_0 ?ts_ph_list_1)) => (last (++ ?ts_ph_list_0 ?ts_ph_list_1))
