21:18:48 [0m[33m[WARN] [0mCollecting statistics
(<=2 Z ?y) => true
(<=2 (S ?z) Z) => false
(<=2 (S ?z) (S ?x2)) => (<=2 ?z ?x2)
(<=2 ?z ?x2) => (<=2 (S ?z) (S ?x2))
Searcher: (<=2 ?autovar6 Z)
Searcher: (<=2 ?autovar6 (S ?autovar3))
Searcher: (<=2 (S ?autovar4) ?autovar7)
Searcher: (<=2 (S ?autovar5) ?autovar7)
21:18:48 [0m[33m[WARN] [0m ex is: Z
21:18:48 [0m[33m[WARN] [0m ex is: (S Z)
21:18:48 [0m[33m[WARN] [0m ex is: (S (S Z))
21:18:48 [0m[33m[WARN] [0mProof mode: false
21:18:48 [0m[33m[WARN] [0m ex is: Z
21:18:48 [0m[33m[WARN] [0m ex is: (S Z)
21:18:48 [0m[33m[WARN] [0m ex is: (S (S Z))
21:18:48 [0m[33m[WARN] [0mProof mode: false
21:18:48 [0m[33m[WARN] [0mproved: (<=2 ?ts_ph_Nat_0 ?ts_ph_Nat_0) => true
21:18:48 [0m[33m[WARN] [0mproved: (<=2 ?ts_ph_Nat_0 (S ?ts_ph_Nat_0)) => true
21:18:48 [0m[33m[WARN] [0mproved: (<=2 (S ?ts_ph_Nat_0) ?ts_ph_Nat_0) => false
done in 100
