21:18:48 [0m[33m[WARN] [0mCollecting statistics
(min Z ?y) => Z
(min (S ?z) Z) => Z
(min (S ?z) (S ?y1)) => (S (min ?z ?y1))
(S (min ?z ?y1)) => (min (S ?z) (S ?y1))
(== Z Z) => true
(== Z (S ?z)) => false
(== (S ?x2) Z) => false
(== (S ?x2) (S ?y2)) => (== ?x2 ?y2)
(== ?x2 ?y2) => (== (S ?x2) (S ?y2))
(<=2 Z ?y) => true
(<=2 (S ?z) Z) => false
(<=2 (S ?z) (S ?x2)) => (<=2 ?z ?x2)
(<=2 ?z ?x2) => (<=2 (S ?z) (S ?x2))
Searcher: (min ?autovar6 Z)
Searcher: (min ?autovar6 (S ?autovar3))
Searcher: (min (S ?autovar4) ?autovar7)
Searcher: (min (S ?autovar5) ?autovar7)
Searcher: (== ?autovar7 Z)
Searcher: (== ?autovar7 (S ?autovar1))
Searcher: (== ?autovar7 Z)
Searcher: (== ?autovar7 (S ?autovar4))
Searcher: (== Z ?autovar8)
Searcher: (== Z ?autovar8)
Searcher: (== (S ?autovar5) ?autovar8)
Searcher: (== (S ?autovar6) ?autovar8)
Searcher: (<=2 ?autovar6 Z)
Searcher: (<=2 ?autovar6 (S ?autovar3))
Searcher: (<=2 (S ?autovar4) ?autovar7)
Searcher: (<=2 (S ?autovar5) ?autovar7)
21:18:48 [0m[33m[WARN] [0m ex is: Z
21:18:48 [0m[33m[WARN] [0m ex is: (S Z)
21:18:48 [0m[33m[WARN] [0m ex is: (S (S Z))
21:18:48 [0m[33m[WARN] [0mProof mode: false
21:18:48 [0m[33m[WARN] [0m ex is: Z
21:18:48 [0m[33m[WARN] [0m ex is: (S Z)
21:18:48 [0m[33m[WARN] [0m ex is: (S (S Z))
21:18:48 [0m[33m[WARN] [0mProof mode: false
21:18:48 [0m[33m[WARN] [0mproved: (== ?ts_ph_Nat_0 ?ts_ph_Nat_0) => true
21:18:48 [0m[33m[WARN] [0mproved: (min ?ts_ph_Nat_0 Z) => Z
21:18:48 [0m[33m[WARN] [0mproved: (== Z ?ts_ph_Nat_0) => (== ?ts_ph_Nat_0 Z)
21:18:48 [0m[33m[WARN] [0mproved: (== ?ts_ph_Nat_0 Z) => (== Z ?ts_ph_Nat_0)
21:18:48 [0m[33m[WARN] [0mproved: (<=2 ?ts_ph_Nat_0 Z) => (== ?ts_ph_Nat_0 Z)
21:18:48 [0m[33m[WARN] [0mproved: (== ?ts_ph_Nat_0 Z) => (<=2 ?ts_ph_Nat_0 Z)
21:18:48 [0m[33m[WARN] [0mproved: (min ?ts_ph_Nat_0 ?ts_ph_Nat_0) => ?ts_ph_Nat_0
21:18:48 [0m[33m[WARN] [0mproved: (<=2 ?ts_ph_Nat_0 ?ts_ph_Nat_0) => true
21:28:37 [0m[33m[WARN] [0mproved: (== (S Z) ?ts_ph_Nat_0) => (== ?ts_ph_Nat_0 (S Z))
21:28:37 [0m[33m[WARN] [0mproved: (== ?ts_ph_Nat_0 (S Z)) => (== (S Z) ?ts_ph_Nat_0)
21:28:37 [0m[33m[WARN] [0mproved: (min (S Z) ?ts_ph_Nat_0) => (min ?ts_ph_Nat_0 (S Z))
21:28:37 [0m[33m[WARN] [0mproved: (min ?ts_ph_Nat_0 (S Z)) => (min (S Z) ?ts_ph_Nat_0)
21:28:37 [0m[33m[WARN] [0mproved: (min ?ts_ph_Nat_0 (S ?ts_ph_Nat_0)) => ?ts_ph_Nat_0
21:28:37 [0m[33m[WARN] [0mproved: (min (S ?ts_ph_Nat_0) ?ts_ph_Nat_0) => ?ts_ph_Nat_0
21:28:37 [0m[33m[WARN] [0mproved: (<=2 (S ?ts_ph_Nat_0) ?ts_ph_Nat_0) => (== (S ?ts_ph_Nat_0) ?ts_ph_Nat_0)
21:28:37 [0m[33m[WARN] [0mproved: (== (S ?ts_ph_Nat_0) ?ts_ph_Nat_0) => (<=2 (S ?ts_ph_Nat_0) ?ts_ph_Nat_0)
21:28:37 [0m[33m[WARN] [0mproved: (== ?ts_ph_Nat_0 (S ?ts_ph_Nat_0)) => (== (S ?ts_ph_Nat_0) ?ts_ph_Nat_0)
21:28:37 [0m[33m[WARN] [0mproved: (== (S ?ts_ph_Nat_0) ?ts_ph_Nat_0) => (== ?ts_ph_Nat_0 (S ?ts_ph_Nat_0))
21:28:37 [0m[33m[WARN] [0mproved: (== ?ts_ph_Nat_1 ?ts_ph_Nat_0) => (== ?ts_ph_Nat_0 ?ts_ph_Nat_1)
21:28:37 [0m[33m[WARN] [0mproved: (== ?ts_ph_Nat_0 ?ts_ph_Nat_1) => (== ?ts_ph_Nat_1 ?ts_ph_Nat_0)
21:28:37 [0m[33m[WARN] [0mproved: (min ?ts_ph_Nat_1 ?ts_ph_Nat_0) => (min ?ts_ph_Nat_0 ?ts_ph_Nat_1)
21:28:37 [0m[33m[WARN] [0mproved: (min ?ts_ph_Nat_0 ?ts_ph_Nat_1) => (min ?ts_ph_Nat_1 ?ts_ph_Nat_0)
21:28:37 [0m[33m[WARN] [0mproved: (== ?ts_ph_Nat_0 (S ?ts_ph_Nat_0)) => false
21:28:37 [0m[33m[WARN] [0mproved: (<=2 ?ts_ph_Nat_0 (S ?ts_ph_Nat_0)) => true
21:28:37 [0m[33m[WARN] [0mproved: (<=2 (min ?ts_ph_Nat_0 ?ts_ph_Nat_1) ?ts_ph_Nat_1) => true
21:28:37 [0m[33m[WARN] [0mproved: (min ?ts_ph_Nat_0 ?ts_ph_Nat_1) => (min ?ts_ph_Nat_1 (min ?ts_ph_Nat_0 ?ts_ph_Nat_1))
21:28:37 [0m[33m[WARN] [0mproved: (min ?ts_ph_Nat_1 (min ?ts_ph_Nat_0 ?ts_ph_Nat_1)) => (min ?ts_ph_Nat_0 ?ts_ph_Nat_1)
21:28:37 [0m[33m[WARN] [0mproved: (<=2 ?ts_ph_Nat_1 ?ts_ph_Nat_0) => (<=2 ?ts_ph_Nat_1 (min ?ts_ph_Nat_0 ?ts_ph_Nat_1))
21:28:37 [0m[33m[WARN] [0mproved: (<=2 ?ts_ph_Nat_1 (min ?ts_ph_Nat_0 ?ts_ph_Nat_1)) => (<=2 ?ts_ph_Nat_1 ?ts_ph_Nat_0)
21:31:21 [0m[33m[WARN] [0mproved: (<=2 ?ts_ph_Nat_1 ?ts_ph_Nat_0) => (== ?ts_ph_Nat_1 (min ?ts_ph_Nat_0 ?ts_ph_Nat_1))
21:31:21 [0m[33m[WARN] [0mproved: (== ?ts_ph_Nat_1 (min ?ts_ph_Nat_0 ?ts_ph_Nat_1)) => (<=2 ?ts_ph_Nat_1 ?ts_ph_Nat_0)
21:34:57 [0m[33m[WARN] [0mproved: (== (S ?ts_ph_Nat_1) (min ?ts_ph_Nat_0 ?ts_ph_Nat_1)) => false
21:48:26 [0m[33m[WARN] [0mproved: (<=2 (S ?ts_ph_Nat_1) (min ?ts_ph_Nat_0 ?ts_ph_Nat_1)) => false
21:48:29 [0m[33m[WARN] [0mproved: (min ?ts_ph_Nat_0 ?ts_ph_Nat_1) => (min (S ?ts_ph_Nat_1) (min ?ts_ph_Nat_0 ?ts_ph_Nat_1))
21:48:29 [0m[33m[WARN] [0mproved: (min (S ?ts_ph_Nat_1) (min ?ts_ph_Nat_0 ?ts_ph_Nat_1)) => (min ?ts_ph_Nat_0 ?ts_ph_Nat_1)
done in 1781265
