22:21:10 [WARN] Collecting statistics
22:21:10 [WARN]  ex is: Z
22:21:10 [WARN]  ex is: (S Z)
22:21:10 [WARN]  ex is: (S (S Z))
22:21:10 [WARN] Proof mode: false
22:21:10 [WARN]  ex is: Z
22:21:10 [WARN]  ex is: (S Z)
22:21:10 [WARN]  ex is: (S (S Z))
22:21:10 [WARN] Proof mode: false
22:21:10 [WARN] proved: (== ?ts_ph_Nat_0 ?ts_ph_Nat_0) => true
22:21:10 [WARN] proved: (<=2 ?ts_ph_Nat_0 ?ts_ph_Nat_0) => true
22:21:10 [WARN] proved: (== Z ?ts_ph_Nat_0) => (<=2 ?ts_ph_Nat_0 Z)
22:21:10 [WARN] proved: (<=2 ?ts_ph_Nat_0 Z) => (== Z ?ts_ph_Nat_0)
22:21:10 [WARN] proved: (== ?ts_ph_Nat_0 Z) => (<=2 ?ts_ph_Nat_0 Z)
22:21:10 [WARN] proved: (<=2 ?ts_ph_Nat_0 Z) => (== ?ts_ph_Nat_0 Z)
22:21:10 [WARN] proved: (max ?ts_ph_Nat_0 ?ts_ph_Nat_0) => ?ts_ph_Nat_0
22:21:10 [WARN] proved: (max ?ts_ph_Nat_0 Z) => (max ?ts_ph_Nat_0 ?ts_ph_Nat_0)
22:21:10 [WARN] proved: (max ?ts_ph_Nat_0 ?ts_ph_Nat_0) => (max ?ts_ph_Nat_0 Z)
22:21:14 [WARN] proved: (== (S ?ts_ph_Nat_1) ?ts_ph_Nat_0) => (== ?ts_ph_Nat_0 (S ?ts_ph_Nat_1))
22:21:14 [WARN] proved: (== ?ts_ph_Nat_0 (S ?ts_ph_Nat_1)) => (== (S ?ts_ph_Nat_1) ?ts_ph_Nat_0)
22:21:14 [WARN] proved: (max (S ?ts_ph_Nat_1) ?ts_ph_Nat_0) => (max ?ts_ph_Nat_0 (S ?ts_ph_Nat_1))
22:21:14 [WARN] proved: (max ?ts_ph_Nat_0 (S ?ts_ph_Nat_1)) => (max (S ?ts_ph_Nat_1) ?ts_ph_Nat_0)
22:21:14 [WARN] proved: (<=2 ?ts_ph_Nat_0 (S ?ts_ph_Nat_0)) => true
22:21:14 [WARN] proved: (== ?ts_ph_Nat_0 (S ?ts_ph_Nat_0)) => false
22:21:14 [WARN] proved: (<=2 (S ?ts_ph_Nat_0) ?ts_ph_Nat_0) => false
22:21:14 [WARN] proved: (S ?ts_ph_Nat_0) => (max ?ts_ph_Nat_0 (S ?ts_ph_Nat_0))
22:21:14 [WARN] proved: (max ?ts_ph_Nat_0 (S ?ts_ph_Nat_0)) => (S ?ts_ph_Nat_0)
22:21:14 [WARN] proved: (max ?ts_ph_Nat_0 ?ts_ph_Nat_1) => (max ?ts_ph_Nat_1 ?ts_ph_Nat_0)
22:21:14 [WARN] proved: (max ?ts_ph_Nat_1 ?ts_ph_Nat_0) => (max ?ts_ph_Nat_0 ?ts_ph_Nat_1)
22:21:14 [WARN] proved: (max ?ts_ph_Nat_0 ?ts_ph_Nat_1) => (max ?ts_ph_Nat_1 (max ?ts_ph_Nat_0 ?ts_ph_Nat_1))
22:21:14 [WARN] proved: (max ?ts_ph_Nat_1 (max ?ts_ph_Nat_0 ?ts_ph_Nat_1)) => (max ?ts_ph_Nat_0 ?ts_ph_Nat_1)
22:21:16 [WARN] proved: (<=2 ?ts_ph_Nat_0 ?ts_ph_Nat_1) => (== ?ts_ph_Nat_1 (max ?ts_ph_Nat_0 ?ts_ph_Nat_1))
22:21:16 [WARN] proved: (== ?ts_ph_Nat_1 (max ?ts_ph_Nat_0 ?ts_ph_Nat_1)) => (<=2 ?ts_ph_Nat_0 ?ts_ph_Nat_1)
22:21:17 [WARN] proved: (== ?ts_ph_Nat_1 (S ?ts_ph_Nat_0)) => (== (max ?ts_ph_Nat_0 ?ts_ph_Nat_1) (S ?ts_ph_Nat_0))
22:21:17 [WARN] proved: (== (max ?ts_ph_Nat_0 ?ts_ph_Nat_1) (S ?ts_ph_Nat_0)) => (== ?ts_ph_Nat_1 (S ?ts_ph_Nat_0))
