21:18:48 [WARN] Collecting statistics
21:18:48 [WARN]  ex is: nil
21:18:48 [WARN]  ex is: (cons autovar_sk_0 nil)
21:18:48 [WARN]  ex is: (cons autovar_sk_1 (cons autovar_sk_0 nil))
21:18:48 [WARN]  ex is: Z
21:18:48 [WARN]  ex is: (S Z)
21:18:48 [WARN]  ex is: (S (S Z))
21:18:48 [WARN] Proof mode: false
21:18:48 [WARN]  ex is: nil
21:18:48 [WARN]  ex is: (cons autovar_sk_0 nil)
21:18:48 [WARN]  ex is: (cons autovar_sk_1 (cons autovar_sk_0 nil))
21:18:48 [WARN]  ex is: Z
21:18:48 [WARN]  ex is: (S Z)
21:18:48 [WARN]  ex is: (S (S Z))
21:18:48 [WARN] Proof mode: false
21:18:48 [WARN] proved: (drop ?ts_ph_Nat_0 nil) => nil
21:18:49 [WARN] proved: (drop (S Z) (drop ?ts_ph_Nat_1 ?ts_ph_list_0)) => (drop (S ?ts_ph_Nat_1) ?ts_ph_list_0)
21:18:49 [WARN] proved: (drop (S ?ts_ph_Nat_1) ?ts_ph_list_0) => (drop (S Z) (drop ?ts_ph_Nat_1 ?ts_ph_list_0))
21:18:51 [WARN] proved: (drop ?ts_ph_Nat_0 (drop ?ts_ph_Nat_1 ?ts_ph_list_1)) => (drop ?ts_ph_Nat_1 (drop ?ts_ph_Nat_0 ?ts_ph_list_1))
21:18:51 [WARN] proved: (drop ?ts_ph_Nat_1 (drop ?ts_ph_Nat_0 ?ts_ph_list_1)) => (drop ?ts_ph_Nat_0 (drop ?ts_ph_Nat_1 ?ts_ph_list_1))
