22:48:30 [WARN] Collecting statistics
22:48:30 [WARN]  ex is: Z
22:48:30 [WARN]  ex is: (S Z)
22:48:30 [WARN]  ex is: (S (S Z))
22:48:30 [WARN] Proof mode: false
22:48:30 [WARN]  ex is: Z
22:48:30 [WARN]  ex is: (S Z)
22:48:30 [WARN]  ex is: (S (S Z))
22:48:30 [WARN] Proof mode: false
22:48:30 [WARN] proved: (<2 ?ts_ph_Nat_0 ?ts_ph_Nat_0) => false
22:48:30 [WARN] proved: (+2 ?ts_ph_Nat_0 Z) => ?ts_ph_Nat_0
22:48:32 [WARN] proved: (+2 ?ts_ph_Nat_0 (S ?ts_ph_Nat_1)) => (S (+2 ?ts_ph_Nat_0 ?ts_ph_Nat_1))
22:48:32 [WARN] proved: (S (+2 ?ts_ph_Nat_0 ?ts_ph_Nat_1)) => (+2 ?ts_ph_Nat_0 (S ?ts_ph_Nat_1))
22:48:32 [WARN] generalized case_split proof as: (+2 (+2 ?ts_ph_Nat_0 ?ts_ph_Nat_1) ?ts_ph_Nat_2) -- (+2 ?ts_ph_Nat_0 (+2 ?ts_ph_Nat_1 ?ts_ph_Nat_2))
22:48:32 [WARN] proved: (+2 (+2 ?ts_ph_Nat_0 ?ts_ph_Nat_1) ?ts_ph_Nat_2) => (+2 ?ts_ph_Nat_0 (+2 ?ts_ph_Nat_1 ?ts_ph_Nat_2))
22:48:32 [WARN] proved: (+2 ?ts_ph_Nat_0 (+2 ?ts_ph_Nat_1 ?ts_ph_Nat_2)) => (+2 (+2 ?ts_ph_Nat_0 ?ts_ph_Nat_1) ?ts_ph_Nat_2)
22:48:32 [WARN] proved: (<2 (+2 ?ts_ph_Nat_0 ?ts_ph_Nat_1) ?ts_ph_Nat_0) => false
22:48:32 [WARN] proved: (<2 Z (+2 ?ts_ph_Nat_0 ?ts_ph_Nat_0)) => (<2 Z ?ts_ph_Nat_0)
22:48:32 [WARN] proved: (<2 Z ?ts_ph_Nat_0) => (<2 Z (+2 ?ts_ph_Nat_0 ?ts_ph_Nat_0))
22:48:32 [WARN] proved: (<2 (+2 ?ts_ph_Nat_0 ?ts_ph_Nat_1) (S ?ts_ph_Nat_0)) => (<2 ?ts_ph_Nat_1 (S Z))
22:51:07 [WARN] proved: (<2 (+2 ?ts_ph_Nat_0 ?ts_ph_Nat_0) (S Z)) => (<2 ?ts_ph_Nat_0 (S Z))
22:51:07 [WARN] proved: (<2 ?ts_ph_Nat_0 (S Z)) => (<2 (+2 ?ts_ph_Nat_0 ?ts_ph_Nat_0) (S Z))
23:40:55 [WARN] proved: (<2 Z ?ts_ph_Nat_0) => (<2 (S Z) (+2 ?ts_ph_Nat_0 ?ts_ph_Nat_0))
23:40:55 [WARN] proved: (<2 (S Z) (+2 ?ts_ph_Nat_0 ?ts_ph_Nat_0)) => (<2 Z ?ts_ph_Nat_0)
