22:41:36 [WARN] Collecting statistics
22:41:36 [WARN]  ex is: Z
22:41:36 [WARN]  ex is: (S Z)
22:41:36 [WARN]  ex is: (S (S Z))
22:41:36 [WARN]  ex is: nil
22:41:36 [WARN]  ex is: (cons autovar_Nat_0 nil)
22:41:36 [WARN]  ex is: (cons autovar_Nat_1 (cons autovar_Nat_0 nil))
22:41:36 [WARN] Proof mode: false
22:41:36 [WARN]  ex is: Z
22:41:36 [WARN]  ex is: (S Z)
22:41:36 [WARN]  ex is: (S (S Z))
22:41:36 [WARN]  ex is: nil
22:41:36 [WARN]  ex is: (cons autovar_Nat_0 nil)
22:41:36 [WARN]  ex is: (cons autovar_Nat_1 (cons autovar_Nat_0 nil))
22:41:36 [WARN] Proof mode: false
22:41:36 [WARN] proved: (== ?ts_ph_Nat_0 Z) => (== Z ?ts_ph_Nat_0)
22:41:36 [WARN] proved: (== Z ?ts_ph_Nat_0) => (== ?ts_ph_Nat_0 Z)
22:41:36 [WARN] proved: (== ?ts_ph_Nat_0 ?ts_ph_Nat_0) => true
22:41:36 [WARN] proved: (+2 ?ts_ph_Nat_0 Z) => ?ts_ph_Nat_0
22:43:06 [WARN] proved: (+2 ?ts_ph_Nat_0 (S Z)) => (S ?ts_ph_Nat_0)
22:43:06 [WARN] proved: (S ?ts_ph_Nat_0) => (+2 ?ts_ph_Nat_0 (S Z))
22:43:06 [WARN] proved: (== (S ?ts_ph_Nat_0) ?ts_ph_Nat_0) => false
22:43:06 [WARN] proved: (== (S Z) ?ts_ph_Nat_0) => (== ?ts_ph_Nat_0 (S Z))
22:43:06 [WARN] proved: (== ?ts_ph_Nat_0 (S Z)) => (== (S Z) ?ts_ph_Nat_0)
22:43:06 [WARN] proved: (== Z (+2 ?ts_ph_Nat_0 ?ts_ph_Nat_0)) => (== Z ?ts_ph_Nat_0)
22:43:06 [WARN] proved: (== Z ?ts_ph_Nat_0) => (== Z (+2 ?ts_ph_Nat_0 ?ts_ph_Nat_0))
22:43:06 [WARN] proved: (== (S ?ts_ph_Nat_0) (+2 ?ts_ph_Nat_0 ?ts_ph_Nat_1)) => (== ?ts_ph_Nat_1 (S Z))
22:43:33 [WARN] proved: (== (+2 ?ts_ph_Nat_0 ?ts_ph_Nat_0) (S Z)) => (== (S ?ts_ph_Nat_0) ?ts_ph_Nat_0)
22:43:33 [WARN] proved: (== (S ?ts_ph_Nat_0) ?ts_ph_Nat_0) => (== (+2 ?ts_ph_Nat_0 ?ts_ph_Nat_0) (S Z))
22:47:11 [WARN] proved: (== ?ts_ph_Nat_0 (S ?ts_ph_Nat_0)) => (== (+2 ?ts_ph_Nat_0 ?ts_ph_Nat_0) (S Z))
22:47:11 [WARN] proved: (== (+2 ?ts_ph_Nat_0 ?ts_ph_Nat_0) (S Z)) => (== ?ts_ph_Nat_0 (S ?ts_ph_Nat_0))
22:47:11 [WARN] proved: (== ?ts_ph_Nat_0 ?ts_ph_Nat_1) => (== ?ts_ph_Nat_1 ?ts_ph_Nat_0)
22:47:11 [WARN] proved: (== ?ts_ph_Nat_1 ?ts_ph_Nat_0) => (== ?ts_ph_Nat_0 ?ts_ph_Nat_1)
22:47:11 [WARN] proved: (S (+2 ?ts_ph_Nat_0 ?ts_ph_Nat_1)) => (+2 ?ts_ph_Nat_0 (S ?ts_ph_Nat_1))
22:47:11 [WARN] proved: (+2 ?ts_ph_Nat_0 (S ?ts_ph_Nat_1)) => (S (+2 ?ts_ph_Nat_0 ?ts_ph_Nat_1))
22:47:11 [WARN] proved: (+2 ?ts_ph_Nat_1 ?ts_ph_Nat_0) => (+2 ?ts_ph_Nat_0 ?ts_ph_Nat_1)
22:47:11 [WARN] proved: (+2 ?ts_ph_Nat_0 ?ts_ph_Nat_1) => (+2 ?ts_ph_Nat_1 ?ts_ph_Nat_0)
22:47:15 [WARN] proved: (+2 ?ts_ph_Nat_1 (+2 ?ts_ph_Nat_0 ?ts_ph_Nat_2)) => (+2 ?ts_ph_Nat_0 (+2 ?ts_ph_Nat_1 ?ts_ph_Nat_2))
22:47:15 [WARN] proved: (+2 ?ts_ph_Nat_0 (+2 ?ts_ph_Nat_1 ?ts_ph_Nat_2)) => (+2 ?ts_ph_Nat_1 (+2 ?ts_ph_Nat_0 ?ts_ph_Nat_2))
22:48:04 [WARN] proved: (== (+2 ?ts_ph_Nat_0 ?ts_ph_Nat_0) (+2 ?ts_ph_Nat_0 ?ts_ph_Nat_1)) => (== ?ts_ph_Nat_0 ?ts_ph_Nat_1)
22:48:04 [WARN] proved: (== ?ts_ph_Nat_0 ?ts_ph_Nat_1) => (== (+2 ?ts_ph_Nat_0 ?ts_ph_Nat_0) (+2 ?ts_ph_Nat_0 ?ts_ph_Nat_1))
