21:21:00 [WARN] Collecting statistics
21:21:00 [WARN]  ex is: nil
21:21:00 [WARN]  ex is: (cons autovar_sk_0 nil)
21:21:00 [WARN]  ex is: (cons autovar_sk_1 (cons autovar_sk_0 nil))
21:21:00 [WARN]  ex is: Z
21:21:00 [WARN]  ex is: (S Z)
21:21:00 [WARN]  ex is: (S (S Z))
21:21:00 [WARN] Proof mode: false
21:21:00 [WARN]  ex is: nil
21:21:00 [WARN]  ex is: (cons autovar_sk_0 nil)
21:21:00 [WARN]  ex is: (cons autovar_sk_1 (cons autovar_sk_0 nil))
21:21:00 [WARN]  ex is: Z
21:21:00 [WARN]  ex is: (S Z)
21:21:00 [WARN]  ex is: (S (S Z))
21:21:00 [WARN] Proof mode: false
21:21:00 [WARN] proved: (-2 ?ts_ph_Nat_0 Z) => ?ts_ph_Nat_0
21:21:00 [WARN] proved: (-2 ?ts_ph_Nat_0 ?ts_ph_Nat_0) => Z
21:22:40 [WARN] proved: (-2 ?ts_ph_Nat_0 (S ?ts_ph_Nat_0)) => Z
21:22:40 [WARN] proved: (-2 (S ?ts_ph_Nat_0) ?ts_ph_Nat_0) => (S Z)
21:22:41 [WARN] proved: (-2 (-2 ?ts_ph_Nat_0 ?ts_ph_Nat_1) (S Z)) => (-2 ?ts_ph_Nat_0 (S ?ts_ph_Nat_1))
21:22:41 [WARN] proved: (-2 ?ts_ph_Nat_0 (S ?ts_ph_Nat_1)) => (-2 (-2 ?ts_ph_Nat_0 ?ts_ph_Nat_1) (S Z))
21:23:40 [WARN] proved: (-2 (-2 ?ts_ph_Nat_1 ?ts_ph_Nat_0) ?ts_ph_Nat_1) => Z
21:29:38 [WARN] proved: (-2 ?ts_ph_Nat_0 ?ts_ph_Nat_1) => (-2 (-2 ?ts_ph_Nat_0 ?ts_ph_Nat_1) (-2 ?ts_ph_Nat_1 ?ts_ph_Nat_0))
21:29:38 [WARN] proved: (-2 (-2 ?ts_ph_Nat_0 ?ts_ph_Nat_1) (-2 ?ts_ph_Nat_1 ?ts_ph_Nat_0)) => (-2 ?ts_ph_Nat_0 ?ts_ph_Nat_1)
