23:06:52 [WARN] Collecting statistics
23:06:52 [WARN]  ex is: Z
23:06:52 [WARN]  ex is: (S Z)
23:06:52 [WARN]  ex is: (S (S Z))
23:06:52 [WARN]  ex is: nil
23:06:52 [WARN]  ex is: (cons autovar_Nat_0 nil)
23:06:52 [WARN]  ex is: (cons autovar_Nat_1 (cons autovar_Nat_0 nil))
23:06:52 [WARN] Proof mode: false
23:06:52 [WARN]  ex is: Z
23:06:52 [WARN]  ex is: (S Z)
23:06:52 [WARN]  ex is: (S (S Z))
23:06:52 [WARN]  ex is: nil
23:06:52 [WARN]  ex is: (cons autovar_Nat_0 nil)
23:06:52 [WARN]  ex is: (cons autovar_Nat_1 (cons autovar_Nat_0 nil))
23:06:52 [WARN] Proof mode: false
23:06:52 [WARN] proved: (++ ?ts_ph_list_0 nil) => ?ts_ph_list_0
23:06:53 [WARN] proved: (last ?ts_ph_list_0) => (last (cons Z ?ts_ph_list_0))
23:06:53 [WARN] proved: (last (cons Z ?ts_ph_list_0)) => (last ?ts_ph_list_0)
23:06:53 [WARN] proved: (++ ?ts_ph_list_0 (++ ?ts_ph_list_1 ?ts_ph_list_2)) => (++ (++ ?ts_ph_list_0 ?ts_ph_list_1) ?ts_ph_list_2)
23:06:53 [WARN] proved: (++ (++ ?ts_ph_list_0 ?ts_ph_list_1) ?ts_ph_list_2) => (++ ?ts_ph_list_0 (++ ?ts_ph_list_1 ?ts_ph_list_2))
