Collecting statistics
(-2 Z ?y) => Z
(-2 (S ?z) Z) => (S ?z)
(S ?z) => (-2 (S ?z) Z)
(-2 (S ?z) (S ?x2)) => (-2 ?z ?x2)
(-2 ?z ?x2) => (-2 (S ?z) (S ?x2))
(+2 Z ?y) => ?y
(+2 (S ?z) ?y) => (S (+2 ?z ?y))
(S (+2 ?z ?y)) => (+2 (S ?z) ?y)
(-2 ?autovar6 Z) => (potential_split ?autovar6 Z (S (param_Nat_0 ?autovar6))) if Cond(var: ?autovar6, pat: Z) Cond(var: ?autovar6, pat: (S ?param_0))
(-2 ?autovar6 (S ?autovar3)) => (potential_split ?autovar6 Z (S (param_Nat_0 ?autovar6))) if Cond(var: ?autovar6, pat: Z) Cond(var: ?autovar6, pat: (S ?param_0))
(-2 (S ?autovar4) ?autovar7) => (potential_split ?autovar7 Z (S (param_Nat_0 ?autovar7))) if Cond(var: ?autovar7, pat: Z) Cond(var: ?autovar7, pat: (S ?param_0))
(-2 (S ?autovar5) ?autovar7) => (potential_split ?autovar7 Z (S (param_Nat_0 ?autovar7))) if Cond(var: ?autovar7, pat: Z) Cond(var: ?autovar7, pat: (S ?param_0))
 ex is: Z
 ex is: (S Z)
 ex is: (S (S Z))
 ex is: Z
 ex is: (S Z)
 ex is: (S (S Z))
Running TheSy on datatypes: Nat dict: -2 +2 Z S
14:18:57 [0m[33m[WARN] [0m# of splitters: 1
Starting depth 1
14:18:57 [0m[33m[WARN] [0m# of splitters: 2
14:18:57 [0m[33m[WARN] [0m# of splitters: 1
14:18:57 [0m[33m[WARN] [0m# of splitters: 2
14:18:57 [0m[33m[WARN] [0mproved: (-2 ?ts_ph_Nat_0 Z) => ?ts_ph_Nat_0
14:18:57 [0m[33m[WARN] [0m# of splitters: 1
14:18:57 [0m[33m[WARN] [0mproved: (+2 ?ts_ph_Nat_0 Z) => ?ts_ph_Nat_0
14:18:57 [0m[33m[WARN] [0m# of splitters: 1
14:18:57 [0m[33m[WARN] [0m# of splitters: 1
14:18:57 [0m[33m[WARN] [0mproved: (-2 ?ts_ph_Nat_0 ?ts_ph_Nat_0) => Z
14:18:57 [0m[33m[WARN] [0m# of splitters: 1
14:18:57 [0m[33m[WARN] [0m# of splitters: 1
14:18:57 [0m[33m[WARN] [0m# of splitters: 1
Starting depth 2
14:18:57 [0m[33m[WARN] [0m# of splitters: 14
14:18:57 [0m[33m[WARN] [0m# of splitters: 4
14:18:57 [0m[33m[WARN] [0m# of splitters: 13
14:18:58 [0m[33m[WARN] [0m# of splitters: 7
14:18:58 [0m[33m[WARN] [0m# of splitters: 13
14:18:58 [0m[33m[WARN] [0m# of splitters: 9
14:18:58 [0m[33m[WARN] [0m# of splitters: 12
14:18:58 [0m[33m[WARN] [0m# of splitters: 10
14:18:58 [0m[33m[WARN] [0m# of splitters: 11
14:18:59 [0m[33m[WARN] [0m# of splitters: 8
14:18:59 [0m[33m[WARN] [0m# of splitters: 9
14:18:59 [0m[33m[WARN] [0m# of splitters: 8
14:18:59 [0m[33m[WARN] [0m# of splitters: 9
14:18:59 [0m[33m[WARN] [0m# of splitters: 7
14:18:59 [0m[33m[WARN] [0m# of splitters: 8
14:18:59 [0m[33m[WARN] [0m# of splitters: 6
14:18:59 [0m[33m[WARN] [0m# of splitters: 7
14:18:59 [0m[33m[WARN] [0m# of splitters: 5
14:18:59 [0m[33m[WARN] [0m# of splitters: 6
14:19:00 [0m[33m[WARN] [0m# of splitters: 4
14:19:00 [0m[33m[WARN] [0m# of splitters: 5
14:19:00 [0m[33m[WARN] [0m# of splitters: 3
14:19:00 [0m[33m[WARN] [0m# of splitters: 4
14:19:00 [0m[33m[WARN] [0m# of splitters: 4
14:19:00 [0m[33m[WARN] [0m# of splitters: 3
14:19:00 [0m[33m[WARN] [0m# of splitters: 1
14:19:00 [0m[33m[WARN] [0m# of splitters: 2
14:19:00 [0m[33m[WARN] [0mproved: (+2 ?ts_ph_Nat_0 (S ?ts_ph_Nat_1)) => (S (+2 ?ts_ph_Nat_0 ?ts_ph_Nat_1))
14:19:00 [0m[33m[WARN] [0mproved: (S (+2 ?ts_ph_Nat_0 ?ts_ph_Nat_1)) => (+2 ?ts_ph_Nat_0 (S ?ts_ph_Nat_1))
14:19:00 [0m[33m[WARN] [0m# of splitters: 1
14:19:00 [0m[33m[WARN] [0m# of splitters: 1
14:19:00 [0m[33m[WARN] [0m# of splitters: 1
14:19:00 [0m[33m[WARN] [0m# of splitters: 1
14:19:00 [0m[33m[WARN] [0m# of splitters: 1
14:19:00 [0m[33m[WARN] [0m# of splitters: 1
proved: (-2 (+2 ?ts_ph_Nat_1 ?ts_ph_Nat_0) ?ts_ph_Nat_0) => ?ts_ph_Nat_1
14:19:00 [0m[33m[WARN] [0mFound all lemmas
done in 3102
