22:18:51 [WARN] Collecting statistics
22:18:51 [WARN]  ex is: nil
22:18:51 [WARN]  ex is: (cons autovar_sk_0 nil)
22:18:51 [WARN]  ex is: (cons autovar_sk_1 (cons autovar_sk_0 nil))
22:18:51 [WARN] Proof mode: false
22:18:51 [WARN]  ex is: nil
22:18:51 [WARN]  ex is: (cons autovar_sk_0 nil)
22:18:51 [WARN]  ex is: (cons autovar_sk_1 (cons autovar_sk_0 nil))
22:18:51 [WARN] Proof mode: false
22:18:51 [WARN] proved: (++ ?ts_ph_list_0 nil) => ?ts_ph_list_0
22:18:51 [WARN] proved: (butlastConcat nil ?ts_ph_list_0) => (butlast ?ts_ph_list_0)
22:18:51 [WARN] proved: (butlast ?ts_ph_list_0) => (butlastConcat nil ?ts_ph_list_0)
22:18:51 [WARN] proved: (++ ?ts_ph_list_0 (butlast ?ts_ph_list_0)) => (butlastConcat ?ts_ph_list_0 ?ts_ph_list_0)
22:18:51 [WARN] proved: (butlastConcat ?ts_ph_list_0 ?ts_ph_list_0) => (++ ?ts_ph_list_0 (butlast ?ts_ph_list_0))
22:18:51 [WARN] generalized case_split proof as: (++ ?ts_ph_list_0 (++ ?ts_ph_list_1 ?ts_ph_list_2)) -- (++ (++ ?ts_ph_list_0 ?ts_ph_list_1) ?ts_ph_list_2)
22:18:51 [WARN] proved: (++ ?ts_ph_list_0 (++ ?ts_ph_list_1 ?ts_ph_list_2)) => (++ (++ ?ts_ph_list_0 ?ts_ph_list_1) ?ts_ph_list_2)
22:18:51 [WARN] proved: (++ (++ ?ts_ph_list_0 ?ts_ph_list_1) ?ts_ph_list_2) => (++ ?ts_ph_list_0 (++ ?ts_ph_list_1 ?ts_ph_list_2))
22:18:51 [WARN] proved: (butlastConcat (cons ?ts_ph_sk_1 nil) ?ts_ph_list_0) => (butlast (cons ?ts_ph_sk_1 ?ts_ph_list_0))
22:18:51 [WARN] proved: (butlast (cons ?ts_ph_sk_1 ?ts_ph_list_0)) => (butlastConcat (cons ?ts_ph_sk_1 nil) ?ts_ph_list_0)
22:18:51 [WARN] proved: (++ ?ts_ph_list_0 (butlastConcat ?ts_ph_list_0 ?ts_ph_list_0)) => (butlastConcat (++ ?ts_ph_list_0 ?ts_ph_list_0) ?ts_ph_list_0)
22:18:51 [WARN] proved: (butlastConcat (++ ?ts_ph_list_0 ?ts_ph_list_0) ?ts_ph_list_0) => (++ ?ts_ph_list_0 (butlastConcat ?ts_ph_list_0 ?ts_ph_list_0))
22:18:52 [WARN] proved: (butlastConcat (++ ?ts_ph_list_0 ?ts_ph_list_1) ?ts_ph_list_0) => (++ ?ts_ph_list_0 (butlastConcat ?ts_ph_list_1 ?ts_ph_list_0))
22:18:52 [WARN] proved: (++ ?ts_ph_list_0 (butlastConcat ?ts_ph_list_1 ?ts_ph_list_0)) => (butlastConcat (++ ?ts_ph_list_0 ?ts_ph_list_1) ?ts_ph_list_0)
22:18:52 [WARN] proved: (butlastConcat (butlast ?ts_ph_list_0) ?ts_ph_list_0) => (++ (butlast ?ts_ph_list_0) (butlast ?ts_ph_list_0))
22:18:52 [WARN] proved: (++ (butlast ?ts_ph_list_0) (butlast ?ts_ph_list_0)) => (butlastConcat (butlast ?ts_ph_list_0) ?ts_ph_list_0)
