23:48:30 [WARN] Collecting statistics
23:48:30 [WARN]  ex is: nil
23:48:30 [WARN]  ex is: (cons autovar_sk_0 nil)
23:48:30 [WARN]  ex is: (cons autovar_sk_1 (cons autovar_sk_0 nil))
23:48:30 [WARN]  ex is: Z
23:48:30 [WARN]  ex is: (S Z)
23:48:30 [WARN]  ex is: (S (S Z))
23:48:30 [WARN] Proof mode: false
23:48:30 [WARN]  ex is: nil
23:48:30 [WARN]  ex is: (cons autovar_sk_0 nil)
23:48:30 [WARN]  ex is: (cons autovar_sk_1 (cons autovar_sk_0 nil))
23:48:30 [WARN]  ex is: Z
23:48:30 [WARN]  ex is: (S Z)
23:48:30 [WARN]  ex is: (S (S Z))
23:48:30 [WARN] Proof mode: false
23:48:33 [WARN] proved: (drop ?ts_ph_Nat_0 nil) => nil
23:48:33 [WARN] proved: (take ?ts_ph_Nat_0 nil) => nil
23:48:33 [WARN] proved: (-2 ?ts_ph_Nat_0 ?ts_ph_Nat_0) => Z
23:48:33 [WARN] proved: (-2 ?ts_ph_Nat_0 Z) => ?ts_ph_Nat_0
23:48:33 [WARN] proved: (++ ?ts_ph_list_0 nil) => ?ts_ph_list_0
