23:06:53 [WARN] Collecting statistics
23:06:53 [WARN]  ex is: nil
23:06:53 [WARN]  ex is: (cons autovar_sk_0 nil)
23:06:53 [WARN]  ex is: (cons autovar_sk_1 (cons autovar_sk_0 nil))
23:06:53 [WARN]  ex is: Z
23:06:53 [WARN]  ex is: (S Z)
23:06:53 [WARN]  ex is: (S (S Z))
23:06:53 [WARN] Proof mode: false
23:06:53 [WARN]  ex is: nil
23:06:53 [WARN]  ex is: (cons autovar_sk_0 nil)
23:06:53 [WARN]  ex is: (cons autovar_sk_1 (cons autovar_sk_0 nil))
23:06:53 [WARN]  ex is: Z
23:06:53 [WARN]  ex is: (S Z)
23:06:53 [WARN]  ex is: (S (S Z))
23:06:53 [WARN] Proof mode: false
23:06:53 [WARN] proved: (-2 ?ts_ph_Nat_0 Z) => ?ts_ph_Nat_0
23:06:53 [WARN] proved: (drop ?ts_ph_Nat_0 nil) => nil
23:06:53 [WARN] proved: (-2 ?ts_ph_Nat_0 ?ts_ph_Nat_0) => Z
23:07:39 [WARN] proved: (-2 ?ts_ph_Nat_0 (S ?ts_ph_Nat_0)) => Z
23:07:39 [WARN] proved: (-2 (len ?ts_ph_list_0) ?ts_ph_Nat_1) => (len (drop ?ts_ph_Nat_1 ?ts_ph_list_0))
23:07:39 [WARN] proved: (len (drop ?ts_ph_Nat_1 ?ts_ph_list_0)) => (-2 (len ?ts_ph_list_0) ?ts_ph_Nat_1)
23:07:39 [WARN] proved: (-2 (S ?ts_ph_Nat_0) ?ts_ph_Nat_0) => (S Z)
23:07:39 [WARN] proved: (drop (len ?ts_ph_list_0) ?ts_ph_list_0) => nil
23:07:40 [WARN] proved: (drop (S Z) (drop ?ts_ph_Nat_0 ?ts_ph_list_1)) => (drop (S ?ts_ph_Nat_0) ?ts_ph_list_1)
23:07:40 [WARN] proved: (drop (S ?ts_ph_Nat_0) ?ts_ph_list_1) => (drop (S Z) (drop ?ts_ph_Nat_0 ?ts_ph_list_1))
23:07:43 [WARN] proved: (drop ?ts_ph_Nat_1 (drop ?ts_ph_Nat_0 ?ts_ph_list_1)) => (drop ?ts_ph_Nat_0 (drop ?ts_ph_Nat_1 ?ts_ph_list_1))
23:07:43 [WARN] proved: (drop ?ts_ph_Nat_0 (drop ?ts_ph_Nat_1 ?ts_ph_list_1)) => (drop ?ts_ph_Nat_1 (drop ?ts_ph_Nat_0 ?ts_ph_list_1))
23:07:49 [WARN] proved: (-2 (-2 ?ts_ph_Nat_1 ?ts_ph_Nat_0) (S Z)) => (-2 ?ts_ph_Nat_1 (S ?ts_ph_Nat_0))
23:07:49 [WARN] proved: (-2 ?ts_ph_Nat_1 (S ?ts_ph_Nat_0)) => (-2 (-2 ?ts_ph_Nat_1 ?ts_ph_Nat_0) (S Z))
23:08:57 [WARN] proved: (-2 (-2 ?ts_ph_Nat_1 ?ts_ph_Nat_0) ?ts_ph_Nat_1) => Z
23:21:45 [WARN] proved: (drop ?ts_ph_Nat_0 (drop (-2 ?ts_ph_Nat_1 ?ts_ph_Nat_0) ?ts_ph_list_1)) => (drop ?ts_ph_Nat_1 (drop (-2 ?ts_ph_Nat_0 ?ts_ph_Nat_1) ?ts_ph_list_1))
23:21:45 [WARN] proved: (drop ?ts_ph_Nat_1 (drop (-2 ?ts_ph_Nat_0 ?ts_ph_Nat_1) ?ts_ph_list_1)) => (drop ?ts_ph_Nat_0 (drop (-2 ?ts_ph_Nat_1 ?ts_ph_Nat_0) ?ts_ph_list_1))
