Collecting statistics
(sort nil) => nil
nil => (sort nil)
(<=2 Z ?y) => true
(<=2 (S ?z) Z) => false
(<=2 (S ?z) (S ?x2)) => (<=2 ?z ?x2)
(<=2 ?z ?x2) => (<=2 (S ?z) (S ?x2))
(insort ?x nil) => (cons ?x nil)
(cons ?x nil) => (insort ?x nil)
(insort ?x (cons ?z ?xs)) => (cons ?z (insort ?x ?xs))
(insort ?x (cons ?z ?xs)) => (cons ?z (insort ?x ?xs))
(insort ?x (cons ?z ?xs)) => (cons ?x (cons ?z ?xs))
(insort ?x (cons ?z ?xs)) => (cons ?x (cons ?z ?xs))
(sort (cons ?y ?xs)) => (insort ?y (sort ?xs))
(insort ?y (sort ?xs)) => (sort (cons ?y ?xs))
(len nil) => Z
Z => (len nil)
(len (cons ?y ?xs)) => (S (len ?xs))
(<=2 ?autovar6 Z) => (potential_split ?autovar6 Z (S (param_Nat_0 ?autovar6))) if Cond(var: ?autovar6, pat: Z) Cond(var: ?autovar6, pat: (S ?param_0))
(<=2 ?autovar6 (S ?autovar3)) => (potential_split ?autovar6 Z (S (param_Nat_0 ?autovar6))) if Cond(var: ?autovar6, pat: Z) Cond(var: ?autovar6, pat: (S ?param_0))
(<=2 (S ?autovar4) ?autovar7) => (potential_split ?autovar7 Z (S (param_Nat_0 ?autovar7))) if Cond(var: ?autovar7, pat: Z) Cond(var: ?autovar7, pat: (S ?param_0))
(<=2 (S ?autovar5) ?autovar7) => (potential_split ?autovar7 Z (S (param_Nat_0 ?autovar7))) if Cond(var: ?autovar7, pat: Z) Cond(var: ?autovar7, pat: (S ?param_0))
 ex is: Z
 ex is: (S Z)
 ex is: (S (S Z))
 ex is: nil
 ex is: (cons autovar_Nat_0 nil)
 ex is: (cons autovar_Nat_1 (cons autovar_Nat_0 nil))
 ex is: Z
 ex is: (S Z)
 ex is: (S (S Z))
 ex is: nil
 ex is: (cons autovar_Nat_0 nil)
 ex is: (cons autovar_Nat_1 (cons autovar_Nat_0 nil))
Running TheSy on datatypes: Nat list dict: len <=2 insort sort Z S nil cons
Starting depth 1
14:18:57 [0m[33m[WARN] [0m# of splitters: 2
14:18:57 [0m[33m[WARN] [0m# of splitters: 1
14:18:57 [0m[33m[WARN] [0m# of splitters: 1
14:18:57 [0m[33m[WARN] [0m# of splitters: 1
14:18:57 [0m[33m[WARN] [0mproved: (<=2 ?ts_ph_Nat_0 ?ts_ph_Nat_0) => true

Starting depth 2
14:18:57 [0m[33m[WARN] [0m# of splitters: 4
14:18:57 [0m[33m[WARN] [0m# of splitters: 3
14:18:57 [0m[33m[WARN] [0m# of splitters: 4
14:18:57 [0m[33m[WARN] [0m# of splitters: 2
14:18:57 [0m[33m[WARN] [0m# of splitters: 3
14:18:57 [0m[33m[WARN] [0m# of splitters: 1
14:18:58 [0m[33m[WARN] [0m# of splitters: 2
14:18:58 [0m[33m[WARN] [0m# of splitters: 1
14:18:58 [0m[33m[WARN] [0m# of splitters: 1
14:18:58 [0m[33m[WARN] [0m# of splitters: 1
14:18:58 [0m[33m[WARN] [0mproved: (<=2 ?ts_ph_Nat_0 (S ?ts_ph_Nat_0)) => true

14:18:58 [0m[33m[WARN] [0m# of splitters: 1
14:18:58 [0m[33m[WARN] [0m# of splitters: 1
14:18:58 [0m[33m[WARN] [0mproved: (<=2 (S ?ts_ph_Nat_0) ?ts_ph_Nat_0) => false

done in 641
