22:06:51 [WARN] Collecting statistics
22:06:51 [WARN]  ex is: Z
22:06:51 [WARN]  ex is: (S Z)
22:06:51 [WARN]  ex is: (S (S Z))
22:06:51 [WARN]  ex is: nil
22:06:51 [WARN]  ex is: (cons autovar_Nat_0 nil)
22:06:51 [WARN]  ex is: (cons autovar_Nat_1 (cons autovar_Nat_0 nil))
22:06:51 [WARN] Proof mode: false
22:06:51 [WARN]  ex is: Z
22:06:51 [WARN]  ex is: (S Z)
22:06:51 [WARN]  ex is: (S (S Z))
22:06:51 [WARN]  ex is: nil
22:06:51 [WARN]  ex is: (cons autovar_Nat_0 nil)
22:06:51 [WARN]  ex is: (cons autovar_Nat_1 (cons autovar_Nat_0 nil))
22:06:51 [WARN] Proof mode: false
22:06:51 [WARN] proved: (<=2 ?ts_ph_Nat_0 ?ts_ph_Nat_0) => true
22:20:02 [WARN] proved: (<=2 ?ts_ph_Nat_0 (S ?ts_ph_Nat_0)) => true
22:20:02 [WARN] proved: (&& (<=2 ?ts_ph_Nat_0 Z) false) => false
22:20:02 [WARN] proved: (<=2 ?ts_ph_Nat_0 Z) => (&& (<=2 ?ts_ph_Nat_0 Z) true)
22:20:02 [WARN] proved: (&& (<=2 ?ts_ph_Nat_0 Z) true) => (<=2 ?ts_ph_Nat_0 Z)
22:20:02 [WARN] proved: (&& (<=2 ?ts_ph_Nat_0 Z) false) => (<=2 (S ?ts_ph_Nat_0) ?ts_ph_Nat_0)
22:20:02 [WARN] proved: (<=2 (S ?ts_ph_Nat_0) ?ts_ph_Nat_0) => (&& (<=2 ?ts_ph_Nat_0 Z) false)
22:20:02 [WARN] proved: (&& (<=2 ?ts_ph_Nat_0 Z) (<=2 ?ts_ph_Nat_1 ?ts_ph_Nat_0)) => (&& (<=2 ?ts_ph_Nat_0 Z) (<=2 ?ts_ph_Nat_1 Z))
22:20:02 [WARN] proved: (&& (<=2 ?ts_ph_Nat_0 Z) (<=2 ?ts_ph_Nat_1 Z)) => (&& (<=2 ?ts_ph_Nat_0 Z) (<=2 ?ts_ph_Nat_1 ?ts_ph_Nat_0))
22:20:02 [WARN] proved: (&& (<=2 ?ts_ph_Nat_0 Z) (<=2 ?ts_ph_Nat_0 ?ts_ph_Nat_1)) => (<=2 ?ts_ph_Nat_0 Z)
22:20:03 [WARN] proved: (sorted ?ts_ph_list_0) => (sorted (cons Z ?ts_ph_list_0))
22:20:03 [WARN] proved: (sorted (cons Z ?ts_ph_list_0)) => (sorted ?ts_ph_list_0)
22:20:05 [WARN] proved: (&& (<=2 ?ts_ph_Nat_0 ?ts_ph_Nat_1) false) => false
22:22:15 [WARN] proved: (<=2 ?ts_ph_Nat_0 ?ts_ph_Nat_1) => (&& (<=2 ?ts_ph_Nat_0 ?ts_ph_Nat_1) true)
22:22:15 [WARN] proved: (&& (<=2 ?ts_ph_Nat_0 ?ts_ph_Nat_1) true) => (<=2 ?ts_ph_Nat_0 ?ts_ph_Nat_1)
