18:01:27 [0m[33m[WARN] [0mCollecting statistics
(<2 ?x Z) => false
(<2 Z (S ?z)) => true
(<2 (S ?x2) (S ?z)) => (<2 ?x2 ?z)
(<2 ?x2 ?z) => (<2 (S ?x2) (S ?z))
(+2 Z ?y) => ?y
(+2 (S ?z) ?y) => (S (+2 ?z ?y))
(S (+2 ?z ?y)) => (+2 (S ?z) ?y)
Searcher: (<2 ?autovar5 (S ?autovar1))
Searcher: (<2 ?autovar5 (S ?autovar3))
Searcher: (<2 Z ?autovar6)
Searcher: (<2 (S ?autovar4) ?autovar6)
18:01:27 [0m[33m[WARN] [0m ex is: Z
18:01:27 [0m[33m[WARN] [0m ex is: (S Z)
18:01:27 [0m[33m[WARN] [0m ex is: (S (S Z))
18:01:27 [0m[33m[WARN] [0mProof mode: false
18:01:27 [0m[33m[WARN] [0m ex is: Z
18:01:27 [0m[33m[WARN] [0m ex is: (S Z)
18:01:27 [0m[33m[WARN] [0m ex is: (S (S Z))
18:01:27 [0m[33m[WARN] [0mProof mode: false
18:01:27 [0m[33m[WARN] [0mproved: (<2 ?ts_ph_Nat_0 ?ts_ph_Nat_0) => false
18:01:27 [0m[33m[WARN] [0mproved: (+2 ?ts_ph_Nat_0 Z) => ?ts_ph_Nat_0
18:01:27 [0m[33m[WARN] [0mproved: (S (+2 ?ts_ph_Nat_0 ?ts_ph_Nat_1)) => (+2 ?ts_ph_Nat_0 (S ?ts_ph_Nat_1))
18:01:27 [0m[33m[WARN] [0mproved: (+2 ?ts_ph_Nat_0 (S ?ts_ph_Nat_1)) => (S (+2 ?ts_ph_Nat_0 ?ts_ph_Nat_1))
18:01:27 [0m[33m[WARN] [0mproved: (+2 ?ts_ph_Nat_0 ?ts_ph_Nat_1) => (+2 ?ts_ph_Nat_1 ?ts_ph_Nat_0)
18:01:27 [0m[33m[WARN] [0mproved: (+2 ?ts_ph_Nat_1 ?ts_ph_Nat_0) => (+2 ?ts_ph_Nat_0 ?ts_ph_Nat_1)
18:01:27 [0m[33m[WARN] [0mproved: (<2 (S ?ts_ph_Nat_0) ?ts_ph_Nat_0) => false
18:01:27 [0m[33m[WARN] [0mproved: (<2 ?ts_ph_Nat_0 (S ?ts_ph_Nat_0)) => true
18:01:27 [0m[33m[WARN] [0mproved: (+2 ?ts_ph_Nat_1 (+2 ?ts_ph_Nat_0 ?ts_ph_Nat_2)) => (+2 ?ts_ph_Nat_0 (+2 ?ts_ph_Nat_1 ?ts_ph_Nat_2))
18:01:27 [0m[33m[WARN] [0mproved: (+2 ?ts_ph_Nat_0 (+2 ?ts_ph_Nat_1 ?ts_ph_Nat_2)) => (+2 ?ts_ph_Nat_1 (+2 ?ts_ph_Nat_0 ?ts_ph_Nat_2))
18:01:27 [0m[33m[WARN] [0mproved: (<2 (+2 ?ts_ph_Nat_0 ?ts_ph_Nat_1) ?ts_ph_Nat_0) => false
18:01:27 [0m[33m[WARN] [0mproved: (<2 ?ts_ph_Nat_0 (+2 ?ts_ph_Nat_0 ?ts_ph_Nat_1)) => (<2 Z ?ts_ph_Nat_1)
18:01:27 [0m[33m[WARN] [0mproved: (<2 Z (+2 ?ts_ph_Nat_0 ?ts_ph_Nat_0)) => (<2 Z ?ts_ph_Nat_0)
18:01:27 [0m[33m[WARN] [0mproved: (<2 Z ?ts_ph_Nat_0) => (<2 Z (+2 ?ts_ph_Nat_0 ?ts_ph_Nat_0))
18:01:28 [0m[33m[WARN] [0mproved: (<2 (+2 ?ts_ph_Nat_0 ?ts_ph_Nat_1) (S ?ts_ph_Nat_1)) => (<2 ?ts_ph_Nat_0 (S Z))
18:01:28 [0m[33m[WARN] [0mproved: (<2 (S ?ts_ph_Nat_1) (+2 ?ts_ph_Nat_0 ?ts_ph_Nat_1)) => (<2 (S Z) ?ts_ph_Nat_0)
18:01:28 [0m[33m[WARN] [0mproved: (<2 Z ?ts_ph_Nat_0) => (<2 (S Z) (+2 ?ts_ph_Nat_0 ?ts_ph_Nat_0))
18:01:28 [0m[33m[WARN] [0mproved: (<2 (S Z) (+2 ?ts_ph_Nat_0 ?ts_ph_Nat_0)) => (<2 Z ?ts_ph_Nat_0)
18:01:29 [0m[33m[WARN] [0mproved: (<2 ?ts_ph_Nat_0 (S Z)) => (<2 (+2 ?ts_ph_Nat_0 ?ts_ph_Nat_0) (S Z))
18:01:29 [0m[33m[WARN] [0mproved: (<2 (+2 ?ts_ph_Nat_0 ?ts_ph_Nat_0) (S Z)) => (<2 ?ts_ph_Nat_0 (S Z))
done in 40292
