21:18:48 [WARN] Collecting statistics
21:18:48 [WARN]  ex is: Z
21:18:48 [WARN]  ex is: (S Z)
21:18:48 [WARN]  ex is: (S (S Z))
21:18:48 [WARN] Proof mode: false
21:18:48 [WARN]  ex is: Z
21:18:48 [WARN]  ex is: (S Z)
21:18:48 [WARN]  ex is: (S (S Z))
21:18:48 [WARN] Proof mode: false
21:18:48 [WARN] proved: (-2 ?ts_ph_Nat_0 Z) => ?ts_ph_Nat_0
21:18:48 [WARN] proved: (+2 ?ts_ph_Nat_0 Z) => ?ts_ph_Nat_0
21:18:48 [WARN] proved: (-2 ?ts_ph_Nat_0 ?ts_ph_Nat_0) => Z
21:19:01 [WARN] proved: (+2 ?ts_ph_Nat_0 (S Z)) => (S ?ts_ph_Nat_0)
21:19:01 [WARN] proved: (S ?ts_ph_Nat_0) => (+2 ?ts_ph_Nat_0 (S Z))
21:19:01 [WARN] generalized case_split proof as: (+2 (+2 ?ts_ph_Nat_0 ?ts_ph_Nat_1) ?ts_ph_Nat_2) -- (+2 ?ts_ph_Nat_0 (+2 ?ts_ph_Nat_1 ?ts_ph_Nat_2))
21:19:01 [WARN] proved: (+2 (+2 ?ts_ph_Nat_0 ?ts_ph_Nat_1) ?ts_ph_Nat_2) => (+2 ?ts_ph_Nat_0 (+2 ?ts_ph_Nat_1 ?ts_ph_Nat_2))
21:19:01 [WARN] proved: (+2 ?ts_ph_Nat_0 (+2 ?ts_ph_Nat_1 ?ts_ph_Nat_2)) => (+2 (+2 ?ts_ph_Nat_0 ?ts_ph_Nat_1) ?ts_ph_Nat_2)
21:19:01 [WARN] proved: (-2 (+2 ?ts_ph_Nat_0 ?ts_ph_Nat_1) ?ts_ph_Nat_0) => ?ts_ph_Nat_1
21:19:01 [WARN] proved: (-2 ?ts_ph_Nat_0 (+2 ?ts_ph_Nat_0 ?ts_ph_Nat_1)) => (-2 ?ts_ph_Nat_0 (+2 ?ts_ph_Nat_0 ?ts_ph_Nat_0))
21:19:01 [WARN] proved: (-2 (S Z) ?ts_ph_Nat_0) => (-2 (S Z) (+2 ?ts_ph_Nat_0 ?ts_ph_Nat_0))
21:19:01 [WARN] proved: (-2 (S Z) (+2 ?ts_ph_Nat_0 ?ts_ph_Nat_0)) => (-2 (S Z) ?ts_ph_Nat_0)
21:32:03 [WARN] proved: (-2 (+2 ?ts_ph_Nat_0 ?ts_ph_Nat_0) (S ?ts_ph_Nat_0)) => (-2 ?ts_ph_Nat_0 (S Z))
21:32:03 [WARN] proved: (-2 ?ts_ph_Nat_0 (S Z)) => (-2 (+2 ?ts_ph_Nat_0 ?ts_ph_Nat_0) (S ?ts_ph_Nat_0))
