22:19:21 [WARN] Collecting statistics
22:19:21 [WARN]  ex is: nil
22:19:21 [WARN]  ex is: (cons autovar_sk_0 nil)
22:19:21 [WARN]  ex is: (cons autovar_sk_1 (cons autovar_sk_0 nil))
22:19:21 [WARN]  ex is: Z
22:19:21 [WARN]  ex is: (S Z)
22:19:21 [WARN]  ex is: (S (S Z))
22:19:21 [WARN] Proof mode: false
22:19:21 [WARN]  ex is: nil
22:19:21 [WARN]  ex is: (cons autovar_sk_0 nil)
22:19:21 [WARN]  ex is: (cons autovar_sk_1 (cons autovar_sk_0 nil))
22:19:21 [WARN]  ex is: Z
22:19:21 [WARN]  ex is: (S Z)
22:19:21 [WARN]  ex is: (S (S Z))
22:19:21 [WARN] Proof mode: false
22:19:22 [WARN] proved: (take ?ts_ph_Nat_0 nil) => nil
22:19:22 [WARN] proved: (drop ?ts_ph_Nat_0 nil) => nil
22:19:22 [WARN] proved: (-2 ?ts_ph_Nat_0 ?ts_ph_Nat_0) => Z
22:19:22 [WARN] proved: (-2 ?ts_ph_Nat_0 Z) => ?ts_ph_Nat_0
22:25:07 [WARN] proved: (-2 ?ts_ph_Nat_0 (S ?ts_ph_Nat_0)) => Z
22:25:07 [WARN] proved: (-2 (S ?ts_ph_Nat_0) ?ts_ph_Nat_0) => (S Z)
22:25:07 [WARN] proved: (drop ?ts_ph_Nat_1 (take ?ts_ph_Nat_1 ?ts_ph_list_0)) => nil
22:25:07 [WARN] proved: (take ?ts_ph_Nat_1 ?ts_ph_list_0) => (take ?ts_ph_Nat_1 (take ?ts_ph_Nat_1 ?ts_ph_list_0))
22:25:07 [WARN] proved: (take ?ts_ph_Nat_1 (take ?ts_ph_Nat_1 ?ts_ph_list_0)) => (take ?ts_ph_Nat_1 ?ts_ph_list_0)
22:25:07 [WARN] proved: (drop (S ?ts_ph_Nat_1) (take ?ts_ph_Nat_1 ?ts_ph_list_0)) => nil
22:25:08 [WARN] proved: (take ?ts_ph_Nat_1 ?ts_ph_list_0) => (take (S ?ts_ph_Nat_1) (take ?ts_ph_Nat_1 ?ts_ph_list_0))
22:25:08 [WARN] proved: (take (S ?ts_ph_Nat_1) (take ?ts_ph_Nat_1 ?ts_ph_list_0)) => (take ?ts_ph_Nat_1 ?ts_ph_list_0)
22:25:10 [WARN] proved: (drop (S ?ts_ph_Nat_1) ?ts_ph_list_0) => (drop (S Z) (drop ?ts_ph_Nat_1 ?ts_ph_list_0))
22:25:10 [WARN] proved: (drop (S Z) (drop ?ts_ph_Nat_1 ?ts_ph_list_0)) => (drop (S ?ts_ph_Nat_1) ?ts_ph_list_0)
22:25:17 [WARN] proved: (drop ?ts_ph_Nat_1 (drop ?ts_ph_Nat_0 ?ts_ph_list_1)) => (drop ?ts_ph_Nat_0 (drop ?ts_ph_Nat_1 ?ts_ph_list_1))
22:25:17 [WARN] proved: (drop ?ts_ph_Nat_0 (drop ?ts_ph_Nat_1 ?ts_ph_list_1)) => (drop ?ts_ph_Nat_1 (drop ?ts_ph_Nat_0 ?ts_ph_list_1))
22:26:55 [WARN] proved: (-2 (-2 ?ts_ph_Nat_0 ?ts_ph_Nat_1) (S Z)) => (-2 ?ts_ph_Nat_0 (S ?ts_ph_Nat_1))
22:26:55 [WARN] proved: (-2 ?ts_ph_Nat_0 (S ?ts_ph_Nat_1)) => (-2 (-2 ?ts_ph_Nat_0 ?ts_ph_Nat_1) (S Z))
22:28:11 [WARN] proved: (-2 (-2 ?ts_ph_Nat_0 ?ts_ph_Nat_1) ?ts_ph_Nat_0) => Z
22:38:23 [WARN] proved: (drop (-2 ?ts_ph_Nat_1 ?ts_ph_Nat_0) (drop ?ts_ph_Nat_0 ?ts_ph_list_1)) => (drop (-2 ?ts_ph_Nat_0 ?ts_ph_Nat_1) (drop ?ts_ph_Nat_1 ?ts_ph_list_1))
22:38:23 [WARN] proved: (drop (-2 ?ts_ph_Nat_0 ?ts_ph_Nat_1) (drop ?ts_ph_Nat_1 ?ts_ph_list_1)) => (drop (-2 ?ts_ph_Nat_1 ?ts_ph_Nat_0) (drop ?ts_ph_Nat_0 ?ts_ph_list_1))
