Collecting statistics
(-2 Z ?y) => Z
(-2 (S ?z) Z) => (S ?z)
(S ?z) => (-2 (S ?z) Z)
(-2 (S ?z) (S ?x2)) => (-2 ?z ?x2)
(-2 ?z ?x2) => (-2 (S ?z) (S ?x2))
(-2 ?autovar6 Z) => (potential_split ?autovar6 Z (S (param_Nat_0 ?autovar6))) if Cond(var: ?autovar6, pat: Z) Cond(var: ?autovar6, pat: (S ?param_0))
(-2 ?autovar6 (S ?autovar3)) => (potential_split ?autovar6 Z (S (param_Nat_0 ?autovar6))) if Cond(var: ?autovar6, pat: Z) Cond(var: ?autovar6, pat: (S ?param_0))
(-2 (S ?autovar4) ?autovar7) => (potential_split ?autovar7 Z (S (param_Nat_0 ?autovar7))) if Cond(var: ?autovar7, pat: Z) Cond(var: ?autovar7, pat: (S ?param_0))
(-2 (S ?autovar5) ?autovar7) => (potential_split ?autovar7 Z (S (param_Nat_0 ?autovar7))) if Cond(var: ?autovar7, pat: Z) Cond(var: ?autovar7, pat: (S ?param_0))
 ex is: Z
 ex is: (S Z)
 ex is: (S (S Z))
 ex is: Z
 ex is: (S Z)
 ex is: (S (S Z))
Running TheSy on datatypes: Nat dict: -2 Z S
14:19:01 [0m[33m[WARN] [0m# of splitters: 3
14:19:01 [0m[33m[WARN] [0m# of splitters: 2
14:19:01 [0m[33m[WARN] [0m# of splitters: 1
14:19:01 [0m[33m[WARN] [0m# of splitters: 2
14:19:01 [0m[33m[WARN] [0m# of splitters: 2
14:19:01 [0m[33m[WARN] [0m# of splitters: 2
14:19:01 [0m[33m[WARN] [0m# of splitters: 2
14:19:01 [0m[33m[WARN] [0m# of splitters: 1
14:19:01 [0m[33m[WARN] [0m# of splitters: 3
14:19:01 [0m[33m[WARN] [0m# of splitters: 1
14:19:01 [0m[33m[WARN] [0m# of splitters: 2
14:19:01 [0m[33m[WARN] [0m# of splitters: 2
14:19:01 [0m[33m[WARN] [0m# of splitters: 2
14:19:01 [0m[33m[WARN] [0m# of splitters: 1
14:19:01 [0m[33m[WARN] [0m# of splitters: 1
14:19:01 [0m[33m[WARN] [0m# of splitters: 1
14:19:01 [0m[33m[WARN] [0m# of splitters: 2
14:19:01 [0m[33m[WARN] [0m# of splitters: 1
14:19:01 [0m[33m[WARN] [0m# of splitters: 3
14:19:01 [0m[33m[WARN] [0m# of splitters: 1
14:19:01 [0m[33m[WARN] [0m# of splitters: 1
14:19:01 [0m[33m[WARN] [0m# of splitters: 3
14:19:01 [0m[33m[WARN] [0m# of splitters: 2
14:19:02 [0m[33m[WARN] [0m# of splitters: 1
14:19:02 [0m[33m[WARN] [0m# of splitters: 4
14:19:02 [0m[33m[WARN] [0m# of splitters: 3
14:19:02 [0m[33m[WARN] [0m# of splitters: 1
14:19:02 [0m[33m[WARN] [0m# of splitters: 2
14:19:02 [0m[33m[WARN] [0m# of splitters: 3
14:19:02 [0m[33m[WARN] [0m# of splitters: 1
14:19:02 [0m[33m[WARN] [0m# of splitters: 2
14:19:02 [0m[33m[WARN] [0m# of splitters: 3
14:19:02 [0m[33m[WARN] [0m# of splitters: 2
14:19:02 [0m[33m[WARN] [0m# of splitters: 1
14:19:02 [0m[33m[WARN] [0m# of splitters: 3
14:19:02 [0m[33m[WARN] [0m# of splitters: 1
proved: (-2 (-2 (S ?ts_ph_Nat_0) ?ts_ph_Nat_2) (S ?ts_ph_Nat_3)) => (-2 (-2 ?ts_ph_Nat_0 ?ts_ph_Nat_2) ?ts_ph_Nat_3)
proved: (-2 (-2 ?ts_ph_Nat_0 ?ts_ph_Nat_2) ?ts_ph_Nat_3) => (-2 (-2 (S ?ts_ph_Nat_0) ?ts_ph_Nat_2) (S ?ts_ph_Nat_3))
14:19:02 [0m[33m[WARN] [0mFound all lemmas
done in 874
