Collecting statistics
(len nil) => Z
Z => (len nil)
(len (cons ?y ?xs)) => (S (len ?xs))
(filter ?x nil) => nil
(filter ?x (cons ?z ?xs)) => (cons ?z (filter ?x ?xs))
(filter ?x (cons ?z ?xs)) => (cons ?z (filter ?x ?xs))
(filter ?x (cons ?z ?xs)) => (filter ?x ?xs)
(<=2 Z ?y0) => true
(<=2 (S ?z1) Z) => false
(<=2 (S ?z2) (S ?x2)) => (<=2 ?z2 ?x2)
(<=2 ?z2 ?x2) => (<=2 (S ?z2) (S ?x2))
(<=2 ?autovar6 Z) => (potential_split ?autovar6 Z (S (param_Nat_0 ?autovar6))) if Cond(var: ?autovar6, pat: Z) Cond(var: ?autovar6, pat: (S ?param_0))
(<=2 ?autovar6 (S ?autovar3)) => (potential_split ?autovar6 Z (S (param_Nat_0 ?autovar6))) if Cond(var: ?autovar6, pat: Z) Cond(var: ?autovar6, pat: (S ?param_0))
(<=2 (S ?autovar4) ?autovar7) => (potential_split ?autovar7 Z (S (param_Nat_0 ?autovar7))) if Cond(var: ?autovar7, pat: Z) Cond(var: ?autovar7, pat: (S ?param_0))
(<=2 (S ?autovar5) ?autovar7) => (potential_split ?autovar7 Z (S (param_Nat_0 ?autovar7))) if Cond(var: ?autovar7, pat: Z) Cond(var: ?autovar7, pat: (S ?param_0))
 ex is: nil
 ex is: (cons autovar_sk_0 nil)
 ex is: (cons autovar_sk_1 (cons autovar_sk_0 nil))
 ex is: Z
 ex is: (S Z)
 ex is: (S (S Z))
 ex is: nil
 ex is: (cons autovar_sk_0 nil)
 ex is: (cons autovar_sk_1 (cons autovar_sk_0 nil))
 ex is: Z
 ex is: (S Z)
 ex is: (S (S Z))
Running TheSy on datatypes: Nat list dict: <=2 len filter apply12 nil cons Z S
14:18:57 [0m[33m[WARN] [0m# of splitters: 1
Starting depth 1
14:18:57 [0m[33m[WARN] [0m# of splitters: 2
14:18:57 [0m[33m[WARN] [0m# of splitters: 1
14:18:57 [0m[33m[WARN] [0m# of splitters: 1
14:18:57 [0m[33m[WARN] [0m# of splitters: 1
14:18:57 [0m[33m[WARN] [0mproved: (<=2 ?ts_ph_Nat_0 ?ts_ph_Nat_0) => true
14:18:57 [0m[33m[WARN] [0m# of splitters: 1
Starting depth 2
14:18:57 [0m[33m[WARN] [0m# of splitters: 4
14:18:57 [0m[33m[WARN] [0m# of splitters: 3
14:18:57 [0m[33m[WARN] [0m# of splitters: 4
14:18:57 [0m[33m[WARN] [0m# of splitters: 2
14:18:57 [0m[33m[WARN] [0m# of splitters: 3
14:18:57 [0m[33m[WARN] [0m# of splitters: 1
14:18:57 [0m[33m[WARN] [0m# of splitters: 2
14:18:57 [0m[33m[WARN] [0m# of splitters: 1
14:18:57 [0m[33m[WARN] [0m# of splitters: 1
14:18:57 [0m[33m[WARN] [0m# of splitters: 1
14:18:57 [0m[33m[WARN] [0mproved: (<=2 (S ?ts_ph_Nat_0) ?ts_ph_Nat_0) => false
14:18:57 [0m[33m[WARN] [0m# of splitters: 1
14:18:57 [0m[33m[WARN] [0m# of splitters: 1
14:18:57 [0m[33m[WARN] [0m# of splitters: 1
14:18:57 [0m[33m[WARN] [0mproved: (<=2 ?ts_ph_Nat_0 (S ?ts_ph_Nat_0)) => true
14:18:57 [0m[33m[WARN] [0m# of splitters: 1

done in 275
