21:52:38 [WARN] Collecting statistics
21:52:38 [WARN]  ex is: Z
21:52:38 [WARN]  ex is: (S Z)
21:52:38 [WARN]  ex is: (S (S Z))
21:52:38 [WARN]  ex is: nil
21:52:38 [WARN]  ex is: (cons autovar_Nat_0 nil)
21:52:38 [WARN]  ex is: (cons autovar_Nat_1 (cons autovar_Nat_0 nil))
21:52:38 [WARN] Proof mode: false
21:52:38 [WARN]  ex is: Z
21:52:38 [WARN]  ex is: (S Z)
21:52:38 [WARN]  ex is: (S (S Z))
21:52:38 [WARN]  ex is: nil
21:52:38 [WARN]  ex is: (cons autovar_Nat_0 nil)
21:52:38 [WARN]  ex is: (cons autovar_Nat_1 (cons autovar_Nat_0 nil))
21:52:38 [WARN] Proof mode: false
21:52:38 [WARN] proved: (++ ?ts_ph_list_0 nil) => ?ts_ph_list_0
21:52:38 [WARN] proved: (last (cons Z ?ts_ph_list_0)) => (last ?ts_ph_list_0)
21:52:38 [WARN] proved: (last ?ts_ph_list_0) => (last (cons Z ?ts_ph_list_0))
21:52:38 [WARN] generalized case_split proof as: (++ ?ts_ph_list_0 (++ ?ts_ph_list_1 ?ts_ph_list_2)) -- (++ (++ ?ts_ph_list_0 ?ts_ph_list_1) ?ts_ph_list_2)
21:52:38 [WARN] proved: (++ ?ts_ph_list_0 (++ ?ts_ph_list_1 ?ts_ph_list_2)) => (++ (++ ?ts_ph_list_0 ?ts_ph_list_1) ?ts_ph_list_2)
21:52:38 [WARN] proved: (++ (++ ?ts_ph_list_0 ?ts_ph_list_1) ?ts_ph_list_2) => (++ ?ts_ph_list_0 (++ ?ts_ph_list_1 ?ts_ph_list_2))
