21:52:42 [WARN] Collecting statistics
21:52:42 [WARN]  ex is: nil
21:52:42 [WARN]  ex is: (cons autovar_sk_0 nil)
21:52:42 [WARN]  ex is: (cons autovar_sk_1 (cons autovar_sk_0 nil))
21:52:42 [WARN]  ex is: Z
21:52:42 [WARN]  ex is: (S Z)
21:52:42 [WARN]  ex is: (S (S Z))
21:52:42 [WARN] Proof mode: false
21:52:42 [WARN]  ex is: nil
21:52:42 [WARN]  ex is: (cons autovar_sk_0 nil)
21:52:42 [WARN]  ex is: (cons autovar_sk_1 (cons autovar_sk_0 nil))
21:52:42 [WARN]  ex is: Z
21:52:42 [WARN]  ex is: (S Z)
21:52:42 [WARN]  ex is: (S (S Z))
21:52:42 [WARN] Proof mode: false
21:52:44 [WARN] proved: (take ?ts_ph_Nat_0 nil) => nil
22:06:14 [WARN] proved: (take ?ts_ph_Nat_1 (take ?ts_ph_Nat_1 ?ts_ph_list_0)) => (take ?ts_ph_Nat_1 ?ts_ph_list_0)
22:06:14 [WARN] proved: (take ?ts_ph_Nat_1 ?ts_ph_list_0) => (take ?ts_ph_Nat_1 (take ?ts_ph_Nat_1 ?ts_ph_list_0))
22:06:15 [WARN] proved: (take ?ts_ph_Nat_1 ?ts_ph_list_0) => (take (S ?ts_ph_Nat_1) (take ?ts_ph_Nat_1 ?ts_ph_list_0))
22:06:15 [WARN] proved: (take (S ?ts_ph_Nat_1) (take ?ts_ph_Nat_1 ?ts_ph_list_0)) => (take ?ts_ph_Nat_1 ?ts_ph_list_0)
