Collecting statistics
(== Z Z) => true
(sort nil) => nil
nil => (sort nil)
(== Z (S ?z)) => false
(== (S ?x2) Z) => false
(== (S ?x2) (S ?y2)) => (== ?x2 ?y2)
(== ?x2 ?y2) => (== (S ?x2) (S ?y2))
(count ?x nil) => Z
(count ?x (cons ?z ?ys)) => (count ?x ?ys)
(count ?x (cons ?z ?ys)) => (S (count ?x ?ys))
(<=2 Z ?y) => true
(<=2 (S ?z) Z) => false
(<=2 (S ?z) (S ?x2)) => (<=2 ?z ?x2)
(<=2 ?z ?x2) => (<=2 (S ?z) (S ?x2))
(insort ?x nil) => (cons ?x nil)
(cons ?x nil) => (insort ?x nil)
(insort ?x (cons ?z ?xs)) => (cons ?z (insort ?x ?xs))
(insort ?x (cons ?z ?xs)) => (cons ?z (insort ?x ?xs))
(insort ?x (cons ?z ?xs)) => (cons ?x (cons ?z ?xs))
(insort ?x (cons ?z ?xs)) => (cons ?x (cons ?z ?xs))
(sort (cons ?y ?xs)) => (insort ?y (sort ?xs))
(insort ?y (sort ?xs)) => (sort (cons ?y ?xs))
(== ?autovar7 Z) => (potential_split ?autovar7 Z (S (param_Nat_0 ?autovar7))) if Cond(var: ?autovar7, pat: Z) Cond(var: ?autovar7, pat: (S ?param_0))
(== ?autovar7 (S ?autovar1)) => (potential_split ?autovar7 Z (S (param_Nat_0 ?autovar7))) if Cond(var: ?autovar7, pat: Z) Cond(var: ?autovar7, pat: (S ?param_0))
(== ?autovar7 Z) => (potential_split ?autovar7 Z (S (param_Nat_0 ?autovar7))) if Cond(var: ?autovar7, pat: Z) Cond(var: ?autovar7, pat: (S ?param_0))
(== ?autovar7 (S ?autovar4)) => (potential_split ?autovar7 Z (S (param_Nat_0 ?autovar7))) if Cond(var: ?autovar7, pat: Z) Cond(var: ?autovar7, pat: (S ?param_0))
(== Z ?autovar8) => (potential_split ?autovar8 Z (S (param_Nat_0 ?autovar8))) if Cond(var: ?autovar8, pat: Z) Cond(var: ?autovar8, pat: (S ?param_0))
(== Z ?autovar8) => (potential_split ?autovar8 Z (S (param_Nat_0 ?autovar8))) if Cond(var: ?autovar8, pat: Z) Cond(var: ?autovar8, pat: (S ?param_0))
(== (S ?autovar5) ?autovar8) => (potential_split ?autovar8 Z (S (param_Nat_0 ?autovar8))) if Cond(var: ?autovar8, pat: Z) Cond(var: ?autovar8, pat: (S ?param_0))
(== (S ?autovar6) ?autovar8) => (potential_split ?autovar8 Z (S (param_Nat_0 ?autovar8))) if Cond(var: ?autovar8, pat: Z) Cond(var: ?autovar8, pat: (S ?param_0))
(<=2 ?autovar6 Z) => (potential_split ?autovar6 Z (S (param_Nat_0 ?autovar6))) if Cond(var: ?autovar6, pat: Z) Cond(var: ?autovar6, pat: (S ?param_0))
(<=2 ?autovar6 (S ?autovar3)) => (potential_split ?autovar6 Z (S (param_Nat_0 ?autovar6))) if Cond(var: ?autovar6, pat: Z) Cond(var: ?autovar6, pat: (S ?param_0))
(<=2 (S ?autovar4) ?autovar7) => (potential_split ?autovar7 Z (S (param_Nat_0 ?autovar7))) if Cond(var: ?autovar7, pat: Z) Cond(var: ?autovar7, pat: (S ?param_0))
(<=2 (S ?autovar5) ?autovar7) => (potential_split ?autovar7 Z (S (param_Nat_0 ?autovar7))) if Cond(var: ?autovar7, pat: Z) Cond(var: ?autovar7, pat: (S ?param_0))
 ex is: Z
 ex is: (S Z)
 ex is: (S (S Z))
 ex is: nil
 ex is: (cons autovar_Nat_0 nil)
 ex is: (cons autovar_Nat_1 (cons autovar_Nat_0 nil))
 ex is: Z
 ex is: (S Z)
 ex is: (S (S Z))
 ex is: nil
 ex is: (cons autovar_Nat_0 nil)
 ex is: (cons autovar_Nat_1 (cons autovar_Nat_0 nil))
Running TheSy on datatypes: Nat list dict: == count <=2 insort sort Z S nil cons
Starting depth 1
14:18:57 [0m[33m[WARN] [0m# of splitters: 2
14:18:57 [0m[33m[WARN] [0m# of splitters: 1
14:18:57 [0m[33m[WARN] [0m# of splitters: 2
14:18:57 [0m[33m[WARN] [0mproved: (== Z ?ts_ph_Nat_0) => (== ?ts_ph_Nat_0 Z)
14:18:57 [0m[33m[WARN] [0mproved: (== ?ts_ph_Nat_0 Z) => (== Z ?ts_ph_Nat_0)
14:18:57 [0m[33m[WARN] [0mproved: (<=2 ?ts_ph_Nat_0 Z) => (== ?ts_ph_Nat_0 Z)
14:18:57 [0m[33m[WARN] [0mproved: (== ?ts_ph_Nat_0 Z) => (<=2 ?ts_ph_Nat_0 Z)
14:18:57 [0m[33m[WARN] [0mproved: (<=2 ?ts_ph_Nat_0 ?ts_ph_Nat_0) => true
14:18:57 [0m[33m[WARN] [0mproved: (== ?ts_ph_Nat_0 ?ts_ph_Nat_0) => true
Starting depth 2
14:18:57 [0m[33m[WARN] [0m# of splitters: 18
14:18:57 [0m[33m[WARN] [0m# of splitters: 13
14:18:58 [0m[33m[WARN] [0m# of splitters: 18
14:18:59 [0m[33m[WARN] [0m# of splitters: 12
14:18:59 [0m[33m[WARN] [0m# of splitters: 17
14:19:00 [0m[33m[WARN] [0m# of splitters: 15
14:19:00 [0m[33m[WARN] [0m# of splitters: 16
14:19:00 [0m[33m[WARN] [0m# of splitters: 14
14:19:01 [0m[33m[WARN] [0m# of splitters: 15
14:19:01 [0m[33m[WARN] [0m# of splitters: 13
14:19:02 [0m[33m[WARN] [0m# of splitters: 14
14:19:02 [0m[33m[WARN] [0m# of splitters: 12
14:19:03 [0m[33m[WARN] [0m# of splitters: 13
14:19:03 [0m[33m[WARN] [0m# of splitters: 11
14:19:03 [0m[33m[WARN] [0m# of splitters: 12
14:19:04 [0m[33m[WARN] [0m# of splitters: 10
14:19:04 [0m[33m[WARN] [0m# of splitters: 11
14:19:04 [0m[33m[WARN] [0m# of splitters: 9
14:19:05 [0m[33m[WARN] [0m# of splitters: 10
14:19:05 [0m[33m[WARN] [0m# of splitters: 1
14:19:05 [0m[33m[WARN] [0m# of splitters: 1
14:19:05 [0m[33m[WARN] [0mproved: (<=2 (S ?ts_ph_Nat_0) ?ts_ph_Nat_0) => false
14:19:05 [0m[33m[WARN] [0m# of splitters: 1
14:19:05 [0m[33m[WARN] [0m# of splitters: 1
14:19:05 [0m[33m[WARN] [0mproved: (== ?ts_ph_Nat_0 (S ?ts_ph_Nat_0)) => false
14:19:05 [0m[33m[WARN] [0m# of splitters: 1
14:19:05 [0m[33m[WARN] [0m# of splitters: 1
14:19:05 [0m[33m[WARN] [0mproved: (== (S ?ts_ph_Nat_0) ?ts_ph_Nat_0) => (<=2 (S ?ts_ph_Nat_0) ?ts_ph_Nat_0)
14:19:05 [0m[33m[WARN] [0mproved: (<=2 (S ?ts_ph_Nat_0) ?ts_ph_Nat_0) => (== (S ?ts_ph_Nat_0) ?ts_ph_Nat_0)
14:19:05 [0m[33m[WARN] [0m# of splitters: 1
14:19:05 [0m[33m[WARN] [0mproved: (== ?ts_ph_Nat_0 (S Z)) => (== (S Z) ?ts_ph_Nat_0)
14:19:05 [0m[33m[WARN] [0mproved: (== (S Z) ?ts_ph_Nat_0) => (== ?ts_ph_Nat_0 (S Z))
14:19:05 [0m[33m[WARN] [0m# of splitters: 1
14:19:05 [0m[33m[WARN] [0mproved: (== ?ts_ph_Nat_0 ?ts_ph_Nat_1) => (== ?ts_ph_Nat_1 ?ts_ph_Nat_0)
14:19:05 [0m[33m[WARN] [0mproved: (== ?ts_ph_Nat_1 ?ts_ph_Nat_0) => (== ?ts_ph_Nat_0 ?ts_ph_Nat_1)

14:19:05 [0m[33m[WARN] [0m# of splitters: 1
14:19:05 [0m[33m[WARN] [0m# of splitters: 1
14:19:05 [0m[33m[WARN] [0mproved: (<=2 ?ts_ph_Nat_0 (S ?ts_ph_Nat_0)) => true

done in 8096
